Starting NMTRAN
        1 file(s) copied.
        1 file(s) copied.
  
 WARNINGS AND ERRORS (IF ANY) FOR PROBLEM    1
             
 (WARNING  2) NM-TRAN INFERS THAT THE DATA ARE POPULATION.

 LIM VALUES MAXLIM ASSESSED BY NMTRAN: 1,2,3,4,5,6,7,8,10,11,13,15,16        
        1 file(s) copied.
Pathlist information for compiler and MPI systems are located in nmpathlist.txt

Recompiling certain components.
starting wait
ending wait
Exiting lpreddo
Compiling FSUBS
Building NONMEM Executable
Starting nonmem execution ...
License Registered to: Medical University of Gdansk
Expiration Date:    14 JUL 2024
Current Date:        8 OCT 2023
Days until program expires : 281


 First Order Conditional Estimation with Interaction
 MONITORING OF SEARCH:


0ITERATION NO.:    0    OBJECTIVE VALUE:   1383.20798056528        NO. OF FUNC. EVALS.:   7
 CUMULATIVE NO. OF FUNC. EVALS.:        7
 NPARAMETR:  1.0000E+01  1.0000E+01  1.4700E-01  9.0000E-01  1.0000E-01  4.0000E-01
 PARAMETER:  1.0000E-01  1.0000E-01  1.0000E-01  1.0000E-01  1.0000E-01  1.0000E-01
 GRADIENT:  -6.2718E+00 -1.6458E+02  1.0516E+02  1.3620E+01 -6.9163E+01 -1.5905E+02

0ITERATION NO.:    1    OBJECTIVE VALUE:   1245.98037808857        NO. OF FUNC. EVALS.:   8
 CUMULATIVE NO. OF FUNC. EVALS.:       15
 NPARAMETR:  1.0231E+01  1.8221E+01  1.0019E-01  8.9544E-01  1.6558E-01  1.2756E+00
 PARAMETER:  1.2286E-01  7.0000E-01 -2.8338E-01  5.0345E-02  3.5214E-01  6.7984E-01
 GRADIENT:   1.1734E+02 -1.8544E+02  1.0795E+02  1.7610E+01 -1.0345E+02  2.0674E+02

0ITERATION NO.:    2    OBJECTIVE VALUE:   1162.66195687529        NO. OF FUNC. EVALS.:   8
 CUMULATIVE NO. OF FUNC. EVALS.:       23
 NPARAMETR:  7.0770E+00  3.2626E+01  7.1376E-02  8.9015E-01  3.1716E-01  3.4803E-01
 PARAMETER: -2.4573E-01  1.2825E+00 -6.2248E-01 -4.9742E-03  6.7711E-01  3.0408E-02
 GRADIENT:  -3.0757E+02  1.9895E+01 -2.3856E+01 -3.0402E+01  7.1512E+00 -1.8693E+02

0ITERATION NO.:    3    OBJECTIVE VALUE:   1030.99235979060        NO. OF FUNC. EVALS.:   9
 CUMULATIVE NO. OF FUNC. EVALS.:       32
 NPARAMETR:  1.8407E+01  8.5847E+01  4.3381E-02  8.9585E-01  9.7340E-01  2.3197E-01
 PARAMETER:  7.1013E-01  2.2500E+00 -1.1204E+00  5.4716E-02  1.2378E+00 -1.7242E-01
 GRADIENT:  -1.2341E+02  6.2117E+00 -4.2880E+01 -1.2081E+01  2.5953E+01 -1.6329E+02

0ITERATION NO.:    4    OBJECTIVE VALUE:   1028.86478280461        NO. OF FUNC. EVALS.:   8
 CUMULATIVE NO. OF FUNC. EVALS.:       40
 NPARAMETR:  1.8256E+01  1.3050E+02  4.2932E-02  8.9441E-01  1.1438E+00  3.8912E-01
 PARAMETER:  7.0193E-01  2.6688E+00 -1.1308E+00  3.9388E-02  1.3185E+00  8.6211E-02
 GRADIENT:  -1.6366E+02  7.9298E+01 -1.2616E+01 -1.6486E+01  2.0860E+01 -3.6851E+01

0ITERATION NO.:    5    OBJECTIVE VALUE:   1028.24308779990        NO. OF FUNC. EVALS.:   8
 CUMULATIVE NO. OF FUNC. EVALS.:       48
 NPARAMETR:  1.9485E+01  1.4397E+02  4.7122E-02  8.8904E-01  7.8789E-01  3.3259E-01
 PARAMETER:  7.6707E-01  2.7670E+00 -1.0377E+00 -1.6276E-02  1.1321E+00  7.7219E-03
 GRADIENT:  -2.1224E+02  1.2474E+02 -1.0758E+01 -2.3254E+01  1.3571E+01 -9.6124E+01

0ITERATION NO.:    6    OBJECTIVE VALUE:   1012.44566300452        NO. OF FUNC. EVALS.:  10
 CUMULATIVE NO. OF FUNC. EVALS.:       58
 NPARAMETR:  2.2827E+01  1.4493E+02  3.9460E-02  8.4427E-01  3.9443E-01  3.2006E-01
 PARAMETER:  9.2534E-01  2.7737E+00 -1.2151E+00 -4.0690E-01  7.8614E-01 -1.1477E-02
 GRADIENT:  -1.7897E+02  1.0510E+02 -3.5171E+01 -2.9401E+01 -5.8936E+00 -8.1426E+01

0ITERATION NO.:    7    OBJECTIVE VALUE:   964.280799648326        NO. OF FUNC. EVALS.:  10
 CUMULATIVE NO. OF FUNC. EVALS.:       68
 NPARAMETR:  3.9970E+01  1.3741E+02  7.5473E-02  6.9415E-01  3.0192E-01  1.8449E-01
 PARAMETER:  1.4855E+00  2.7204E+00 -5.6666E-01 -1.2776E+00  6.5249E-01 -2.8693E-01
 GRADIENT:  -8.5156E+01  2.6589E+01 -4.9511E+01 -2.4232E+01  7.8954E+00 -1.8034E+02

0ITERATION NO.:    8    OBJECTIVE VALUE:   960.150428785914        NO. OF FUNC. EVALS.:   9
 CUMULATIVE NO. OF FUNC. EVALS.:       77
 NPARAMETR:  4.0437E+01  1.4117E+02  7.2920E-02  7.8536E-01  2.2373E-01  1.8142E-01
 PARAMETER:  1.4971E+00  2.7474E+00 -6.0108E-01 -8.0003E-01  5.0264E-01 -2.9533E-01
 GRADIENT:  -3.1111E+01 -1.3294E+01 -4.7215E+01 -3.9174E+00 -6.5020E-01 -1.6358E+02

0ITERATION NO.:    9    OBJECTIVE VALUE:   943.383086248418        NO. OF FUNC. EVALS.:  10
 CUMULATIVE NO. OF FUNC. EVALS.:       87
 NPARAMETR:  5.2666E+01  1.5600E+02  1.2142E-01  6.6732E-01  2.5065E-01  2.0020E-01
 PARAMETER:  1.7614E+00  2.8473E+00 -9.1206E-02 -1.4011E+00  5.5945E-01 -2.4608E-01
 GRADIENT:   7.9963E+01 -1.1356E+02  4.7742E+01  1.2893E+01 -2.9780E+00 -9.2029E+01

0ITERATION NO.:   10    OBJECTIVE VALUE:   926.905815734230        NO. OF FUNC. EVALS.:   8
 CUMULATIVE NO. OF FUNC. EVALS.:       95
 NPARAMETR:  5.4854E+01  1.8754E+02  1.0341E-01  7.0838E-01  3.2739E-01  2.5036E-01
 PARAMETER:  1.8021E+00  3.0314E+00 -2.5173E-01 -1.2097E+00  6.9299E-01 -1.3429E-01
 GRADIENT:   4.4208E+00 -2.7190E+01 -1.4678E+01  1.7902E+00  5.7301E+00 -6.3060E+00

0ITERATION NO.:   11    OBJECTIVE VALUE:   917.121441085120        NO. OF FUNC. EVALS.:   8
 CUMULATIVE NO. OF FUNC. EVALS.:      103
 NPARAMETR:  7.8221E+01  2.9617E+02  1.2409E-01  6.7782E-01  2.9310E-01  2.6072E-01
 PARAMETER:  2.1569E+00  3.4883E+00 -6.9436E-02 -1.3534E+00  6.3767E-01 -1.1401E-01
 GRADIENT:  -1.8711E+01  7.1156E+00 -3.8051E+00 -3.6968E+00  2.3106E+00  6.9103E+00

0ITERATION NO.:   12    OBJECTIVE VALUE:   913.271977794050        NO. OF FUNC. EVALS.:   8
 CUMULATIVE NO. OF FUNC. EVALS.:      111
 NPARAMETR:  1.1841E+02  4.6498E+02  1.3799E-01  6.7256E-01  2.4869E-01  2.4635E-01
 PARAMETER:  2.5715E+00  3.9394E+00  3.6767E-02 -1.3774E+00  5.5552E-01 -1.4236E-01
 GRADIENT:  -1.6680E+01  1.2477E+01  7.3797E+00 -3.2666E+00 -3.5021E+00 -6.8587E+00

0ITERATION NO.:   13    OBJECTIVE VALUE:   911.838523350354        NO. OF FUNC. EVALS.:   8
 CUMULATIVE NO. OF FUNC. EVALS.:      119
 NPARAMETR:  1.4013E+02  5.2900E+02  1.3061E-01  6.7984E-01  3.0127E-01  2.4597E-01
 PARAMETER:  2.7400E+00  4.0684E+00 -1.8181E-02 -1.3442E+00  6.5141E-01 -1.4312E-01
 GRADIENT:   3.3455E+00 -5.2251E+00  5.6510E+00  1.6769E+00  2.4239E+00  4.2637E-01

0ITERATION NO.:   14    OBJECTIVE VALUE:   910.896629543409        NO. OF FUNC. EVALS.:   8
 CUMULATIVE NO. OF FUNC. EVALS.:      127
 NPARAMETR:  1.7349E+02  6.4271E+02  1.2387E-01  6.6722E-01  2.7091E-01  2.4218E-01
 PARAMETER:  2.9535E+00  4.2631E+00 -7.1173E-02 -1.4016E+00  5.9831E-01 -1.5089E-01
 GRADIENT:  -2.2977E+00  1.9380E+00 -2.8097E+00  6.5151E-01  5.6344E-01 -4.9281E+00

0ITERATION NO.:   15    OBJECTIVE VALUE:   910.465484390423        NO. OF FUNC. EVALS.:   8
 CUMULATIVE NO. OF FUNC. EVALS.:      135
 NPARAMETR:  1.9771E+02  7.1609E+02  1.2655E-01  6.3451E-01  2.5955E-01  2.4737E-01
 PARAMETER:  3.0842E+00  4.3712E+00 -4.9811E-02 -1.5456E+00  5.7689E-01 -1.4030E-01
 GRADIENT:  -2.9850E+00  3.0971E+00  9.7340E-01 -1.6508E+00 -6.2094E-02 -1.0064E+00

0ITERATION NO.:   16    OBJECTIVE VALUE:   910.465484390423        NO. OF FUNC. EVALS.:  19
 CUMULATIVE NO. OF FUNC. EVALS.:      154
 NPARAMETR:  1.9771E+02  7.1609E+02  1.2655E-01  6.3451E-01  2.5955E-01  2.4737E-01
 PARAMETER:  3.0842E+00  4.3712E+00 -4.9811E-02 -1.5456E+00  5.7689E-01 -1.4030E-01
 GRADIENT:  -4.6545E+00  1.6846E+00 -6.5279E-01 -2.1213E+00 -6.2094E-02 -1.0750E+00

0ITERATION NO.:   17    OBJECTIVE VALUE:   909.341832467798        NO. OF FUNC. EVALS.:  17
 CUMULATIVE NO. OF FUNC. EVALS.:      171
 NPARAMETR:  3.6291E+02  1.2815E+03  1.2428E-01  6.2311E-01  2.4379E-01  2.4521E-01
 PARAMETER:  3.6916E+00  4.9532E+00 -6.7913E-02 -1.5944E+00  5.4556E-01 -1.4467E-01
 GRADIENT:   2.3752E+00 -3.3918E+00 -7.2753E-01 -4.8796E-01 -1.5918E+00 -1.1751E+00

0ITERATION NO.:   18    OBJECTIVE VALUE:   908.767567647495        NO. OF FUNC. EVALS.:  16
 CUMULATIVE NO. OF FUNC. EVALS.:      187
 NPARAMETR:  6.0347E+02  2.1945E+03  1.2707E-01  6.4082E-01  2.7374E-01  2.4380E-01
 PARAMETER:  4.2001E+00  5.4911E+00 -4.5685E-02 -1.5183E+00  6.0351E-01 -1.4756E-01
 GRADIENT:   1.8002E+00 -2.1176E+00 -1.6738E-01  4.8397E-01  1.3074E+00 -1.2435E+00

0ITERATION NO.:   19    OBJECTIVE VALUE:   908.533405197115        NO. OF FUNC. EVALS.:  16
 CUMULATIVE NO. OF FUNC. EVALS.:      203
 NPARAMETR:  9.3660E+02  3.4468E+03  1.2916E-01  6.3739E-01  2.5645E-01  2.4588E-01
 PARAMETER:  4.6397E+00  5.9426E+00 -2.9390E-02 -1.5332E+00  5.7088E-01 -1.4330E-01
 GRADIENT:  -3.1426E+00  3.1061E+00  3.1157E-01 -8.1386E-01 -6.7119E-01  4.7874E-02

0ITERATION NO.:   20    OBJECTIVE VALUE:   908.527225662100        NO. OF FUNC. EVALS.:  16
 CUMULATIVE NO. OF FUNC. EVALS.:      219
 NPARAMETR:  9.2084E+02  3.3712E+03  1.2828E-01  6.3852E-01  2.6097E-01  2.4535E-01
 PARAMETER:  4.6227E+00  5.9204E+00 -3.6234E-02 -1.5283E+00  5.7962E-01 -1.4440E-01
 GRADIENT:  -7.4356E-01  6.9973E-01  1.7087E-01 -9.9461E-02 -1.1899E-01  1.7558E-01

0ITERATION NO.:   21    OBJECTIVE VALUE:   908.484030346316        NO. OF FUNC. EVALS.:  17
 CUMULATIVE NO. OF FUNC. EVALS.:      236
 NPARAMETR:  1.1061E+03  3.9935E+03  1.2659E-01  6.3375E-01  2.6500E-01  2.4438E-01
 PARAMETER:  4.8060E+00  6.0898E+00 -4.9492E-02 -1.5489E+00  5.8728E-01 -1.4638E-01
 GRADIENT:   1.6187E+00 -1.5841E+00 -4.6028E-01  1.9309E-01  5.5629E-01 -6.7594E-01

0ITERATION NO.:   22    OBJECTIVE VALUE:   908.483631809830        NO. OF FUNC. EVALS.:  17
 CUMULATIVE NO. OF FUNC. EVALS.:      253
 NPARAMETR:  1.1009E+03  3.9764E+03  1.2665E-01  6.3391E-01  2.6483E-01  2.4441E-01
 PARAMETER:  4.8013E+00  6.0856E+00 -4.9042E-02 -1.5482E+00  5.8695E-01 -1.4630E-01
 GRADIENT:   1.5757E+00 -1.5428E+00 -4.0912E-01  2.2444E-01  5.3109E-01 -6.0782E-01

0ITERATION NO.:   23    OBJECTIVE VALUE:   908.481038835276        NO. OF FUNC. EVALS.:  24
 CUMULATIVE NO. OF FUNC. EVALS.:      277             RESET HESSIAN, TYPE I
 NPARAMETR:  1.0973E+03  3.9913E+03  1.2676E-01  6.3306E-01  2.6070E-01  2.4479E-01
 PARAMETER:  4.7980E+00  6.0893E+00 -4.8149E-02 -1.5518E+00  5.7910E-01 -1.4553E-01
 GRADIENT:  -3.9934E-01  4.8632E+00 -9.6364E-01 -5.8436E-01  1.1401E-01 -1.3286E+00

0ITERATION NO.:   24    OBJECTIVE VALUE:   908.475774664429        NO. OF FUNC. EVALS.:   9
 CUMULATIVE NO. OF FUNC. EVALS.:      286
 NPARAMETR:  1.0971E+03  3.9853E+03  1.2687E-01  6.3350E-01  2.6000E-01  2.4518E-01
 PARAMETER:  4.7978E+00  6.0878E+00 -4.7292E-02 -1.5499E+00  5.7776E-01 -1.4473E-01
 GRADIENT:   1.0387E+00  3.4048E+00 -1.1804E-01 -1.8516E-01  3.3943E-04 -4.3466E-01

0ITERATION NO.:   25    OBJECTIVE VALUE:   908.475367228100        NO. OF FUNC. EVALS.:   8
 CUMULATIVE NO. OF FUNC. EVALS.:      294
 NPARAMETR:  1.0961E+03  3.9804E+03  1.2687E-01  6.3356E-01  2.5977E-01  2.4529E-01
 PARAMETER:  4.7969E+00  6.0866E+00 -4.7278E-02 -1.5497E+00  5.7732E-01 -1.4451E-01
 GRADIENT:   1.3806E+00  3.0829E+00  3.1849E-01 -1.2980E-03 -2.8654E-02 -1.6716E-01

0ITERATION NO.:   26    OBJECTIVE VALUE:   908.475367228100        NO. OF FUNC. EVALS.:  17
 CUMULATIVE NO. OF FUNC. EVALS.:      311
 NPARAMETR:  1.0961E+03  3.9804E+03  1.2687E-01  6.3356E-01  2.5977E-01  2.4529E-01
 PARAMETER:  4.7969E+00  6.0866E+00 -4.7278E-02 -1.5497E+00  5.7732E-01 -1.4451E-01
 GRADIENT:  -1.3233E+00  1.3601E+00 -1.1284E+00 -4.7781E-01 -2.8654E-02 -2.3773E-01

0ITERATION NO.:   27    OBJECTIVE VALUE:   908.473705338187        NO. OF FUNC. EVALS.:  18
 CUMULATIVE NO. OF FUNC. EVALS.:      329            RESET HESSIAN, TYPE II
 NPARAMETR:  1.0968E+03  3.9787E+03  1.2714E-01  6.3445E-01  2.5992E-01  2.4536E-01
 PARAMETER:  4.7976E+00  6.0861E+00 -4.5159E-02 -1.5459E+00  5.7761E-01 -1.4437E-01
 GRADIENT:   3.1028E+00  1.3201E+00  1.1573E+00  3.7238E-01 -6.9690E-02  3.9886E-01

0ITERATION NO.:   28    OBJECTIVE VALUE:   908.473705338187        NO. OF FUNC. EVALS.:  14
 CUMULATIVE NO. OF FUNC. EVALS.:      343
 NPARAMETR:  1.0968E+03  3.9787E+03  1.2714E-01  6.3445E-01  2.5992E-01  2.4536E-01
 PARAMETER:  4.7976E+00  6.0861E+00 -4.5159E-02 -1.5459E+00  5.7761E-01 -1.4437E-01
 GRADIENT:   4.2145E-01 -3.8820E-01 -3.4902E-01 -1.1425E-02 -6.9690E-02  3.2844E-01

0ITERATION NO.:   29    OBJECTIVE VALUE:   908.470967328856        NO. OF FUNC. EVALS.:  16
 CUMULATIVE NO. OF FUNC. EVALS.:      359
 NPARAMETR:  1.0952E+03  3.9834E+03  1.2746E-01  6.3452E-01  2.6139E-01  2.4492E-01
 PARAMETER:  4.7961E+00  6.0873E+00 -4.2648E-02 -1.5456E+00  5.8042E-01 -1.4526E-01
 GRADIENT:  -7.6876E-01  8.0492E-01 -4.8826E-01 -3.3940E-01  8.7497E-02 -5.6606E-01

0ITERATION NO.:   30    OBJECTIVE VALUE:   908.470764840066        NO. OF FUNC. EVALS.:  18
 CUMULATIVE NO. OF FUNC. EVALS.:      377            RESET HESSIAN, TYPE II
 NPARAMETR:  1.0957E+03  3.9835E+03  1.2763E-01  6.3575E-01  2.6044E-01  2.4537E-01
 PARAMETER:  4.7966E+00  6.0873E+00 -4.1323E-02 -1.5403E+00  5.7859E-01 -1.4435E-01
 GRADIENT:   3.4745E+00  9.5980E-01  1.8708E+00  5.6188E-01 -8.5605E-02  5.7230E-01

0ITERATION NO.:   31    OBJECTIVE VALUE:   908.470764840066        NO. OF FUNC. EVALS.:  14
 CUMULATIVE NO. OF FUNC. EVALS.:      391
 NPARAMETR:  1.0957E+03  3.9835E+03  1.2763E-01  6.3575E-01  2.6044E-01  2.4537E-01
 PARAMETER:  4.7966E+00  6.0873E+00 -4.1323E-02 -1.5403E+00  5.7859E-01 -1.4435E-01
 GRADIENT:   7.9428E-01 -7.5936E-01  2.0291E-01  1.5583E-01 -8.5605E-02  5.0191E-01

0ITERATION NO.:   32    OBJECTIVE VALUE:   908.469565721421        NO. OF FUNC. EVALS.:  18
 CUMULATIVE NO. OF FUNC. EVALS.:      409            RESET HESSIAN, TYPE II
 NPARAMETR:  1.0946E+03  3.9885E+03  1.2758E-01  6.3537E-01  2.6090E-01  2.4489E-01
 PARAMETER:  4.7955E+00  6.0886E+00 -4.1675E-02 -1.5419E+00  5.7949E-01 -1.4533E-01
 GRADIENT:   1.5311E+00  2.9336E+00  2.7568E-01  4.4938E-02 -1.2192E-04 -5.8376E-01

0ITERATION NO.:   33    OBJECTIVE VALUE:   908.469565721421        NO. OF FUNC. EVALS.:  14
 CUMULATIVE NO. OF FUNC. EVALS.:      423
 NPARAMETR:  1.0946E+03  3.9885E+03  1.2758E-01  6.3537E-01  2.6090E-01  2.4489E-01
 PARAMETER:  4.7955E+00  6.0886E+00 -4.1675E-02 -1.5419E+00  5.7949E-01 -1.4533E-01
 GRADIENT:  -1.1674E+00  1.2039E+00 -4.7972E-01 -3.9149E-01 -1.2192E-04 -6.5479E-01

0ITERATION NO.:   34    OBJECTIVE VALUE:   908.468838414107        NO. OF FUNC. EVALS.:  16
 CUMULATIVE NO. OF FUNC. EVALS.:      439
 NPARAMETR:  1.0954E+03  3.9880E+03  1.2766E-01  6.3583E-01  2.6091E-01  2.4513E-01
 PARAMETER:  4.7963E+00  6.0885E+00 -4.1072E-02 -1.5399E+00  5.7949E-01 -1.4483E-01
 GRADIENT:  -8.3666E-02  1.1901E-01 -1.5590E-01 -7.4787E-02 -2.4294E-02 -1.9542E-02

0ITERATION NO.:   35    OBJECTIVE VALUE:   908.468838414107        NO. OF FUNC. EVALS.:  10
 CUMULATIVE NO. OF FUNC. EVALS.:      449
 NPARAMETR:  1.0954E+03  3.9880E+03  1.2766E-01  6.3583E-01  2.6091E-01  2.4513E-01
 PARAMETER:  4.7963E+00  6.0885E+00 -4.1072E-02 -1.5399E+00  5.7949E-01 -1.4483E-01
 GRADIENT:  -8.3666E-02  1.1901E-01 -1.5590E-01 -7.4787E-02 -2.4294E-02 -1.9542E-02
 Elapsed estimation  time in seconds:   290.23
 Elapsed covariance  time in seconds:    53.96
 Elapsed postprocess time in seconds:    12.34
 Elapsed finaloutput time in seconds:     2.41
Done with nonmem execution
