Starting NMTRAN
        1 file(s) copied.
        1 file(s) copied.
  
 WARNINGS AND ERRORS (IF ANY) FOR PROBLEM    1
             
 (WARNING  2) NM-TRAN INFERS THAT THE DATA ARE POPULATION.

 LIM VALUES MAXLIM ASSESSED BY NMTRAN: 1,2,3,4,5,6,7,8,10,11,13,15,16        
        1 file(s) copied.
Pathlist information for compiler and MPI systems are located in nmpathlist.txt

Recompiling certain components.
starting wait
ending wait
Exiting lpreddo
Compiling FSUBS
Building NONMEM Executable
Starting nonmem execution ...
License Registered to: Medical University of Gdansk
Expiration Date:    14 JUL 2024
Current Date:       18 OCT 2023
Days until program expires : 271


 First Order Conditional Estimation with Interaction
 MONITORING OF SEARCH:


0ITERATION NO.:    0    OBJECTIVE VALUE:   1234.49416707097        NO. OF FUNC. EVALS.:   6
 CUMULATIVE NO. OF FUNC. EVALS.:        6
 NPARAMETR:  1.0000E+01  1.0000E+01  1.4700E-01  2.0000E-01  2.3000E-01
 PARAMETER:  1.0000E-01  1.0000E-01  1.0000E-01  1.0000E-01  1.0000E-01
 GRADIENT:  -9.5494E+01 -1.2640E+02  4.3912E+01 -8.3220E+00 -1.6404E+02

0ITERATION NO.:    1    OBJECTIVE VALUE:   1180.70229048007        NO. OF FUNC. EVALS.:   7
 CUMULATIVE NO. OF FUNC. EVALS.:       13
 NPARAMETR:  1.1908E+01  1.2601E+01  1.3566E-01  2.0618E-01  4.1909E-01
 PARAMETER:  2.7464E-01  3.3116E-01  1.9692E-02  1.1522E-01  4.0000E-01
 GRADIENT:   5.2649E+00 -1.2181E+02  4.2507E+01 -7.1559E+00  6.1802E+01

0ITERATION NO.:    2    OBJECTIVE VALUE:   1098.15698697669        NO. OF FUNC. EVALS.:   8
 CUMULATIVE NO. OF FUNC. EVALS.:       21
 NPARAMETR:  1.1565E+01  2.4801E+01  1.0711E-01  2.2326E-01  2.1081E-01
 PARAMETER:  2.4538E-01  1.0083E+00 -2.1661E-01  1.5500E-01  5.6436E-02
 GRADIENT:  -7.7541E+01 -1.2620E+02  1.1880E+01 -3.6451E-01 -1.3194E+02

0ITERATION NO.:    3    OBJECTIVE VALUE:   1031.02506161992        NO. OF FUNC. EVALS.:   7
 CUMULATIVE NO. OF FUNC. EVALS.:       28
 NPARAMETR:  1.3867E+01  8.1508E+01  7.7394E-02  2.4679E-01  1.8942E-01
 PARAMETER:  4.2696E-01  2.1981E+00 -5.4153E-01  2.0511E-01  2.9514E-03
 GRADIENT:  -2.1178E+02  3.4444E+01 -1.0912E+01 -3.9386E+00 -2.0008E+02

0ITERATION NO.:    4    OBJECTIVE VALUE:   1022.43475331414        NO. OF FUNC. EVALS.:   7
 CUMULATIVE NO. OF FUNC. EVALS.:       35
 NPARAMETR:  1.4566E+01  8.4022E+01  7.5634E-02  2.5013E-01  1.8283E-01
 PARAMETER:  4.7613E-01  2.2285E+00 -5.6453E-01  2.1182E-01 -1.4757E-02
 GRADIENT:  -2.2287E+02  5.2539E+01 -3.4256E+01 -3.0857E+01 -1.7421E+02

0ITERATION NO.:    5    OBJECTIVE VALUE:   984.970384922821        NO. OF FUNC. EVALS.:   8
 CUMULATIVE NO. OF FUNC. EVALS.:       43
 NPARAMETR:  2.2400E+01  1.1150E+02  7.3178E-02  3.8229E-01  1.2830E-01
 PARAMETER:  9.0648E-01  2.5114E+00 -5.9754E-01  4.2393E-01 -1.9184E-01
 GRADIENT:  -1.4204E+02  2.8973E+01 -2.7466E+01 -2.6661E+01 -2.2586E+02

0ITERATION NO.:    6    OBJECTIVE VALUE:   968.654570996694        NO. OF FUNC. EVALS.:   7
 CUMULATIVE NO. OF FUNC. EVALS.:       50
 NPARAMETR:  2.4100E+01  1.1794E+02  4.3446E-02  4.8647E+00  1.6000E-01
 PARAMETER:  9.7962E-01  2.5676E+00 -1.1189E+00  1.6957E+00 -8.1466E-02
 GRADIENT:  -7.9163E+01 -5.1909E+00 -1.5394E+00  1.2794E+01 -9.7359E+01

0ITERATION NO.:    7    OBJECTIVE VALUE:   961.759418686814        NO. OF FUNC. EVALS.:   7
 CUMULATIVE NO. OF FUNC. EVALS.:       57
 NPARAMETR:  2.7958E+01  1.2307E+02  1.8195E-02  5.7137E+00  1.9135E-01
 PARAMETER:  1.1281E+00  2.6102E+00 -1.9893E+00  1.7762E+00  8.0105E-03
 GRADIENT:  -2.3041E+01 -3.1136E+01 -3.3110E+00  8.5010E+00 -2.1519E+01

0ITERATION NO.:    8    OBJECTIVE VALUE:   944.095760854928        NO. OF FUNC. EVALS.:   8
 CUMULATIVE NO. OF FUNC. EVALS.:       65
 NPARAMETR:  3.9821E+01  2.1928E+02  1.8799E-02  3.6332E+00  1.8123E-01
 PARAMETER:  1.4818E+00  3.1878E+00 -1.9566E+00  1.5498E+00 -1.9145E-02
 GRADIENT:  -4.4709E+01  1.6192E+01 -6.6312E+00 -4.6788E+00 -2.5136E+01

0ITERATION NO.:    9    OBJECTIVE VALUE:   935.792807187443        NO. OF FUNC. EVALS.:   7
 CUMULATIVE NO. OF FUNC. EVALS.:       72
 NPARAMETR:  6.5195E+01  3.5582E+02  1.7726E-02  5.5793E+00  1.5575E-01
 PARAMETER:  1.9748E+00  3.6718E+00 -2.0154E+00  1.7643E+00 -9.4909E-02
 GRADIENT:  -2.5273E+01  1.6132E+01 -4.3880E+00  4.3899E+00 -5.0597E+01

0ITERATION NO.:   10    OBJECTIVE VALUE:   928.169950474273        NO. OF FUNC. EVALS.:   7
 CUMULATIVE NO. OF FUNC. EVALS.:       79
 NPARAMETR:  7.9126E+01  3.8649E+02  2.6717E-02  1.9180E+00  1.6329E-01
 PARAMETER:  2.1685E+00  3.7545E+00 -1.6051E+00  1.2304E+00 -7.1281E-02
 GRADIENT:   1.1957E+01 -1.5727E+01 -1.3149E+01 -1.5906E+01 -2.4803E+01

0ITERATION NO.:   11    OBJECTIVE VALUE:   907.816850920530        NO. OF FUNC. EVALS.:   8
 CUMULATIVE NO. OF FUNC. EVALS.:       87
 NPARAMETR:  9.1910E+01  4.8840E+02  9.9747E-02  1.0584E+00  1.7363E-01
 PARAMETER:  2.3182E+00  3.9886E+00 -2.8779E-01  9.3308E-01 -4.0566E-02
 GRADIENT:  -1.1983E+01  1.0186E+01 -5.5679E+00  1.1202E+01 -7.1085E+00

0ITERATION NO.:   12    OBJECTIVE VALUE:   901.148599844975        NO. OF FUNC. EVALS.:   7
 CUMULATIVE NO. OF FUNC. EVALS.:       94
 NPARAMETR:  1.0131E+02  5.5671E+02  2.3652E-01  6.1059E-01  1.7760E-01
 PARAMETER:  2.4156E+00  4.1195E+00  5.7559E-01  6.5805E-01 -2.9275E-02
 GRADIENT:   8.0383E+00 -9.3588E+00  1.0114E+01  7.5010E+00  1.6479E+01

0ITERATION NO.:   13    OBJECTIVE VALUE:   898.878270271097        NO. OF FUNC. EVALS.:   7
 CUMULATIVE NO. OF FUNC. EVALS.:      101
 NPARAMETR:  1.0249E+02  5.6682E+02  1.6216E-01  6.8183E-01  1.7505E-01
 PARAMETER:  2.4272E+00  4.1375E+00  1.9818E-01  7.1323E-01 -3.6496E-02
 GRADIENT:  -9.2790E+00  8.2112E+00 -1.2730E+00  7.7755E+00  1.0481E+01

0ITERATION NO.:   14    OBJECTIVE VALUE:   898.091974285024        NO. OF FUNC. EVALS.:   7
 CUMULATIVE NO. OF FUNC. EVALS.:      108
 NPARAMETR:  1.0775E+02  5.9733E+02  1.7708E-01  6.1136E-01  1.6994E-01
 PARAMETER:  2.4772E+00  4.1899E+00  2.8618E-01  6.5868E-01 -5.1317E-02
 GRADIENT:  -8.9387E+00  8.3522E+00  1.6091E+00  7.0117E+00  1.7093E+00

0ITERATION NO.:   15    OBJECTIVE VALUE:   896.687545845415        NO. OF FUNC. EVALS.:   7
 CUMULATIVE NO. OF FUNC. EVALS.:      115
 NPARAMETR:  1.2623E+02  6.7626E+02  1.8346E-01  4.3910E-01  1.6044E-01
 PARAMETER:  2.6355E+00  4.3140E+00  3.2154E-01  4.9320E-01 -8.0070E-02
 GRADIENT:  -4.4885E-01  1.3277E+00  2.5827E+00  3.0015E+00 -1.4153E+01

0ITERATION NO.:   16    OBJECTIVE VALUE:   896.337782518578        NO. OF FUNC. EVALS.:   7
 CUMULATIVE NO. OF FUNC. EVALS.:      122
 NPARAMETR:  1.2545E+02  6.7299E+02  1.7562E-01  3.6460E-01  1.7094E-01
 PARAMETER:  2.6294E+00  4.3091E+00  2.7792E-01  4.0025E-01 -4.8384E-02
 GRADIENT:  -2.0109E+00  2.8335E+00 -6.5571E-02  1.2585E+00  4.4203E+00

0ITERATION NO.:   17    OBJECTIVE VALUE:   896.272081311965        NO. OF FUNC. EVALS.:   7
 CUMULATIVE NO. OF FUNC. EVALS.:      129
 NPARAMETR:  1.2597E+02  6.6105E+02  1.7462E-01  3.1814E-01  1.6820E-01
 PARAMETER:  2.6335E+00  4.2912E+00  2.7215E-01  3.3208E-01 -5.6455E-02
 GRADIENT:   1.7241E+00 -9.0944E-01  2.5552E-01  1.4355E+00 -1.5264E+00

0ITERATION NO.:   18    OBJECTIVE VALUE:   895.904375219973        NO. OF FUNC. EVALS.:   8
 CUMULATIVE NO. OF FUNC. EVALS.:      137
 NPARAMETR:  1.2532E+02  6.4870E+02  1.7491E-01  2.6155E-01  1.6807E-01
 PARAMETER:  2.6283E+00  4.2724E+00  2.7383E-01  2.3415E-01 -5.6836E-02
 GRADIENT:   4.5299E+00 -3.6924E+00  1.8585E+00  1.4002E+00 -3.3487E+00

0ITERATION NO.:   19    OBJECTIVE VALUE:   895.901454817523        NO. OF FUNC. EVALS.:   8
 CUMULATIVE NO. OF FUNC. EVALS.:      145
 NPARAMETR:  1.2504E+02  6.4561E+02  1.7437E-01  2.5069E-01  1.6811E-01
 PARAMETER:  2.6260E+00  4.2676E+00  2.7077E-01  2.1295E-01 -5.6718E-02
 GRADIENT:   4.8602E+00 -4.0538E+00  1.5812E+00  1.0184E+00 -3.2553E+00

0ITERATION NO.:   20    OBJECTIVE VALUE:   895.900268743600        NO. OF FUNC. EVALS.:   8
 CUMULATIVE NO. OF FUNC. EVALS.:      153
 NPARAMETR:  1.2502E+02  6.4552E+02  1.7437E-01  2.5057E-01  1.6812E-01
 PARAMETER:  2.6259E+00  4.2675E+00  2.7076E-01  2.1272E-01 -5.6702E-02
 GRADIENT:   4.8448E+00 -4.0375E+00  1.5993E+00  1.0197E+00 -3.2428E+00

0ITERATION NO.:   21    OBJECTIVE VALUE:   895.900268743600        NO. OF FUNC. EVALS.:  15
 CUMULATIVE NO. OF FUNC. EVALS.:      168
 NPARAMETR:  1.2502E+02  6.4552E+02  1.7437E-01  2.5057E-01  1.6812E-01
 PARAMETER:  2.6259E+00  4.2675E+00  2.7076E-01  2.1272E-01 -5.6702E-02
 GRADIENT:   2.8409E+00 -6.5316E+00  1.3147E+00  1.0197E+00 -3.2913E+00

0ITERATION NO.:   22    OBJECTIVE VALUE:   894.719001688919        NO. OF FUNC. EVALS.:  17
 CUMULATIVE NO. OF FUNC. EVALS.:      185
 NPARAMETR:  1.9862E+02  1.0865E+03  1.8282E-01  1.9067E-01  1.6722E-01
 PARAMETER:  3.0888E+00  4.7881E+00  3.1807E-01  7.6122E-02 -5.9381E-02
 GRADIENT:  -1.0909E+01  9.2698E+00  5.2137E-02 -1.5554E+00 -8.2458E+00

0ITERATION NO.:   23    OBJECTIVE VALUE:   894.099935243645        NO. OF FUNC. EVALS.:  13
 CUMULATIVE NO. OF FUNC. EVALS.:      198
 NPARAMETR:  2.6402E+02  1.4128E+03  1.7477E-01  2.2884E-01  1.7302E-01
 PARAMETER:  3.3735E+00  5.0508E+00  2.7307E-01  1.6735E-01 -4.2349E-02
 GRADIENT:  -1.9528E+00  1.0973E+00 -6.8821E-01 -2.8001E-02  5.9019E+00

0ITERATION NO.:   24    OBJECTIVE VALUE:   893.711751303225        NO. OF FUNC. EVALS.:  13
 CUMULATIVE NO. OF FUNC. EVALS.:      211
 NPARAMETR:  4.0003E+02  2.1459E+03  1.7231E-01  2.4117E-01  1.7110E-01
 PARAMETER:  3.7890E+00  5.4687E+00  2.5888E-01  1.9359E-01 -4.7928E-02
 GRADIENT:  -2.5764E+00  2.2769E+00 -1.7796E+00  8.7558E-02  3.1328E+00

0ITERATION NO.:   25    OBJECTIVE VALUE:   893.443321039748        NO. OF FUNC. EVALS.:  13
 CUMULATIVE NO. OF FUNC. EVALS.:      224
 NPARAMETR:  6.1325E+02  3.2923E+03  1.7816E-01  2.3178E-01  1.6892E-01
 PARAMETER:  4.2162E+00  5.8968E+00  2.9224E-01  1.7374E-01 -5.4328E-02
 GRADIENT:  -1.0931E+00  1.0976E+00  3.9977E-01  9.4184E-02 -4.1870E-01

0ITERATION NO.:   26    OBJECTIVE VALUE:   893.443321039748        NO. OF FUNC. EVALS.:  14
 CUMULATIVE NO. OF FUNC. EVALS.:      238
 NPARAMETR:  6.1325E+02  3.2923E+03  1.7816E-01  2.3178E-01  1.6892E-01
 PARAMETER:  4.2162E+00  5.8968E+00  2.9224E-01  1.7374E-01 -5.4328E-02
 GRADIENT:  -7.2591E-01  3.5551E-01  2.8781E-01 -6.5160E-01 -1.6772E+00
 Elapsed estimation  time in seconds:   325.49
 Elapsed covariance  time in seconds:   111.09
 Elapsed postprocess time in seconds:    16.07
 Elapsed finaloutput time in seconds:     1.87
Done with nonmem execution
