Starting NMTRAN
        1 file(s) copied.
        1 file(s) copied.
  
 WARNINGS AND ERRORS (IF ANY) FOR PROBLEM    1
             
 (WARNING  2) NM-TRAN INFERS THAT THE DATA ARE POPULATION.

 LIM VALUES MAXLIM ASSESSED BY NMTRAN: 1,2,3,4,5,6,7,8,10,11,13,15,16        
        1 file(s) copied.
Pathlist information for compiler and MPI systems are located in nmpathlist.txt

Recompiling certain components.
starting wait
ending wait
Exiting lpreddo
Compiling FSUBS
Building NONMEM Executable
Starting nonmem execution ...
License Registered to: Medical University of Gdansk
Expiration Date:    14 JUL 2024
Current Date:       12 OCT 2023
Days until program expires : 277


 First Order Conditional Estimation with Interaction
 MONITORING OF SEARCH:


0ITERATION NO.:    0    OBJECTIVE VALUE:   2301.64254500156        NO. OF FUNC. EVALS.:   8
 CUMULATIVE NO. OF FUNC. EVALS.:        8
 NPARAMETR:  4.5300E+01  7.9000E+00  3.8300E+01  4.8100E+02  1.0000E+00  1.0000E-01  4.0000E-01
 PARAMETER:  1.0000E-01  1.0000E-01  1.0000E-01  1.0000E-01  1.0000E-01  1.0000E-01  1.0000E-01
 GRADIENT:  -1.1602E+01  6.0898E+02  1.1161E+01 -2.1396E+02 -6.2983E+02 -3.8064E+01 -7.0399E+02

0ITERATION NO.:    1    OBJECTIVE VALUE:   1735.81574242017        NO. OF FUNC. EVALS.:   9
 CUMULATIVE NO. OF FUNC. EVALS.:       17
 NPARAMETR:  4.5750E+01  4.7013E+00  3.7937E+01  5.7722E+02  1.7105E+00  1.0670E-01  1.3280E+00
 PARAMETER:  1.0989E-01 -4.1903E-01  9.0487E-02  2.8236E-01  6.3680E-01  1.3244E-01  7.0000E-01
 GRADIENT:  -6.7325E+01  2.9879E+02 -3.2435E+01 -1.3949E+02 -2.7457E+02 -2.9118E+01 -8.8023E+01

0ITERATION NO.:    2    OBJECTIVE VALUE:   1532.23349269175        NO. OF FUNC. EVALS.:   9
 CUMULATIVE NO. OF FUNC. EVALS.:       26
 NPARAMETR:  6.0731E+01  1.3374E+00  4.3484E+01  1.0381E+03  5.4303E+00  1.3633E-01  2.7854E+00
 PARAMETER:  3.9314E-01 -1.6761E+00  2.2695E-01  8.6924E-01  1.7920E+00  2.5495E-01  1.0703E+00
 GRADIENT:  -5.9329E+01 -1.3091E+00 -1.1183E+02 -3.9459E+01  1.5659E+01 -1.6800E+01  2.4105E+02

0ITERATION NO.:    3    OBJECTIVE VALUE:   1293.98454587593        NO. OF FUNC. EVALS.:   9
 CUMULATIVE NO. OF FUNC. EVALS.:       35
 NPARAMETR:  9.7699E+01  6.8174E-01  8.5905E+01  1.7673E+03  9.3260E+00  1.8682E-01  3.0396E-01
 PARAMETER:  8.6858E-01 -2.3500E+00  9.0780E-01  1.4013E+00  2.3328E+00  4.1249E-01 -3.7292E-02
 GRADIENT:   7.5134E+01 -1.6277E+00 -2.6547E+02  1.7544E+01  1.1168E+01 -5.7742E+01 -1.6244E+02

0ITERATION NO.:    4    OBJECTIVE VALUE:   1054.59177240708        NO. OF FUNC. EVALS.:  11
 CUMULATIVE NO. OF FUNC. EVALS.:       46
 NPARAMETR:  1.1191E+02  4.4443E-01  3.2564E+02  2.4487E+03  1.2597E+01  3.3306E-01  1.2420E-01
 PARAMETER:  1.0044E+00 -2.7778E+00  2.2403E+00  1.7274E+00  2.6335E+00  7.0157E-01 -4.8479E-01
 GRADIENT:   5.4058E+01 -8.1075E-02 -2.0068E+02 -7.1773E+01  9.7954E+00 -3.1322E+01 -3.7403E+02

0ITERATION NO.:    5    OBJECTIVE VALUE:   1035.67050181253        NO. OF FUNC. EVALS.:  12
 CUMULATIVE NO. OF FUNC. EVALS.:       58
 NPARAMETR:  1.2747E+02  4.3114E-01  4.3374E+02  3.1568E+03  1.2478E+01  3.5059E-01  1.1672E-01
 PARAMETER:  1.1346E+00 -2.8082E+00  2.5270E+00  1.9815E+00  2.6240E+00  7.2722E-01 -5.1583E-01
 GRADIENT:   7.2659E+01  1.0031E+00 -4.9030E+01  1.1102E+02 -3.9122E+00 -6.9333E+01 -4.3914E+02

0ITERATION NO.:    6    OBJECTIVE VALUE:   1013.15302266024        NO. OF FUNC. EVALS.:  10
 CUMULATIVE NO. OF FUNC. EVALS.:       68
 NPARAMETR:  2.6266E+02  4.1794E-01  5.3876E+02  2.7764E+03  1.1389E+01  8.8570E-01  1.4514E-01
 PARAMETER:  1.8576E+00 -2.8393E+00  2.7438E+00  1.8531E+00  2.5327E+00  1.1906E+00 -4.0688E-01
 GRADIENT:   5.7565E+01  2.0774E+00  8.8562E+01 -1.3023E+01 -2.9485E+01 -6.0853E+01 -2.9983E+02

0ITERATION NO.:    7    OBJECTIVE VALUE:   1007.76029316853        NO. OF FUNC. EVALS.:   9
 CUMULATIVE NO. OF FUNC. EVALS.:       77
 NPARAMETR:  5.3821E+02  5.1536E-01  5.8776E+02  3.5454E+03  1.0957E+01  3.1514E+01  1.7395E-01
 PARAMETER:  2.5749E+00 -2.6297E+00  2.8309E+00  2.0976E+00  2.4940E+00  2.9765E+00 -3.1634E-01
 GRADIENT:   5.0523E+00  2.9556E+00  1.5902E+02  5.6358E+01 -3.6259E+01  2.2008E+01 -2.3788E+02

0ITERATION NO.:    8    OBJECTIVE VALUE:   989.772536819971        NO. OF FUNC. EVALS.:   9
 CUMULATIVE NO. OF FUNC. EVALS.:       86
 NPARAMETR:  8.3231E+02  2.3698E+00  6.6806E+02  3.3966E+03  4.8629E+01  3.8097E+01  2.2185E-01
 PARAMETER:  3.0109E+00 -1.1041E+00  2.9589E+00  2.0547E+00  3.9842E+00  3.0714E+00 -1.9473E-01
 GRADIENT:   5.2531E+00 -2.5794E-01  1.5807E+02  2.7662E+01  1.0091E+00  2.1906E+01 -1.2470E+02

0ITERATION NO.:    9    OBJECTIVE VALUE:   967.684945999054        NO. OF FUNC. EVALS.:   9
 CUMULATIVE NO. OF FUNC. EVALS.:       95
 NPARAMETR:  6.2560E+02  2.0462E+00  5.8384E+02  3.4399E+03  3.8296E+01  2.1087E+01  2.4759E-01
 PARAMETER:  2.7254E+00 -1.2509E+00  2.8242E+00  2.0673E+00  3.7454E+00  2.7756E+00 -1.3984E-01
 GRADIENT:   6.4447E+00  6.5985E-01  3.8666E+01  1.0871E+00 -8.4469E+00  1.8532E+01 -2.1640E+01

0ITERATION NO.:   10    OBJECTIVE VALUE:   934.661674643573        NO. OF FUNC. EVALS.:  10
 CUMULATIVE NO. OF FUNC. EVALS.:      105
 NPARAMETR:  1.3577E+02  2.4822E+00  5.0001E+02  3.3332E+03  5.3141E+01  1.1886E+00  2.2604E-01
 PARAMETER:  1.1977E+00 -1.0577E+00  2.6692E+00  2.0358E+00  4.0729E+00  1.3377E+00 -1.8537E-01
 GRADIENT:   2.3513E+01  1.0077E+00 -1.8806E+01  2.5290E+01 -1.2165E+01 -3.5862E+00 -4.4337E+01

0ITERATION NO.:   11    OBJECTIVE VALUE:   926.973898937964        NO. OF FUNC. EVALS.:   9
 CUMULATIVE NO. OF FUNC. EVALS.:      114
 NPARAMETR:  6.4701E+01  2.9309E+00  4.7188E+02  3.2611E+03  6.7251E+01  3.4527E-01  2.1742E-01
 PARAMETER:  4.5646E-01 -8.9156E-01  2.6113E+00  2.0139E+00  4.3084E+00  7.1958E-01 -2.0481E-01
 GRADIENT:  -1.0260E+00 -4.5801E-01 -3.0856E+01  3.3443E+01 -3.1300E+00 -1.8704E+01 -5.2799E+01

0ITERATION NO.:   12    OBJECTIVE VALUE:   924.119832304117        NO. OF FUNC. EVALS.:   9
 CUMULATIVE NO. OF FUNC. EVALS.:      123
 NPARAMETR:  8.3895E+01  3.4557E+00  4.8700E+02  3.2325E+03  7.6395E+01  5.2994E-01  2.3165E-01
 PARAMETER:  7.1626E-01 -7.2685E-01  2.6428E+00  2.0051E+00  4.4359E+00  9.3379E-01 -1.7312E-01
 GRADIENT:   1.5484E+01 -3.5503E+00 -1.2796E+01  2.0603E+01  7.5953E+00 -6.4386E+00 -3.3815E+01

0ITERATION NO.:   13    OBJECTIVE VALUE:   921.904388022129        NO. OF FUNC. EVALS.:   9
 CUMULATIVE NO. OF FUNC. EVALS.:      132
 NPARAMETR:  7.2200E+01  3.3643E+00  4.8657E+02  3.1829E+03  6.9330E+01  5.3488E-01  2.4303E-01
 PARAMETER:  5.6613E-01 -7.5363E-01  2.6419E+00  1.9897E+00  4.3389E+00  9.3843E-01 -1.4914E-01
 GRADIENT:   4.8275E+00 -2.9826E-01 -2.6827E+01  4.0846E+00 -2.4902E+00 -2.4885E+00 -4.9129E+00

0ITERATION NO.:   14    OBJECTIVE VALUE:   921.275750061631        NO. OF FUNC. EVALS.:   9
 CUMULATIVE NO. OF FUNC. EVALS.:      141
 NPARAMETR:  6.6676E+01  3.7404E+00  4.9790E+02  3.1415E+03  7.5000E+01  5.0847E-01  2.5073E-01
 PARAMETER:  4.8653E-01 -6.4768E-01  2.6650E+00  1.9766E+00  4.4175E+00  9.1312E-01 -1.3354E-01
 GRADIENT:  -1.0311E+00 -2.1579E+00 -1.4231E+01 -4.4213E+00  3.2582E+00 -3.1536E+00  5.9134E+00

0ITERATION NO.:   15    OBJECTIVE VALUE:   920.752520183009        NO. OF FUNC. EVALS.:   9
 CUMULATIVE NO. OF FUNC. EVALS.:      150
 NPARAMETR:  6.7570E+01  3.7795E+00  5.1313E+02  3.1659E+03  7.1813E+01  6.0244E-01  2.5382E-01
 PARAMETER:  4.9986E-01 -6.3727E-01  2.6951E+00  1.9843E+00  4.3741E+00  9.9791E-01 -1.2741E-01
 GRADIENT:   4.0379E-01 -1.2519E+00 -4.5526E+00 -4.2611E+00  1.2355E+00  7.6169E-01  6.4040E+00

0ITERATION NO.:   16    OBJECTIVE VALUE:   920.672781090690        NO. OF FUNC. EVALS.:   9
 CUMULATIVE NO. OF FUNC. EVALS.:      159
 NPARAMETR:  6.6011E+01  3.8678E+00  5.2287E+02  3.2051E+03  7.0497E+01  6.1740E-01  2.5217E-01
 PARAMETER:  4.7651E-01 -6.1418E-01  2.7139E+00  1.9966E+00  4.3556E+00  1.0102E+00 -1.3068E-01
 GRADIENT:  -4.2021E-01 -1.0086E+00  4.2732E+00  1.3660E+00  4.8527E-01  4.2566E-01 -3.1277E-01

0ITERATION NO.:   17    OBJECTIVE VALUE:   920.634802190319        NO. OF FUNC. EVALS.:   9
 CUMULATIVE NO. OF FUNC. EVALS.:      168
 NPARAMETR:  6.6727E+01  3.9892E+00  5.1616E+02  3.1921E+03  7.2625E+01  5.9528E-01  2.5274E-01
 PARAMETER:  4.8731E-01 -5.8327E-01  2.7010E+00  1.9926E+00  4.3853E+00  9.9193E-01 -1.2955E-01
 GRADIENT:  -8.3017E-02 -1.2614E+00 -1.1762E+00 -1.6526E-01  9.9295E-01 -7.6763E-02  2.7478E+00

0ITERATION NO.:   18    OBJECTIVE VALUE:   920.399069320422        NO. OF FUNC. EVALS.:  11
 CUMULATIVE NO. OF FUNC. EVALS.:      179
 NPARAMETR:  6.6283E+01  5.5081E+00  5.2013E+02  3.2239E+03  8.1541E+01  5.9698E-01  2.5320E-01
 PARAMETER:  4.8063E-01 -2.6064E-01  2.7086E+00  2.0025E+00  4.5011E+00  9.9335E-01 -1.2864E-01
 GRADIENT:  -2.0838E-01  1.4478E+00 -1.1002E+00  4.3197E+00 -2.6726E+00 -4.5718E-01  1.4705E+00

0ITERATION NO.:   19    OBJECTIVE VALUE:   920.386653248080        NO. OF FUNC. EVALS.:   9
 CUMULATIVE NO. OF FUNC. EVALS.:      188
 NPARAMETR:  6.6722E+01  5.0961E+00  5.1857E+02  3.1967E+03  8.0400E+01  5.9575E-01  2.5179E-01
 PARAMETER:  4.8723E-01 -3.3838E-01  2.7056E+00  1.9940E+00  4.4870E+00  9.9233E-01 -1.3144E-01
 GRADIENT:   3.0487E-03 -4.9299E-01  6.0427E-01  1.0702E+00 -3.3593E-01 -1.5377E-01  6.2277E-01

0ITERATION NO.:   20    OBJECTIVE VALUE:   920.297324984390        NO. OF FUNC. EVALS.:  11
 CUMULATIVE NO. OF FUNC. EVALS.:      199
 NPARAMETR:  6.7145E+01  5.8113E+00  5.1705E+02  3.1771E+03  8.6805E+01  5.8987E-01  2.5076E-01
 PARAMETER:  4.9354E-01 -2.0706E-01  2.7027E+00  1.9879E+00  4.5637E+00  9.8737E-01 -1.3349E-01
 GRADIENT:   1.7428E-01  8.3443E-01 -2.6272E+00 -8.6224E-01 -1.7370E+00 -3.1118E-02  7.5165E-01

0ITERATION NO.:   21    OBJECTIVE VALUE:   920.237697400253        NO. OF FUNC. EVALS.:   9
 CUMULATIVE NO. OF FUNC. EVALS.:      208
 NPARAMETR:  6.7230E+01  6.5408E+00  5.1884E+02  3.1641E+03  9.5348E+01  5.8628E-01  2.4946E-01
 PARAMETER:  4.9481E-01 -8.8805E-02  2.7061E+00  1.9838E+00  4.6575E+00  9.8432E-01 -1.3609E-01
 GRADIENT:   1.7299E-01  1.9432E+00 -2.1819E+00 -1.8164E+00 -2.1499E+00 -1.6865E-02 -1.0857E+00

0ITERATION NO.:   22    OBJECTIVE VALUE:   920.202314385043        NO. OF FUNC. EVALS.:   9
 CUMULATIVE NO. OF FUNC. EVALS.:      217
 NPARAMETR:  6.7131E+01  6.4315E+00  5.1968E+02  3.1661E+03  9.6327E+01  5.8678E-01  2.4945E-01
 PARAMETER:  4.9334E-01 -1.0565E-01  2.7078E+00  1.9844E+00  4.6677E+00  9.8474E-01 -1.3609E-01
 GRADIENT:   1.5587E-01  5.6799E-01  1.0840E+00 -1.5684E+00 -8.1488E-01 -8.2362E-02 -1.8164E+00

0ITERATION NO.:   23    OBJECTIVE VALUE:   920.172942555632        NO. OF FUNC. EVALS.:   9
 CUMULATIVE NO. OF FUNC. EVALS.:      226
 NPARAMETR:  6.7067E+01  6.4865E+00  5.1659E+02  3.1853E+03  1.0130E+02  5.8385E-01  2.5154E-01
 PARAMETER:  4.9239E-01 -9.7135E-02  2.7018E+00  1.9904E+00  4.7181E+00  9.8223E-01 -1.3193E-01
 GRADIENT:   1.3463E-01 -7.7238E-01  1.6965E-01 -1.5506E-02  3.9197E-01 -4.2006E-01  1.0572E+00

0ITERATION NO.:   24    OBJECTIVE VALUE:   920.119759127947        NO. OF FUNC. EVALS.:   9
 CUMULATIVE NO. OF FUNC. EVALS.:      235
 NPARAMETR:  6.6936E+01  7.1358E+00  5.1794E+02  3.1880E+03  1.1001E+02  5.9247E-01  2.5104E-01
 PARAMETER:  4.9044E-01 -1.7332E-03  2.7044E+00  1.9913E+00  4.8005E+00  9.8956E-01 -1.3292E-01
 GRADIENT:   2.0233E-01  1.4466E+00 -1.7992E+00  2.2334E-01 -8.9221E-01 -1.0868E-01  4.6641E-01

0ITERATION NO.:   25    OBJECTIVE VALUE:   920.119535614381        NO. OF FUNC. EVALS.:   9
 CUMULATIVE NO. OF FUNC. EVALS.:      244
 NPARAMETR:  6.6930E+01  7.0988E+00  5.1791E+02  3.1878E+03  1.0952E+02  5.9250E-01  2.5103E-01
 PARAMETER:  4.9033E-01 -6.9328E-03  2.7044E+00  1.9912E+00  4.7961E+00  9.8959E-01 -1.3295E-01
 GRADIENT:   1.3468E-01  1.0335E+00 -1.6045E+00  1.7726E-01 -8.0920E-01 -1.1039E-01  4.3489E-01

0ITERATION NO.:   26    OBJECTIVE VALUE:   920.114536229981        NO. OF FUNC. EVALS.:  10
 CUMULATIVE NO. OF FUNC. EVALS.:      254
 NPARAMETR:  6.6894E+01  7.0954E+00  5.1793E+02  3.1883E+03  1.1015E+02  5.9326E-01  2.5104E-01
 PARAMETER:  4.8981E-01 -7.4222E-03  2.7044E+00  1.9914E+00  4.8019E+00  9.9024E-01 -1.3293E-01
 GRADIENT:   5.7155E-02  7.8075E-01 -1.1287E+00  2.0259E-01 -6.3001E-01 -9.9701E-02  3.8856E-01

0ITERATION NO.:   27    OBJECTIVE VALUE:   920.114536229981        NO. OF FUNC. EVALS.:  17
 CUMULATIVE NO. OF FUNC. EVALS.:      271
 NPARAMETR:  6.6894E+01  7.0954E+00  5.1793E+02  3.1883E+03  1.1015E+02  5.9326E-01  2.5104E-01
 PARAMETER:  4.8981E-01 -7.4222E-03  2.7044E+00  1.9914E+00  4.8019E+00  9.9024E-01 -1.3293E-01
 GRADIENT:  -2.9584E-01  5.0182E-01 -1.8766E+00 -8.0194E-01 -7.2318E-01 -9.9701E-02  3.2364E-01

0ITERATION NO.:   28    OBJECTIVE VALUE:   920.106193054172        NO. OF FUNC. EVALS.:  19
 CUMULATIVE NO. OF FUNC. EVALS.:      290
 NPARAMETR:  6.7009E+01  7.1099E+00  5.1792E+02  3.1909E+03  1.1164E+02  5.9565E-01  2.5109E-01
 PARAMETER:  4.9152E-01 -5.3699E-03  2.7044E+00  1.9922E+00  4.8153E+00  9.9224E-01 -1.3282E-01
 GRADIENT:  -2.0202E-01  5.4677E-02 -1.2025E+00 -5.2401E-01 -4.1971E-01 -4.5750E-02  1.8521E-01

0ITERATION NO.:   29    OBJECTIVE VALUE:   920.095429823197        NO. OF FUNC. EVALS.:  19
 CUMULATIVE NO. OF FUNC. EVALS.:      309
 NPARAMETR:  6.7157E+01  7.2111E+00  5.1838E+02  3.1972E+03  1.1566E+02  6.0011E-01  2.5134E-01
 PARAMETER:  4.9373E-01  8.7577E-03  2.7053E+00  1.9942E+00  4.8507E+00  9.9597E-01 -1.3233E-01
 GRADIENT:  -4.5476E-02 -5.1509E-01  9.8852E-02  1.3459E-01  7.1656E-03  3.7914E-02 -4.3242E-02

0ITERATION NO.:   30    OBJECTIVE VALUE:   920.083437043480        NO. OF FUNC. EVALS.:  19
 CUMULATIVE NO. OF FUNC. EVALS.:      328
 NPARAMETR:  6.7272E+01  7.5325E+00  5.1890E+02  3.2033E+03  1.2552E+02  6.0338E-01  2.5171E-01
 PARAMETER:  4.9544E-01  5.2368E-02  2.7063E+00  1.9961E+00  4.9325E+00  9.9869E-01 -1.3159E-01
 GRADIENT:   1.4638E-01 -6.3054E-01  5.5074E-01  7.7028E-01  2.0015E-01  8.5661E-02  3.8700E-04

0ITERATION NO.:   31    OBJECTIVE VALUE:   920.079265253897        NO. OF FUNC. EVALS.:  19
 CUMULATIVE NO. OF FUNC. EVALS.:      347
 NPARAMETR:  6.7171E+01  7.8412E+00  5.1937E+02  3.2011E+03  1.3438E+02  6.0242E-01  2.5170E-01
 PARAMETER:  4.9393E-01  9.2529E-02  2.7072E+00  1.9954E+00  5.0007E+00  9.9789E-01 -1.3162E-01
 GRADIENT:   2.9819E-02 -1.2170E-02 -1.7579E-01  4.9750E-01  4.6570E-02  8.0138E-02  1.1146E-01

0ITERATION NO.:   32    OBJECTIVE VALUE:   920.076932761021        NO. OF FUNC. EVALS.:  19
 CUMULATIVE NO. OF FUNC. EVALS.:      366
 NPARAMETR:  6.7160E+01  7.7846E+00  5.1948E+02  3.1974E+03  1.3244E+02  6.0062E-01  2.5152E-01
 PARAMETER:  4.9378E-01  8.5291E-02  2.7074E+00  1.9942E+00  4.9861E+00  9.9640E-01 -1.3197E-01
 GRADIENT:  -4.7873E-02 -1.3187E-01  1.3192E-01  1.1686E-01  6.8304E-02  4.9552E-02 -2.2016E-02

0ITERATION NO.:   33    OBJECTIVE VALUE:   920.076932761021        NO. OF FUNC. EVALS.:  12
 CUMULATIVE NO. OF FUNC. EVALS.:      378
 NPARAMETR:  6.7160E+01  7.7846E+00  5.1948E+02  3.1974E+03  1.3244E+02  6.0062E-01  2.5152E-01
 PARAMETER:  4.9378E-01  8.5291E-02  2.7074E+00  1.9942E+00  4.9861E+00  9.9640E-01 -1.3197E-01
 GRADIENT:  -4.7873E-02 -1.3187E-01  1.3192E-01  1.1686E-01  6.8304E-02  4.9552E-02 -2.2016E-02
 Elapsed estimation  time in seconds:   174.37
 Elapsed covariance  time in seconds:    52.82
 Elapsed postprocess time in seconds:    12.05
 Elapsed finaloutput time in seconds:     1.90
Done with nonmem execution
