06.10.2023 
10:08
$PROBLEM sufentanil_epidural

$INPUT ID TIME AMT RATE DV CMT MDV EVID SEX AGE WT HEIGHT TINFS TINFR DOSES DOSER OUT NUM

$DATA ../../../../data/derived/nonmem_data_v02.csv  
IGNORE=I
IGNORE=(OUT.EQ.1)
IGNORE=(CMT.EQ.22)
IGNORE=(CMT.EQ.33)

$SUBROUTINES ADVAN13 TOL=6

$MODEL 
  COMP  = (ABS)
  COMP  = (CENTRAL)
  COMP  = (PERIPHERAL)
  COMP  = (ABS2)

$PK
;PK PARAMETERS
 CL = THETA(1)*EXP(ETA(1))
 V1 = THETA(2)*EXP(ETA(2))
 Q  = THETA(3)*EXP(ETA(3))
 V2 = THETA(4)*EXP(ETA(4))
 KA = THETA(5)*EXP(ETA(5))
 K14= THETA(6)*EXP(ETA(6))
 K41= THETA(7)*EXP(ETA(7))

;SECONDARY PARAMETERS 
 K20 = CL/V1;
 K23 = Q/V1;
 K32 = Q/V2;
 
$DES
 DADT(1) = -KA*A(1)-K14*A(1)+K41*A(4)
 DADT(2) =  KA*A(1)-K23*A(2)+K32*A(3)-K20*A(2)
 DADT(3) =          K23*A(2)-K32*A(3)
 DADT(4) =          K14*A(1)-K41*A(4)
 
$ERROR

IPRED = A(2)/V1*1000 ;ug/L->ng/L=pg/ml
Y=IPRED*(1+EPS(2))+EPS(1)  


$THETA  
; https://pubmed.ncbi.nlm.nih.gov/26105145/
; VC = 7.90 l, VT = 481 L, Cl = 45.3 L/h, and Q = 38.3 L/h
45.3 FIX    ;[L/h] CL
7.90 FIX    ;[L] V1
38.3 FIX    ;[L/h] Q
481 FIX     ;[L] V2
(0.1)       ;[1/h] KA
(0,0.01)    ;[1/h] K14
(0,0.1)     ;[1/h] K41

$OMEGA     
0.1 FIX ;[P] ETA-CL
0.1 FIX ;[P] ETA-V1
0.1 FIX ;[P] ETA-Q
0.1 FIX ;[P] ETA-V2
0.1     ;[P] ETA-KA
0 FIX   ;[P] ETA-K14
0 FIX   ;[P] ETA-K41

$SIGMA
(0.01 FIX)  ;[P] ADD pg/ml
(0.4)       ;[P] PROP

$EST MAXEVAL=9999 METHOD=1 INTER SIGL=6 NSIG=2 PRINT=1 MSFO=./1.msf
$COV PRINT=E MATRIX=R

$TABLE NUM ID TIME EVID MDV CMT PRED IPRED CWRES WRES NPDE NOPRINT NOAPPEND ONEHEADERALL
FILE=sdtab1.tab
$TABLE NUM ID ETAS(1:LAST) KA CL V1 Q V2 K14 K41 NOPRINT NOAPPEND ONEHEADERALL
FILE=patab1.tab  
NM-TRAN MESSAGES 
  
 WARNINGS AND ERRORS (IF ANY) FOR PROBLEM    1
             
 (WARNING  2) NM-TRAN INFERS THAT THE DATA ARE POPULATION.

 LIM VALUES MAXLIM ASSESSED BY NMTRAN: 1,2,3,4,5,6,7,8,10,11,13,15,16        
  
License Registered to: Medical University of Gdansk
Expiration Date:    14 JUL 2024
Current Date:        6 OCT 2023
Days until program expires : 283
1NONLINEAR MIXED EFFECTS MODEL PROGRAM (NONMEM) VERSION 7.4.4
 ORIGINALLY DEVELOPED BY STUART BEAL, LEWIS SHEINER, AND ALISON BOECKMANN
 CURRENT DEVELOPERS ARE ROBERT BAUER, ICON DEVELOPMENT SOLUTIONS,
 AND ALISON BOECKMANN. IMPLEMENTATION, EFFICIENCY, AND STANDARDIZATION
 PERFORMED BY NOUS INFOSYSTEMS.

 PROBLEM NO.:         1
 sufentanil_epidural
0DATA CHECKOUT RUN:              NO
 DATA SET LOCATED ON UNIT NO.:    2
 THIS UNIT TO BE REWOUND:        NO
 NO. OF DATA RECS IN DATA SET:     3091
 NO. OF DATA ITEMS IN DATA SET:  18
 ID DATA ITEM IS DATA ITEM NO.:   1
 DEP VARIABLE IS DATA ITEM NO.:   5
 MDV DATA ITEM IS DATA ITEM NO.:  7
0INDICES PASSED TO SUBROUTINE PRED:
   8   2   3   4   0   0   6   0   0   0   0
0LABELS FOR DATA ITEMS:
 ID TIME AMT RATE DV CMT MDV EVID SEX AGE WT HEIGHT TINFS TINFR DOSES DOSER OUT NUM
0(NONBLANK) LABELS FOR PRED-DEFINED ITEMS:
 CL V1 Q V2 KA K14 K41 IPRED
0FORMAT FOR DATA:
 (E4.0,2E11.0,E5.0,E11.0,4E1.0,2E2.0,E3.0,2E11.0/2E11.0,2E4.0)

 TOT. NO. OF OBS RECS:      244
 TOT. NO. OF INDIVIDUALS:       18
0LENGTH OF THETA:   7
0DEFAULT THETA BOUNDARY TEST OMITTED:    NO
0OMEGA HAS BLOCK FORM:
  1
  0  2
  0  0  3
  0  0  0  4
  0  0  0  0  5
  0  0  0  0  0  6
  0  0  0  0  0  0  7
0DEFAULT OMEGA BOUNDARY TEST OMITTED:    NO
0SIGMA HAS BLOCK FORM:
  1
  0  2
0DEFAULT SIGMA BOUNDARY TEST OMITTED:    NO
0INITIAL ESTIMATE OF THETA:
 LOWER BOUND    INITIAL EST    UPPER BOUND
  0.4530E+02     0.4530E+02     0.4530E+02
  0.7900E+01     0.7900E+01     0.7900E+01
  0.3830E+02     0.3830E+02     0.3830E+02
  0.4810E+03     0.4810E+03     0.4810E+03
 -0.1000E+07     0.1000E+00     0.1000E+07
  0.0000E+00     0.1000E-01     0.1000E+07
  0.0000E+00     0.1000E+00     0.1000E+07
0INITIAL ESTIMATE OF OMEGA:
 BLOCK SET NO.   BLOCK                                                                    FIXED
        1                                                                                  YES
                  0.1000E+00
        2                                                                                  YES
                  0.1000E+00
        3                                                                                  YES
                  0.1000E+00
        4                                                                                  YES
                  0.1000E+00
        5                                                                                   NO
                  0.1000E+00
        6                                                                                  YES
                  0.0000E+00
        7                                                                                  YES
                  0.0000E+00
0INITIAL ESTIMATE OF SIGMA:
 BLOCK SET NO.   BLOCK                                                                    FIXED
        1                                                                                  YES
                  0.1000E-01
        2                                                                                   NO
                  0.4000E+00
0COVARIANCE STEP OMITTED:        NO
 R MATRIX SUBSTITUTED:          YES
 S MATRIX SUBSTITUTED:           NO
 EIGENVLS. PRINTED:             YES
 COMPRESSED FORMAT:              NO
 GRADIENT METHOD USED:     NOSLOW
 SIGDIGITS ETAHAT (SIGLO):                  -1
 SIGDIGITS GRADIENTS (SIGL):                -1
 EXCLUDE COV FOR FOCE (NOFCOV):              NO
 TURN OFF Cholesky Transposition of R Matrix (CHOLROFF): NO
 KNUTHSUMOFF:                                -1
 RESUME COV ANALYSIS (RESUME):               NO
 SIR SAMPLE SIZE (SIRSAMPLE):              -1
 NON-LINEARLY TRANSFORM THETAS DURING COV (THBND): 1
 PRECONDTIONING CYCLES (PRECOND):        0
 PRECONDTIONING TYPES (PRECONDS):        TOS
 FORCED PRECONDTIONING CYCLES (PFCOND):0
 PRECONDTIONING TYPE (PRETYPE):        0
 FORCED POS. DEFINITE SETTING: (FPOSDEF):0
0TABLES STEP OMITTED:    NO
 NO. OF TABLES:           2
 SEED NUMBER (SEED):    11456
 RANMETHOD:             3U
 MC SAMPLES (ESAMPLE):    300
 WRES SQUARE ROOT TYPE (WRESCHOL): EIGENVALUE
0-- TABLE   1 --
0RECORDS ONLY:    ALL
04 COLUMNS APPENDED:    NO
 PRINTED:                NO
 HEADERS:               ONE PER FILE
 FILE TO BE FORWARDED:   NO
 FORMAT:                S1PE11.4
 LFORMAT:
 RFORMAT:
 FIXED_EFFECT_ETAS:
0USER-CHOSEN ITEMS:
 NUM ID TIME EVID MDV CMT PRED IPRED CWRES WRES NPDE
0-- TABLE   2 --
0RECORDS ONLY:    ALL
04 COLUMNS APPENDED:    NO
 PRINTED:                NO
 HEADERS:               ONE PER FILE
 FILE TO BE FORWARDED:   NO
 FORMAT:                S1PE11.4
 LFORMAT:
 RFORMAT:
 FIXED_EFFECT_ETAS:
0USER-CHOSEN ITEMS:
 NUM ID ETA1 ETA2 ETA3 ETA4 ETA5 ETA6 ETA7 KA CL V1 Q V2 K14 K41
1DOUBLE PRECISION PREDPP VERSION 7.4.4

 GENERAL NONLINEAR KINETICS MODEL WITH STIFF/NONSTIFF EQUATIONS (LSODA, ADVAN13)
0MODEL SUBROUTINE USER-SUPPLIED - ID NO. 9999
0MAXIMUM NO. OF BASIC PK PARAMETERS:   6
0COMPARTMENT ATTRIBUTES
 COMPT. NO.   FUNCTION                         INITIAL    ON/OFF      DOSE      DEFAULT    DEFAULT
                                               STATUS     ALLOWED    ALLOWED    FOR DOSE   FOR OBS.
    1         ABS                                ON         YES        YES        YES        NO
    2         CENTRAL                            ON         YES        YES        NO         YES
    3         PERIPHERAL                         ON         YES        YES        NO         NO
    4         ABS2                               ON         YES        YES        NO         NO
    5         OUTPUT                             OFF        YES        NO         NO         NO
 INITIAL (BASE) TOLERANCE SETTINGS:
 NRD (RELATIVE) VALUE(S) OF TOLERANCE:   6
 ANRD (ABSOLUTE) VALUE(S) OF TOLERANCE:  12
1
 ADDITIONAL PK PARAMETERS - ASSIGNMENT OF ROWS IN GG
 COMPT. NO.                             INDICES
              SCALE      BIOAVAIL.   ZERO-ORDER  ZERO-ORDER  ABSORB
                         FRACTION    RATE        DURATION    LAG
    1            *           *           *           *           *
    2            *           *           *           *           *
    3            *           *           *           *           *
    4            *           *           *           *           *
    5            *           -           -           -           -
             - PARAMETER IS NOT ALLOWED FOR THIS MODEL
             * PARAMETER IS NOT SUPPLIED BY PK SUBROUTINE;
               WILL DEFAULT TO ONE IF APPLICABLE
0DATA ITEM INDICES USED BY PRED ARE:
   EVENT ID DATA ITEM IS DATA ITEM NO.:      8
   TIME DATA ITEM IS DATA ITEM NO.:          2
   DOSE AMOUNT DATA ITEM IS DATA ITEM NO.:   3
   DOSE RATE DATA ITEM IS DATA ITEM NO.:     4
   COMPT. NO. DATA ITEM IS DATA ITEM NO.:    6

0PK SUBROUTINE CALLED WITH EVERY EVENT RECORD.
 PK SUBROUTINE NOT CALLED AT NONEVENT (ADDITIONAL OR LAGGED) DOSE TIMES.
0ERROR SUBROUTINE CALLED WITH EVERY EVENT RECORD.
0ERROR SUBROUTINE INDICATES THAT DERIVATIVES OF COMPARTMENT AMOUNTS ARE USED.
0DES SUBROUTINE USES COMPACT STORAGE MODE.
1


 #TBLN:      1
 #METH: First Order Conditional Estimation with Interaction

 ESTIMATION STEP OMITTED:                 NO
 ANALYSIS TYPE:                           POPULATION
 NUMBER OF SADDLE POINT RESET ITERATIONS:      0
 GRADIENT METHOD USED:               NOSLOW
 CONDITIONAL ESTIMATES USED:              YES
 CENTERED ETA:                            NO
 EPS-ETA INTERACTION:                     YES
 LAPLACIAN OBJ. FUNC.:                    NO
 NO. OF FUNCT. EVALS. ALLOWED:            9999
 NO. OF SIG. FIGURES REQUIRED:            2
 INTERMEDIATE PRINTOUT:                   YES
 ESTIMATE OUTPUT TO MSF:                  YES
 IND. OBJ. FUNC. VALUES SORTED:           NO
 NUMERICAL DERIVATIVE
       FILE REQUEST (NUMDER):               NONE
 MAP (ETAHAT) ESTIMATION METHOD (OPTMAP):   0
 ETA HESSIAN EVALUATION METHOD (ETADER):    0
 INITIAL ETA FOR MAP ESTIMATION (MCETA):    0
 SIGDIGITS FOR MAP ESTIMATION (SIGLO):      6
 GRADIENT SIGDIGITS OF
       FIXED EFFECTS PARAMETERS (SIGL):     6
 NOPRIOR SETTING (NOPRIOR):                 OFF
 NOCOV SETTING (NOCOV):                     OFF
 DERCONT SETTING (DERCONT):                 OFF
 FINAL ETA RE-EVALUATION (FNLETA):          ON
 EXCLUDE NON-INFLUENTIAL (NON-INFL.) ETAS
       IN SHRINKAGE (ETASTYPE):             NO
 NON-INFL. ETA CORRECTION (NONINFETA):      OFF
 RAW OUTPUT FILE (FILE): 1.ext
 EXCLUDE TITLE (NOTITLE):                   NO
 EXCLUDE COLUMN LABELS (NOLABEL):           NO
 FORMAT FOR ADDITIONAL FILES (FORMAT):      S1PE12.5
 PARAMETER ORDER FOR OUTPUTS (ORDER):       TSOL
 WISHART PRIOR DF INTERPRETATION (WISHTYPE):0
 KNUTHSUMOFF:                               0
 INCLUDE LNTWOPI:                           NO
 INCLUDE CONSTANT TERM TO PRIOR (PRIORC):   NO
 INCLUDE CONSTANT TERM TO OMEGA (ETA) (OLNTWOPI):NO
 ADDITIONAL CONVERGENCE TEST (CTYPE=4)?:    NO
 EM OR BAYESIAN METHOD USED:                 NONE

 TOLERANCES FOR ESTIMATION/EVALUATION STEP:
 NRD (RELATIVE) VALUE(S) OF TOLERANCE:   6
 ANRD (ABSOLUTE) VALUE(S) OF TOLERANCE:  12
 TOLERANCES FOR COVARIANCE STEP:
 NRD (RELATIVE) VALUE(S) OF TOLERANCE:   6
 ANRD (ABSOLUTE) VALUE(S) OF TOLERANCE:  12
 TOLERANCES FOR TABLE/SCATTER STEP:
 NRD (RELATIVE) VALUE(S) OF TOLERANCE:   6
 ANRD (ABSOLUTE) VALUE(S) OF TOLERANCE:  12

 THE FOLLOWING LABELS ARE EQUIVALENT
 PRED=PREDI
 RES=RESI
 WRES=WRESI
 IWRS=IWRESI
 IPRD=IPREDI
 IRS=IRESI

 MONITORING OF SEARCH:


0ITERATION NO.:    0    OBJECTIVE VALUE:   1669.37856683470        NO. OF FUNC. EVALS.:   6
 CUMULATIVE NO. OF FUNC. EVALS.:        6
 NPARAMETR:  1.0000E-01  1.0000E-02  1.0000E-01  1.0000E-01  4.0000E-01
 PARAMETER:  1.0000E-01  1.0000E-01  1.0000E-01  1.0000E-01  1.0000E-01
 GRADIENT:  -2.6495E+03 -4.2191E+00  3.5830E+00 -5.2555E+02 -1.5804E+02

0ITERATION NO.:    1    OBJECTIVE VALUE:   1434.50103097730        NO. OF FUNC. EVALS.:   7
 CUMULATIVE NO. OF FUNC. EVALS.:       13
 NPARAMETR:  7.0000E-01  1.0010E-02  9.9919E-02  1.2688E-01  4.2968E-01
 PARAMETER:  7.0000E-01  1.0096E-01  9.9189E-02  2.1902E-01  1.3579E-01
 GRADIENT:  -2.4218E+00 -2.9600E+00  2.0781E+00 -1.3959E+02 -2.4223E+01

0ITERATION NO.:    2    OBJECTIVE VALUE:   1280.98830899427        NO. OF FUNC. EVALS.:   7
 CUMULATIVE NO. OF FUNC. EVALS.:       20
 NPARAMETR:  7.2280E-01  1.0292E-02  9.7983E-02  1.7571E+00  6.7798E-01
 PARAMETER:  7.2280E-01  1.2882E-01  7.9625E-02  1.5331E+00  3.6383E-01
 GRADIENT:   2.0121E+01 -2.0171E+00  1.7291E+00 -5.3690E+01  1.8070E+02

0ITERATION NO.:    3    OBJECTIVE VALUE:   1251.53990681399        NO. OF FUNC. EVALS.:   7
 CUMULATIVE NO. OF FUNC. EVALS.:       27
 NPARAMETR:  6.5985E-01  1.0623E-02  9.5710E-02  2.4725E+01  2.2761E-01
 PARAMETER:  6.5985E-01  1.6044E-01  5.6150E-02  2.8552E+00 -1.8191E-01
 GRADIENT:   1.4178E+00 -2.0481E+00  1.3664E+00  2.8686E+01 -1.0939E+02

0ITERATION NO.:    4    OBJECTIVE VALUE:   1247.21044728396        NO. OF FUNC. EVALS.:   7
 CUMULATIVE NO. OF FUNC. EVALS.:       34
 NPARAMETR:  1.7797E-01  1.1907E-02  8.7979E-02  2.4925E+01  2.5222E-01
 PARAMETER:  1.7797E-01  2.7455E-01 -2.8075E-02  2.8592E+00 -1.3058E-01
 GRADIENT:  -5.3442E+00 -2.2386E+00  1.4450E+00  2.7814E+01 -6.9885E+01

0ITERATION NO.:    5    OBJECTIVE VALUE:   1166.39304354339        NO. OF FUNC. EVALS.:  11
 CUMULATIVE NO. OF FUNC. EVALS.:       45
 NPARAMETR:  8.9005E-01  5.9031E-01  5.9411E-03  4.6987E+00  3.6372E-01
 PARAMETER:  8.9005E-01  4.1781E+00 -2.7233E+00  2.0249E+00  5.2460E-02
 GRADIENT:   5.0089E+00  9.1288E+00 -1.8683E+01  1.2060E+01 -5.8756E-01

0ITERATION NO.:    6    OBJECTIVE VALUE:   1152.15322034406        NO. OF FUNC. EVALS.:   7
 CUMULATIVE NO. OF FUNC. EVALS.:       52
 NPARAMETR:  8.7583E-01  2.6024E-01  2.4883E-02  5.0745E+00  3.5542E-01
 PARAMETER:  8.7583E-01  3.3590E+00 -1.2910E+00  2.0634E+00  4.0914E-02
 GRADIENT:   6.8309E+00 -2.9158E+01 -2.0011E+00  3.3779E+00  2.1259E+01

0ITERATION NO.:    7    OBJECTIVE VALUE:   1140.47822836994        NO. OF FUNC. EVALS.:   7
 CUMULATIVE NO. OF FUNC. EVALS.:       59
 NPARAMETR:  8.4577E-01  4.0052E-01  5.0728E-02  5.0539E+00  3.5441E-01
 PARAMETER:  8.4577E-01  3.7902E+00 -5.7869E-01  2.0614E+00  3.9491E-02
 GRADIENT:   6.6227E+00 -3.9246E+01  1.4983E+01  5.0767E+00  3.4152E+01

0ITERATION NO.:    8    OBJECTIVE VALUE:   1113.08686089899        NO. OF FUNC. EVALS.:   8
 CUMULATIVE NO. OF FUNC. EVALS.:       67
 NPARAMETR:  6.6929E-01  2.1140E+00  1.9736E-01  3.9677E+00  3.5476E-01
 PARAMETER:  6.6929E-01  5.4538E+00  7.7985E-01  1.9404E+00  3.9987E-02
 GRADIENT:   2.8564E+00 -3.9313E+01  4.4900E+01  1.1645E+01  6.0379E+01

0ITERATION NO.:    9    OBJECTIVE VALUE:   1068.96465151970        NO. OF FUNC. EVALS.:   7
 CUMULATIVE NO. OF FUNC. EVALS.:       74
 NPARAMETR:  4.5695E-01  1.0397E+01  2.6312E-01  2.1967E+00  3.4295E-01
 PARAMETER:  4.5695E-01  7.0467E+00  1.0674E+00  1.6448E+00  2.3059E-02
 GRADIENT:  -3.5217E+01 -2.2156E+01  5.6991E+01  4.9297E-01  7.3839E+01

0ITERATION NO.:   10    OBJECTIVE VALUE:   1032.08016574163        NO. OF FUNC. EVALS.:   7
 CUMULATIVE NO. OF FUNC. EVALS.:       81
 NPARAMETR:  8.9624E-01  2.8975E+01  2.4279E-01  1.3291E+00  3.3165E-01
 PARAMETER:  8.9624E-01  8.0716E+00  9.8702E-01  1.3935E+00  6.3080E-03
 GRADIENT:  -3.3926E+01  1.4673E+00  5.6159E+01 -1.6408E+01  7.6071E+01

0ITERATION NO.:   11    OBJECTIVE VALUE:   998.815982116913        NO. OF FUNC. EVALS.:   7
 CUMULATIVE NO. OF FUNC. EVALS.:       88
 NPARAMETR:  1.0983E+00  3.7050E+01  1.2720E-01  1.2588E+00  3.0747E-01
 PARAMETER:  1.0983E+00  8.3174E+00  3.4060E-01  1.3664E+00 -3.1540E-02
 GRADIENT:  -3.4985E+01  1.9278E+01  1.6959E+01 -3.1753E+01  6.3202E+01

0ITERATION NO.:   12    OBJECTIVE VALUE:   980.811714260528        NO. OF FUNC. EVALS.:   7
 CUMULATIVE NO. OF FUNC. EVALS.:       95
 NPARAMETR:  1.5344E+00  3.5221E+01  8.7283E-02  1.8552E+00  2.6677E-01
 PARAMETER:  1.5344E+00  8.2668E+00 -3.6014E-02  1.5603E+00 -1.0253E-01
 GRADIENT:  -1.4393E+01  5.6144E+00 -1.1731E+01  2.5083E-01  3.2544E+01

0ITERATION NO.:   13    OBJECTIVE VALUE:   969.720488763556        NO. OF FUNC. EVALS.:   7
 CUMULATIVE NO. OF FUNC. EVALS.:      102
 NPARAMETR:  2.3348E+00  4.5305E+01  1.0834E-01  1.6023E+00  2.2212E-01
 PARAMETER:  2.3348E+00  8.5186E+00  1.8007E-01  1.4870E+00 -1.9412E-01
 GRADIENT:  -8.9355E+00  6.3553E+00  5.9042E+00  4.7850E+00 -1.2127E+01

0ITERATION NO.:   14    OBJECTIVE VALUE:   954.513775869180        NO. OF FUNC. EVALS.:   8
 CUMULATIVE NO. OF FUNC. EVALS.:      110
 NPARAMETR:  5.4539E+00  3.4500E+01  1.0090E-01  2.3573E-01  1.9558E-01
 PARAMETER:  5.4539E+00  8.2461E+00  1.0900E-01  5.2876E-01 -2.5776E-01
 GRADIENT:   2.5623E-01 -2.2503E+01  1.1127E+01 -6.2519E+00 -5.1361E+01

0ITERATION NO.:   15    OBJECTIVE VALUE:   949.152633913712        NO. OF FUNC. EVALS.:   7
 CUMULATIVE NO. OF FUNC. EVALS.:      117
 NPARAMETR:  5.4864E+00  5.3368E+01  9.6972E-02  3.0358E-01  2.1117E-01
 PARAMETER:  5.4864E+00  8.6824E+00  6.9248E-02  6.5524E-01 -2.1941E-01
 GRADIENT:  -6.2855E+00  2.0088E+01 -5.6067E+00 -1.1596E+01 -3.3494E+01

0ITERATION NO.:   16    OBJECTIVE VALUE:   947.059248158026        NO. OF FUNC. EVALS.:   7
 CUMULATIVE NO. OF FUNC. EVALS.:      124
 NPARAMETR:  5.6117E+00  4.6490E+01  9.7753E-02  2.9550E-01  2.2907E-01
 PARAMETER:  5.6117E+00  8.5444E+00  7.7278E-02  6.4174E-01 -1.7873E-01
 GRADIENT:  -3.4842E+00  3.5048E+00  1.1283E+00 -4.6562E+00 -3.5562E+00

0ITERATION NO.:   17    OBJECTIVE VALUE:   945.289087035808        NO. OF FUNC. EVALS.:   7
 CUMULATIVE NO. OF FUNC. EVALS.:      131
 NPARAMETR:  7.2017E+00  4.8264E+01  9.2344E-02  1.6727E-01  2.3411E-01
 PARAMETER:  7.2017E+00  8.5819E+00  2.0351E-02  3.5721E-01 -1.6783E-01
 GRADIENT:  -7.8783E-01 -1.0709E+01  2.0953E+00 -1.0239E+01  5.9546E+00

0ITERATION NO.:   18    OBJECTIVE VALUE:   939.998448473227        NO. OF FUNC. EVALS.:   8
 CUMULATIVE NO. OF FUNC. EVALS.:      139
 NPARAMETR:  8.3075E+00  7.1226E+01  9.3271E-02  2.4843E-01  2.3119E-01
 PARAMETER:  8.3075E+00  8.9710E+00  3.0337E-02  5.5499E-01 -1.7412E-01
 GRADIENT:  -3.1276E+00  1.5367E+01 -6.1286E+00 -8.1675E+00 -1.3693E+00

0ITERATION NO.:   19    OBJECTIVE VALUE:   937.375410791061        NO. OF FUNC. EVALS.:   7
 CUMULATIVE NO. OF FUNC. EVALS.:      146
 NPARAMETR:  9.2955E+00  7.2407E+01  9.4866E-02  3.1683E-01  2.2725E-01
 PARAMETER:  9.2955E+00  8.9875E+00  4.7299E-02  6.7660E-01 -1.8270E-01
 GRADIENT:  -1.3227E+00  2.4446E+00 -1.7758E+00  9.7289E-01 -9.1605E-01

0ITERATION NO.:   20    OBJECTIVE VALUE:   931.755179031544        NO. OF FUNC. EVALS.:   7
 CUMULATIVE NO. OF FUNC. EVALS.:      153
 NPARAMETR:  1.3788E+01  1.0359E+02  9.7678E-02  2.3946E-01  2.2338E-01
 PARAMETER:  1.3788E+01  9.3456E+00  7.6502E-02  5.3660E-01 -1.9130E-01
 GRADIENT:  -7.8516E-01  4.8212E+00  1.3069E+00 -3.0037E+00 -3.1668E+00

0ITERATION NO.:   21    OBJECTIVE VALUE:   927.466095906386        NO. OF FUNC. EVALS.:   8
 CUMULATIVE NO. OF FUNC. EVALS.:      161
 NPARAMETR:  2.2015E+01  1.6713E+02  8.6965E-02  2.3378E-01  2.2164E-01
 PARAMETER:  2.2015E+01  9.8239E+00 -3.9665E-02  5.2460E-01 -1.9521E-01
 GRADIENT:  -6.6943E-01  1.3964E+01 -1.1890E+01 -2.6902E+00 -8.2893E+00

0ITERATION NO.:   22    OBJECTIVE VALUE:   927.285715968363        NO. OF FUNC. EVALS.:   7
 CUMULATIVE NO. OF FUNC. EVALS.:      168
 NPARAMETR:  2.1299E+01  1.5232E+02  8.9373E-02  2.3625E-01  2.2329E-01
 PARAMETER:  2.1299E+01  9.7312E+00 -1.2356E-02  5.2987E-01 -1.9150E-01
 GRADIENT:  -3.4987E-01  5.7265E+00 -7.0208E+00 -1.1697E+00 -2.9164E+00

0ITERATION NO.:   23    OBJECTIVE VALUE:   926.888502680721        NO. OF FUNC. EVALS.:   8
 CUMULATIVE NO. OF FUNC. EVALS.:      176
 NPARAMETR:  2.2052E+01  1.5246E+02  9.5316E-02  2.3833E-01  2.2424E-01
 PARAMETER:  2.2052E+01  9.7321E+00  5.2026E-02  5.3424E-01 -1.8938E-01
 GRADIENT:  -8.1739E-02 -5.7248E-02  8.4168E-01 -5.9404E-01  2.0947E+00

0ITERATION NO.:   24    OBJECTIVE VALUE:   924.156775321317        NO. OF FUNC. EVALS.:  10
 CUMULATIVE NO. OF FUNC. EVALS.:      186
 NPARAMETR:  3.7735E+01  2.7779E+02  8.9151E-02  3.0986E-01  2.0737E-01
 PARAMETER:  3.7735E+01  1.0332E+01 -1.4838E-02  6.6547E-01 -2.2848E-01
 GRADIENT:  -2.1142E-01  1.1505E+01 -9.7371E+00  4.0760E+00 -2.5405E+01

0ITERATION NO.:   25    OBJECTIVE VALUE:   924.098895837027        NO. OF FUNC. EVALS.:   7
 CUMULATIVE NO. OF FUNC. EVALS.:      193
 NPARAMETR:  3.4421E+01  2.4321E+02  9.0555E-02  2.8946E-01  2.1142E-01
 PARAMETER:  3.4421E+01  1.0199E+01  7.8611E-04  6.3142E-01 -2.1881E-01
 GRADIENT:  -1.2567E-01  6.7689E+00 -6.6876E+00  3.3367E+00 -1.7631E+01

0ITERATION NO.:   26    OBJECTIVE VALUE:   924.087574915369        NO. OF FUNC. EVALS.:   7
 CUMULATIVE NO. OF FUNC. EVALS.:      200
 NPARAMETR:  3.3848E+01  2.3804E+02  9.0983E-02  2.8294E-01  2.1255E-01
 PARAMETER:  3.3848E+01  1.0178E+01  5.5028E-03  6.2004E-01 -2.1614E-01
 GRADIENT:  -1.1384E-01  6.0860E+00 -5.9905E+00  2.9546E+00 -1.5642E+01

0ITERATION NO.:   27    OBJECTIVE VALUE:   924.087531820968        NO. OF FUNC. EVALS.:  10
 CUMULATIVE NO. OF FUNC. EVALS.:      210
 NPARAMETR:  3.3836E+01  2.3793E+02  9.0992E-02  2.8282E-01  2.1257E-01
 PARAMETER:  3.3836E+01  1.0177E+01  5.6028E-03  6.1981E-01 -2.1609E-01
 GRADIENT:  -1.1320E-01  6.0679E+00 -5.9307E+00  2.9440E+00 -1.5604E+01

0ITERATION NO.:   28    OBJECTIVE VALUE:   924.087531820968        NO. OF FUNC. EVALS.:  15
 CUMULATIVE NO. OF FUNC. EVALS.:      225
 NPARAMETR:  3.3836E+01  2.3793E+02  9.0992E-02  2.8282E-01  2.1257E-01
 PARAMETER:  3.3836E+01  1.0177E+01  5.6028E-03  6.1981E-01 -2.1609E-01
 GRADIENT:  -1.3922E-01  5.3147E+00 -6.0858E+00  2.9440E+00 -1.5714E+01

0ITERATION NO.:   29    OBJECTIVE VALUE:   923.708771207918        NO. OF FUNC. EVALS.:  20
 CUMULATIVE NO. OF FUNC. EVALS.:      245             RESET HESSIAN, TYPE I
 NPARAMETR:  3.4570E+01  2.3863E+02  9.4103E-02  2.7293E-01  2.1749E-01
 PARAMETER:  3.4570E+01  1.0180E+01  3.9220E-02  6.0202E-01 -2.0465E-01
 GRADIENT:  -2.9820E-02  3.1089E+00 -1.3555E+00  2.4584E+00 -6.3486E+00

0ITERATION NO.:   30    OBJECTIVE VALUE:   923.708753462480        NO. OF FUNC. EVALS.:   7
 CUMULATIVE NO. OF FUNC. EVALS.:      252
 NPARAMETR:  3.4780E+01  2.3454E+02  9.4979E-02  2.5835E-01  2.2090E-01
 PARAMETER:  3.4780E+01  1.0163E+01  4.8482E-02  5.7456E-01 -1.9687E-01
 GRADIENT:   4.3934E-02  3.0236E-01  6.7121E-01  1.6289E+00 -3.7015E-01

0ITERATION NO.:   31    OBJECTIVE VALUE:   923.689241070591        NO. OF FUNC. EVALS.:   8
 CUMULATIVE NO. OF FUNC. EVALS.:      260
 NPARAMETR:  3.4514E+01  2.3424E+02  9.4970E-02  2.4870E-01  2.2204E-01
 PARAMETER:  3.4514E+01  1.0162E+01  4.8393E-02  5.5555E-01 -1.9430E-01
 GRADIENT:   2.4219E-02  9.6029E-01  5.6193E-01  9.2107E-01  9.8558E-01

0ITERATION NO.:   32    OBJECTIVE VALUE:   923.689241070591        NO. OF FUNC. EVALS.:  15
 CUMULATIVE NO. OF FUNC. EVALS.:      275
 NPARAMETR:  3.4514E+01  2.3424E+02  9.4970E-02  2.4870E-01  2.2204E-01
 PARAMETER:  3.4514E+01  1.0162E+01  4.8393E-02  5.5555E-01 -1.9430E-01
 GRADIENT:  -8.4470E-05  2.0766E-01  4.0661E-01  9.2107E-01  8.9047E-01

0ITERATION NO.:   33    OBJECTIVE VALUE:   923.687630344275        NO. OF FUNC. EVALS.:  13
 CUMULATIVE NO. OF FUNC. EVALS.:      288
 NPARAMETR:  3.4572E+01  2.3383E+02  9.4767E-02  2.3949E-01  2.2161E-01
 PARAMETER:  3.4572E+01  1.0160E+01  4.6251E-02  5.3666E-01 -1.9528E-01
 GRADIENT:   2.7830E-03  8.9132E-02  3.0947E-01  2.8583E-01  2.0843E-01

0ITERATION NO.:   34    OBJECTIVE VALUE:   923.537892528475        NO. OF FUNC. EVALS.:  20
 CUMULATIVE NO. OF FUNC. EVALS.:      308             RESET HESSIAN, TYPE I
 NPARAMETR:  3.4497E+01  2.4852E+02  9.4741E-02  2.3593E-01  2.2148E-01
 PARAMETER:  3.4497E+01  1.0221E+01  4.5975E-02  5.2918E-01 -1.9557E-01
 GRADIENT:  -1.6652E-01  8.0071E+00 -1.4300E+00 -7.2444E-01 -2.0287E+00

0ITERATION NO.:   35    OBJECTIVE VALUE:   923.508411611958        NO. OF FUNC. EVALS.:   7
 CUMULATIVE NO. OF FUNC. EVALS.:      315
 NPARAMETR:  3.4690E+01  2.4496E+02  9.4759E-02  2.3684E-01  2.2160E-01
 PARAMETER:  3.4690E+01  1.0206E+01  4.6165E-02  5.3111E-01 -1.9529E-01
 GRADIENT:  -1.0397E-01  5.7342E+00 -8.2700E-01 -3.4934E-01 -1.1434E+00

0ITERATION NO.:   36    OBJECTIVE VALUE:   923.508411611958        NO. OF FUNC. EVALS.:  13
 CUMULATIVE NO. OF FUNC. EVALS.:      328
 NPARAMETR:  3.4690E+01  2.4496E+02  9.4759E-02  2.3684E-01  2.2160E-01
 PARAMETER:  3.4690E+01  1.0206E+01  4.6165E-02  5.3111E-01 -1.9529E-01
 GRADIENT:  -1.2831E-01  5.0211E+00 -9.8429E-01 -3.4934E-01 -1.2394E+00

0ITERATION NO.:   37    OBJECTIVE VALUE:   923.380626155648        NO. OF FUNC. EVALS.:  20
 CUMULATIVE NO. OF FUNC. EVALS.:      348             RESET HESSIAN, TYPE I
 NPARAMETR:  3.7125E+01  2.4786E+02  9.5268E-02  2.4099E-01  2.2259E-01
 PARAMETER:  3.7125E+01  1.0218E+01  5.1521E-02  5.3980E-01 -1.9308E-01
 GRADIENT:   7.1409E-02 -5.0285E-01  1.4694E+00  5.2736E-01  2.5344E+00

0ITERATION NO.:   38    OBJECTIVE VALUE:   923.345277531853        NO. OF FUNC. EVALS.:   7
 CUMULATIVE NO. OF FUNC. EVALS.:      355
 NPARAMETR:  3.6300E+01  2.4861E+02  9.4748E-02  2.3636E-01  2.2091E-01
 PARAMETER:  3.6300E+01  1.0221E+01  4.6049E-02  5.3009E-01 -1.9684E-01
 GRADIENT:  -1.1232E-02  2.6449E+00 -4.5262E-03 -6.7191E-03 -1.0262E+00

0ITERATION NO.:   39    OBJECTIVE VALUE:   923.345277531853        NO. OF FUNC. EVALS.:  14
 CUMULATIVE NO. OF FUNC. EVALS.:      369
 NPARAMETR:  3.6300E+01  2.4861E+02  9.4748E-02  2.3636E-01  2.2091E-01
 PARAMETER:  3.6300E+01  1.0221E+01  4.6049E-02  5.3009E-01 -1.9684E-01
 GRADIENT:  -3.5057E-02  1.9394E+00 -1.5536E-01 -6.7191E-03 -1.1230E+00

0ITERATION NO.:   40    OBJECTIVE VALUE:   923.331841659587        NO. OF FUNC. EVALS.:  16
 CUMULATIVE NO. OF FUNC. EVALS.:      385            RESET HESSIAN, TYPE II
 NPARAMETR:  3.6350E+01  2.4988E+02  9.6305E-02  2.3637E-01  2.2102E-01
 PARAMETER:  3.6350E+01  1.0226E+01  6.2351E-02  5.3012E-01 -1.9660E-01
 GRADIENT:  -7.8474E-03  2.5203E+00  1.5846E+00 -8.8623E-02 -3.9093E-01

0ITERATION NO.:   41    OBJECTIVE VALUE:   923.308359246062        NO. OF FUNC. EVALS.:   7
 CUMULATIVE NO. OF FUNC. EVALS.:      392
 NPARAMETR:  3.6413E+01  2.5125E+02  9.3690E-02  2.3643E-01  2.2117E-01
 PARAMETER:  3.6413E+01  1.0232E+01  3.4826E-02  5.3023E-01 -1.9628E-01
 GRADIENT:  -4.1636E-02  3.8159E+00 -1.4077E+00 -3.2103E-02 -1.3115E+00

0ITERATION NO.:   42    OBJECTIVE VALUE:   923.306876073471        NO. OF FUNC. EVALS.:   7
 CUMULATIVE NO. OF FUNC. EVALS.:      399
 NPARAMETR:  3.6528E+01  2.5053E+02  9.4161E-02  2.3664E-01  2.2139E-01
 PARAMETER:  3.6528E+01  1.0229E+01  3.9840E-02  5.3070E-01 -1.9576E-01
 GRADIENT:  -1.9384E-02  2.9692E+00 -5.9146E-01  3.5783E-02 -5.8866E-01

0ITERATION NO.:   43    OBJECTIVE VALUE:   923.306876073471        NO. OF FUNC. EVALS.:  15
 CUMULATIVE NO. OF FUNC. EVALS.:      414
 NPARAMETR:  3.6528E+01  2.5053E+02  9.4161E-02  2.3664E-01  2.2139E-01
 PARAMETER:  3.6528E+01  1.0229E+01  3.9840E-02  5.3070E-01 -1.9576E-01
 GRADIENT:  -4.2118E-02  2.2786E+00 -8.0508E-01  3.5783E-02 -6.8480E-01

0ITERATION NO.:   44    OBJECTIVE VALUE:   922.824396603762        NO. OF FUNC. EVALS.:  21
 CUMULATIVE NO. OF FUNC. EVALS.:      435             RESET HESSIAN, TYPE I
 NPARAMETR:  3.9733E+01  2.9024E+02  9.6486E-02  2.3385E-01  2.2329E-01
 PARAMETER:  3.9733E+01  1.0376E+01  6.4228E-02  5.2475E-01 -1.9151E-01
 GRADIENT:  -1.6125E-01  9.6690E+00  2.1953E-01 -9.6573E-01  1.0153E+00

0ITERATION NO.:   45    OBJECTIVE VALUE:   922.742584168447        NO. OF FUNC. EVALS.:   7
 CUMULATIVE NO. OF FUNC. EVALS.:      442
 NPARAMETR:  4.0667E+01  2.8075E+02  9.6291E-02  2.3819E-01  2.2280E-01
 PARAMETER:  4.0667E+01  1.0343E+01  6.2202E-02  5.3396E-01 -1.9258E-01
 GRADIENT:  -1.0058E-02  3.4162E+00  1.6170E+00  1.3972E-01  2.3097E+00

0ITERATION NO.:   46    OBJECTIVE VALUE:   922.742584168447        NO. OF FUNC. EVALS.:  16
 CUMULATIVE NO. OF FUNC. EVALS.:      458
 NPARAMETR:  4.0667E+01  2.8075E+02  9.6291E-02  2.3819E-01  2.2280E-01
 PARAMETER:  4.0667E+01  1.0343E+01  6.2202E-02  5.3396E-01 -1.9258E-01
 GRADIENT:  -3.0997E-02  2.7539E+00  1.4073E+00  1.3972E-01  2.2157E+00

0ITERATION NO.:   47    OBJECTIVE VALUE:   922.582881443161        NO. OF FUNC. EVALS.:  23
 CUMULATIVE NO. OF FUNC. EVALS.:      481             RESET HESSIAN, TYPE I
 NPARAMETR:  4.1815E+01  3.0023E+02  9.5237E-02  2.3490E-01  2.1901E-01
 PARAMETER:  4.1815E+01  1.0410E+01  5.1202E-02  5.2701E-01 -2.0118E-01
 GRADIENT:  -1.2553E-01  8.7777E+00 -9.7878E-01 -6.0745E-01 -4.9353E+00

0ITERATION NO.:   48    OBJECTIVE VALUE:   922.543745582332        NO. OF FUNC. EVALS.:   7
 CUMULATIVE NO. OF FUNC. EVALS.:      488
 NPARAMETR:  4.2024E+01  2.9610E+02  9.5376E-02  2.3593E-01  2.1983E-01
 PARAMETER:  4.2024E+01  1.0396E+01  5.2655E-02  5.2918E-01 -1.9930E-01
 GRADIENT:  -7.3465E-02  6.5054E+00 -2.3546E-01 -2.4229E-01 -2.9977E+00

0ITERATION NO.:   49    OBJECTIVE VALUE:   922.543745582332        NO. OF FUNC. EVALS.:  13
 CUMULATIVE NO. OF FUNC. EVALS.:      501
 NPARAMETR:  4.2024E+01  2.9610E+02  9.5376E-02  2.3593E-01  2.1983E-01
 PARAMETER:  4.2024E+01  1.0396E+01  5.2655E-02  5.2918E-01 -1.9930E-01
 GRADIENT:  -9.3966E-02  5.8839E+00 -4.4263E-01 -2.4229E-01 -3.0961E+00

0ITERATION NO.:   50    OBJECTIVE VALUE:   922.476129318260        NO. OF FUNC. EVALS.:  20
 CUMULATIVE NO. OF FUNC. EVALS.:      521             RESET HESSIAN, TYPE I
 NPARAMETR:  4.3401E+01  2.9707E+02  9.6607E-02  2.3771E-01  2.2128E-01
 PARAMETER:  4.3401E+01  1.0399E+01  6.5483E-02  5.3295E-01 -1.9601E-01
 GRADIENT:   1.2625E-02  2.8176E+00  2.0940E+00  2.0449E-01  6.5833E-01

0ITERATION NO.:   51    OBJECTIVE VALUE:   922.468586663042        NO. OF FUNC. EVALS.:   7
 CUMULATIVE NO. OF FUNC. EVALS.:      528
 NPARAMETR:  4.3680E+01  2.9642E+02  9.5160E-02  2.3780E-01  2.2155E-01
 PARAMETER:  4.3680E+01  1.0397E+01  5.0387E-02  5.3312E-01 -1.9541E-01
 GRADIENT:   2.3826E-02  2.3339E+00  7.8698E-01  3.3600E-01  7.9854E-01

0ITERATION NO.:   52    OBJECTIVE VALUE:   922.468586663042        NO. OF FUNC. EVALS.:  14
 CUMULATIVE NO. OF FUNC. EVALS.:      542
 NPARAMETR:  4.3680E+01  2.9642E+02  9.5160E-02  2.3780E-01  2.2155E-01
 PARAMETER:  4.3680E+01  1.0397E+01  5.0387E-02  5.3312E-01 -1.9541E-01
 GRADIENT:   4.0346E-03  1.7170E+00  5.7199E-01  3.3600E-01  7.0284E-01

0ITERATION NO.:   53    OBJECTIVE VALUE:   922.380032576649        NO. OF FUNC. EVALS.:  20
 CUMULATIVE NO. OF FUNC. EVALS.:      562             RESET HESSIAN, TYPE I
 NPARAMETR:  4.3568E+01  3.0970E+02  9.5045E-02  2.3395E-01  2.2114E-01
 PARAMETER:  4.3568E+01  1.0441E+01  4.9178E-02  5.2498E-01 -1.9634E-01
 GRADIENT:  -9.1744E-02  7.6909E+00 -6.1000E-01 -4.5716E-01 -1.4615E+00

0ITERATION NO.:   54    OBJECTIVE VALUE:   922.362805910715        NO. OF FUNC. EVALS.:   7
 CUMULATIVE NO. OF FUNC. EVALS.:      569
 NPARAMETR:  4.3777E+01  3.0696E+02  9.5061E-02  2.3467E-01  2.2124E-01
 PARAMETER:  4.3777E+01  1.0432E+01  4.9352E-02  5.2652E-01 -1.9612E-01
 GRADIENT:  -5.8136E-02  6.1462E+00 -3.7727E-01 -2.1555E-01 -8.2775E-01

0ITERATION NO.:   55    OBJECTIVE VALUE:   922.362805910715        NO. OF FUNC. EVALS.:  13
 CUMULATIVE NO. OF FUNC. EVALS.:      582
 NPARAMETR:  4.3777E+01  3.0696E+02  9.5061E-02  2.3467E-01  2.2124E-01
 PARAMETER:  4.3777E+01  1.0432E+01  4.9352E-02  5.2652E-01 -1.9612E-01
 GRADIENT:  -7.7466E-02  5.5551E+00 -5.3597E-01 -2.1555E-01 -9.2411E-01

0ITERATION NO.:   56    OBJECTIVE VALUE:   922.288127620928        NO. OF FUNC. EVALS.:  19
 CUMULATIVE NO. OF FUNC. EVALS.:      601             RESET HESSIAN, TYPE I
 NPARAMETR:  4.6189E+01  3.0993E+02  9.5219E-02  2.3786E-01  2.2209E-01
 PARAMETER:  4.6189E+01  1.0442E+01  5.1005E-02  5.3326E-01 -1.9419E-01
 GRADIENT:   5.0981E-02  1.2488E+00  1.3870E+00  4.5197E-01  2.1047E+00

0ITERATION NO.:   57    OBJECTIVE VALUE:   922.287769655784        NO. OF FUNC. EVALS.:   7
 CUMULATIVE NO. OF FUNC. EVALS.:      608
 NPARAMETR:  4.5723E+01  3.0901E+02  9.5056E-02  2.3649E-01  2.2132E-01
 PARAMETER:  4.5723E+01  1.0439E+01  4.9301E-02  5.3036E-01 -1.9592E-01
 GRADIENT:   3.1519E-02  2.1554E+00  7.4253E-01  3.0198E-01  6.5203E-01

0ITERATION NO.:   58    OBJECTIVE VALUE:   922.287769655784        NO. OF FUNC. EVALS.:  16
 CUMULATIVE NO. OF FUNC. EVALS.:      624
 NPARAMETR:  4.5723E+01  3.0901E+02  9.5056E-02  2.3649E-01  2.2132E-01
 PARAMETER:  4.5723E+01  1.0439E+01  4.9301E-02  5.3036E-01 -1.9592E-01
 GRADIENT:   1.3130E-02  1.5661E+00  5.6322E-01  3.0198E-01  5.5605E-01

0ITERATION NO.:   59    OBJECTIVE VALUE:   922.224331507945        NO. OF FUNC. EVALS.:  21
 CUMULATIVE NO. OF FUNC. EVALS.:      645             RESET HESSIAN, TYPE I
 NPARAMETR:  4.5320E+01  3.2339E+02  9.4729E-02  2.3244E-01  2.2102E-01
 PARAMETER:  4.5320E+01  1.0484E+01  4.5850E-02  5.2173E-01 -1.9659E-01
 GRADIENT:  -9.9591E-02  8.4695E+00 -1.0979E+00 -5.9962E-01 -1.8250E+00

0ITERATION NO.:   60    OBJECTIVE VALUE:   922.175980543018        NO. OF FUNC. EVALS.:   7
 CUMULATIVE NO. OF FUNC. EVALS.:      652
 NPARAMETR:  4.5811E+01  3.2052E+02  9.4804E-02  2.3326E-01  2.2115E-01
 PARAMETER:  4.5811E+01  1.0475E+01  4.6638E-02  5.2350E-01 -1.9632E-01
 GRADIENT:  -5.1421E-02  6.2244E+00 -4.7086E-01 -2.5653E-01 -9.0958E-01

0ITERATION NO.:   61    OBJECTIVE VALUE:   922.175980543018        NO. OF FUNC. EVALS.:  14
 CUMULATIVE NO. OF FUNC. EVALS.:      666
 NPARAMETR:  4.5811E+01  3.2052E+02  9.4804E-02  2.3326E-01  2.2115E-01
 PARAMETER:  4.5811E+01  1.0475E+01  4.6638E-02  5.2350E-01 -1.9632E-01
 GRADIENT:  -7.0247E-02  5.6650E+00 -7.5089E-01 -2.5653E-01 -1.0061E+00

0ITERATION NO.:   62    OBJECTIVE VALUE:   922.107475051886        NO. OF FUNC. EVALS.:  20
 CUMULATIVE NO. OF FUNC. EVALS.:      686             RESET HESSIAN, TYPE I
 NPARAMETR:  4.8135E+01  3.2343E+02  9.5095E-02  2.3636E-01  2.2182E-01
 PARAMETER:  4.8135E+01  1.0484E+01  4.9703E-02  5.3009E-01 -1.9479E-01
 GRADIENT:   4.4625E-02  1.6869E+00  9.7852E-01  3.6682E-01  1.6900E+00

0ITERATION NO.:   63    OBJECTIVE VALUE:   922.107475051886        NO. OF FUNC. EVALS.:  15
 CUMULATIVE NO. OF FUNC. EVALS.:      701
 NPARAMETR:  4.8135E+01  3.2343E+02  9.5095E-02  2.3636E-01  2.2182E-01
 PARAMETER:  4.8135E+01  1.0484E+01  4.9703E-02  5.3009E-01 -1.9479E-01
 GRADIENT:   2.7430E-02  1.1239E+00  8.1146E-01  3.6682E-01  1.5947E+00

0ITERATION NO.:   64    OBJECTIVE VALUE:   922.107449601172        NO. OF FUNC. EVALS.:  15
 CUMULATIVE NO. OF FUNC. EVALS.:      716
 NPARAMETR:  4.8115E+01  3.2336E+02  9.5085E-02  2.3625E-01  2.2178E-01
 PARAMETER:  4.8115E+01  1.0484E+01  4.9603E-02  5.2986E-01 -1.9490E-01
 GRADIENT:   2.6233E-02  1.1824E+00  7.7847E-01  3.6288E-01  1.5023E+00

0ITERATION NO.:   65    OBJECTIVE VALUE:   922.092500795669        NO. OF FUNC. EVALS.:  20
 CUMULATIVE NO. OF FUNC. EVALS.:      736             RESET HESSIAN, TYPE I
 NPARAMETR:  4.7135E+01  3.3985E+02  9.4895E-02  2.3169E-01  2.1989E-01
 PARAMETER:  4.7135E+01  1.0534E+01  4.7599E-02  5.2012E-01 -1.9916E-01
 GRADIENT:  -1.1953E-01  9.9146E+00 -1.3041E+00 -8.0920E-01 -3.7129E+00

0ITERATION NO.:   66    OBJECTIVE VALUE:   922.010557414794        NO. OF FUNC. EVALS.:   8
 CUMULATIVE NO. OF FUNC. EVALS.:      744
 NPARAMETR:  4.7717E+01  3.3632E+02  9.4951E-02  2.3271E-01  2.2057E-01
 PARAMETER:  4.7717E+01  1.0523E+01  4.8190E-02  5.2230E-01 -1.9763E-01
 GRADIENT:  -6.5298E-02  7.2980E+00 -4.1577E-01 -3.7804E-01 -1.8851E+00

0ITERATION NO.:   67    OBJECTIVE VALUE:   922.010557414794        NO. OF FUNC. EVALS.:  14
 CUMULATIVE NO. OF FUNC. EVALS.:      758
 NPARAMETR:  4.7717E+01  3.3632E+02  9.4951E-02  2.3271E-01  2.2057E-01
 PARAMETER:  4.7717E+01  1.0523E+01  4.8190E-02  5.2230E-01 -1.9763E-01
 GRADIENT:  -8.3806E-02  6.7599E+00 -8.9071E-01 -3.7804E-01 -1.9824E+00

0ITERATION NO.:   68    OBJECTIVE VALUE:   922.008950074735        NO. OF FUNC. EVALS.:  13
 CUMULATIVE NO. OF FUNC. EVALS.:      771
 NPARAMETR:  4.7778E+01  3.3449E+02  9.4927E-02  2.3236E-01  2.2045E-01
 PARAMETER:  4.7778E+01  1.0518E+01  4.7937E-02  5.2156E-01 -1.9789E-01
 GRADIENT:  -6.8864E-02  6.0125E+00 -7.1623E-01 -3.1552E-01 -1.9252E+00

0ITERATION NO.:   69    OBJECTIVE VALUE:   921.967507556765        NO. OF FUNC. EVALS.:  20
 CUMULATIVE NO. OF FUNC. EVALS.:      791             RESET HESSIAN, TYPE I
 NPARAMETR:  5.0237E+01  3.3672E+02  9.5616E-02  2.3638E-01  2.2302E-01
 PARAMETER:  5.0237E+01  1.0524E+01  5.5171E-02  5.3013E-01 -1.9210E-01
 GRADIENT:   5.4027E-02  1.3301E+00  1.7454E+00  4.0481E-01  3.7720E+00

0ITERATION NO.:   70    OBJECTIVE VALUE:   921.955332664095        NO. OF FUNC. EVALS.:   7
 CUMULATIVE NO. OF FUNC. EVALS.:      798
 NPARAMETR:  4.9410E+01  3.3517E+02  9.5000E-02  2.3465E-01  2.2075E-01
 PARAMETER:  4.9410E+01  1.0520E+01  4.8709E-02  5.2647E-01 -1.9722E-01
 GRADIENT:   2.1007E-02  3.0315E+00  3.9021E-01  1.9569E-01 -2.0298E-01

0ITERATION NO.:   71    OBJECTIVE VALUE:   921.955332664095        NO. OF FUNC. EVALS.:  14
 CUMULATIVE NO. OF FUNC. EVALS.:      812
 NPARAMETR:  4.9410E+01  3.3517E+02  9.5000E-02  2.3465E-01  2.2075E-01
 PARAMETER:  4.9410E+01  1.0520E+01  4.8709E-02  5.2647E-01 -1.9722E-01
 GRADIENT:   3.9909E-03  2.4916E+00  3.2965E-01  1.9569E-01 -2.9978E-01

0ITERATION NO.:   72    OBJECTIVE VALUE:   921.955332664095        NO. OF FUNC. EVALS.:  14
 CUMULATIVE NO. OF FUNC. EVALS.:      826
 NPARAMETR:  4.9410E+01  3.3517E+02  9.5000E-02  2.3465E-01  2.2075E-01
 PARAMETER:  4.9410E+01  1.0520E+01  4.8709E-02  5.2647E-01 -1.9722E-01
 GRADIENT:   7.2230E-03 -4.1733E+00  7.0026E-02  1.0718E-01 -3.2163E-01

 #TERM:
0MINIMIZATION SUCCESSFUL
 HOWEVER, PROBLEMS OCCURRED WITH THE MINIMIZATION.
 REGARD THE RESULTS OF THE ESTIMATION STEP CAREFULLY, AND ACCEPT THEM ONLY
 AFTER CHECKING THAT THE COVARIANCE STEP PRODUCES REASONABLE OUTPUT.
 NO. OF FUNCTION EVALUATIONS USED:      826
 NO. OF SIG. DIGITS IN FINAL EST.:  2.0

 ETABAR IS THE ARITHMETIC MEAN OF THE ETA-ESTIMATES,
 AND THE P-VALUE IS GIVEN FOR THE NULL HYPOTHESIS THAT THE TRUE MEAN IS 0.

 ETABAR:         1.1456E-01 -1.9261E-02  3.1183E-02 -1.0507E-02  5.8087E-04  0.0000E+00  0.0000E+00
 SE:             7.0667E-02  3.0225E-02  3.6334E-02  1.6748E-02  9.9572E-02  0.0000E+00  0.0000E+00
 N:                      18          18          18          18          18          18          18

 P VAL.:         1.0499E-01  5.2397E-01  3.9076E-01  5.3041E-01  9.9535E-01  1.0000E+00  1.0000E+00

 ETASHRINKSD(%)  2.4421E+00  5.8273E+01  4.9840E+01  7.6879E+01  1.0263E+01  1.0000E+02  1.0000E+02
 ETASHRINKVR(%)  4.8246E+00  8.2589E+01  7.4840E+01  9.4654E+01  1.9472E+01  1.0000E+02  1.0000E+02
 EBVSHRINKSD(%)  2.1242E+01  6.1332E+01  5.9907E+01  7.9221E+01  1.2978E+01  0.0000E+00  0.0000E+00
 EBVSHRINKVR(%)  3.7972E+01  8.5048E+01  8.3926E+01  9.5682E+01  2.4273E+01  0.0000E+00  0.0000E+00
 EPSSHRINKSD(%)  4.6389E+00  4.6389E+00
 EPSSHRINKVR(%)  9.0626E+00  9.0626E+00

  
 TOTAL DATA POINTS NORMALLY DISTRIBUTED (N):          244
 N*LOG(2PI) CONSTANT TO OBJECTIVE FUNCTION:    448.44200420388029     
 OBJECTIVE FUNCTION VALUE WITHOUT CONSTANT:    921.95533266409461     
 OBJECTIVE FUNCTION VALUE WITH CONSTANT:       1370.3973368679749     
 REPORTED OBJECTIVE FUNCTION DOES NOT CONTAIN CONSTANT
  
 TOTAL EFFECTIVE ETAS (NIND*NETA):                            90
  
 #TERE:
 Elapsed estimation  time in seconds:  2064.63
 Elapsed covariance  time in seconds:   139.09
 Elapsed postprocess time in seconds:    11.16
1
 
 
 
 
 
 
 
 
 
 
 
 
 
 
 
 
 
 
 
 
 ************************************************************************************************************************
 ********************                                                                                ********************
 ********************               FIRST ORDER CONDITIONAL ESTIMATION WITH INTERACTION              ********************
 #OBJT:**************                       MINIMUM VALUE OF OBJECTIVE FUNCTION                      ********************
 ********************                                                                                ********************
 ************************************************************************************************************************
 





 #OBJV:********************************************      921.955       **************************************************
1
 ************************************************************************************************************************
 ********************                                                                                ********************
 ********************               FIRST ORDER CONDITIONAL ESTIMATION WITH INTERACTION              ********************
 ********************                             FINAL PARAMETER ESTIMATE                           ********************
 ********************                                                                                ********************
 ************************************************************************************************************************
 


 THETA - VECTOR OF FIXED EFFECTS PARAMETERS   *********


         TH 1      TH 2      TH 3      TH 4      TH 5      TH 6      TH 7     
 
         4.53E+01  7.90E+00  3.83E+01  4.81E+02  4.94E+01  3.35E+02  9.50E-02
 


 OMEGA - COV MATRIX FOR RANDOM EFFECTS - ETAS  ********


         ETA1      ETA2      ETA3      ETA4      ETA5      ETA6      ETA7     
 
 ETA1
+        1.00E-01
 
 ETA2
+        0.00E+00  1.00E-01
 
 ETA3
+        0.00E+00  0.00E+00  1.00E-01
 
 ETA4
+        0.00E+00  0.00E+00  0.00E+00  1.00E-01
 
 ETA5
+        0.00E+00  0.00E+00  0.00E+00  0.00E+00  2.35E-01
 
 ETA6
+        0.00E+00  0.00E+00  0.00E+00  0.00E+00  0.00E+00  0.00E+00
 
 ETA7
+        0.00E+00  0.00E+00  0.00E+00  0.00E+00  0.00E+00  0.00E+00  0.00E+00
 


 SIGMA - COV MATRIX FOR RANDOM EFFECTS - EPSILONS  ****


         EPS1      EPS2     
 
 EPS1
+        1.00E-02
 
 EPS2
+        0.00E+00  2.21E-01
 
1


 OMEGA - CORR MATRIX FOR RANDOM EFFECTS - ETAS  *******


         ETA1      ETA2      ETA3      ETA4      ETA5      ETA6      ETA7     
 
 ETA1
+        3.16E-01
 
 ETA2
+        0.00E+00  3.16E-01
 
 ETA3
+        0.00E+00  0.00E+00  3.16E-01
 
 ETA4
+        0.00E+00  0.00E+00  0.00E+00  3.16E-01
 
 ETA5
+        0.00E+00  0.00E+00  0.00E+00  0.00E+00  4.84E-01
 
 ETA6
+        0.00E+00  0.00E+00  0.00E+00  0.00E+00  0.00E+00  0.00E+00
 
 ETA7
+        0.00E+00  0.00E+00  0.00E+00  0.00E+00  0.00E+00  0.00E+00  0.00E+00
 


 SIGMA - CORR MATRIX FOR RANDOM EFFECTS - EPSILONS  ***


         EPS1      EPS2     
 
 EPS1
+        1.00E-01
 
 EPS2
+        0.00E+00  4.70E-01
 
1
 ************************************************************************************************************************
 ********************                                                                                ********************
 ********************               FIRST ORDER CONDITIONAL ESTIMATION WITH INTERACTION              ********************
 ********************                            STANDARD ERROR OF ESTIMATE                          ********************
 ********************                                                                                ********************
 ************************************************************************************************************************
 


 THETA - VECTOR OF FIXED EFFECTS PARAMETERS   *********


         TH 1      TH 2      TH 3      TH 4      TH 5      TH 6      TH 7     
 
        ......... ......... ......... .........  3.27E+01  2.20E+02  1.22E-02
 


 OMEGA - COV MATRIX FOR RANDOM EFFECTS - ETAS  ********


         ETA1      ETA2      ETA3      ETA4      ETA5      ETA6      ETA7     
 
 ETA1
+       .........
 
 ETA2
+       ......... .........
 
 ETA3
+       ......... ......... .........
 
 ETA4
+       ......... ......... ......... .........
 
 ETA5
+       ......... ......... ......... .........  1.13E-01
 
 ETA6
+       ......... ......... ......... ......... ......... .........
 
 ETA7
+       ......... ......... ......... ......... ......... ......... .........
 


 SIGMA - COV MATRIX FOR RANDOM EFFECTS - EPSILONS  ****


         EPS1      EPS2     
 
 EPS1
+       .........
 
 EPS2
+       .........  2.47E-02
 
1


 OMEGA - CORR MATRIX FOR RANDOM EFFECTS - ETAS  *******


         ETA1      ETA2      ETA3      ETA4      ETA5      ETA6      ETA7     
 
 ETA1
+       .........
 
 ETA2
+       ......... .........
 
 ETA3
+       ......... ......... .........
 
 ETA4
+       ......... ......... ......... .........
 
 ETA5
+       ......... ......... ......... .........  1.17E-01
 
 ETA6
+       ......... ......... ......... ......... ......... .........
 
 ETA7
+       ......... ......... ......... ......... ......... ......... .........
 


 SIGMA - CORR MATRIX FOR RANDOM EFFECTS - EPSILONS  ***


         EPS1      EPS2     
 
 EPS1
+       .........
 
 EPS2
+       .........  2.63E-02
 
1
 ************************************************************************************************************************
 ********************                                                                                ********************
 ********************               FIRST ORDER CONDITIONAL ESTIMATION WITH INTERACTION              ********************
 ********************                          COVARIANCE MATRIX OF ESTIMATE                         ********************
 ********************                                                                                ********************
 ************************************************************************************************************************
 

            TH 1      TH 2      TH 3      TH 4      TH 5      TH 6      TH 7      OM11      OM12      OM13      OM14      OM15  
             OM16      OM17      OM22      OM23      OM24      OM25      OM26      OM27      OM33      OM34      OM35      OM36  
            OM37      OM44      OM45      OM46      OM47      OM55      OM56      OM57      OM66      OM67      OM77      SG11  
             SG12      SG22  
 
 TH 1
+       .........
 
 TH 2
+       ......... .........
 
 TH 3
+       ......... ......... .........
 
 TH 4
+       ......... ......... ......... .........
 
 TH 5
+       ......... ......... ......... .........  1.07E+03
 
 TH 6
+       ......... ......... ......... .........  7.01E+03  4.84E+04
 
 TH 7
+       ......... ......... ......... .........  1.56E-02  2.52E-01  1.50E-04
 
 OM11
+       ......... ......... ......... ......... ......... ......... ......... .........
 
 OM12
+       ......... ......... ......... ......... ......... ......... ......... ......... .........
 
 OM13
+       ......... ......... ......... ......... ......... ......... ......... ......... ......... .........
 
 OM14
+       ......... ......... ......... ......... ......... ......... ......... ......... ......... ......... .........
 
 OM15
+       ......... ......... ......... ......... ......... ......... ......... ......... ......... ......... ......... .........
 
 OM16
+       ......... ......... ......... ......... ......... ......... ......... ......... ......... ......... ......... .........
         .........
 
 OM17
+       ......... ......... ......... ......... ......... ......... ......... ......... ......... ......... ......... .........
         ......... .........
 
 OM22
+       ......... ......... ......... ......... ......... ......... ......... ......... ......... ......... ......... .........
         ......... ......... .........
 
 OM23
+       ......... ......... ......... ......... ......... ......... ......... ......... ......... ......... ......... .........
         ......... ......... ......... .........
 
 OM24
+       ......... ......... ......... ......... ......... ......... ......... ......... ......... ......... ......... .........
         ......... ......... ......... ......... .........
 
 OM25
+       ......... ......... ......... ......... ......... ......... ......... ......... ......... ......... ......... .........
         ......... ......... ......... ......... ......... .........
 
1

            TH 1      TH 2      TH 3      TH 4      TH 5      TH 6      TH 7      OM11      OM12      OM13      OM14      OM15  
             OM16      OM17      OM22      OM23      OM24      OM25      OM26      OM27      OM33      OM34      OM35      OM36  
            OM37      OM44      OM45      OM46      OM47      OM55      OM56      OM57      OM66      OM67      OM77      SG11  
             SG12      SG22  
 
 OM26
+       ......... ......... ......... ......... ......... ......... ......... ......... ......... ......... ......... .........
         ......... ......... ......... ......... ......... ......... .........
 
 OM27
+       ......... ......... ......... ......... ......... ......... ......... ......... ......... ......... ......... .........
         ......... ......... ......... ......... ......... ......... ......... .........
 
 OM33
+       ......... ......... ......... ......... ......... ......... ......... ......... ......... ......... ......... .........
         ......... ......... ......... ......... ......... ......... ......... ......... .........
 
 OM34
+       ......... ......... ......... ......... ......... ......... ......... ......... ......... ......... ......... .........
         ......... ......... ......... ......... ......... ......... ......... ......... ......... .........
 
 OM35
+       ......... ......... ......... ......... ......... ......... ......... ......... ......... ......... ......... .........
         ......... ......... ......... ......... ......... ......... ......... ......... ......... ......... .........
 
 OM36
+       ......... ......... ......... ......... ......... ......... ......... ......... ......... ......... ......... .........
         ......... ......... ......... ......... ......... ......... ......... ......... ......... ......... ......... .........
 
 OM37
+       ......... ......... ......... ......... ......... ......... ......... ......... ......... ......... ......... .........
         ......... ......... ......... ......... ......... ......... ......... ......... ......... ......... ......... .........
        .........
 
 OM44
+       ......... ......... ......... ......... ......... ......... ......... ......... ......... ......... ......... .........
         ......... ......... ......... ......... ......... ......... ......... ......... ......... ......... ......... .........
        ......... .........
 
 OM45
+       ......... ......... ......... ......... ......... ......... ......... ......... ......... ......... ......... .........
         ......... ......... ......... ......... ......... ......... ......... ......... ......... ......... ......... .........
        ......... ......... .........
 
 OM46
+       ......... ......... ......... ......... ......... ......... ......... ......... ......... ......... ......... .........
         ......... ......... ......... ......... ......... ......... ......... ......... ......... ......... ......... .........
        ......... ......... ......... .........
 
 OM47
+       ......... ......... ......... ......... ......... ......... ......... ......... ......... ......... ......... .........
         ......... ......... ......... ......... ......... ......... ......... ......... ......... ......... ......... .........
        ......... ......... ......... ......... .........
 
 OM55
+       ......... ......... ......... ......... -1.41E-01 -1.59E-01  1.13E-04 ......... ......... ......... ......... .........
         ......... ......... ......... ......... ......... ......... ......... ......... ......... ......... ......... .........
        ......... ......... ......... ......... .........  1.28E-02
 
 OM56
+       ......... ......... ......... ......... ......... ......... ......... ......... ......... ......... ......... .........
         ......... ......... ......... ......... ......... ......... ......... ......... ......... ......... ......... .........
        ......... ......... ......... ......... ......... ......... .........
 
 OM57
+       ......... ......... ......... ......... ......... ......... ......... ......... ......... ......... ......... .........
         ......... ......... ......... ......... ......... ......... ......... ......... ......... ......... ......... .........
        ......... ......... ......... ......... ......... ......... ......... .........
 
1

            TH 1      TH 2      TH 3      TH 4      TH 5      TH 6      TH 7      OM11      OM12      OM13      OM14      OM15  
             OM16      OM17      OM22      OM23      OM24      OM25      OM26      OM27      OM33      OM34      OM35      OM36  
            OM37      OM44      OM45      OM46      OM47      OM55      OM56      OM57      OM66      OM67      OM77      SG11  
             SG12      SG22  
 
 OM66
+       ......... ......... ......... ......... ......... ......... ......... ......... ......... ......... ......... .........
         ......... ......... ......... ......... ......... ......... ......... ......... ......... ......... ......... .........
        ......... ......... ......... ......... ......... ......... ......... ......... .........
 
 OM67
+       ......... ......... ......... ......... ......... ......... ......... ......... ......... ......... ......... .........
         ......... ......... ......... ......... ......... ......... ......... ......... ......... ......... ......... .........
        ......... ......... ......... ......... ......... ......... ......... ......... ......... .........
 
 OM77
+       ......... ......... ......... ......... ......... ......... ......... ......... ......... ......... ......... .........
         ......... ......... ......... ......... ......... ......... ......... ......... ......... ......... ......... .........
        ......... ......... ......... ......... ......... ......... ......... ......... ......... ......... .........
 
 SG11
+       ......... ......... ......... ......... ......... ......... ......... ......... ......... ......... ......... .........
         ......... ......... ......... ......... ......... ......... ......... ......... ......... ......... ......... .........
        ......... ......... ......... ......... ......... ......... ......... ......... ......... ......... ......... .........
 
 SG12
+       ......... ......... ......... ......... ......... ......... ......... ......... ......... ......... ......... .........
         ......... ......... ......... ......... ......... ......... ......... ......... ......... ......... ......... .........
        ......... ......... ......... ......... ......... ......... ......... ......... ......... ......... ......... .........
         .........
 
 SG22
+       ......... ......... ......... ......... -6.09E-03  1.04E-01 -2.97E-06 ......... ......... ......... ......... .........
         ......... ......... ......... ......... ......... ......... ......... ......... ......... ......... ......... .........
        ......... ......... ......... ......... .........  6.79E-05 ......... ......... ......... ......... ......... .........
         .........  6.12E-04
 
1
 ************************************************************************************************************************
 ********************                                                                                ********************
 ********************               FIRST ORDER CONDITIONAL ESTIMATION WITH INTERACTION              ********************
 ********************                          CORRELATION MATRIX OF ESTIMATE                        ********************
 ********************                                                                                ********************
 ************************************************************************************************************************
 

            TH 1      TH 2      TH 3      TH 4      TH 5      TH 6      TH 7      OM11      OM12      OM13      OM14      OM15  
             OM16      OM17      OM22      OM23      OM24      OM25      OM26      OM27      OM33      OM34      OM35      OM36  
            OM37      OM44      OM45      OM46      OM47      OM55      OM56      OM57      OM66      OM67      OM77      SG11  
             SG12      SG22  
 
 TH 1
+       .........
 
 TH 2
+       ......... .........
 
 TH 3
+       ......... ......... .........
 
 TH 4
+       ......... ......... ......... .........
 
 TH 5
+       ......... ......... ......... .........  3.27E+01
 
 TH 6
+       ......... ......... ......... .........  9.76E-01  2.20E+02
 
 TH 7
+       ......... ......... ......... .........  3.91E-02  9.39E-02  1.22E-02
 
 OM11
+       ......... ......... ......... ......... ......... ......... ......... .........
 
 OM12
+       ......... ......... ......... ......... ......... ......... ......... ......... .........
 
 OM13
+       ......... ......... ......... ......... ......... ......... ......... ......... ......... .........
 
 OM14
+       ......... ......... ......... ......... ......... ......... ......... ......... ......... ......... .........
 
 OM15
+       ......... ......... ......... ......... ......... ......... ......... ......... ......... ......... ......... .........
 
 OM16
+       ......... ......... ......... ......... ......... ......... ......... ......... ......... ......... ......... .........
         .........
 
 OM17
+       ......... ......... ......... ......... ......... ......... ......... ......... ......... ......... ......... .........
         ......... .........
 
 OM22
+       ......... ......... ......... ......... ......... ......... ......... ......... ......... ......... ......... .........
         ......... ......... .........
 
 OM23
+       ......... ......... ......... ......... ......... ......... ......... ......... ......... ......... ......... .........
         ......... ......... ......... .........
 
 OM24
+       ......... ......... ......... ......... ......... ......... ......... ......... ......... ......... ......... .........
         ......... ......... ......... ......... .........
 
 OM25
+       ......... ......... ......... ......... ......... ......... ......... ......... ......... ......... ......... .........
         ......... ......... ......... ......... ......... .........
 
1

            TH 1      TH 2      TH 3      TH 4      TH 5      TH 6      TH 7      OM11      OM12      OM13      OM14      OM15  
             OM16      OM17      OM22      OM23      OM24      OM25      OM26      OM27      OM33      OM34      OM35      OM36  
            OM37      OM44      OM45      OM46      OM47      OM55      OM56      OM57      OM66      OM67      OM77      SG11  
             SG12      SG22  
 
 OM26
+       ......... ......... ......... ......... ......... ......... ......... ......... ......... ......... ......... .........
         ......... ......... ......... ......... ......... ......... .........
 
 OM27
+       ......... ......... ......... ......... ......... ......... ......... ......... ......... ......... ......... .........
         ......... ......... ......... ......... ......... ......... ......... .........
 
 OM33
+       ......... ......... ......... ......... ......... ......... ......... ......... ......... ......... ......... .........
         ......... ......... ......... ......... ......... ......... ......... ......... .........
 
 OM34
+       ......... ......... ......... ......... ......... ......... ......... ......... ......... ......... ......... .........
         ......... ......... ......... ......... ......... ......... ......... ......... ......... .........
 
 OM35
+       ......... ......... ......... ......... ......... ......... ......... ......... ......... ......... ......... .........
         ......... ......... ......... ......... ......... ......... ......... ......... ......... ......... .........
 
 OM36
+       ......... ......... ......... ......... ......... ......... ......... ......... ......... ......... ......... .........
         ......... ......... ......... ......... ......... ......... ......... ......... ......... ......... ......... .........
 
 OM37
+       ......... ......... ......... ......... ......... ......... ......... ......... ......... ......... ......... .........
         ......... ......... ......... ......... ......... ......... ......... ......... ......... ......... ......... .........
        .........
 
 OM44
+       ......... ......... ......... ......... ......... ......... ......... ......... ......... ......... ......... .........
         ......... ......... ......... ......... ......... ......... ......... ......... ......... ......... ......... .........
        ......... .........
 
 OM45
+       ......... ......... ......... ......... ......... ......... ......... ......... ......... ......... ......... .........
         ......... ......... ......... ......... ......... ......... ......... ......... ......... ......... ......... .........
        ......... ......... .........
 
 OM46
+       ......... ......... ......... ......... ......... ......... ......... ......... ......... ......... ......... .........
         ......... ......... ......... ......... ......... ......... ......... ......... ......... ......... ......... .........
        ......... ......... ......... .........
 
 OM47
+       ......... ......... ......... ......... ......... ......... ......... ......... ......... ......... ......... .........
         ......... ......... ......... ......... ......... ......... ......... ......... ......... ......... ......... .........
        ......... ......... ......... ......... .........
 
 OM55
+       ......... ......... ......... ......... -3.80E-02 -6.40E-03  8.18E-02 ......... ......... ......... ......... .........
         ......... ......... ......... ......... ......... ......... ......... ......... ......... ......... ......... .........
        ......... ......... ......... ......... .........  1.13E-01
 
 OM56
+       ......... ......... ......... ......... ......... ......... ......... ......... ......... ......... ......... .........
         ......... ......... ......... ......... ......... ......... ......... ......... ......... ......... ......... .........
        ......... ......... ......... ......... ......... ......... .........
 
 OM57
+       ......... ......... ......... ......... ......... ......... ......... ......... ......... ......... ......... .........
         ......... ......... ......... ......... ......... ......... ......... ......... ......... ......... ......... .........
        ......... ......... ......... ......... ......... ......... ......... .........
 
1

            TH 1      TH 2      TH 3      TH 4      TH 5      TH 6      TH 7      OM11      OM12      OM13      OM14      OM15  
             OM16      OM17      OM22      OM23      OM24      OM25      OM26      OM27      OM33      OM34      OM35      OM36  
            OM37      OM44      OM45      OM46      OM47      OM55      OM56      OM57      OM66      OM67      OM77      SG11  
             SG12      SG22  
 
 OM66
+       ......... ......... ......... ......... ......... ......... ......... ......... ......... ......... ......... .........
         ......... ......... ......... ......... ......... ......... ......... ......... ......... ......... ......... .........
        ......... ......... ......... ......... ......... ......... ......... ......... .........
 
 OM67
+       ......... ......... ......... ......... ......... ......... ......... ......... ......... ......... ......... .........
         ......... ......... ......... ......... ......... ......... ......... ......... ......... ......... ......... .........
        ......... ......... ......... ......... ......... ......... ......... ......... ......... .........
 
 OM77
+       ......... ......... ......... ......... ......... ......... ......... ......... ......... ......... ......... .........
         ......... ......... ......... ......... ......... ......... ......... ......... ......... ......... ......... .........
        ......... ......... ......... ......... ......... ......... ......... ......... ......... ......... .........
 
 SG11
+       ......... ......... ......... ......... ......... ......... ......... ......... ......... ......... ......... .........
         ......... ......... ......... ......... ......... ......... ......... ......... ......... ......... ......... .........
        ......... ......... ......... ......... ......... ......... ......... ......... ......... ......... ......... .........
 
 SG12
+       ......... ......... ......... ......... ......... ......... ......... ......... ......... ......... ......... .........
         ......... ......... ......... ......... ......... ......... ......... ......... ......... ......... ......... .........
        ......... ......... ......... ......... ......... ......... ......... ......... ......... ......... ......... .........
         .........
 
 SG22
+       ......... ......... ......... ......... -7.53E-03  1.91E-02 -9.81E-03 ......... ......... ......... ......... .........
         ......... ......... ......... ......... ......... ......... ......... ......... ......... ......... ......... .........
        ......... ......... ......... ......... .........  2.42E-02 ......... ......... ......... ......... ......... .........
         .........  2.47E-02
 
1
 ************************************************************************************************************************
 ********************                                                                                ********************
 ********************               FIRST ORDER CONDITIONAL ESTIMATION WITH INTERACTION              ********************
 ********************                      INVERSE COVARIANCE MATRIX OF ESTIMATE                     ********************
 ********************                                                                                ********************
 ************************************************************************************************************************
 

            TH 1      TH 2      TH 3      TH 4      TH 5      TH 6      TH 7      OM11      OM12      OM13      OM14      OM15  
             OM16      OM17      OM22      OM23      OM24      OM25      OM26      OM27      OM33      OM34      OM35      OM36  
            OM37      OM44      OM45      OM46      OM47      OM55      OM56      OM57      OM66      OM67      OM77      SG11  
             SG12      SG22  
 
 TH 1
+       .........
 
 TH 2
+       ......... .........
 
 TH 3
+       ......... ......... .........
 
 TH 4
+       ......... ......... ......... .........
 
 TH 5
+       ......... ......... ......... .........  2.19E-02
 
 TH 6
+       ......... ......... ......... ......... -3.19E-03  4.86E-04
 
 TH 7
+       ......... ......... ......... .........  2.98E+00 -4.71E-01  7.20E+03
 
 OM11
+       ......... ......... ......... ......... ......... ......... ......... .........
 
 OM12
+       ......... ......... ......... ......... ......... ......... ......... ......... .........
 
 OM13
+       ......... ......... ......... ......... ......... ......... ......... ......... ......... .........
 
 OM14
+       ......... ......... ......... ......... ......... ......... ......... ......... ......... ......... .........
 
 OM15
+       ......... ......... ......... ......... ......... ......... ......... ......... ......... ......... ......... .........
 
 OM16
+       ......... ......... ......... ......... ......... ......... ......... ......... ......... ......... ......... .........
         .........
 
 OM17
+       ......... ......... ......... ......... ......... ......... ......... ......... ......... ......... ......... .........
         ......... .........
 
 OM22
+       ......... ......... ......... ......... ......... ......... ......... ......... ......... ......... ......... .........
         ......... ......... .........
 
 OM23
+       ......... ......... ......... ......... ......... ......... ......... ......... ......... ......... ......... .........
         ......... ......... ......... .........
 
 OM24
+       ......... ......... ......... ......... ......... ......... ......... ......... ......... ......... ......... .........
         ......... ......... ......... ......... .........
 
 OM25
+       ......... ......... ......... ......... ......... ......... ......... ......... ......... ......... ......... .........
         ......... ......... ......... ......... ......... .........
 
1

            TH 1      TH 2      TH 3      TH 4      TH 5      TH 6      TH 7      OM11      OM12      OM13      OM14      OM15  
             OM16      OM17      OM22      OM23      OM24      OM25      OM26      OM27      OM33      OM34      OM35      OM36  
            OM37      OM44      OM45      OM46      OM47      OM55      OM56      OM57      OM66      OM67      OM77      SG11  
             SG12      SG22  
 
 OM26
+       ......... ......... ......... ......... ......... ......... ......... ......... ......... ......... ......... .........
         ......... ......... ......... ......... ......... ......... .........
 
 OM27
+       ......... ......... ......... ......... ......... ......... ......... ......... ......... ......... ......... .........
         ......... ......... ......... ......... ......... ......... ......... .........
 
 OM33
+       ......... ......... ......... ......... ......... ......... ......... ......... ......... ......... ......... .........
         ......... ......... ......... ......... ......... ......... ......... ......... .........
 
 OM34
+       ......... ......... ......... ......... ......... ......... ......... ......... ......... ......... ......... .........
         ......... ......... ......... ......... ......... ......... ......... ......... ......... .........
 
 OM35
+       ......... ......... ......... ......... ......... ......... ......... ......... ......... ......... ......... .........
         ......... ......... ......... ......... ......... ......... ......... ......... ......... ......... .........
 
 OM36
+       ......... ......... ......... ......... ......... ......... ......... ......... ......... ......... ......... .........
         ......... ......... ......... ......... ......... ......... ......... ......... ......... ......... ......... .........
 
 OM37
+       ......... ......... ......... ......... ......... ......... ......... ......... ......... ......... ......... .........
         ......... ......... ......... ......... ......... ......... ......... ......... ......... ......... ......... .........
        .........
 
 OM44
+       ......... ......... ......... ......... ......... ......... ......... ......... ......... ......... ......... .........
         ......... ......... ......... ......... ......... ......... ......... ......... ......... ......... ......... .........
        ......... .........
 
 OM45
+       ......... ......... ......... ......... ......... ......... ......... ......... ......... ......... ......... .........
         ......... ......... ......... ......... ......... ......... ......... ......... ......... ......... ......... .........
        ......... ......... .........
 
 OM46
+       ......... ......... ......... ......... ......... ......... ......... ......... ......... ......... ......... .........
         ......... ......... ......... ......... ......... ......... ......... ......... ......... ......... ......... .........
        ......... ......... ......... .........
 
 OM47
+       ......... ......... ......... ......... ......... ......... ......... ......... ......... ......... ......... .........
         ......... ......... ......... ......... ......... ......... ......... ......... ......... ......... ......... .........
        ......... ......... ......... ......... .........
 
 OM55
+       ......... ......... ......... .........  1.70E-01 -2.41E-02 -3.76E+01 ......... ......... ......... ......... .........
         ......... ......... ......... ......... ......... ......... ......... ......... ......... ......... ......... .........
        ......... ......... ......... ......... .........  7.99E+01
 
 OM56
+       ......... ......... ......... ......... ......... ......... ......... ......... ......... ......... ......... .........
         ......... ......... ......... ......... ......... ......... ......... ......... ......... ......... ......... .........
        ......... ......... ......... ......... ......... ......... .........
 
 OM57
+       ......... ......... ......... ......... ......... ......... ......... ......... ......... ......... ......... .........
         ......... ......... ......... ......... ......... ......... ......... ......... ......... ......... ......... .........
        ......... ......... ......... ......... ......... ......... ......... .........
 
1

            TH 1      TH 2      TH 3      TH 4      TH 5      TH 6      TH 7      OM11      OM12      OM13      OM14      OM15  
             OM16      OM17      OM22      OM23      OM24      OM25      OM26      OM27      OM33      OM34      OM35      OM36  
            OM37      OM44      OM45      OM46      OM47      OM55      OM56      OM57      OM66      OM67      OM77      SG11  
             SG12      SG22  
 
 OM66
+       ......... ......... ......... ......... ......... ......... ......... ......... ......... ......... ......... .........
         ......... ......... ......... ......... ......... ......... ......... ......... ......... ......... ......... .........
        ......... ......... ......... ......... ......... ......... ......... ......... .........
 
 OM67
+       ......... ......... ......... ......... ......... ......... ......... ......... ......... ......... ......... .........
         ......... ......... ......... ......... ......... ......... ......... ......... ......... ......... ......... .........
        ......... ......... ......... ......... ......... ......... ......... ......... ......... .........
 
 OM77
+       ......... ......... ......... ......... ......... ......... ......... ......... ......... ......... ......... .........
         ......... ......... ......... ......... ......... ......... ......... ......... ......... ......... ......... .........
        ......... ......... ......... ......... ......... ......... ......... ......... ......... ......... .........
 
 SG11
+       ......... ......... ......... ......... ......... ......... ......... ......... ......... ......... ......... .........
         ......... ......... ......... ......... ......... ......... ......... ......... ......... ......... ......... .........
        ......... ......... ......... ......... ......... ......... ......... ......... ......... ......... ......... .........
 
 SG12
+       ......... ......... ......... ......... ......... ......... ......... ......... ......... ......... ......... .........
         ......... ......... ......... ......... ......... ......... ......... ......... ......... ......... ......... .........
        ......... ......... ......... ......... ......... ......... ......... ......... ......... ......... ......... .........
         .........
 
 SG22
+       ......... ......... ......... .........  7.56E-01 -1.14E-01  1.49E+02 ......... ......... ......... ......... .........
         ......... ......... ......... ......... ......... ......... ......... ......... ......... ......... ......... .........
        ......... ......... ......... ......... ......... -3.25E+00 ......... ......... ......... ......... ......... .........
         .........  1.66E+03
 
1
 
 
 
 
 
 
 
 
 
 
 
 
 
 
 
 
 
 
 
 
 ************************************************************************************************************************
 ********************                                                                                ********************
 ********************               FIRST ORDER CONDITIONAL ESTIMATION WITH INTERACTION              ********************
 ********************                      EIGENVALUES OF COR MATRIX OF ESTIMATE                     ********************
 ********************                                                                                ********************
 ************************************************************************************************************************
 

             1         2         3         4         5
 
         2.15E-02  9.05E-01  1.00E+00  1.08E+00  1.99E+00
 
 Elapsed finaloutput time in seconds:     0.66
 #CPUT: Total CPU Time in Seconds,     1173.188
Stop Time: 
06.10.2023 
10:46
