Starting NMTRAN
        1 file(s) copied.
        1 file(s) copied.
  
 WARNINGS AND ERRORS (IF ANY) FOR PROBLEM    1
             
 (WARNING  2) NM-TRAN INFERS THAT THE DATA ARE POPULATION.

 LIM VALUES MAXLIM ASSESSED BY NMTRAN: 1,2,3,4,5,6,7,8,10,11,13,15,16        
        1 file(s) copied.
Pathlist information for compiler and MPI systems are located in nmpathlist.txt

Recompiling certain components.
starting wait
ending wait
Exiting lpreddo
Compiling FSUBS
Building NONMEM Executable
Starting nonmem execution ...
License Registered to: Medical University of Gdansk
Expiration Date:    14 JUL 2024
Current Date:        6 OCT 2023
Days until program expires : 283


 First Order Conditional Estimation with Interaction
 MONITORING OF SEARCH:


0ITERATION NO.:    0    OBJECTIVE VALUE:   2544.31010434035        NO. OF FUNC. EVALS.:   6
 CUMULATIVE NO. OF FUNC. EVALS.:        6
 NPARAMETR:  1.0000E-01  1.0000E-02  1.0000E-01  1.0000E-01  4.0000E-01
 PARAMETER:  1.0000E-01  1.0000E-01  1.0000E-01  1.0000E-01  1.0000E-01
 GRADIENT:  -9.4563E+03 -3.1715E+00  5.6631E+00 -5.2407E-02 -7.9440E+02

0ITERATION NO.:    1    OBJECTIVE VALUE:   1576.89784247823        NO. OF FUNC. EVALS.:   7
 CUMULATIVE NO. OF FUNC. EVALS.:       13
 NPARAMETR:  7.0000E-01  1.0002E-02  9.9964E-02  1.0000E-01  4.4243E-01
 PARAMETER:  7.0000E-01  1.0020E-01  9.9641E-02  1.0000E-01  1.5040E-01
 GRADIENT:  -2.3483E+02 -2.8067E+00  1.9014E+00 -6.3980E-03 -1.7593E+02

0ITERATION NO.:    2    OBJECTIVE VALUE:   1519.12271499756        NO. OF FUNC. EVALS.:   7
 CUMULATIVE NO. OF FUNC. EVALS.:       20
 NPARAMETR:  1.3023E+00  1.0074E-02  9.9478E-02  1.0000E-01  1.0908E+00
 PARAMETER:  1.3023E+00  1.0740E-01  9.4764E-02  1.0002E-01  6.0162E-01
 GRADIENT:  -3.0338E+01 -1.3729E+00  9.8731E-01 -1.4569E-03  1.3272E+02

0ITERATION NO.:    3    OBJECTIVE VALUE:   1480.58136296796        NO. OF FUNC. EVALS.:   8
 CUMULATIVE NO. OF FUNC. EVALS.:       28
 NPARAMETR:  1.9020E+00  1.0203E-02  9.8596E-02  1.0001E-01  4.9170E-01
 PARAMETER:  1.9020E+00  1.2008E-01  8.5863E-02  1.0004E-01  2.0320E-01
 GRADIENT:  -2.1054E+01 -1.2187E+00  7.9177E-01 -1.0289E-03 -3.9403E+01

0ITERATION NO.:    4    OBJECTIVE VALUE:   1267.79677837807        NO. OF FUNC. EVALS.:  11
 CUMULATIVE NO. OF FUNC. EVALS.:       39
 NPARAMETR:  2.3696E+00  3.2499E+00  2.2604E-03  1.0058E-01  6.3721E-01
 PARAMETER:  2.3696E+00  5.8838E+00 -3.6896E+00  1.0288E-01  3.3282E-01
 GRADIENT:   2.0549E+01 -9.3977E+01 -1.9583E+01 -1.2680E+00  8.3428E+01

0ITERATION NO.:    5    OBJECTIVE VALUE:   1210.94812739574        NO. OF FUNC. EVALS.:   8
 CUMULATIVE NO. OF FUNC. EVALS.:       47
 NPARAMETR:  2.3654E+00  6.4933E+00  2.6097E-03  1.0247E-01  6.3631E-01
 PARAMETER:  2.3654E+00  6.5759E+00 -3.5459E+00  1.1221E-01  3.3211E-01
 GRADIENT:  -3.6027E+00 -4.3065E+01 -2.9301E+01 -3.0826E+00  7.1998E+01

0ITERATION NO.:    6    OBJECTIVE VALUE:   1061.47507547039        NO. OF FUNC. EVALS.:   7
 CUMULATIVE NO. OF FUNC. EVALS.:       54
 NPARAMETR:  2.4072E+00  1.2024E+01  4.3376E-02  2.0092E-01  6.1466E-01
 PARAMETER:  2.4072E+00  7.1920E+00 -7.3525E-01  4.4886E-01  3.1480E-01
 GRADIENT:   1.8529E+00 -6.3679E+01 -3.9559E+00  2.7095E-01  1.4120E+02

0ITERATION NO.:    7    OBJECTIVE VALUE:   1049.61455575680        NO. OF FUNC. EVALS.:   7
 CUMULATIVE NO. OF FUNC. EVALS.:       61
 NPARAMETR:  2.5939E+00  2.0103E+01  1.3069E-01  2.5835E-01  4.9907E-01
 PARAMETER:  2.5939E+00  7.7061E+00  3.6763E-01  5.7458E-01  2.1064E-01
 GRADIENT:  -2.6964E+01  9.2910E+00  3.1042E+01 -6.1549E+00  1.0350E+02

0ITERATION NO.:    8    OBJECTIVE VALUE:   1041.75593653975        NO. OF FUNC. EVALS.:   7
 CUMULATIVE NO. OF FUNC. EVALS.:       68
 NPARAMETR:  2.6617E+00  2.1409E+01  1.2072E-01  1.1004E+00  4.6468E-01
 PARAMETER:  2.6617E+00  7.7690E+00  2.8831E-01  1.2991E+00  1.7494E-01
 GRADIENT:  -3.4445E+01  3.3627E+01  1.1815E+01  8.5128E+00  8.5651E+01

0ITERATION NO.:    9    OBJECTIVE VALUE:   1005.21575937777        NO. OF FUNC. EVALS.:   9
 CUMULATIVE NO. OF FUNC. EVALS.:       77
 NPARAMETR:  3.2142E+00  1.9630E+01  6.1897E-02  1.5092E-01  2.6179E-01
 PARAMETER:  3.2142E+00  7.6822E+00 -3.7970E-01  3.0579E-01 -1.1197E-01
 GRADIENT:  -2.1647E+01  1.0885E+01 -6.1856E+00 -1.7137E+00 -2.8889E+01

0ITERATION NO.:   10    OBJECTIVE VALUE:   1004.20793532640        NO. OF FUNC. EVALS.:   7
 CUMULATIVE NO. OF FUNC. EVALS.:       84
 NPARAMETR:  3.3812E+00  1.9294E+01  7.7268E-02  3.2318E-01  2.4355E-01
 PARAMETER:  3.3812E+00  7.6650E+00 -1.5789E-01  6.8653E-01 -1.4808E-01
 GRADIENT:  -1.5337E+01 -6.7138E+00  3.0398E+00 -4.2968E+00 -2.3818E+01

0ITERATION NO.:   11    OBJECTIVE VALUE:   1002.95313021025        NO. OF FUNC. EVALS.:   7
 CUMULATIVE NO. OF FUNC. EVALS.:       91
 NPARAMETR:  3.4994E+00  1.9706E+01  8.4858E-02  5.2649E-01  2.3430E-01
 PARAMETER:  3.4994E+00  7.6861E+00 -6.4190E-02  9.3053E-01 -1.6744E-01
 GRADIENT:  -1.2220E+01 -1.4214E+01  8.3399E+00  2.5177E+00 -3.1184E+01

0ITERATION NO.:   12    OBJECTIVE VALUE:   988.945638078578        NO. OF FUNC. EVALS.:  10
 CUMULATIVE NO. OF FUNC. EVALS.:      101
 NPARAMETR:  4.5368E+00  2.9388E+01  7.0532E-02  4.3316E-01  2.3327E-01
 PARAMETER:  4.5368E+00  8.0858E+00 -2.4910E-01  8.3297E-01 -1.6963E-01
 GRADIENT:  -1.6314E+01  3.2613E+01 -4.7816E+00 -3.7142E+00 -3.7438E+01

0ITERATION NO.:   13    OBJECTIVE VALUE:   980.218610938106        NO. OF FUNC. EVALS.:   7
 CUMULATIVE NO. OF FUNC. EVALS.:      108
 NPARAMETR:  5.8520E+00  3.5702E+01  5.0648E-02  9.1608E-01  2.8410E-01
 PARAMETER:  5.8520E+00  8.2804E+00 -5.8027E-01  1.2075E+00 -7.1070E-02
 GRADIENT:  -6.6773E+00  8.2829E+00 -8.8332E+00  6.6955E+00  3.0010E+01

0ITERATION NO.:   14    OBJECTIVE VALUE:   974.314276757023        NO. OF FUNC. EVALS.:   7
 CUMULATIVE NO. OF FUNC. EVALS.:      115
 NPARAMETR:  7.1835E+00  4.5391E+01  4.8388E-02  7.7233E-01  2.1932E-01
 PARAMETER:  7.1835E+00  8.5205E+00 -6.2592E-01  1.1221E+00 -2.0046E-01
 GRADIENT:  -8.0425E+00  3.0295E+01 -1.4004E+01  2.3213E-01 -4.5189E+01

0ITERATION NO.:   15    OBJECTIVE VALUE:   969.563874060336        NO. OF FUNC. EVALS.:   7
 CUMULATIVE NO. OF FUNC. EVALS.:      122
 NPARAMETR:  7.3980E+00  4.3268E+01  5.7725E-02  7.8676E-01  2.4229E-01
 PARAMETER:  7.3980E+00  8.4726E+00 -4.4948E-01  1.1314E+00 -1.5067E-01
 GRADIENT:  -3.6707E+00  6.5968E-01 -6.2128E+00  6.2683E+00 -5.9927E+00

0ITERATION NO.:   16    OBJECTIVE VALUE:   961.357791311222        NO. OF FUNC. EVALS.:   7
 CUMULATIVE NO. OF FUNC. EVALS.:      129
 NPARAMETR:  9.1927E+00  5.5453E+01  7.6871E-02  5.5540E-01  2.5948E-01
 PARAMETER:  9.1927E+00  8.7207E+00 -1.6304E-01  9.5726E-01 -1.1639E-01
 GRADIENT:  -2.5151E+00  7.9004E-01  2.1528E+00  2.9156E+00  1.8427E+01

0ITERATION NO.:   17    OBJECTIVE VALUE:   955.088502686615        NO. OF FUNC. EVALS.:   7
 CUMULATIVE NO. OF FUNC. EVALS.:      136
 NPARAMETR:  1.1689E+01  7.4727E+01  8.4723E-02  4.0687E-01  2.4539E-01
 PARAMETER:  1.1689E+01  9.0190E+00 -6.5784E-02  8.0166E-01 -1.4431E-01
 GRADIENT:  -3.0931E+00  1.8215E+01  4.1048E+00 -2.5364E+00  1.6435E+00

0ITERATION NO.:   18    OBJECTIVE VALUE:   950.919356366705        NO. OF FUNC. EVALS.:   7
 CUMULATIVE NO. OF FUNC. EVALS.:      143
 NPARAMETR:  1.5056E+01  9.0045E+01  7.0790E-02  2.6618E-01  2.1861E-01
 PARAMETER:  1.5056E+01  9.2055E+00 -2.4545E-01  5.8950E-01 -2.0209E-01
 GRADIENT:  -1.7707E+00  1.2976E+01 -6.9376E+00 -7.3922E+00 -3.3503E+01

0ITERATION NO.:   19    OBJECTIVE VALUE:   947.016128416930        NO. OF FUNC. EVALS.:   7
 CUMULATIVE NO. OF FUNC. EVALS.:      150
 NPARAMETR:  1.6782E+01  1.0278E+02  8.3244E-02  3.6806E-01  2.3714E-01
 PARAMETER:  1.6782E+01  9.3377E+00 -8.3391E-02  7.5154E-01 -1.6141E-01
 GRADIENT:  -1.2122E+00  8.8033E+00  3.5797E+00 -3.4819E+00  1.1060E-01

0ITERATION NO.:   20    OBJECTIVE VALUE:   943.327510934769        NO. OF FUNC. EVALS.:   7
 CUMULATIVE NO. OF FUNC. EVALS.:      157
 NPARAMETR:  2.0898E+01  1.3047E+02  7.7262E-02  5.9969E-01  2.4202E-01
 PARAMETER:  2.0898E+01  9.5763E+00 -1.5797E-01  9.9562E-01 -1.5121E-01
 GRADIENT:  -9.2653E-01  1.1986E+01  1.0585E+00  3.9347E+00  7.9388E+00

0ITERATION NO.:   21    OBJECTIVE VALUE:   942.062524473734        NO. OF FUNC. EVALS.:   7
 CUMULATIVE NO. OF FUNC. EVALS.:      164
 NPARAMETR:  2.2795E+01  1.3160E+02  7.4106E-02  5.1272E-01  2.3578E-01
 PARAMETER:  2.2795E+01  9.5850E+00 -1.9968E-01  9.1728E-01 -1.6427E-01
 GRADIENT:   1.8950E-02 -7.2053E+00  3.4369E-01  1.9443E+00  6.3240E+00

0ITERATION NO.:   22    OBJECTIVE VALUE:   939.495506290562        NO. OF FUNC. EVALS.:   7
 CUMULATIVE NO. OF FUNC. EVALS.:      171
 NPARAMETR:  2.8789E+01  1.7751E+02  7.2083E-02  3.7734E-01  2.2275E-01
 PARAMETER:  2.8789E+01  9.8842E+00 -2.2735E-01  7.6399E-01 -1.9271E-01
 GRADIENT:  -7.3625E-01  1.8067E+01 -4.9171E+00 -5.0215E+00 -1.6231E+01

0ITERATION NO.:   23    OBJECTIVE VALUE:   939.437959702220        NO. OF FUNC. EVALS.:   7
 CUMULATIVE NO. OF FUNC. EVALS.:      178
 NPARAMETR:  2.7427E+01  1.6224E+02  7.4540E-02  4.5927E-01  2.2783E-01
 PARAMETER:  2.7427E+01  9.7942E+00 -1.9383E-01  8.6224E-01 -1.8143E-01
 GRADIENT:  -2.2209E-01  2.0075E+00 -7.5749E-01 -3.9171E-01 -4.4928E+00

0ITERATION NO.:   24    OBJECTIVE VALUE:   936.471702960217        NO. OF FUNC. EVALS.:  11
 CUMULATIVE NO. OF FUNC. EVALS.:      189
 NPARAMETR:  3.8907E+01  2.4713E+02  7.6385E-02  5.6920E-01  2.3570E-01
 PARAMETER:  3.8907E+01  1.0215E+01 -1.6939E-01  9.6953E-01 -1.6445E-01
 GRADIENT:  -4.8753E-01  1.9576E+01 -2.2605E-01  2.6991E+00  3.9302E+00

0ITERATION NO.:   25    OBJECTIVE VALUE:   936.461792107170        NO. OF FUNC. EVALS.:   8
 CUMULATIVE NO. OF FUNC. EVALS.:      197
 NPARAMETR:  3.8571E+01  2.4368E+02  7.6325E-02  5.6331E-01  2.3545E-01
 PARAMETER:  3.8571E+01  1.0201E+01 -1.7016E-01  9.6433E-01 -1.6498E-01
 GRADIENT:  -4.5702E-01  1.8100E+01 -8.1266E-02  2.5794E+00  3.9946E+00

0ITERATION NO.:   26    OBJECTIVE VALUE:   936.403411573296        NO. OF FUNC. EVALS.:   7
 CUMULATIVE NO. OF FUNC. EVALS.:      204
 NPARAMETR:  3.8079E+01  2.3762E+02  7.5896E-02  5.4370E-01  2.3435E-01
 PARAMETER:  3.8079E+01  1.0176E+01 -1.7581E-01  9.4661E-01 -1.6732E-01
 GRADIENT:  -3.8694E-01  1.4995E+01 -9.6051E-02  2.0492E+00  3.4251E+00

0ITERATION NO.:   27    OBJECTIVE VALUE:   936.357307145353        NO. OF FUNC. EVALS.:   7
 CUMULATIVE NO. OF FUNC. EVALS.:      211
 NPARAMETR:  3.7809E+01  2.3337E+02  7.5584E-02  5.2839E-01  2.3322E-01
 PARAMETER:  3.7809E+01  1.0158E+01 -1.7993E-01  9.3233E-01 -1.6974E-01
 GRADIENT:  -3.2276E-01  1.2292E+01 -3.4225E-01  1.6472E+00  2.6895E+00

0ITERATION NO.:   28    OBJECTIVE VALUE:   936.321169943426        NO. OF FUNC. EVALS.:   7
 CUMULATIVE NO. OF FUNC. EVALS.:      218
 NPARAMETR:  3.7692E+01  2.3049E+02  7.5707E-02  5.1473E-01  2.3212E-01
 PARAMETER:  3.7692E+01  1.0145E+01 -1.7830E-01  9.1923E-01 -1.7211E-01
 GRADIENT:  -2.6345E-01  9.8825E+00 -1.4557E-01  1.3241E+00  1.9241E+00

0ITERATION NO.:   29    OBJECTIVE VALUE:   936.294200672925        NO. OF FUNC. EVALS.:   8
 CUMULATIVE NO. OF FUNC. EVALS.:      226
 NPARAMETR:  3.7641E+01  2.2666E+02  7.5514E-02  4.9327E-01  2.3089E-01
 PARAMETER:  3.7641E+01  1.0129E+01 -1.8085E-01  8.9794E-01 -1.7477E-01
 GRADIENT:  -1.6471E-01  5.9764E+00 -5.0701E-02  7.7088E-01  1.3815E+00

0ITERATION NO.:   30    OBJECTIVE VALUE:   936.289694596173        NO. OF FUNC. EVALS.:   7
 CUMULATIVE NO. OF FUNC. EVALS.:      233
 NPARAMETR:  3.7667E+01  2.2599E+02  7.5461E-02  4.8848E-01  2.3053E-01
 PARAMETER:  3.7667E+01  1.0126E+01 -1.8156E-01  8.9306E-01 -1.7554E-01
 GRADIENT:  -1.4133E-01  5.0742E+00 -1.2944E-01  6.5196E-01  1.1616E+00

0ITERATION NO.:   31    OBJECTIVE VALUE:   936.277054658902        NO. OF FUNC. EVALS.:   8
 CUMULATIVE NO. OF FUNC. EVALS.:      241
 NPARAMETR:  3.7811E+01  2.2497E+02  7.5660E-02  4.7668E-01  2.2956E-01
 PARAMETER:  3.7811E+01  1.0121E+01 -1.7892E-01  8.8084E-01 -1.7764E-01
 GRADIENT:  -8.4941E-02  2.9336E+00  7.8264E-02  3.7813E-01  4.9266E-01

0ITERATION NO.:   32    OBJECTIVE VALUE:   936.268511672162        NO. OF FUNC. EVALS.:   7
 CUMULATIVE NO. OF FUNC. EVALS.:      248
 NPARAMETR:  3.7995E+01  2.2455E+02  7.5542E-02  4.6768E-01  2.2911E-01
 PARAMETER:  3.7995E+01  1.0119E+01 -1.8048E-01  8.7131E-01 -1.7863E-01
 GRADIENT:  -4.1217E-02  1.2738E+00  2.3437E-01  1.3478E-01  3.5541E-01

0ITERATION NO.:   33    OBJECTIVE VALUE:   936.246189462138        NO. OF FUNC. EVALS.:   7
 CUMULATIVE NO. OF FUNC. EVALS.:      255
 NPARAMETR:  3.8369E+01  2.2492E+02  7.4864E-02  4.5956E-01  2.2855E-01
 PARAMETER:  3.8369E+01  1.0121E+01 -1.8949E-01  8.6255E-01 -1.7985E-01
 GRADIENT:   8.4600E-03 -5.9395E-01 -3.7918E-01 -1.1869E-01  1.0437E-01

0ITERATION NO.:   34    OBJECTIVE VALUE:   936.083846725523        NO. OF FUNC. EVALS.:   9
 CUMULATIVE NO. OF FUNC. EVALS.:      264
 NPARAMETR:  3.8858E+01  2.3094E+02  7.7957E-02  4.7070E-01  2.2729E-01
 PARAMETER:  3.8858E+01  1.0147E+01 -1.4901E-01  8.7452E-01 -1.8261E-01
 GRADIENT:  -6.2807E-02  2.4264E+00  1.5194E+00  4.4253E-01 -2.1010E+00

0ITERATION NO.:   35    OBJECTIVE VALUE:   936.083846725523        NO. OF FUNC. EVALS.:  17
 CUMULATIVE NO. OF FUNC. EVALS.:      281
 NPARAMETR:  3.8858E+01  2.3094E+02  7.7957E-02  4.7070E-01  2.2729E-01
 PARAMETER:  3.8858E+01  1.0147E+01 -1.4901E-01  8.7452E-01 -1.8261E-01
 GRADIENT:  -8.5456E-02  1.5494E+00  1.2338E+00  4.4253E-01 -2.1910E+00

0ITERATION NO.:   36    OBJECTIVE VALUE:   935.515752689526        NO. OF FUNC. EVALS.:  14
 CUMULATIVE NO. OF FUNC. EVALS.:      295
 NPARAMETR:  4.3750E+01  2.5265E+02  7.3504E-02  4.0356E-01  2.2934E-01
 PARAMETER:  4.3750E+01  1.0237E+01 -2.0783E-01  7.9758E-01 -1.7814E-01
 GRADIENT:   7.5224E-02 -3.9478E+00 -1.7153E+00 -2.1894E+00  2.4146E+00

0ITERATION NO.:   37    OBJECTIVE VALUE:   935.294314741222        NO. OF FUNC. EVALS.:  13
 CUMULATIVE NO. OF FUNC. EVALS.:      308
 NPARAMETR:  4.3320E+01  2.5738E+02  7.8100E-02  4.7657E-01  2.2754E-01
 PARAMETER:  4.3320E+01  1.0256E+01 -1.4718E-01  8.8072E-01 -1.8207E-01
 GRADIENT:  -4.8190E-02  1.4051E+00  1.3761E+00  7.0284E-01 -1.0668E+00

0ITERATION NO.:   38    OBJECTIVE VALUE:   934.983884863694        NO. OF FUNC. EVALS.:  13
 CUMULATIVE NO. OF FUNC. EVALS.:      321
 NPARAMETR:  4.6029E+01  2.6956E+02  7.4402E-02  4.3243E-01  2.2863E-01
 PARAMETER:  4.6029E+01  1.0302E+01 -1.9569E-01  8.3212E-01 -1.7968E-01
 GRADIENT:   1.2982E-02 -7.2049E-01 -1.0785E+00 -1.1764E+00  1.1246E+00

0ITERATION NO.:   39    OBJECTIVE VALUE:   934.970823930445        NO. OF FUNC. EVALS.:  13
 CUMULATIVE NO. OF FUNC. EVALS.:      334
 NPARAMETR:  4.5661E+01  2.6885E+02  7.5766E-02  4.5571E-01  2.2795E-01
 PARAMETER:  4.5661E+01  1.0299E+01 -1.7752E-01  8.5834E-01 -1.8117E-01
 GRADIENT:  -3.2834E-03 -5.4360E-02 -4.6652E-02 -2.0943E-01  1.0867E-01

0ITERATION NO.:   40    OBJECTIVE VALUE:   934.957163776112        NO. OF FUNC. EVALS.:  16
 CUMULATIVE NO. OF FUNC. EVALS.:      350            RESET HESSIAN, TYPE II
 NPARAMETR:  4.5662E+01  2.6989E+02  7.7558E-02  4.5671E-01  2.2793E-01
 PARAMETER:  4.5662E+01  1.0303E+01 -1.5414E-01  8.5944E-01 -1.8120E-01
 GRADIENT:   5.8026E-03  1.1690E+00  1.2796E+00 -1.0327E-02  1.7514E-01

0ITERATION NO.:   41    OBJECTIVE VALUE:   934.928426633189        NO. OF FUNC. EVALS.:   7
 CUMULATIVE NO. OF FUNC. EVALS.:      357
 NPARAMETR:  4.5661E+01  2.7087E+02  7.5670E-02  4.5771E-01  2.2791E-01
 PARAMETER:  4.5661E+01  1.0307E+01 -1.7879E-01  8.6054E-01 -1.8126E-01
 GRADIENT:  -3.0833E-02  2.8861E+00  3.3811E-02 -2.6735E-01 -4.4601E-01

0ITERATION NO.:   42    OBJECTIVE VALUE:   934.928426633189        NO. OF FUNC. EVALS.:  14
 CUMULATIVE NO. OF FUNC. EVALS.:      371
 NPARAMETR:  4.5661E+01  2.7087E+02  7.5670E-02  4.5771E-01  2.2791E-01
 PARAMETER:  4.5661E+01  1.0307E+01 -1.7879E-01  8.6054E-01 -1.8126E-01
 GRADIENT:  -4.9990E-02  2.1382E+00 -2.9995E-01 -2.6735E-01 -5.3507E-01

0ITERATION NO.:   43    OBJECTIVE VALUE:   934.928426633189        NO. OF FUNC. EVALS.:   8
 CUMULATIVE NO. OF FUNC. EVALS.:      379
 NPARAMETR:  4.5661E+01  2.7087E+02  7.5670E-02  4.5771E-01  2.2791E-01
 PARAMETER:  4.5661E+01  1.0307E+01 -1.7879E-01  8.6054E-01 -1.8126E-01
 GRADIENT:  -4.9990E-02  2.1382E+00 -2.9995E-01 -2.6735E-01 -5.3507E-01
 Elapsed estimation  time in seconds:   403.35
 Elapsed covariance  time in seconds:    96.52
 Elapsed postprocess time in seconds:     9.59
 Elapsed finaloutput time in seconds:     0.77
Done with nonmem execution
