Starting NMTRAN
        1 file(s) copied.
        1 file(s) copied.
  
 WARNINGS AND ERRORS (IF ANY) FOR PROBLEM    1
             
 (WARNING  2) NM-TRAN INFERS THAT THE DATA ARE POPULATION.

 LIM VALUES MAXLIM ASSESSED BY NMTRAN: 1,2,3,4,5,6,7,8,10,11,13,15,16        
        1 file(s) copied.
Pathlist information for compiler and MPI systems are located in nmpathlist.txt

Recompiling certain components.
starting wait
ending wait
Exiting lpreddo
Compiling FSUBS
Building NONMEM Executable
Starting nonmem execution ...
License Registered to: Medical University of Gdansk
Expiration Date:    14 JUL 2024
Current Date:        8 OCT 2023
Days until program expires : 281


 First Order Conditional Estimation with Interaction
 MONITORING OF SEARCH:


0ITERATION NO.:    0    OBJECTIVE VALUE:   2933.45681598954        NO. OF FUNC. EVALS.:   4
 CUMULATIVE NO. OF FUNC. EVALS.:        4
 NPARAMETR:  1.0000E+00  1.0000E-01  4.0000E-01
 PARAMETER:  1.0000E-01  1.0000E-01  1.0000E-01
 GRADIENT:  -1.5148E+03 -3.0536E+01 -1.4487E+03

0ITERATION NO.:    1    OBJECTIVE VALUE:   2039.31699925002        NO. OF FUNC. EVALS.:   5
 CUMULATIVE NO. OF FUNC. EVALS.:        9
 NPARAMETR:  1.8221E+00  1.0245E-01  1.2603E+00
 PARAMETER:  7.0000E-01  1.1210E-01  6.7383E-01
 GRADIENT:  -3.7366E+02 -2.2647E+01 -1.5759E+02

0ITERATION NO.:    2    OBJECTIVE VALUE:   1699.92179160294        NO. OF FUNC. EVALS.:   5
 CUMULATIVE NO. OF FUNC. EVALS.:       14
 NPARAMETR:  1.4880E+01  1.3215E-01  7.4090E+00
 PARAMETER:  2.8000E+00  2.3938E-01  1.5595E+00
 GRADIENT:  -4.1660E+00 -5.1358E+01  2.9552E+02

0ITERATION NO.:    3    OBJECTIVE VALUE:   1422.67395282737        NO. OF FUNC. EVALS.:   5
 CUMULATIVE NO. OF FUNC. EVALS.:       19
 NPARAMETR:  5.5984E+01  2.7098E-01  8.8461E-01
 PARAMETER:  4.1251E+00  5.9844E-01  4.9684E-01
 GRADIENT:  -4.9750E+00 -1.3873E+01  1.5029E+02

0ITERATION NO.:    4    OBJECTIVE VALUE:   1413.04118457262        NO. OF FUNC. EVALS.:   6
 CUMULATIVE NO. OF FUNC. EVALS.:       25
 NPARAMETR:  6.4153E+01  1.1058E-01  6.6939E-01
 PARAMETER:  4.2613E+00  1.5028E-01  3.5745E-01
 GRADIENT:  -4.7936E+00 -2.1195E+01  8.5064E+01

0ITERATION NO.:    5    OBJECTIVE VALUE:   1397.46034684207        NO. OF FUNC. EVALS.:   6
 CUMULATIVE NO. OF FUNC. EVALS.:       31
 NPARAMETR:  7.4863E+01  3.3913E-01  5.7250E-01
 PARAMETER:  4.4157E+00  7.1061E-01  2.7928E-01
 GRADIENT:  -4.0816E+00 -8.2704E+00  4.9475E+01

0ITERATION NO.:    6    OBJECTIVE VALUE:   1396.14765357114        NO. OF FUNC. EVALS.:   5
 CUMULATIVE NO. OF FUNC. EVALS.:       36
 NPARAMETR:  9.3225E+01  6.9837E-01  4.4941E-01
 PARAMETER:  4.6350E+00  1.0718E+00  1.5824E-01
 GRADIENT:  -2.9551E+00  1.1105E+01 -3.3568E+01

0ITERATION NO.:    7    OBJECTIVE VALUE:   1394.47429718574        NO. OF FUNC. EVALS.:   5
 CUMULATIVE NO. OF FUNC. EVALS.:       41
 NPARAMETR:  9.0132E+01  4.9054E-01  4.7034E-01
 PARAMETER:  4.6013E+00  8.9517E-01  1.8099E-01
 GRADIENT:  -2.9967E+00  2.3828E+00 -1.5496E+01

0ITERATION NO.:    8    OBJECTIVE VALUE:   1394.26854009025        NO. OF FUNC. EVALS.:   5
 CUMULATIVE NO. OF FUNC. EVALS.:       46
 NPARAMETR:  8.9987E+01  4.6019E-01  4.9128E-01
 PARAMETER:  4.5997E+00  8.6324E-01  2.0278E-01
 GRADIENT:  -2.7981E+00  4.9712E-01  4.5901E-01

0ITERATION NO.:    9    OBJECTIVE VALUE:   1394.16032171876        NO. OF FUNC. EVALS.:   5
 CUMULATIVE NO. OF FUNC. EVALS.:       51
 NPARAMETR:  9.6424E+01  4.1413E-01  4.8453E-01
 PARAMETER:  4.6688E+00  8.1050E-01  1.9586E-01
 GRADIENT:  -2.0848E+00 -2.4680E+00 -3.6068E+00

0ITERATION NO.:   10    OBJECTIVE VALUE:   1393.86520211804        NO. OF FUNC. EVALS.:   6
 CUMULATIVE NO. OF FUNC. EVALS.:       57
 NPARAMETR:  1.1242E+02  4.5005E-01  4.8728E-01
 PARAMETER:  4.8223E+00  8.5209E-01  1.9869E-01
 GRADIENT:  -9.0283E-01 -3.0117E-01 -1.0386E+00

0ITERATION NO.:   11    OBJECTIVE VALUE:   1393.79434079107        NO. OF FUNC. EVALS.:   5
 CUMULATIVE NO. OF FUNC. EVALS.:       62
 NPARAMETR:  1.4090E+02  4.6589E-01  4.8870E-01
 PARAMETER:  5.0481E+00  8.6938E-01  2.0014E-01
 GRADIENT:   2.1605E-01  4.8209E-01  4.1525E-01

0ITERATION NO.:   12    OBJECTIVE VALUE:   1393.78691775358        NO. OF FUNC. EVALS.:   5
 CUMULATIVE NO. OF FUNC. EVALS.:       67
 NPARAMETR:  1.3474E+02  4.5773E-01  4.8821E-01
 PARAMETER:  5.0033E+00  8.6056E-01  1.9964E-01
 GRADIENT:   4.9854E-02  2.9455E-02  9.3312E-02

0ITERATION NO.:   13    OBJECTIVE VALUE:   1393.78691775358        NO. OF FUNC. EVALS.:   5
 CUMULATIVE NO. OF FUNC. EVALS.:       72
 NPARAMETR:  1.3474E+02  4.5773E-01  4.8821E-01
 PARAMETER:  5.0033E+00  8.6056E-01  1.9964E-01
 GRADIENT:   1.3706E-02  2.9455E-02 -4.6891E-03

0ITERATION NO.:   14    OBJECTIVE VALUE:   1393.78691775358        NO. OF FUNC. EVALS.:   4
 CUMULATIVE NO. OF FUNC. EVALS.:       76
 NPARAMETR:  1.3474E+02  4.5773E-01  4.8821E-01
 PARAMETER:  5.0033E+00  8.6056E-01  1.9964E-01
 GRADIENT:   1.3706E-02  2.9455E-02 -4.6891E-03
 Elapsed estimation  time in seconds:    65.76
 Elapsed covariance  time in seconds:    18.60
 Elapsed postprocess time in seconds:    12.49
 Elapsed finaloutput time in seconds:     2.76
Done with nonmem execution
