PARAFILE=5.pnm, PROTOCOL=FPI, NODES= 4
TABLE NO.     1: First Order Conditional Estimation with Interaction: Goal Function=MINIMUM VALUE OF OBJECTIVE FUNCTION: Problem=1 Subproblem=0 Superproblem1=0 Iteration1=0 Superproblem2=0 Iteration2=0
 ITERATION            0
 STARTING SUBJECTS          1 TO        5 ON MANAGER: OK
 STARTING SUBJECTS          6 TO       10 ON WORKER1: OK
 STARTING SUBJECTS         11 TO       14 ON WORKER2: OK
 STARTING SUBJECTS         15 TO       18 ON WORKER3: OK
 COLLECTING SUBJECTS        1 TO        5 ON MANAGER
 COLLECTING SUBJECTS        6 TO       10 ON WORKER1
 COLLECTING SUBJECTS       11 TO       14 ON WORKER2
 COLLECTING SUBJECTS       15 TO       18 ON WORKER3
 ITERATION            0
 STARTING SUBJECTS          1 TO        5 ON MANAGER: OK
 STARTING SUBJECTS          6 TO       10 ON WORKER1: OK
 STARTING SUBJECTS         11 TO       14 ON WORKER2: OK
 STARTING SUBJECTS         15 TO       18 ON WORKER3: OK
 COLLECTING SUBJECTS        1 TO        5 ON MANAGER
 COLLECTING SUBJECTS        6 TO       10 ON WORKER1
 COLLECTING SUBJECTS       11 TO       14 ON WORKER2
 COLLECTING SUBJECTS       15 TO       18 ON WORKER3
 ITERATION            0
 STARTING SUBJECTS          1 TO        5 ON MANAGER: OK
 STARTING SUBJECTS          6 TO       10 ON WORKER1: OK
 STARTING SUBJECTS         11 TO       14 ON WORKER2: OK
 STARTING SUBJECTS         15 TO       18 ON WORKER3: OK
 COLLECTING SUBJECTS        1 TO        5 ON MANAGER
 COLLECTING SUBJECTS        6 TO       10 ON WORKER1
 COLLECTING SUBJECTS       11 TO       14 ON WORKER2
 COLLECTING SUBJECTS       15 TO       18 ON WORKER3
 ITERATION            0
 STARTING SUBJECTS          1 TO        5 ON MANAGER: OK
 STARTING SUBJECTS          6 TO       10 ON WORKER1: OK
 STARTING SUBJECTS         11 TO       14 ON WORKER2: OK
 STARTING SUBJECTS         15 TO       18 ON WORKER3: OK
 COLLECTING SUBJECTS        1 TO        5 ON MANAGER
 COLLECTING SUBJECTS        6 TO       10 ON WORKER1
 COLLECTING SUBJECTS       11 TO       14 ON WORKER2
 COLLECTING SUBJECTS       15 TO       18 ON WORKER3
 Tot. mngr. proc.   Time for this  Iteration  (DDD:HH:MM:SS.DD) 000:00:00:00.00
 Total Load         Time for this  Iteration  (DDD:HH:MM:SS.DD) 000:00:00:00.06
 Total Computation  Time for this  Iteration  (DDD:HH:MM:SS.DD) 000:00:00:00.31
 Accum. mngr. proc. Time among all Iterations (DDD:HH:MM:SS.DD) 000:00:00:00.00
 Accumulated Load   Time among all Iterations (DDD:HH:MM:SS.DD) 000:00:00:00.06
 Accumulated Comp.  Time among all Iterations (DDD:HH:MM:SS.DD) 000:00:00:00.31
 Accumulated CPU    Time of present job       (DDD:HH:MM:SS.DD) 000:00:00:00.00

 ITERATION            1
 STARTING SUBJECTS          1 TO        4 ON MANAGER: OK
 STARTING SUBJECTS          5 TO        9 ON WORKER1: OK
 STARTING SUBJECTS         10 TO       15 ON WORKER2: OK
 STARTING SUBJECTS         16 TO       18 ON WORKER3: OK
 COLLECTING SUBJECTS        1 TO        4 ON MANAGER
 COLLECTING SUBJECTS        5 TO        9 ON WORKER1
 COLLECTING SUBJECTS       10 TO       15 ON WORKER2
 COLLECTING SUBJECTS       16 TO       18 ON WORKER3
 ITERATION            1
 STARTING SUBJECTS          1 TO        4 ON MANAGER: OK
 STARTING SUBJECTS          5 TO        9 ON WORKER1: OK
 STARTING SUBJECTS         10 TO       15 ON WORKER2: OK
 STARTING SUBJECTS         16 TO       18 ON WORKER3: OK
 COLLECTING SUBJECTS        1 TO        4 ON MANAGER
 COLLECTING SUBJECTS       10 TO       15 ON WORKER2
 COLLECTING SUBJECTS        5 TO        9 ON WORKER1
 COLLECTING SUBJECTS       16 TO       18 ON WORKER3
 ITERATION            1
 STARTING SUBJECTS          1 TO        4 ON MANAGER: OK
 STARTING SUBJECTS          5 TO        9 ON WORKER1: OK
 STARTING SUBJECTS         10 TO       15 ON WORKER2: OK
 STARTING SUBJECTS         16 TO       18 ON WORKER3: OK
 COLLECTING SUBJECTS        1 TO        4 ON MANAGER
 COLLECTING SUBJECTS        5 TO        9 ON WORKER1
 COLLECTING SUBJECTS       10 TO       15 ON WORKER2
 COLLECTING SUBJECTS       16 TO       18 ON WORKER3
 ITERATION            1
 STARTING SUBJECTS          1 TO        4 ON MANAGER: OK
 STARTING SUBJECTS          5 TO        9 ON WORKER1: OK
 STARTING SUBJECTS         10 TO       15 ON WORKER2: OK
 STARTING SUBJECTS         16 TO       18 ON WORKER3: OK
 COLLECTING SUBJECTS        1 TO        4 ON MANAGER
 COLLECTING SUBJECTS       10 TO       15 ON WORKER2
 COLLECTING SUBJECTS       16 TO       18 ON WORKER3
 COLLECTING SUBJECTS        5 TO        9 ON WORKER1
 ITERATION            1
 STARTING SUBJECTS          1 TO        4 ON MANAGER: OK
 STARTING SUBJECTS          5 TO        9 ON WORKER1: OK
 STARTING SUBJECTS         10 TO       15 ON WORKER2: OK
 STARTING SUBJECTS         16 TO       18 ON WORKER3: OK
 COLLECTING SUBJECTS        1 TO        4 ON MANAGER
 COLLECTING SUBJECTS        5 TO        9 ON WORKER1
 COLLECTING SUBJECTS       10 TO       15 ON WORKER2
 COLLECTING SUBJECTS       16 TO       18 ON WORKER3
 Tot. mngr. proc.   Time for this  Iteration  (DDD:HH:MM:SS.DD) 000:00:00:00.00
 Total Load         Time for this  Iteration  (DDD:HH:MM:SS.DD) 000:00:00:00.08
 Total Computation  Time for this  Iteration  (DDD:HH:MM:SS.DD) 000:00:00:00.61
 Accum. mngr. proc. Time among all Iterations (DDD:HH:MM:SS.DD) 000:00:00:00.00
 Accumulated Load   Time among all Iterations (DDD:HH:MM:SS.DD) 000:00:00:00.14
 Accumulated Comp.  Time among all Iterations (DDD:HH:MM:SS.DD) 000:00:00:00.92
 Accumulated CPU    Time of present job       (DDD:HH:MM:SS.DD) 000:00:00:00.00

 ITERATION            2
 STARTING SUBJECTS          1 TO        5 ON MANAGER: OK
 STARTING SUBJECTS          6 TO        7 ON WORKER1: OK
 STARTING SUBJECTS          8 TO       14 ON WORKER2: OK
 STARTING SUBJECTS         15 TO       18 ON WORKER3: OK
 COLLECTING SUBJECTS        1 TO        5 ON MANAGER
 COLLECTING SUBJECTS        6 TO        7 ON WORKER1
 COLLECTING SUBJECTS        8 TO       14 ON WORKER2
 COLLECTING SUBJECTS       15 TO       18 ON WORKER3
 ITERATION            2
 STARTING SUBJECTS          1 TO        5 ON MANAGER: OK
 STARTING SUBJECTS          6 TO        7 ON WORKER1: OK
 STARTING SUBJECTS          8 TO       14 ON WORKER2: OK
 STARTING SUBJECTS         15 TO       18 ON WORKER3: OK
 COLLECTING SUBJECTS        1 TO        5 ON MANAGER
 COLLECTING SUBJECTS        6 TO        7 ON WORKER1
 COLLECTING SUBJECTS        8 TO       14 ON WORKER2
 COLLECTING SUBJECTS       15 TO       18 ON WORKER3
 ITERATION            2
 STARTING SUBJECTS          1 TO        5 ON MANAGER: OK
 STARTING SUBJECTS          6 TO        7 ON WORKER1: OK
 STARTING SUBJECTS          8 TO       14 ON WORKER2: OK
 STARTING SUBJECTS         15 TO       18 ON WORKER3: OK
 COLLECTING SUBJECTS        1 TO        5 ON MANAGER
 COLLECTING SUBJECTS        6 TO        7 ON WORKER1
 COLLECTING SUBJECTS        8 TO       14 ON WORKER2
 COLLECTING SUBJECTS       15 TO       18 ON WORKER3
 ITERATION            2
 STARTING SUBJECTS          1 TO        5 ON MANAGER: OK
 STARTING SUBJECTS          6 TO        7 ON WORKER1: OK
 STARTING SUBJECTS          8 TO       14 ON WORKER2: OK
 STARTING SUBJECTS         15 TO       18 ON WORKER3: OK
 COLLECTING SUBJECTS        1 TO        5 ON MANAGER
 COLLECTING SUBJECTS        6 TO        7 ON WORKER1
 COLLECTING SUBJECTS        8 TO       14 ON WORKER2
 COLLECTING SUBJECTS       15 TO       18 ON WORKER3
 ITERATION            2
 STARTING SUBJECTS          1 TO        5 ON MANAGER: OK
 STARTING SUBJECTS          6 TO        7 ON WORKER1: OK
 STARTING SUBJECTS          8 TO       14 ON WORKER2: OK
 STARTING SUBJECTS         15 TO       18 ON WORKER3: OK
 COLLECTING SUBJECTS        1 TO        5 ON MANAGER
 COLLECTING SUBJECTS        6 TO        7 ON WORKER1
 COLLECTING SUBJECTS        8 TO       14 ON WORKER2
 COLLECTING SUBJECTS       15 TO       18 ON WORKER3
 Tot. mngr. proc.   Time for this  Iteration  (DDD:HH:MM:SS.DD) 000:00:00:00.00
 Total Load         Time for this  Iteration  (DDD:HH:MM:SS.DD) 000:00:00:00.03
 Total Computation  Time for this  Iteration  (DDD:HH:MM:SS.DD) 000:00:00:00.80
 Accum. mngr. proc. Time among all Iterations (DDD:HH:MM:SS.DD) 000:00:00:00.00
 Accumulated Load   Time among all Iterations (DDD:HH:MM:SS.DD) 000:00:00:00.17
 Accumulated Comp.  Time among all Iterations (DDD:HH:MM:SS.DD) 000:00:00:01.72
 Accumulated CPU    Time of present job       (DDD:HH:MM:SS.DD) 000:00:00:00.00

 ITERATION            3
 STARTING SUBJECTS          1 TO        4 ON MANAGER: OK
 STARTING SUBJECTS          5 TO        9 ON WORKER1: OK
 STARTING SUBJECTS         10 TO       13 ON WORKER2: OK
 STARTING SUBJECTS         14 TO       18 ON WORKER3: OK
 COLLECTING SUBJECTS        1 TO        4 ON MANAGER
 COLLECTING SUBJECTS        5 TO        9 ON WORKER1
 COLLECTING SUBJECTS       10 TO       13 ON WORKER2
 COLLECTING SUBJECTS       14 TO       18 ON WORKER3
 ITERATION            3
 STARTING SUBJECTS          1 TO        4 ON MANAGER: OK
 STARTING SUBJECTS          5 TO        9 ON WORKER1: OK
 STARTING SUBJECTS         10 TO       13 ON WORKER2: OK
 STARTING SUBJECTS         14 TO       18 ON WORKER3: OK
 COLLECTING SUBJECTS        1 TO        4 ON MANAGER
 COLLECTING SUBJECTS       10 TO       13 ON WORKER2
 COLLECTING SUBJECTS       14 TO       18 ON WORKER3
 COLLECTING SUBJECTS        5 TO        9 ON WORKER1
 ITERATION            3
 STARTING SUBJECTS          1 TO        4 ON MANAGER: OK
 STARTING SUBJECTS          5 TO        9 ON WORKER1: OK
 STARTING SUBJECTS         10 TO       13 ON WORKER2: OK
 STARTING SUBJECTS         14 TO       18 ON WORKER3: OK
 COLLECTING SUBJECTS        1 TO        4 ON MANAGER
 COLLECTING SUBJECTS       10 TO       13 ON WORKER2
 COLLECTING SUBJECTS       14 TO       18 ON WORKER3
 COLLECTING SUBJECTS        5 TO        9 ON WORKER1
 ITERATION            3
 STARTING SUBJECTS          1 TO        4 ON MANAGER: OK
 STARTING SUBJECTS          5 TO        9 ON WORKER1: OK
 STARTING SUBJECTS         10 TO       13 ON WORKER2: OK
 STARTING SUBJECTS         14 TO       18 ON WORKER3: OK
 COLLECTING SUBJECTS        1 TO        4 ON MANAGER
 COLLECTING SUBJECTS        5 TO        9 ON WORKER1
 COLLECTING SUBJECTS       10 TO       13 ON WORKER2
 COLLECTING SUBJECTS       14 TO       18 ON WORKER3
 ITERATION            3
 STARTING SUBJECTS          1 TO        4 ON MANAGER: OK
 STARTING SUBJECTS          5 TO        9 ON WORKER1: OK
 STARTING SUBJECTS         10 TO       13 ON WORKER2: OK
 STARTING SUBJECTS         14 TO       18 ON WORKER3: OK
 COLLECTING SUBJECTS        1 TO        4 ON MANAGER
 COLLECTING SUBJECTS        5 TO        9 ON WORKER1
 COLLECTING SUBJECTS       10 TO       13 ON WORKER2
 COLLECTING SUBJECTS       14 TO       18 ON WORKER3
 Tot. mngr. proc.   Time for this  Iteration  (DDD:HH:MM:SS.DD) 000:00:00:00.00
 Total Load         Time for this  Iteration  (DDD:HH:MM:SS.DD) 000:00:00:00.06
 Total Computation  Time for this  Iteration  (DDD:HH:MM:SS.DD) 000:00:00:01.31
 Accum. mngr. proc. Time among all Iterations (DDD:HH:MM:SS.DD) 000:00:00:00.00
 Accumulated Load   Time among all Iterations (DDD:HH:MM:SS.DD) 000:00:00:00.23
 Accumulated Comp.  Time among all Iterations (DDD:HH:MM:SS.DD) 000:00:00:03.03
 Accumulated CPU    Time of present job       (DDD:HH:MM:SS.DD) 000:00:00:00.00

 ITERATION            4
 STARTING SUBJECTS          1 TO        4 ON MANAGER: OK
 STARTING SUBJECTS          5 TO        6 ON WORKER1: OK
 STARTING SUBJECTS          7 TO       14 ON WORKER2: OK
 STARTING SUBJECTS         15 TO       18 ON WORKER3: OK
 COLLECTING SUBJECTS        1 TO        4 ON MANAGER
 COLLECTING SUBJECTS       15 TO       18 ON WORKER3
 COLLECTING SUBJECTS        5 TO        6 ON WORKER1
 COLLECTING SUBJECTS        7 TO       14 ON WORKER2
 ITERATION            4
 STARTING SUBJECTS          1 TO        4 ON MANAGER: OK
 STARTING SUBJECTS          5 TO        6 ON WORKER1: OK
 STARTING SUBJECTS          7 TO       14 ON WORKER2: OK
 STARTING SUBJECTS         15 TO       18 ON WORKER3: OK
 COLLECTING SUBJECTS        1 TO        4 ON MANAGER
 COLLECTING SUBJECTS        5 TO        6 ON WORKER1
 COLLECTING SUBJECTS       15 TO       18 ON WORKER3
 COLLECTING SUBJECTS        7 TO       14 ON WORKER2
 ITERATION            4
 STARTING SUBJECTS          1 TO        4 ON MANAGER: OK
 STARTING SUBJECTS          5 TO        6 ON WORKER1: OK
 STARTING SUBJECTS          7 TO       14 ON WORKER2: OK
 STARTING SUBJECTS         15 TO       18 ON WORKER3: OK
 COLLECTING SUBJECTS        1 TO        4 ON MANAGER
 COLLECTING SUBJECTS        5 TO        6 ON WORKER1
 COLLECTING SUBJECTS       15 TO       18 ON WORKER3
 COLLECTING SUBJECTS        7 TO       14 ON WORKER2
 ITERATION            4
 STARTING SUBJECTS          1 TO        4 ON MANAGER: OK
 STARTING SUBJECTS          5 TO        6 ON WORKER1: OK
 STARTING SUBJECTS          7 TO       14 ON WORKER2: OK
 STARTING SUBJECTS         15 TO       18 ON WORKER3: OK
 COLLECTING SUBJECTS        1 TO        4 ON MANAGER
 COLLECTING SUBJECTS        5 TO        6 ON WORKER1
 COLLECTING SUBJECTS       15 TO       18 ON WORKER3
 COLLECTING SUBJECTS        7 TO       14 ON WORKER2
 ITERATION            4
 STARTING SUBJECTS          1 TO        4 ON MANAGER: OK
 STARTING SUBJECTS          5 TO        6 ON WORKER1: OK
 STARTING SUBJECTS          7 TO       14 ON WORKER2: OK
 STARTING SUBJECTS         15 TO       18 ON WORKER3: OK
 COLLECTING SUBJECTS        1 TO        4 ON MANAGER
 COLLECTING SUBJECTS        5 TO        6 ON WORKER1
 COLLECTING SUBJECTS       15 TO       18 ON WORKER3
 COLLECTING SUBJECTS        7 TO       14 ON WORKER2
 ITERATION            4
 STARTING SUBJECTS          1 TO        4 ON MANAGER: OK
 STARTING SUBJECTS          5 TO        6 ON WORKER1: OK
 STARTING SUBJECTS          7 TO       14 ON WORKER2: OK
 STARTING SUBJECTS         15 TO       18 ON WORKER3: OK
 COLLECTING SUBJECTS        1 TO        4 ON MANAGER
 COLLECTING SUBJECTS        5 TO        6 ON WORKER1
 COLLECTING SUBJECTS        7 TO       14 ON WORKER2
 COLLECTING SUBJECTS       15 TO       18 ON WORKER3
 Tot. mngr. proc.   Time for this  Iteration  (DDD:HH:MM:SS.DD) 000:00:00:00.00
 Total Load         Time for this  Iteration  (DDD:HH:MM:SS.DD) 000:00:00:00.03
 Total Computation  Time for this  Iteration  (DDD:HH:MM:SS.DD) 000:00:00:01.95
 Accum. mngr. proc. Time among all Iterations (DDD:HH:MM:SS.DD) 000:00:00:00.00
 Accumulated Load   Time among all Iterations (DDD:HH:MM:SS.DD) 000:00:00:00.27
 Accumulated Comp.  Time among all Iterations (DDD:HH:MM:SS.DD) 000:00:00:04.98
 Accumulated CPU    Time of present job       (DDD:HH:MM:SS.DD) 000:00:00:00.00

 ITERATION            5
 STARTING SUBJECTS          1 TO        2 ON MANAGER: OK
 STARTING SUBJECTS          3 TO        8 ON WORKER1: OK
 STARTING SUBJECTS          9 TO       15 ON WORKER2: OK
 STARTING SUBJECTS         16 TO       18 ON WORKER3: OK
 COLLECTING SUBJECTS        1 TO        2 ON MANAGER
 COLLECTING SUBJECTS       16 TO       18 ON WORKER3
 COLLECTING SUBJECTS        9 TO       15 ON WORKER2
 COLLECTING SUBJECTS        3 TO        8 ON WORKER1
 ITERATION            5
 STARTING SUBJECTS          1 TO        2 ON MANAGER: OK
 STARTING SUBJECTS          3 TO        8 ON WORKER1: OK
 STARTING SUBJECTS          9 TO       15 ON WORKER2: OK
 STARTING SUBJECTS         16 TO       18 ON WORKER3: OK
 COLLECTING SUBJECTS        1 TO        2 ON MANAGER
 COLLECTING SUBJECTS       16 TO       18 ON WORKER3
 COLLECTING SUBJECTS        3 TO        8 ON WORKER1
 COLLECTING SUBJECTS        9 TO       15 ON WORKER2
 ITERATION            5
 STARTING SUBJECTS          1 TO        2 ON MANAGER: OK
 STARTING SUBJECTS          3 TO        8 ON WORKER1: OK
 STARTING SUBJECTS          9 TO       15 ON WORKER2: OK
 STARTING SUBJECTS         16 TO       18 ON WORKER3: OK
 COLLECTING SUBJECTS        1 TO        2 ON MANAGER
 COLLECTING SUBJECTS       16 TO       18 ON WORKER3
 COLLECTING SUBJECTS        9 TO       15 ON WORKER2
 COLLECTING SUBJECTS        3 TO        8 ON WORKER1
 ITERATION            5
 STARTING SUBJECTS          1 TO        2 ON MANAGER: OK
 STARTING SUBJECTS          3 TO        8 ON WORKER1: OK
 STARTING SUBJECTS          9 TO       15 ON WORKER2: OK
 STARTING SUBJECTS         16 TO       18 ON WORKER3: OK
 COLLECTING SUBJECTS        1 TO        2 ON MANAGER
 COLLECTING SUBJECTS        9 TO       15 ON WORKER2
 COLLECTING SUBJECTS       16 TO       18 ON WORKER3
 COLLECTING SUBJECTS        3 TO        8 ON WORKER1
 ITERATION            5
 STARTING SUBJECTS          1 TO        2 ON MANAGER: OK
 STARTING SUBJECTS          3 TO        8 ON WORKER1: OK
 STARTING SUBJECTS          9 TO       15 ON WORKER2: OK
 STARTING SUBJECTS         16 TO       18 ON WORKER3: OK
 COLLECTING SUBJECTS        1 TO        2 ON MANAGER
 COLLECTING SUBJECTS        3 TO        8 ON WORKER1
 COLLECTING SUBJECTS        9 TO       15 ON WORKER2
 COLLECTING SUBJECTS       16 TO       18 ON WORKER3
 ITERATION            5
 STARTING SUBJECTS          1 TO        2 ON MANAGER: OK
 STARTING SUBJECTS          3 TO        8 ON WORKER1: OK
 STARTING SUBJECTS          9 TO       15 ON WORKER2: OK
 STARTING SUBJECTS         16 TO       18 ON WORKER3: OK
 COLLECTING SUBJECTS        1 TO        2 ON MANAGER
 COLLECTING SUBJECTS        3 TO        8 ON WORKER1
 COLLECTING SUBJECTS        9 TO       15 ON WORKER2
 COLLECTING SUBJECTS       16 TO       18 ON WORKER3
 Tot. mngr. proc.   Time for this  Iteration  (DDD:HH:MM:SS.DD) 000:00:00:00.00
 Total Load         Time for this  Iteration  (DDD:HH:MM:SS.DD) 000:00:00:00.06
 Total Computation  Time for this  Iteration  (DDD:HH:MM:SS.DD) 000:00:00:02.09
 Accum. mngr. proc. Time among all Iterations (DDD:HH:MM:SS.DD) 000:00:00:00.00
 Accumulated Load   Time among all Iterations (DDD:HH:MM:SS.DD) 000:00:00:00.33
 Accumulated Comp.  Time among all Iterations (DDD:HH:MM:SS.DD) 000:00:00:07.08
 Accumulated CPU    Time of present job       (DDD:HH:MM:SS.DD) 000:00:00:00.00

 ITERATION            6
 STARTING SUBJECTS          1 TO        5 ON MANAGER: OK
 STARTING SUBJECTS          6 TO       11 ON WORKER1: OK
 STARTING SUBJECTS         12 TO       16 ON WORKER2: OK
 STARTING SUBJECTS         17 TO       18 ON WORKER3: OK
 COLLECTING SUBJECTS        1 TO        5 ON MANAGER
 COLLECTING SUBJECTS        6 TO       11 ON WORKER1
 COLLECTING SUBJECTS       12 TO       16 ON WORKER2
 COLLECTING SUBJECTS       17 TO       18 ON WORKER3
 ITERATION            6
 STARTING SUBJECTS          1 TO        5 ON MANAGER: OK
 STARTING SUBJECTS          6 TO       11 ON WORKER1: OK
 STARTING SUBJECTS         12 TO       16 ON WORKER2: OK
 STARTING SUBJECTS         17 TO       18 ON WORKER3: OK
 COLLECTING SUBJECTS        1 TO        5 ON MANAGER
 COLLECTING SUBJECTS       12 TO       16 ON WORKER2
 COLLECTING SUBJECTS       17 TO       18 ON WORKER3
 COLLECTING SUBJECTS        6 TO       11 ON WORKER1
 ITERATION            6
 STARTING SUBJECTS          1 TO        5 ON MANAGER: OK
 STARTING SUBJECTS          6 TO       11 ON WORKER1: OK
 STARTING SUBJECTS         12 TO       16 ON WORKER2: OK
 STARTING SUBJECTS         17 TO       18 ON WORKER3: OK
 COLLECTING SUBJECTS        1 TO        5 ON MANAGER
 COLLECTING SUBJECTS        6 TO       11 ON WORKER1
 COLLECTING SUBJECTS       12 TO       16 ON WORKER2
 COLLECTING SUBJECTS       17 TO       18 ON WORKER3
 ITERATION            6
 STARTING SUBJECTS          1 TO        5 ON MANAGER: OK
 STARTING SUBJECTS          6 TO       11 ON WORKER1: OK
 STARTING SUBJECTS         12 TO       16 ON WORKER2: OK
 STARTING SUBJECTS         17 TO       18 ON WORKER3: OK
 COLLECTING SUBJECTS        1 TO        5 ON MANAGER
 COLLECTING SUBJECTS       12 TO       16 ON WORKER2
 COLLECTING SUBJECTS       17 TO       18 ON WORKER3
 COLLECTING SUBJECTS        6 TO       11 ON WORKER1
 ITERATION            6
 STARTING SUBJECTS          1 TO        5 ON MANAGER: OK
 STARTING SUBJECTS          6 TO       11 ON WORKER1: OK
 STARTING SUBJECTS         12 TO       16 ON WORKER2: OK
 STARTING SUBJECTS         17 TO       18 ON WORKER3: OK
 COLLECTING SUBJECTS        1 TO        5 ON MANAGER
 COLLECTING SUBJECTS        6 TO       11 ON WORKER1
 COLLECTING SUBJECTS       12 TO       16 ON WORKER2
 COLLECTING SUBJECTS       17 TO       18 ON WORKER3
 Tot. mngr. proc.   Time for this  Iteration  (DDD:HH:MM:SS.DD) 000:00:00:00.00
 Total Load         Time for this  Iteration  (DDD:HH:MM:SS.DD) 000:00:00:00.03
 Total Computation  Time for this  Iteration  (DDD:HH:MM:SS.DD) 000:00:00:01.97
 Accum. mngr. proc. Time among all Iterations (DDD:HH:MM:SS.DD) 000:00:00:00.00
 Accumulated Load   Time among all Iterations (DDD:HH:MM:SS.DD) 000:00:00:00.36
 Accumulated Comp.  Time among all Iterations (DDD:HH:MM:SS.DD) 000:00:00:09.05
 Accumulated CPU    Time of present job       (DDD:HH:MM:SS.DD) 000:00:00:00.00

 ITERATION            7
 STARTING SUBJECTS          1 TO        5 ON MANAGER: OK
 STARTING SUBJECTS          6 TO        9 ON WORKER1: OK
 STARTING SUBJECTS         10 TO       14 ON WORKER2: OK
 STARTING SUBJECTS         15 TO       18 ON WORKER3: OK
 COLLECTING SUBJECTS        1 TO        5 ON MANAGER
 COLLECTING SUBJECTS        6 TO        9 ON WORKER1
 COLLECTING SUBJECTS       10 TO       14 ON WORKER2
 COLLECTING SUBJECTS       15 TO       18 ON WORKER3
 ITERATION            7
 STARTING SUBJECTS          1 TO        5 ON MANAGER: OK
 STARTING SUBJECTS          6 TO        9 ON WORKER1: OK
 STARTING SUBJECTS         10 TO       14 ON WORKER2: OK
 STARTING SUBJECTS         15 TO       18 ON WORKER3: OK
 COLLECTING SUBJECTS        1 TO        5 ON MANAGER
 COLLECTING SUBJECTS        6 TO        9 ON WORKER1
 COLLECTING SUBJECTS       15 TO       18 ON WORKER3
 COLLECTING SUBJECTS       10 TO       14 ON WORKER2
 ITERATION            7
 STARTING SUBJECTS          1 TO        5 ON MANAGER: OK
 STARTING SUBJECTS          6 TO        9 ON WORKER1: OK
 STARTING SUBJECTS         10 TO       14 ON WORKER2: OK
 STARTING SUBJECTS         15 TO       18 ON WORKER3: OK
 COLLECTING SUBJECTS        1 TO        5 ON MANAGER
 COLLECTING SUBJECTS        6 TO        9 ON WORKER1
 COLLECTING SUBJECTS       10 TO       14 ON WORKER2
 COLLECTING SUBJECTS       15 TO       18 ON WORKER3
 ITERATION            7
 STARTING SUBJECTS          1 TO        5 ON MANAGER: OK
 STARTING SUBJECTS          6 TO        9 ON WORKER1: OK
 STARTING SUBJECTS         10 TO       14 ON WORKER2: OK
 STARTING SUBJECTS         15 TO       18 ON WORKER3: OK
 COLLECTING SUBJECTS        1 TO        5 ON MANAGER
 COLLECTING SUBJECTS        6 TO        9 ON WORKER1
 COLLECTING SUBJECTS       10 TO       14 ON WORKER2
 COLLECTING SUBJECTS       15 TO       18 ON WORKER3
 ITERATION            7
 STARTING SUBJECTS          1 TO        5 ON MANAGER: OK
 STARTING SUBJECTS          6 TO        9 ON WORKER1: OK
 STARTING SUBJECTS         10 TO       14 ON WORKER2: OK
 STARTING SUBJECTS         15 TO       18 ON WORKER3: OK
 COLLECTING SUBJECTS        1 TO        5 ON MANAGER
 COLLECTING SUBJECTS        6 TO        9 ON WORKER1
 COLLECTING SUBJECTS       10 TO       14 ON WORKER2
 COLLECTING SUBJECTS       15 TO       18 ON WORKER3
 Tot. mngr. proc.   Time for this  Iteration  (DDD:HH:MM:SS.DD) 000:00:00:00.00
 Total Load         Time for this  Iteration  (DDD:HH:MM:SS.DD) 000:00:00:00.02
 Total Computation  Time for this  Iteration  (DDD:HH:MM:SS.DD) 000:00:00:01.63
 Accum. mngr. proc. Time among all Iterations (DDD:HH:MM:SS.DD) 000:00:00:00.00
 Accumulated Load   Time among all Iterations (DDD:HH:MM:SS.DD) 000:00:00:00.38
 Accumulated Comp.  Time among all Iterations (DDD:HH:MM:SS.DD) 000:00:00:10.67
 Accumulated CPU    Time of present job       (DDD:HH:MM:SS.DD) 000:00:00:00.00

 ITERATION            8
 STARTING SUBJECTS          1 TO        4 ON MANAGER: OK
 STARTING SUBJECTS          5 TO        9 ON WORKER1: OK
 STARTING SUBJECTS         10 TO       14 ON WORKER2: OK
 STARTING SUBJECTS         15 TO       18 ON WORKER3: OK
 COLLECTING SUBJECTS        1 TO        4 ON MANAGER
 COLLECTING SUBJECTS       15 TO       18 ON WORKER3
 COLLECTING SUBJECTS       10 TO       14 ON WORKER2
 COLLECTING SUBJECTS        5 TO        9 ON WORKER1
 ITERATION            8
 STARTING SUBJECTS          1 TO        4 ON MANAGER: OK
 STARTING SUBJECTS          5 TO        9 ON WORKER1: OK
 STARTING SUBJECTS         10 TO       14 ON WORKER2: OK
 STARTING SUBJECTS         15 TO       18 ON WORKER3: OK
 COLLECTING SUBJECTS        1 TO        4 ON MANAGER
 COLLECTING SUBJECTS        5 TO        9 ON WORKER1
 COLLECTING SUBJECTS       10 TO       14 ON WORKER2
 COLLECTING SUBJECTS       15 TO       18 ON WORKER3
 ITERATION            8
 STARTING SUBJECTS          1 TO        4 ON MANAGER: OK
 STARTING SUBJECTS          5 TO        9 ON WORKER1: OK
 STARTING SUBJECTS         10 TO       14 ON WORKER2: OK
 STARTING SUBJECTS         15 TO       18 ON WORKER3: OK
 COLLECTING SUBJECTS        1 TO        4 ON MANAGER
 COLLECTING SUBJECTS        5 TO        9 ON WORKER1
 COLLECTING SUBJECTS       10 TO       14 ON WORKER2
 COLLECTING SUBJECTS       15 TO       18 ON WORKER3
 ITERATION            8
 STARTING SUBJECTS          1 TO        4 ON MANAGER: OK
 STARTING SUBJECTS          5 TO        9 ON WORKER1: OK
 STARTING SUBJECTS         10 TO       14 ON WORKER2: OK
 STARTING SUBJECTS         15 TO       18 ON WORKER3: OK
 COLLECTING SUBJECTS        1 TO        4 ON MANAGER
 COLLECTING SUBJECTS        5 TO        9 ON WORKER1
 COLLECTING SUBJECTS       10 TO       14 ON WORKER2
 COLLECTING SUBJECTS       15 TO       18 ON WORKER3
 ITERATION            8
 STARTING SUBJECTS          1 TO        4 ON MANAGER: OK
 STARTING SUBJECTS          5 TO        9 ON WORKER1: OK
 STARTING SUBJECTS         10 TO       14 ON WORKER2: OK
 STARTING SUBJECTS         15 TO       18 ON WORKER3: OK
 COLLECTING SUBJECTS        1 TO        4 ON MANAGER
 COLLECTING SUBJECTS        5 TO        9 ON WORKER1
 COLLECTING SUBJECTS       10 TO       14 ON WORKER2
 COLLECTING SUBJECTS       15 TO       18 ON WORKER3
 Tot. mngr. proc.   Time for this  Iteration  (DDD:HH:MM:SS.DD) 000:00:00:00.00
 Total Load         Time for this  Iteration  (DDD:HH:MM:SS.DD) 000:00:00:00.03
 Total Computation  Time for this  Iteration  (DDD:HH:MM:SS.DD) 000:00:00:01.36
 Accum. mngr. proc. Time among all Iterations (DDD:HH:MM:SS.DD) 000:00:00:00.00
 Accumulated Load   Time among all Iterations (DDD:HH:MM:SS.DD) 000:00:00:00.41
 Accumulated Comp.  Time among all Iterations (DDD:HH:MM:SS.DD) 000:00:00:12.03
 Accumulated CPU    Time of present job       (DDD:HH:MM:SS.DD) 000:00:00:00.00

 ITERATION            9
 STARTING SUBJECTS          1 TO        7 ON MANAGER: OK
 STARTING SUBJECTS          8 TO        9 ON WORKER1: OK
 STARTING SUBJECTS         10 TO       15 ON WORKER2: OK
 STARTING SUBJECTS         16 TO       18 ON WORKER3: OK
 COLLECTING SUBJECTS        1 TO        7 ON MANAGER
 COLLECTING SUBJECTS        8 TO        9 ON WORKER1
 COLLECTING SUBJECTS       10 TO       15 ON WORKER2
 COLLECTING SUBJECTS       16 TO       18 ON WORKER3
 ITERATION            9
 STARTING SUBJECTS          1 TO        7 ON MANAGER: OK
 STARTING SUBJECTS          8 TO        9 ON WORKER1: OK
 STARTING SUBJECTS         10 TO       15 ON WORKER2: OK
 STARTING SUBJECTS         16 TO       18 ON WORKER3: OK
 COLLECTING SUBJECTS        1 TO        7 ON MANAGER
 COLLECTING SUBJECTS        8 TO        9 ON WORKER1
 COLLECTING SUBJECTS       10 TO       15 ON WORKER2
 COLLECTING SUBJECTS       16 TO       18 ON WORKER3
 ITERATION            9
 STARTING SUBJECTS          1 TO        7 ON MANAGER: OK
 STARTING SUBJECTS          8 TO        9 ON WORKER1: OK
 STARTING SUBJECTS         10 TO       15 ON WORKER2: OK
 STARTING SUBJECTS         16 TO       18 ON WORKER3: OK
 COLLECTING SUBJECTS        1 TO        7 ON MANAGER
 COLLECTING SUBJECTS        8 TO        9 ON WORKER1
 COLLECTING SUBJECTS       10 TO       15 ON WORKER2
 COLLECTING SUBJECTS       16 TO       18 ON WORKER3
 ITERATION            9
 STARTING SUBJECTS          1 TO        7 ON MANAGER: OK
 STARTING SUBJECTS          8 TO        9 ON WORKER1: OK
 STARTING SUBJECTS         10 TO       15 ON WORKER2: OK
 STARTING SUBJECTS         16 TO       18 ON WORKER3: OK
 COLLECTING SUBJECTS        1 TO        7 ON MANAGER
 COLLECTING SUBJECTS        8 TO        9 ON WORKER1
 COLLECTING SUBJECTS       16 TO       18 ON WORKER3
 COLLECTING SUBJECTS       10 TO       15 ON WORKER2
 ITERATION            9
 STARTING SUBJECTS          1 TO        7 ON MANAGER: OK
 STARTING SUBJECTS          8 TO        9 ON WORKER1: OK
 STARTING SUBJECTS         10 TO       15 ON WORKER2: OK
 STARTING SUBJECTS         16 TO       18 ON WORKER3: OK
 COLLECTING SUBJECTS        1 TO        7 ON MANAGER
 COLLECTING SUBJECTS        8 TO        9 ON WORKER1
 COLLECTING SUBJECTS       10 TO       15 ON WORKER2
 COLLECTING SUBJECTS       16 TO       18 ON WORKER3
 Tot. mngr. proc.   Time for this  Iteration  (DDD:HH:MM:SS.DD) 000:00:00:00.00
 Total Load         Time for this  Iteration  (DDD:HH:MM:SS.DD) 000:00:00:00.02
 Total Computation  Time for this  Iteration  (DDD:HH:MM:SS.DD) 000:00:00:02.06
 Accum. mngr. proc. Time among all Iterations (DDD:HH:MM:SS.DD) 000:00:00:00.00
 Accumulated Load   Time among all Iterations (DDD:HH:MM:SS.DD) 000:00:00:00.42
 Accumulated Comp.  Time among all Iterations (DDD:HH:MM:SS.DD) 000:00:00:14.09
 Accumulated CPU    Time of present job       (DDD:HH:MM:SS.DD) 000:00:00:00.00

 ITERATION           10
 STARTING SUBJECTS          1 TO        5 ON MANAGER: OK
 STARTING SUBJECTS          6 TO        7 ON WORKER1: OK
 STARTING SUBJECTS          8 TO       13 ON WORKER2: OK
 STARTING SUBJECTS         14 TO       18 ON WORKER3: OK
 COLLECTING SUBJECTS        1 TO        5 ON MANAGER
 COLLECTING SUBJECTS        6 TO        7 ON WORKER1
 COLLECTING SUBJECTS       14 TO       18 ON WORKER3
 COLLECTING SUBJECTS        8 TO       13 ON WORKER2
 ITERATION           10
 STARTING SUBJECTS          1 TO        5 ON MANAGER: OK
 STARTING SUBJECTS          6 TO        7 ON WORKER1: OK
 STARTING SUBJECTS          8 TO       13 ON WORKER2: OK
 STARTING SUBJECTS         14 TO       18 ON WORKER3: OK
 COLLECTING SUBJECTS        1 TO        5 ON MANAGER
 COLLECTING SUBJECTS        6 TO        7 ON WORKER1
 COLLECTING SUBJECTS        8 TO       13 ON WORKER2
 COLLECTING SUBJECTS       14 TO       18 ON WORKER3
 ITERATION           10
 STARTING SUBJECTS          1 TO        5 ON MANAGER: OK
 STARTING SUBJECTS          6 TO        7 ON WORKER1: OK
 STARTING SUBJECTS          8 TO       13 ON WORKER2: OK
 STARTING SUBJECTS         14 TO       18 ON WORKER3: OK
 COLLECTING SUBJECTS        1 TO        5 ON MANAGER
 COLLECTING SUBJECTS        6 TO        7 ON WORKER1
 COLLECTING SUBJECTS       14 TO       18 ON WORKER3
 COLLECTING SUBJECTS        8 TO       13 ON WORKER2
 ITERATION           10
 STARTING SUBJECTS          1 TO        5 ON MANAGER: OK
 STARTING SUBJECTS          6 TO        7 ON WORKER1: OK
 STARTING SUBJECTS          8 TO       13 ON WORKER2: OK
 STARTING SUBJECTS         14 TO       18 ON WORKER3: OK
 COLLECTING SUBJECTS        1 TO        5 ON MANAGER
 COLLECTING SUBJECTS        6 TO        7 ON WORKER1
 COLLECTING SUBJECTS        8 TO       13 ON WORKER2
 COLLECTING SUBJECTS       14 TO       18 ON WORKER3
 ITERATION           10
 STARTING SUBJECTS          1 TO        5 ON MANAGER: OK
 STARTING SUBJECTS          6 TO        7 ON WORKER1: OK
 STARTING SUBJECTS          8 TO       13 ON WORKER2: OK
 STARTING SUBJECTS         14 TO       18 ON WORKER3: OK
 COLLECTING SUBJECTS        1 TO        5 ON MANAGER
 COLLECTING SUBJECTS        6 TO        7 ON WORKER1
 COLLECTING SUBJECTS        8 TO       13 ON WORKER2
 COLLECTING SUBJECTS       14 TO       18 ON WORKER3
 ITERATION           10
 STARTING SUBJECTS          1 TO        5 ON MANAGER: OK
 STARTING SUBJECTS          6 TO        7 ON WORKER1: OK
 STARTING SUBJECTS          8 TO       13 ON WORKER2: OK
 STARTING SUBJECTS         14 TO       18 ON WORKER3: OK
 COLLECTING SUBJECTS        1 TO        5 ON MANAGER
 COLLECTING SUBJECTS        8 TO       13 ON WORKER2
 COLLECTING SUBJECTS        6 TO        7 ON WORKER1
 COLLECTING SUBJECTS       14 TO       18 ON WORKER3
 Tot. mngr. proc.   Time for this  Iteration  (DDD:HH:MM:SS.DD) 000:00:00:00.00
 Total Load         Time for this  Iteration  (DDD:HH:MM:SS.DD) 000:00:00:00.05
 Total Computation  Time for this  Iteration  (DDD:HH:MM:SS.DD) 000:00:00:02.25
 Accum. mngr. proc. Time among all Iterations (DDD:HH:MM:SS.DD) 000:00:00:00.00
 Accumulated Load   Time among all Iterations (DDD:HH:MM:SS.DD) 000:00:00:00.47
 Accumulated Comp.  Time among all Iterations (DDD:HH:MM:SS.DD) 000:00:00:16.34
 Accumulated CPU    Time of present job       (DDD:HH:MM:SS.DD) 000:00:00:00.00

 ITERATION           11
 STARTING SUBJECTS          1 TO        4 ON MANAGER: OK
 STARTING SUBJECTS          5 TO        8 ON WORKER1: OK
 STARTING SUBJECTS          9 TO       14 ON WORKER2: OK
 STARTING SUBJECTS         15 TO       18 ON WORKER3: OK
 COLLECTING SUBJECTS        1 TO        4 ON MANAGER
 COLLECTING SUBJECTS       15 TO       18 ON WORKER3
 COLLECTING SUBJECTS        5 TO        8 ON WORKER1
 COLLECTING SUBJECTS        9 TO       14 ON WORKER2
 ITERATION           11
 STARTING SUBJECTS          1 TO        4 ON MANAGER: OK
 STARTING SUBJECTS          5 TO        8 ON WORKER1: OK
 STARTING SUBJECTS          9 TO       14 ON WORKER2: OK
 STARTING SUBJECTS         15 TO       18 ON WORKER3: OK
 COLLECTING SUBJECTS        1 TO        4 ON MANAGER
 COLLECTING SUBJECTS        5 TO        8 ON WORKER1
 COLLECTING SUBJECTS       15 TO       18 ON WORKER3
 COLLECTING SUBJECTS        9 TO       14 ON WORKER2
 ITERATION           11
 STARTING SUBJECTS          1 TO        4 ON MANAGER: OK
 STARTING SUBJECTS          5 TO        8 ON WORKER1: OK
 STARTING SUBJECTS          9 TO       14 ON WORKER2: OK
 STARTING SUBJECTS         15 TO       18 ON WORKER3: OK
 COLLECTING SUBJECTS        1 TO        4 ON MANAGER
 COLLECTING SUBJECTS        5 TO        8 ON WORKER1
 COLLECTING SUBJECTS        9 TO       14 ON WORKER2
 COLLECTING SUBJECTS       15 TO       18 ON WORKER3
 ITERATION           11
 STARTING SUBJECTS          1 TO        4 ON MANAGER: OK
 STARTING SUBJECTS          5 TO        8 ON WORKER1: OK
 STARTING SUBJECTS          9 TO       14 ON WORKER2: OK
 STARTING SUBJECTS         15 TO       18 ON WORKER3: OK
 COLLECTING SUBJECTS        1 TO        4 ON MANAGER
 COLLECTING SUBJECTS        5 TO        8 ON WORKER1
 COLLECTING SUBJECTS        9 TO       14 ON WORKER2
 COLLECTING SUBJECTS       15 TO       18 ON WORKER3
 ITERATION           11
 STARTING SUBJECTS          1 TO        4 ON MANAGER: OK
 STARTING SUBJECTS          5 TO        8 ON WORKER1: OK
 STARTING SUBJECTS          9 TO       14 ON WORKER2: OK
 STARTING SUBJECTS         15 TO       18 ON WORKER3: OK
 COLLECTING SUBJECTS        1 TO        4 ON MANAGER
 COLLECTING SUBJECTS        5 TO        8 ON WORKER1
 COLLECTING SUBJECTS        9 TO       14 ON WORKER2
 COLLECTING SUBJECTS       15 TO       18 ON WORKER3
 Tot. mngr. proc.   Time for this  Iteration  (DDD:HH:MM:SS.DD) 000:00:00:00.00
 Total Load         Time for this  Iteration  (DDD:HH:MM:SS.DD) 000:00:00:00.02
 Total Computation  Time for this  Iteration  (DDD:HH:MM:SS.DD) 000:00:00:01.27
 Accum. mngr. proc. Time among all Iterations (DDD:HH:MM:SS.DD) 000:00:00:00.00
 Accumulated Load   Time among all Iterations (DDD:HH:MM:SS.DD) 000:00:00:00.48
 Accumulated Comp.  Time among all Iterations (DDD:HH:MM:SS.DD) 000:00:00:17.61
 Accumulated CPU    Time of present job       (DDD:HH:MM:SS.DD) 000:00:00:00.00

 ITERATION           12
 STARTING SUBJECTS          1 TO        3 ON MANAGER: OK
 STARTING SUBJECTS          4 TO        7 ON WORKER1: OK
 STARTING SUBJECTS          8 TO       12 ON WORKER2: OK
 STARTING SUBJECTS         13 TO       18 ON WORKER3: OK
 COLLECTING SUBJECTS        1 TO        3 ON MANAGER
 COLLECTING SUBJECTS        4 TO        7 ON WORKER1
 COLLECTING SUBJECTS       13 TO       18 ON WORKER3
 COLLECTING SUBJECTS        8 TO       12 ON WORKER2
 ITERATION           12
 STARTING SUBJECTS          1 TO        3 ON MANAGER: OK
 STARTING SUBJECTS          4 TO        7 ON WORKER1: OK
 STARTING SUBJECTS          8 TO       12 ON WORKER2: OK
 STARTING SUBJECTS         13 TO       18 ON WORKER3: OK
 COLLECTING SUBJECTS        1 TO        3 ON MANAGER
 COLLECTING SUBJECTS        8 TO       12 ON WORKER2
 COLLECTING SUBJECTS       13 TO       18 ON WORKER3
 COLLECTING SUBJECTS        4 TO        7 ON WORKER1
 ITERATION           12
 STARTING SUBJECTS          1 TO        3 ON MANAGER: OK
 STARTING SUBJECTS          4 TO        7 ON WORKER1: OK
 STARTING SUBJECTS          8 TO       12 ON WORKER2: OK
 STARTING SUBJECTS         13 TO       18 ON WORKER3: OK
 COLLECTING SUBJECTS        1 TO        3 ON MANAGER
 COLLECTING SUBJECTS        8 TO       12 ON WORKER2
 COLLECTING SUBJECTS        4 TO        7 ON WORKER1
 COLLECTING SUBJECTS       13 TO       18 ON WORKER3
 ITERATION           12
 STARTING SUBJECTS          1 TO        3 ON MANAGER: OK
 STARTING SUBJECTS          4 TO        7 ON WORKER1: OK
 STARTING SUBJECTS          8 TO       12 ON WORKER2: OK
 STARTING SUBJECTS         13 TO       18 ON WORKER3: OK
 COLLECTING SUBJECTS        1 TO        3 ON MANAGER
 COLLECTING SUBJECTS        4 TO        7 ON WORKER1
 COLLECTING SUBJECTS       13 TO       18 ON WORKER3
 COLLECTING SUBJECTS        8 TO       12 ON WORKER2
 ITERATION           12
 STARTING SUBJECTS          1 TO        3 ON MANAGER: OK
 STARTING SUBJECTS          4 TO        7 ON WORKER1: OK
 STARTING SUBJECTS          8 TO       12 ON WORKER2: OK
 STARTING SUBJECTS         13 TO       18 ON WORKER3: OK
 COLLECTING SUBJECTS        1 TO        3 ON MANAGER
 COLLECTING SUBJECTS        4 TO        7 ON WORKER1
 COLLECTING SUBJECTS        8 TO       12 ON WORKER2
 COLLECTING SUBJECTS       13 TO       18 ON WORKER3
 Tot. mngr. proc.   Time for this  Iteration  (DDD:HH:MM:SS.DD) 000:00:00:00.00
 Total Load         Time for this  Iteration  (DDD:HH:MM:SS.DD) 000:00:00:00.11
 Total Computation  Time for this  Iteration  (DDD:HH:MM:SS.DD) 000:00:00:02.20
 Accum. mngr. proc. Time among all Iterations (DDD:HH:MM:SS.DD) 000:00:00:00.00
 Accumulated Load   Time among all Iterations (DDD:HH:MM:SS.DD) 000:00:00:00.59
 Accumulated Comp.  Time among all Iterations (DDD:HH:MM:SS.DD) 000:00:00:19.81
 Accumulated CPU    Time of present job       (DDD:HH:MM:SS.DD) 000:00:00:00.00

 ITERATION           13
 STARTING SUBJECTS          1 TO        5 ON MANAGER: OK
 STARTING SUBJECTS          6 TO        9 ON WORKER1: OK
 STARTING SUBJECTS         10 TO       14 ON WORKER2: OK
 STARTING SUBJECTS         15 TO       18 ON WORKER3: OK
 COLLECTING SUBJECTS        1 TO        5 ON MANAGER
 COLLECTING SUBJECTS        6 TO        9 ON WORKER1
 COLLECTING SUBJECTS       10 TO       14 ON WORKER2
 COLLECTING SUBJECTS       15 TO       18 ON WORKER3
 ITERATION           13
 STARTING SUBJECTS          1 TO        5 ON MANAGER: OK
 STARTING SUBJECTS          6 TO        9 ON WORKER1: OK
 STARTING SUBJECTS         10 TO       14 ON WORKER2: OK
 STARTING SUBJECTS         15 TO       18 ON WORKER3: OK
 COLLECTING SUBJECTS        1 TO        5 ON MANAGER
 COLLECTING SUBJECTS        6 TO        9 ON WORKER1
 COLLECTING SUBJECTS       10 TO       14 ON WORKER2
 COLLECTING SUBJECTS       15 TO       18 ON WORKER3
 ITERATION           13
 STARTING SUBJECTS          1 TO        5 ON MANAGER: OK
 STARTING SUBJECTS          6 TO        9 ON WORKER1: OK
 STARTING SUBJECTS         10 TO       14 ON WORKER2: OK
 STARTING SUBJECTS         15 TO       18 ON WORKER3: OK
 COLLECTING SUBJECTS        1 TO        5 ON MANAGER
 COLLECTING SUBJECTS        6 TO        9 ON WORKER1
 COLLECTING SUBJECTS       10 TO       14 ON WORKER2
 COLLECTING SUBJECTS       15 TO       18 ON WORKER3
 ITERATION           13
 STARTING SUBJECTS          1 TO        5 ON MANAGER: OK
 STARTING SUBJECTS          6 TO        9 ON WORKER1: OK
 STARTING SUBJECTS         10 TO       14 ON WORKER2: OK
 STARTING SUBJECTS         15 TO       18 ON WORKER3: OK
 COLLECTING SUBJECTS        1 TO        5 ON MANAGER
 COLLECTING SUBJECTS        6 TO        9 ON WORKER1
 COLLECTING SUBJECTS       10 TO       14 ON WORKER2
 COLLECTING SUBJECTS       15 TO       18 ON WORKER3
 ITERATION           13
 STARTING SUBJECTS          1 TO        5 ON MANAGER: OK
 STARTING SUBJECTS          6 TO        9 ON WORKER1: OK
 STARTING SUBJECTS         10 TO       14 ON WORKER2: OK
 STARTING SUBJECTS         15 TO       18 ON WORKER3: OK
 COLLECTING SUBJECTS        1 TO        5 ON MANAGER
 COLLECTING SUBJECTS        6 TO        9 ON WORKER1
 COLLECTING SUBJECTS       10 TO       14 ON WORKER2
 COLLECTING SUBJECTS       15 TO       18 ON WORKER3
 Tot. mngr. proc.   Time for this  Iteration  (DDD:HH:MM:SS.DD) 000:00:00:00.00
 Total Load         Time for this  Iteration  (DDD:HH:MM:SS.DD) 000:00:00:00.25
 Total Computation  Time for this  Iteration  (DDD:HH:MM:SS.DD) 000:00:00:00.86
 Accum. mngr. proc. Time among all Iterations (DDD:HH:MM:SS.DD) 000:00:00:00.00
 Accumulated Load   Time among all Iterations (DDD:HH:MM:SS.DD) 000:00:00:00.84
 Accumulated Comp.  Time among all Iterations (DDD:HH:MM:SS.DD) 000:00:00:20.67
 Accumulated CPU    Time of present job       (DDD:HH:MM:SS.DD) 000:00:00:26.86

 ITERATION           14
 STARTING SUBJECTS          1 TO        5 ON MANAGER: OK
 STARTING SUBJECTS          6 TO        9 ON WORKER1: OK
 STARTING SUBJECTS         10 TO       14 ON WORKER2: OK
 STARTING SUBJECTS         15 TO       18 ON WORKER3: OK
 COLLECTING SUBJECTS        1 TO        5 ON MANAGER
 COLLECTING SUBJECTS        6 TO        9 ON WORKER1
 COLLECTING SUBJECTS       10 TO       14 ON WORKER2
 COLLECTING SUBJECTS       15 TO       18 ON WORKER3
 ITERATION           14
 STARTING SUBJECTS          1 TO        5 ON MANAGER: OK
 STARTING SUBJECTS          6 TO        9 ON WORKER1: OK
 STARTING SUBJECTS         10 TO       14 ON WORKER2: OK
 STARTING SUBJECTS         15 TO       18 ON WORKER3: OK
 COLLECTING SUBJECTS        1 TO        5 ON MANAGER
 COLLECTING SUBJECTS        6 TO        9 ON WORKER1
 COLLECTING SUBJECTS       10 TO       14 ON WORKER2
 COLLECTING SUBJECTS       15 TO       18 ON WORKER3
 ITERATION           14
 STARTING SUBJECTS          1 TO        5 ON MANAGER: OK
 STARTING SUBJECTS          6 TO        9 ON WORKER1: OK
 STARTING SUBJECTS         10 TO       14 ON WORKER2: OK
 STARTING SUBJECTS         15 TO       18 ON WORKER3: OK
 COLLECTING SUBJECTS        1 TO        5 ON MANAGER
 COLLECTING SUBJECTS        6 TO        9 ON WORKER1
 COLLECTING SUBJECTS       10 TO       14 ON WORKER2
 COLLECTING SUBJECTS       15 TO       18 ON WORKER3
 ITERATION           14
 STARTING SUBJECTS          1 TO        5 ON MANAGER: OK
 STARTING SUBJECTS          6 TO        9 ON WORKER1: OK
 STARTING SUBJECTS         10 TO       14 ON WORKER2: OK
 STARTING SUBJECTS         15 TO       18 ON WORKER3: OK
 COLLECTING SUBJECTS        1 TO        5 ON MANAGER
 COLLECTING SUBJECTS        6 TO        9 ON WORKER1
 COLLECTING SUBJECTS       10 TO       14 ON WORKER2
 COLLECTING SUBJECTS       15 TO       18 ON WORKER3
 Tot. mngr. proc.   Time for this  Iteration  (DDD:HH:MM:SS.DD) 000:00:00:00.00
 Total Load         Time for this  Iteration  (DDD:HH:MM:SS.DD) 000:00:00:00.30
 Total Computation  Time for this  Iteration  (DDD:HH:MM:SS.DD) 000:00:00:04.61
 Accum. mngr. proc. Time among all Iterations (DDD:HH:MM:SS.DD) 000:00:00:00.00
 Accumulated Load   Time among all Iterations (DDD:HH:MM:SS.DD) 000:00:00:01.14
 Accumulated Comp.  Time among all Iterations (DDD:HH:MM:SS.DD) 000:00:00:25.28
 Accumulated CPU    Time of present job       (DDD:HH:MM:SS.DD) 000:00:00:26.86

 ITERATION           15
 STARTING SUBJECTS          1 TO        5 ON MANAGER: OK
 STARTING SUBJECTS          6 TO        9 ON WORKER1: OK
 STARTING SUBJECTS         10 TO       14 ON WORKER2: OK
 STARTING SUBJECTS         15 TO       18 ON WORKER3: OK
 COLLECTING SUBJECTS        1 TO        5 ON MANAGER
 COLLECTING SUBJECTS        6 TO        9 ON WORKER1
 COLLECTING SUBJECTS       10 TO       14 ON WORKER2
 COLLECTING SUBJECTS       15 TO       18 ON WORKER3
 ITERATION           15
 STARTING SUBJECTS          1 TO        5 ON MANAGER: OK
 STARTING SUBJECTS          6 TO        9 ON WORKER1: OK
 STARTING SUBJECTS         10 TO       14 ON WORKER2: OK
 STARTING SUBJECTS         15 TO       18 ON WORKER3: OK
 COLLECTING SUBJECTS        1 TO        5 ON MANAGER
 COLLECTING SUBJECTS        6 TO        9 ON WORKER1
 COLLECTING SUBJECTS       10 TO       14 ON WORKER2
 COLLECTING SUBJECTS       15 TO       18 ON WORKER3
PARAFILE=5.pnm, PROTOCOL=FPI, NODES= 4
COVARIANCE STEP : Problem=1 Subproblem=0 Superproblem1=0 Iteration1=0 Superproblem2=0 Iteration2=0
 ITERATION            0
 STARTING SUBJECTS          1 TO        5 ON MANAGER: OK
 STARTING SUBJECTS          6 TO       10 ON WORKER1: OK
 STARTING SUBJECTS         11 TO       14 ON WORKER2: OK
 STARTING SUBJECTS         15 TO       18 ON WORKER3: OK
 COLLECTING SUBJECTS        1 TO        5 ON MANAGER
 COLLECTING SUBJECTS        6 TO       10 ON WORKER1
 COLLECTING SUBJECTS       11 TO       14 ON WORKER2
 COLLECTING SUBJECTS       15 TO       18 ON WORKER3
 Tot. mngr. proc.   Time for this  Iteration  (DDD:HH:MM:SS.DD) 000:00:00:00.00
 Total Load         Time for this  Iteration  (DDD:HH:MM:SS.DD) 000:00:00:00.09
 Total Computation  Time for this  Iteration  (DDD:HH:MM:SS.DD) 000:00:00:00.53
 Accum. mngr. proc. Time among all Iterations (DDD:HH:MM:SS.DD) 000:00:00:00.00
 Accumulated Load   Time among all Iterations (DDD:HH:MM:SS.DD) 000:00:00:00.09
 Accumulated Comp.  Time among all Iterations (DDD:HH:MM:SS.DD) 000:00:00:00.53
 Accumulated CPU    Time of present job       (DDD:HH:MM:SS.DD) 000:00:00:26.86

 ITERATION            1
 STARTING SUBJECTS          1 TO        2 ON MANAGER: OK
 STARTING SUBJECTS          3 TO        5 ON WORKER1: OK
 STARTING SUBJECTS          6 TO       11 ON WORKER2: OK
 STARTING SUBJECTS         12 TO       18 ON WORKER3: OK
 COLLECTING SUBJECTS        1 TO        2 ON MANAGER
 COLLECTING SUBJECTS        3 TO        5 ON WORKER1
 COLLECTING SUBJECTS        6 TO       11 ON WORKER2
 COLLECTING SUBJECTS       12 TO       18 ON WORKER3
 Tot. mngr. proc.   Time for this  Iteration  (DDD:HH:MM:SS.DD) 000:00:00:00.00
 Total Load         Time for this  Iteration  (DDD:HH:MM:SS.DD) 000:00:00:00.02
 Total Computation  Time for this  Iteration  (DDD:HH:MM:SS.DD) 000:00:00:00.34
 Accum. mngr. proc. Time among all Iterations (DDD:HH:MM:SS.DD) 000:00:00:00.00
 Accumulated Load   Time among all Iterations (DDD:HH:MM:SS.DD) 000:00:00:00.11
 Accumulated Comp.  Time among all Iterations (DDD:HH:MM:SS.DD) 000:00:00:00.88
 Accumulated CPU    Time of present job       (DDD:HH:MM:SS.DD) 000:00:00:26.86

 ITERATION            2
 STARTING SUBJECTS          1 TO        6 ON MANAGER: OK
 STARTING SUBJECTS          7 TO        9 ON WORKER1: OK
 STARTING SUBJECTS         10 TO       14 ON WORKER2: OK
 STARTING SUBJECTS         15 TO       18 ON WORKER3: OK
 COLLECTING SUBJECTS        1 TO        6 ON MANAGER
 COLLECTING SUBJECTS        7 TO        9 ON WORKER1
 COLLECTING SUBJECTS       10 TO       14 ON WORKER2
 COLLECTING SUBJECTS       15 TO       18 ON WORKER3
 Tot. mngr. proc.   Time for this  Iteration  (DDD:HH:MM:SS.DD) 000:00:00:00.00
 Total Load         Time for this  Iteration  (DDD:HH:MM:SS.DD) 000:00:00:00.00
 Total Computation  Time for this  Iteration  (DDD:HH:MM:SS.DD) 000:00:00:00.45
 Accum. mngr. proc. Time among all Iterations (DDD:HH:MM:SS.DD) 000:00:00:00.00
 Accumulated Load   Time among all Iterations (DDD:HH:MM:SS.DD) 000:00:00:00.11
 Accumulated Comp.  Time among all Iterations (DDD:HH:MM:SS.DD) 000:00:00:01.33
 Accumulated CPU    Time of present job       (DDD:HH:MM:SS.DD) 000:00:00:26.86

 ITERATION            3
 STARTING SUBJECTS          1 TO        4 ON MANAGER: OK
 STARTING SUBJECTS          5 TO        8 ON WORKER1: OK
 STARTING SUBJECTS          9 TO       12 ON WORKER2: OK
 STARTING SUBJECTS         13 TO       18 ON WORKER3: OK
 COLLECTING SUBJECTS        1 TO        4 ON MANAGER
 COLLECTING SUBJECTS        5 TO        8 ON WORKER1
 COLLECTING SUBJECTS        9 TO       12 ON WORKER2
 COLLECTING SUBJECTS       13 TO       18 ON WORKER3
 Tot. mngr. proc.   Time for this  Iteration  (DDD:HH:MM:SS.DD) 000:00:00:00.00
 Total Load         Time for this  Iteration  (DDD:HH:MM:SS.DD) 000:00:00:00.03
 Total Computation  Time for this  Iteration  (DDD:HH:MM:SS.DD) 000:00:00:00.73
 Accum. mngr. proc. Time among all Iterations (DDD:HH:MM:SS.DD) 000:00:00:00.00
 Accumulated Load   Time among all Iterations (DDD:HH:MM:SS.DD) 000:00:00:00.14
 Accumulated Comp.  Time among all Iterations (DDD:HH:MM:SS.DD) 000:00:00:02.06
 Accumulated CPU    Time of present job       (DDD:HH:MM:SS.DD) 000:00:00:26.86

 ITERATION            4
 STARTING SUBJECTS          1 TO        2 ON MANAGER: OK
 STARTING SUBJECTS          3 TO        7 ON WORKER1: OK
 STARTING SUBJECTS          8 TO       13 ON WORKER2: OK
 STARTING SUBJECTS         14 TO       18 ON WORKER3: OK
 COLLECTING SUBJECTS        1 TO        2 ON MANAGER
 COLLECTING SUBJECTS        3 TO        7 ON WORKER1
 COLLECTING SUBJECTS       14 TO       18 ON WORKER3
 COLLECTING SUBJECTS        8 TO       13 ON WORKER2
 Tot. mngr. proc.   Time for this  Iteration  (DDD:HH:MM:SS.DD) 000:00:00:00.00
 Total Load         Time for this  Iteration  (DDD:HH:MM:SS.DD) 000:00:00:00.05
 Total Computation  Time for this  Iteration  (DDD:HH:MM:SS.DD) 000:00:00:00.58
 Accum. mngr. proc. Time among all Iterations (DDD:HH:MM:SS.DD) 000:00:00:00.00
 Accumulated Load   Time among all Iterations (DDD:HH:MM:SS.DD) 000:00:00:00.19
 Accumulated Comp.  Time among all Iterations (DDD:HH:MM:SS.DD) 000:00:00:02.64
 Accumulated CPU    Time of present job       (DDD:HH:MM:SS.DD) 000:00:00:26.86

 ITERATION            5
 STARTING SUBJECTS          1 TO        6 ON MANAGER: OK
 STARTING SUBJECTS          7 TO        9 ON WORKER1: OK
 STARTING SUBJECTS         10 TO       12 ON WORKER2: OK
 STARTING SUBJECTS         13 TO       18 ON WORKER3: OK
 COLLECTING SUBJECTS        1 TO        6 ON MANAGER
 COLLECTING SUBJECTS        7 TO        9 ON WORKER1
 COLLECTING SUBJECTS       10 TO       12 ON WORKER2
 COLLECTING SUBJECTS       13 TO       18 ON WORKER3
 Tot. mngr. proc.   Time for this  Iteration  (DDD:HH:MM:SS.DD) 000:00:00:00.00
 Total Load         Time for this  Iteration  (DDD:HH:MM:SS.DD) 000:00:00:00.03
 Total Computation  Time for this  Iteration  (DDD:HH:MM:SS.DD) 000:00:00:00.80
 Accum. mngr. proc. Time among all Iterations (DDD:HH:MM:SS.DD) 000:00:00:00.00
 Accumulated Load   Time among all Iterations (DDD:HH:MM:SS.DD) 000:00:00:00.22
 Accumulated Comp.  Time among all Iterations (DDD:HH:MM:SS.DD) 000:00:00:03.44
 Accumulated CPU    Time of present job       (DDD:HH:MM:SS.DD) 000:00:00:26.86

 ITERATION            6
 STARTING SUBJECTS          1 TO        6 ON MANAGER: OK
 STARTING SUBJECTS          7 TO        9 ON WORKER1: OK
 STARTING SUBJECTS         10 TO       12 ON WORKER2: OK
 STARTING SUBJECTS         13 TO       18 ON WORKER3: OK
 COLLECTING SUBJECTS        1 TO        6 ON MANAGER
 COLLECTING SUBJECTS        7 TO        9 ON WORKER1
 COLLECTING SUBJECTS       10 TO       12 ON WORKER2
 COLLECTING SUBJECTS       13 TO       18 ON WORKER3
 Tot. mngr. proc.   Time for this  Iteration  (DDD:HH:MM:SS.DD) 000:00:00:00.00
 Total Load         Time for this  Iteration  (DDD:HH:MM:SS.DD) 000:00:00:00.02
 Total Computation  Time for this  Iteration  (DDD:HH:MM:SS.DD) 000:00:00:00.53
 Accum. mngr. proc. Time among all Iterations (DDD:HH:MM:SS.DD) 000:00:00:00.00
 Accumulated Load   Time among all Iterations (DDD:HH:MM:SS.DD) 000:00:00:00.23
 Accumulated Comp.  Time among all Iterations (DDD:HH:MM:SS.DD) 000:00:00:03.97
 Accumulated CPU    Time of present job       (DDD:HH:MM:SS.DD) 000:00:00:26.86

 ITERATION            7
 STARTING SUBJECTS          1 TO        6 ON MANAGER: OK
 STARTING SUBJECTS          7 TO        8 ON WORKER1: OK
 STARTING SUBJECTS          9 TO       13 ON WORKER2: OK
 STARTING SUBJECTS         14 TO       18 ON WORKER3: OK
 COLLECTING SUBJECTS        1 TO        6 ON MANAGER
 COLLECTING SUBJECTS        7 TO        8 ON WORKER1
 COLLECTING SUBJECTS        9 TO       13 ON WORKER2
 COLLECTING SUBJECTS       14 TO       18 ON WORKER3
 Tot. mngr. proc.   Time for this  Iteration  (DDD:HH:MM:SS.DD) 000:00:00:00.00
 Total Load         Time for this  Iteration  (DDD:HH:MM:SS.DD) 000:00:00:00.03
 Total Computation  Time for this  Iteration  (DDD:HH:MM:SS.DD) 000:00:00:00.41
 Accum. mngr. proc. Time among all Iterations (DDD:HH:MM:SS.DD) 000:00:00:00.00
 Accumulated Load   Time among all Iterations (DDD:HH:MM:SS.DD) 000:00:00:00.27
 Accumulated Comp.  Time among all Iterations (DDD:HH:MM:SS.DD) 000:00:00:04.38
 Accumulated CPU    Time of present job       (DDD:HH:MM:SS.DD) 000:00:00:26.86

 ITERATION            8
 STARTING SUBJECTS          1 TO        7 ON MANAGER: OK
 STARTING SUBJECTS          8 TO        9 ON WORKER1: OK
 STARTING SUBJECTS         10 TO       13 ON WORKER2: OK
 STARTING SUBJECTS         14 TO       18 ON WORKER3: OK
 COLLECTING SUBJECTS        1 TO        7 ON MANAGER
 COLLECTING SUBJECTS        8 TO        9 ON WORKER1
 COLLECTING SUBJECTS       10 TO       13 ON WORKER2
 COLLECTING SUBJECTS       14 TO       18 ON WORKER3
 Tot. mngr. proc.   Time for this  Iteration  (DDD:HH:MM:SS.DD) 000:00:00:00.00
 Total Load         Time for this  Iteration  (DDD:HH:MM:SS.DD) 000:00:00:00.00
 Total Computation  Time for this  Iteration  (DDD:HH:MM:SS.DD) 000:00:00:00.30
 Accum. mngr. proc. Time among all Iterations (DDD:HH:MM:SS.DD) 000:00:00:00.00
 Accumulated Load   Time among all Iterations (DDD:HH:MM:SS.DD) 000:00:00:00.27
 Accumulated Comp.  Time among all Iterations (DDD:HH:MM:SS.DD) 000:00:00:04.67
 Accumulated CPU    Time of present job       (DDD:HH:MM:SS.DD) 000:00:00:26.86

 ITERATION            9
 STARTING SUBJECTS          1 TO        5 ON MANAGER: OK
 STARTING SUBJECTS          6 TO        7 ON WORKER1: OK
 STARTING SUBJECTS          8 TO       14 ON WORKER2: OK
 STARTING SUBJECTS         15 TO       18 ON WORKER3: OK
 COLLECTING SUBJECTS        1 TO        5 ON MANAGER
 COLLECTING SUBJECTS        6 TO        7 ON WORKER1
 COLLECTING SUBJECTS       15 TO       18 ON WORKER3
 COLLECTING SUBJECTS        8 TO       14 ON WORKER2
 Tot. mngr. proc.   Time for this  Iteration  (DDD:HH:MM:SS.DD) 000:00:00:00.00
 Total Load         Time for this  Iteration  (DDD:HH:MM:SS.DD) 000:00:00:00.02
 Total Computation  Time for this  Iteration  (DDD:HH:MM:SS.DD) 000:00:00:00.75
 Accum. mngr. proc. Time among all Iterations (DDD:HH:MM:SS.DD) 000:00:00:00.00
 Accumulated Load   Time among all Iterations (DDD:HH:MM:SS.DD) 000:00:00:00.28
 Accumulated Comp.  Time among all Iterations (DDD:HH:MM:SS.DD) 000:00:00:05.42
 Accumulated CPU    Time of present job       (DDD:HH:MM:SS.DD) 000:00:00:26.86

 ITERATION           10
 STARTING SUBJECTS          1 TO        5 ON MANAGER: OK
 STARTING SUBJECTS          6 TO        8 ON WORKER1: OK
 STARTING SUBJECTS          9 TO       13 ON WORKER2: OK
 STARTING SUBJECTS         14 TO       18 ON WORKER3: OK
 COLLECTING SUBJECTS        1 TO        5 ON MANAGER
 COLLECTING SUBJECTS        6 TO        8 ON WORKER1
 COLLECTING SUBJECTS        9 TO       13 ON WORKER2
 COLLECTING SUBJECTS       14 TO       18 ON WORKER3
 Tot. mngr. proc.   Time for this  Iteration  (DDD:HH:MM:SS.DD) 000:00:00:00.00
 Total Load         Time for this  Iteration  (DDD:HH:MM:SS.DD) 000:00:00:00.00
 Total Computation  Time for this  Iteration  (DDD:HH:MM:SS.DD) 000:00:00:00.44
 Accum. mngr. proc. Time among all Iterations (DDD:HH:MM:SS.DD) 000:00:00:00.00
 Accumulated Load   Time among all Iterations (DDD:HH:MM:SS.DD) 000:00:00:00.28
 Accumulated Comp.  Time among all Iterations (DDD:HH:MM:SS.DD) 000:00:00:05.86
 Accumulated CPU    Time of present job       (DDD:HH:MM:SS.DD) 000:00:00:26.86

 ITERATION           11
 STARTING SUBJECTS          1 TO        6 ON MANAGER: OK
 STARTING SUBJECTS          7 TO        7 ON WORKER1: OK
 STARTING SUBJECTS          8 TO       12 ON WORKER2: OK
 STARTING SUBJECTS         13 TO       18 ON WORKER3: OK
 COLLECTING SUBJECTS        1 TO        6 ON MANAGER
 COLLECTING SUBJECTS        7 TO        7 ON WORKER1
 COLLECTING SUBJECTS        8 TO       12 ON WORKER2
 COLLECTING SUBJECTS       13 TO       18 ON WORKER3
 Tot. mngr. proc.   Time for this  Iteration  (DDD:HH:MM:SS.DD) 000:00:00:00.00
 Total Load         Time for this  Iteration  (DDD:HH:MM:SS.DD) 000:00:00:00.02
 Total Computation  Time for this  Iteration  (DDD:HH:MM:SS.DD) 000:00:00:00.45
 Accum. mngr. proc. Time among all Iterations (DDD:HH:MM:SS.DD) 000:00:00:00.00
 Accumulated Load   Time among all Iterations (DDD:HH:MM:SS.DD) 000:00:00:00.30
 Accumulated Comp.  Time among all Iterations (DDD:HH:MM:SS.DD) 000:00:00:06.31
 Accumulated CPU    Time of present job       (DDD:HH:MM:SS.DD) 000:00:00:26.86

 ITERATION           12
 STARTING SUBJECTS          1 TO        5 ON MANAGER: OK
 STARTING SUBJECTS          6 TO        9 ON WORKER1: OK
 STARTING SUBJECTS         10 TO       14 ON WORKER2: OK
 STARTING SUBJECTS         15 TO       18 ON WORKER3: OK
 COLLECTING SUBJECTS        1 TO        5 ON MANAGER
 COLLECTING SUBJECTS        6 TO        9 ON WORKER1
 COLLECTING SUBJECTS       10 TO       14 ON WORKER2
 COLLECTING SUBJECTS       15 TO       18 ON WORKER3
 Tot. mngr. proc.   Time for this  Iteration  (DDD:HH:MM:SS.DD) 000:00:00:00.00
 Total Load         Time for this  Iteration  (DDD:HH:MM:SS.DD) 000:00:00:00.06
 Total Computation  Time for this  Iteration  (DDD:HH:MM:SS.DD) 000:00:00:00.78
 Accum. mngr. proc. Time among all Iterations (DDD:HH:MM:SS.DD) 000:00:00:00.00
 Accumulated Load   Time among all Iterations (DDD:HH:MM:SS.DD) 000:00:00:00.36
 Accumulated Comp.  Time among all Iterations (DDD:HH:MM:SS.DD) 000:00:00:07.09
 Accumulated CPU    Time of present job       (DDD:HH:MM:SS.DD) 000:00:00:26.86

 ITERATION           13
 STARTING SUBJECTS          1 TO        6 ON MANAGER: OK
 STARTING SUBJECTS          7 TO        9 ON WORKER1: OK
 STARTING SUBJECTS         10 TO       17 ON WORKER2: OK
 STARTING SUBJECTS         18 TO       18 ON WORKER3: OK
 COLLECTING SUBJECTS        1 TO        6 ON MANAGER
 COLLECTING SUBJECTS        7 TO        9 ON WORKER1
 COLLECTING SUBJECTS       18 TO       18 ON WORKER3
 COLLECTING SUBJECTS       10 TO       17 ON WORKER2
 Tot. mngr. proc.   Time for this  Iteration  (DDD:HH:MM:SS.DD) 000:00:00:00.00
 Total Load         Time for this  Iteration  (DDD:HH:MM:SS.DD) 000:00:00:00.05
 Total Computation  Time for this  Iteration  (DDD:HH:MM:SS.DD) 000:00:00:00.38
 Accum. mngr. proc. Time among all Iterations (DDD:HH:MM:SS.DD) 000:00:00:00.00
 Accumulated Load   Time among all Iterations (DDD:HH:MM:SS.DD) 000:00:00:00.41
 Accumulated Comp.  Time among all Iterations (DDD:HH:MM:SS.DD) 000:00:00:07.47
 Accumulated CPU    Time of present job       (DDD:HH:MM:SS.DD) 000:00:00:26.86

 ITERATION           14
 STARTING SUBJECTS          1 TO        7 ON MANAGER: OK
 STARTING SUBJECTS          8 TO       11 ON WORKER1: OK
 STARTING SUBJECTS         12 TO       14 ON WORKER2: OK
 STARTING SUBJECTS         15 TO       18 ON WORKER3: OK
 COLLECTING SUBJECTS        1 TO        7 ON MANAGER
 COLLECTING SUBJECTS        8 TO       11 ON WORKER1
 COLLECTING SUBJECTS       12 TO       14 ON WORKER2
 COLLECTING SUBJECTS       15 TO       18 ON WORKER3
 Tot. mngr. proc.   Time for this  Iteration  (DDD:HH:MM:SS.DD) 000:00:00:00.00
 Total Load         Time for this  Iteration  (DDD:HH:MM:SS.DD) 000:00:00:00.00
 Total Computation  Time for this  Iteration  (DDD:HH:MM:SS.DD) 000:00:00:00.55
 Accum. mngr. proc. Time among all Iterations (DDD:HH:MM:SS.DD) 000:00:00:00.00
 Accumulated Load   Time among all Iterations (DDD:HH:MM:SS.DD) 000:00:00:00.41
 Accumulated Comp.  Time among all Iterations (DDD:HH:MM:SS.DD) 000:00:00:08.02
 Accumulated CPU    Time of present job       (DDD:HH:MM:SS.DD) 000:00:00:26.86

 ITERATION           15
 STARTING SUBJECTS          1 TO        5 ON MANAGER: OK
 STARTING SUBJECTS          6 TO        9 ON WORKER1: OK
 STARTING SUBJECTS         10 TO       13 ON WORKER2: OK
 STARTING SUBJECTS         14 TO       18 ON WORKER3: OK
 COLLECTING SUBJECTS        1 TO        5 ON MANAGER
 COLLECTING SUBJECTS        6 TO        9 ON WORKER1
 COLLECTING SUBJECTS       10 TO       13 ON WORKER2
 COLLECTING SUBJECTS       14 TO       18 ON WORKER3
 Tot. mngr. proc.   Time for this  Iteration  (DDD:HH:MM:SS.DD) 000:00:00:00.00
 Total Load         Time for this  Iteration  (DDD:HH:MM:SS.DD) 000:00:00:00.02
 Total Computation  Time for this  Iteration  (DDD:HH:MM:SS.DD) 000:00:00:00.31
 Accum. mngr. proc. Time among all Iterations (DDD:HH:MM:SS.DD) 000:00:00:00.00
 Accumulated Load   Time among all Iterations (DDD:HH:MM:SS.DD) 000:00:00:00.42
 Accumulated Comp.  Time among all Iterations (DDD:HH:MM:SS.DD) 000:00:00:08.33
 Accumulated CPU    Time of present job       (DDD:HH:MM:SS.DD) 000:00:00:26.86

 ITERATION           16
 STARTING SUBJECTS          1 TO        5 ON MANAGER: OK
 STARTING SUBJECTS          6 TO        8 ON WORKER1: OK
 STARTING SUBJECTS          9 TO       13 ON WORKER2: OK
 STARTING SUBJECTS         14 TO       18 ON WORKER3: OK
 COLLECTING SUBJECTS        1 TO        5 ON MANAGER
 COLLECTING SUBJECTS        6 TO        8 ON WORKER1
 COLLECTING SUBJECTS        9 TO       13 ON WORKER2
 COLLECTING SUBJECTS       14 TO       18 ON WORKER3
PARAFILE=5.pnm, PROTOCOL=FPI, NODES= 4
FNLETA STEP : Problem=1 Subproblem=0 Superproblem1=0 Iteration1=0 Superproblem2=0 Iteration2=0
 ITERATION            0
 STARTING SUBJECTS          1 TO        5 ON MANAGER: OK
 STARTING SUBJECTS          6 TO       10 ON WORKER1: OK
 STARTING SUBJECTS         11 TO       14 ON WORKER2: OK
 STARTING SUBJECTS         15 TO       18 ON WORKER3: OK
 COLLECTING SUBJECTS        1 TO        5 ON MANAGER
 COLLECTING SUBJECTS        6 TO       10 ON WORKER1
 COLLECTING SUBJECTS       11 TO       14 ON WORKER2
 COLLECTING SUBJECTS       15 TO       18 ON WORKER3
PARAFILE=5.pnm, PROTOCOL=FPI, NODES= 4
WRES STEP : Problem=1 Subproblem=0 Superproblem1=0 Iteration1=0 Superproblem2=0 Iteration2=0
 ITERATION            0
 STARTING SUBJECTS          1 TO        5 ON MANAGER: OK
 STARTING SUBJECTS          6 TO       10 ON WORKER1: OK
 STARTING SUBJECTS         11 TO       14 ON WORKER2: OK
 STARTING SUBJECTS         15 TO       18 ON WORKER3: OK
 COLLECTING SUBJECTS        1 TO        5 ON MANAGER
 COLLECTING SUBJECTS        6 TO       10 ON WORKER1
 COLLECTING SUBJECTS       11 TO       14 ON WORKER2
 COLLECTING SUBJECTS       15 TO       18 ON WORKER3
 Tot. mngr. proc.   Time for this  Iteration  (DDD:HH:MM:SS.DD) 000:00:00:00.14
 Total Load         Time for this  Iteration  (DDD:HH:MM:SS.DD) 000:00:00:00.08
 Total Computation  Time for this  Iteration  (DDD:HH:MM:SS.DD) 000:00:00:00.05
 Accum. mngr. proc. Time among all Iterations (DDD:HH:MM:SS.DD) 000:00:00:00.14
 Accumulated Load   Time among all Iterations (DDD:HH:MM:SS.DD) 000:00:00:00.08
 Accumulated Comp.  Time among all Iterations (DDD:HH:MM:SS.DD) 000:00:00:00.05
 Accumulated CPU    Time of present job       (DDD:HH:MM:SS.DD) 000:00:00:26.86

 ITERATION            1
 STARTING SUBJECTS          1 TO        3 ON MANAGER: OK
 STARTING SUBJECTS          4 TO        8 ON WORKER1: OK
 STARTING SUBJECTS          9 TO       13 ON WORKER2: OK
 STARTING SUBJECTS         14 TO       18 ON WORKER3: OK
 COLLECTING SUBJECTS        1 TO        3 ON MANAGER
 COLLECTING SUBJECTS        4 TO        8 ON WORKER1
 COLLECTING SUBJECTS        9 TO       13 ON WORKER2
 COLLECTING SUBJECTS       14 TO       18 ON WORKER3
 Tot. mngr. proc.   Time for this  Iteration  (DDD:HH:MM:SS.DD) 000:00:00:00.05
 Total Load         Time for this  Iteration  (DDD:HH:MM:SS.DD) 000:00:00:00.03
 Total Computation  Time for this  Iteration  (DDD:HH:MM:SS.DD) 000:00:00:00.21
 Accum. mngr. proc. Time among all Iterations (DDD:HH:MM:SS.DD) 000:00:00:00.19
 Accumulated Load   Time among all Iterations (DDD:HH:MM:SS.DD) 000:00:00:00.11
 Accumulated Comp.  Time among all Iterations (DDD:HH:MM:SS.DD) 000:00:00:00.25
 Accumulated CPU    Time of present job       (DDD:HH:MM:SS.DD) 000:00:00:26.86

 ITERATION            2
 STARTING SUBJECTS          1 TO        3 ON MANAGER: OK
 STARTING SUBJECTS          4 TO        8 ON WORKER1: OK
 STARTING SUBJECTS          9 TO       13 ON WORKER2: OK
 STARTING SUBJECTS         14 TO       18 ON WORKER3: OK
 COLLECTING SUBJECTS        1 TO        3 ON MANAGER
 COLLECTING SUBJECTS        4 TO        8 ON WORKER1
 COLLECTING SUBJECTS        9 TO       13 ON WORKER2
 COLLECTING SUBJECTS       14 TO       18 ON WORKER3
