Starting NMTRAN
        1 file(s) copied.
        1 file(s) copied.
  
 WARNINGS AND ERRORS (IF ANY) FOR PROBLEM    1
             
 (WARNING  2) NM-TRAN INFERS THAT THE DATA ARE POPULATION.

 LIM VALUES MAXLIM ASSESSED BY NMTRAN: 1,2,3,4,5,6,7,8,10,11,13,15,16        
        1 file(s) copied.
Pathlist information for compiler and MPI systems are located in nmpathlist.txt

Recompiling certain components.
starting wait
ending wait
Exiting lpreddo
Compiling FSUBS
Building NONMEM Executable
Starting nonmem execution ...
License Registered to: Medical University of Gdansk
Expiration Date:    14 JUL 2024
Current Date:        8 OCT 2023
Days until program expires : 281


 First Order Conditional Estimation with Interaction
 MONITORING OF SEARCH:


0ITERATION NO.:    0    OBJECTIVE VALUE:   2416.75488633455        NO. OF FUNC. EVALS.:   5
 CUMULATIVE NO. OF FUNC. EVALS.:        5
 NPARAMETR:  1.0000E+00  8.0000E-01  1.0000E-01  4.0000E-01
 PARAMETER:  1.0000E-01  1.0000E-01  1.0000E-01  1.0000E-01
 GRADIENT:  -8.7773E+02 -1.3013E+02 -4.3733E+01 -9.0060E+02

0ITERATION NO.:    1    OBJECTIVE VALUE:   1930.87214092630        NO. OF FUNC. EVALS.:   6
 CUMULATIVE NO. OF FUNC. EVALS.:       11
 NPARAMETR:  1.7946E+00  8.1351E-01  1.0600E-01  1.3280E+00
 PARAMETER:  6.8476E-01  1.8669E-01  1.2914E-01  7.0000E-01
 GRADIENT:  -2.9388E+02 -1.4801E+01 -2.4758E+01 -1.0119E+02

0ITERATION NO.:    2    OBJECTIVE VALUE:   1686.54436438856        NO. OF FUNC. EVALS.:   6
 CUMULATIVE NO. OF FUNC. EVALS.:       17
 NPARAMETR:  1.4000E+01  8.2870E-01  1.4984E-01  5.4650E+00
 PARAMETER:  2.7391E+00  2.9015E-01  3.0220E-01  1.4073E+00
 GRADIENT:  -3.5542E-01  4.2876E+01 -2.9452E+01  2.7650E+02

0ITERATION NO.:    3    OBJECTIVE VALUE:   1593.15599919654        NO. OF FUNC. EVALS.:   6
 CUMULATIVE NO. OF FUNC. EVALS.:       23
 NPARAMETR:  1.3248E+02  7.8664E-01  3.7099E-01  1.7949E-01
 PARAMETER:  4.9864E+00  1.8497E-02  7.5550E-01 -3.0066E-01
 GRADIENT:   1.1394E+00  7.6061E+01 -7.0322E+00 -6.9048E+02

0ITERATION NO.:    4    OBJECTIVE VALUE:   1106.01494529642        NO. OF FUNC. EVALS.:  12
 CUMULATIVE NO. OF FUNC. EVALS.:       35
 NPARAMETR:  2.7133E+02  9.5642E-02  1.0035E+01  1.8081E-01
 PARAMETER:  5.7033E+00 -3.5329E+00  2.4043E+00 -2.9701E-01
 GRADIENT:  -7.7758E+01 -3.5345E+02 -8.4943E+00 -4.0895E+02

0ITERATION NO.:    5    OBJECTIVE VALUE:   1074.02728797319        NO. OF FUNC. EVALS.:   7
 CUMULATIVE NO. OF FUNC. EVALS.:       42
 NPARAMETR:  2.4815E+02  1.0944E-01  4.3006E+01  2.0350E-01
 PARAMETER:  5.6140E+00 -3.3828E+00  3.1320E+00 -2.3789E-01
 GRADIENT:  -6.2970E+01 -7.4587E+01  2.6064E+01 -2.1522E+02

0ITERATION NO.:    6    OBJECTIVE VALUE:   1050.72815972481        NO. OF FUNC. EVALS.:   6
 CUMULATIVE NO. OF FUNC. EVALS.:       48
 NPARAMETR:  2.3894E+02  1.2335E-01  3.7199E+00  2.1436E-01
 PARAMETER:  5.5762E+00 -3.2474E+00  1.9081E+00 -2.1191E-01
 GRADIENT:  -5.0157E+01 -1.4024E+01 -1.3500E+01 -1.5958E+02

0ITERATION NO.:    7    OBJECTIVE VALUE:   1024.18821055400        NO. OF FUNC. EVALS.:   6
 CUMULATIVE NO. OF FUNC. EVALS.:       54
 NPARAMETR:  3.6341E+02  1.1025E-01  9.1314E+00  2.7990E-01
 PARAMETER:  5.9955E+00 -3.3745E+00  2.3572E+00 -7.8516E-02
 GRADIENT:  -2.4308E+01 -7.1750E+00  8.7303E+00 -3.8873E+01

0ITERATION NO.:    8    OBJECTIVE VALUE:   1015.33346168787        NO. OF FUNC. EVALS.:   6
 CUMULATIVE NO. OF FUNC. EVALS.:       60
 NPARAMETR:  7.3843E+02  1.0462E-01  4.3570E+00  3.3804E-01
 PARAMETER:  6.7045E+00 -3.4332E+00  1.9872E+00  1.5855E-02
 GRADIENT:  -6.6812E+00 -2.0954E+01 -1.4512E+01  1.7678E+01

0ITERATION NO.:    9    OBJECTIVE VALUE:   1012.10943987013        NO. OF FUNC. EVALS.:   6
 CUMULATIVE NO. OF FUNC. EVALS.:       66
 NPARAMETR:  9.0761E+02  1.0478E-01  6.9166E+00  3.1751E-01
 PARAMETER:  6.9108E+00 -3.4315E+00  2.2183E+00 -1.5477E-02
 GRADIENT:  -5.0231E+00 -9.0681E+00  3.8039E-02  7.8358E+00

0ITERATION NO.:   10    OBJECTIVE VALUE:   1010.36965423027        NO. OF FUNC. EVALS.:   6
 CUMULATIVE NO. OF FUNC. EVALS.:       72
 NPARAMETR:  1.5191E+03  1.0642E-01  8.0131E+00  2.9007E-01
 PARAMETER:  7.4259E+00 -3.4141E+00  2.2918E+00 -6.0679E-02
 GRADIENT:  -2.3955E+00 -2.1183E+00  3.8048E+00 -1.3351E+01

0ITERATION NO.:   11    OBJECTIVE VALUE:   1009.27534840030        NO. OF FUNC. EVALS.:   6
 CUMULATIVE NO. OF FUNC. EVALS.:       78
 NPARAMETR:  2.4738E+03  1.0617E-01  7.0672E+00  2.9705E-01
 PARAMETER:  7.9135E+00 -3.4167E+00  2.2290E+00 -4.8788E-02
 GRADIENT:  -1.2427E+00 -2.0703E+00  6.4892E-01 -5.3234E+00

0ITERATION NO.:   12    OBJECTIVE VALUE:   1008.59871604851        NO. OF FUNC. EVALS.:   6
 CUMULATIVE NO. OF FUNC. EVALS.:       84
 NPARAMETR:  6.6770E+03  1.0589E-01  6.3480E+00  3.0419E-01
 PARAMETER:  8.9064E+00 -3.4198E+00  2.1754E+00 -3.6898E-02
 GRADIENT:  -3.8287E-01 -2.1411E+00 -2.2957E+00  2.2314E+00

0ITERATION NO.:   13    OBJECTIVE VALUE:   1008.34138803436        NO. OF FUNC. EVALS.:   6
 CUMULATIVE NO. OF FUNC. EVALS.:       90
 NPARAMETR:  1.4122E+04  1.0595E-01  6.9742E+00  2.9959E-01
 PARAMETER:  9.6555E+00 -3.4191E+00  2.2224E+00 -4.4531E-02
 GRADIENT:  -1.7563E-01 -1.4773E-01  2.4756E-01 -1.1379E+00

0ITERATION NO.:   14    OBJECTIVE VALUE:   1008.24200782111        NO. OF FUNC. EVALS.:   6
 CUMULATIVE NO. OF FUNC. EVALS.:       96
 NPARAMETR:  3.7269E+04  1.0583E-01  7.1161E+00  2.9984E-01
 PARAMETER:  1.0626E+01 -3.4204E+00  2.2325E+00 -4.4108E-02
 GRADIENT:  -6.6612E-02  1.0519E-01  7.2978E-01 -7.0388E-01

0ITERATION NO.:   15    OBJECTIVE VALUE:   1008.19306621139        NO. OF FUNC. EVALS.:   6
 CUMULATIVE NO. OF FUNC. EVALS.:      102
 NPARAMETR:  1.1444E+05  1.0583E-01  6.8893E+00  3.0116E-01
 PARAMETER:  1.1748E+01 -3.4204E+00  2.2163E+00 -4.1916E-02
 GRADIENT:  -2.0617E-02 -2.1523E-01 -1.0876E-01  4.8028E-01

0ITERATION NO.:   16    OBJECTIVE VALUE:   1008.17604022153        NO. OF FUNC. EVALS.:   6
 CUMULATIVE NO. OF FUNC. EVALS.:      108
 NPARAMETR:  2.8196E+05  1.0591E-01  6.8743E+00  3.0041E-01
 PARAMETER:  1.2650E+01 -3.4195E+00  2.2152E+00 -4.3155E-02
 GRADIENT:  -8.4665E-03 -1.0555E-02 -1.4739E-01 -1.1865E-01

0ITERATION NO.:   17    OBJECTIVE VALUE:   1008.17253112827        NO. OF FUNC. EVALS.:   6
 CUMULATIVE NO. OF FUNC. EVALS.:      114
 NPARAMETR:  9.5145E+05  1.0588E-01  6.9270E+00  3.0030E-01
 PARAMETER:  1.3866E+01 -3.4198E+00  2.2190E+00 -4.3335E-02
 GRADIENT:   1.1436E-04 -3.1276E-02  4.3386E-02 -2.3851E-01

0ITERATION NO.:   18    OBJECTIVE VALUE:   1008.17253112827        NO. OF FUNC. EVALS.:   8
 CUMULATIVE NO. OF FUNC. EVALS.:      122
 NPARAMETR:  9.5145E+05  1.0588E-01  6.9270E+00  3.0030E-01
 PARAMETER:  1.3866E+01 -3.4198E+00  2.2190E+00 -4.3335E-02
 GRADIENT:  -2.6397E-03 -4.7073E+00  4.3386E-02 -2.8735E-01

0ITERATION NO.:   19    OBJECTIVE VALUE:   1008.16668601652        NO. OF FUNC. EVALS.:  10
 CUMULATIVE NO. OF FUNC. EVALS.:      132
 NPARAMETR:  1.0216E+06  1.0602E-01  6.9046E+00  2.9995E-01
 PARAMETER:  1.3937E+01 -3.4183E+00  2.2174E+00 -4.3928E-02
 GRADIENT:  -2.6486E-03 -3.9473E+00  3.6521E-02 -2.7742E-01

0ITERATION NO.:   20    OBJECTIVE VALUE:   1008.16152049511        NO. OF FUNC. EVALS.:  10
 CUMULATIVE NO. OF FUNC. EVALS.:      142
 NPARAMETR:  1.3480E+06  1.0629E-01  6.8621E+00  2.9932E-01
 PARAMETER:  1.4214E+01 -3.4155E+00  2.2143E+00 -4.4982E-02
 GRADIENT:  -1.3136E-03 -2.5988E+00  3.0363E-02 -2.5532E-01

0ITERATION NO.:   21    OBJECTIVE VALUE:   1008.15753148012        NO. OF FUNC. EVALS.:  10
 CUMULATIVE NO. OF FUNC. EVALS.:      152
 NPARAMETR:  1.7523E+06  1.0666E-01  6.7984E+00  2.9855E-01
 PARAMETER:  1.4476E+01 -3.4116E+00  2.2096E+00 -4.6266E-02
 GRADIENT:  -1.2155E-03 -5.3986E-01 -2.1628E-03 -5.3394E-02

0ITERATION NO.:   22    OBJECTIVE VALUE:   1008.15753148012        NO. OF FUNC. EVALS.:  17
 CUMULATIVE NO. OF FUNC. EVALS.:      169
 NPARAMETR:  1.7271E+06  1.0666E-01  6.7984E+00  2.9856E-01
 PARAMETER:  1.4476E+01 -3.4116E+00  2.2096E+00 -4.6266E-02
 GRADIENT:   3.1418E-03  1.3981E-01 -8.9054E-03 -3.2629E-01
 NUMSIGDIG:         1.2         4.2         4.2         1.8
 Elapsed estimation  time in seconds:   121.25
 Elapsed postprocess time in seconds:    12.91
 Elapsed finaloutput time in seconds:     1.84
Done with nonmem execution
