PARAFILE=2.pnm, PROTOCOL=FPI, NODES= 4
TABLE NO.     1: First Order Conditional Estimation with Interaction: Goal Function=MINIMUM VALUE OF OBJECTIVE FUNCTION: Problem=1 Subproblem=0 Superproblem1=0 Iteration1=0 Superproblem2=0 Iteration2=0
 ITERATION            0
 STARTING SUBJECTS          1 TO        5 ON MANAGER: OK
 STARTING SUBJECTS          6 TO       10 ON WORKER1: OK
 STARTING SUBJECTS         11 TO       14 ON WORKER2: OK
 STARTING SUBJECTS         15 TO       18 ON WORKER3: OK
 COLLECTING SUBJECTS        1 TO        5 ON MANAGER
 COLLECTING SUBJECTS        6 TO       10 ON WORKER1
 COLLECTING SUBJECTS       11 TO       14 ON WORKER2
 COLLECTING SUBJECTS       15 TO       18 ON WORKER3
 ITERATION            0
 STARTING SUBJECTS          1 TO        5 ON MANAGER: OK
 STARTING SUBJECTS          6 TO       10 ON WORKER1: OK
 STARTING SUBJECTS         11 TO       14 ON WORKER2: OK
 STARTING SUBJECTS         15 TO       18 ON WORKER3: OK
 COLLECTING SUBJECTS        1 TO        5 ON MANAGER
 COLLECTING SUBJECTS        6 TO       10 ON WORKER1
 COLLECTING SUBJECTS       11 TO       14 ON WORKER2
 COLLECTING SUBJECTS       15 TO       18 ON WORKER3
 ITERATION            0
 STARTING SUBJECTS          1 TO        5 ON MANAGER: OK
 STARTING SUBJECTS          6 TO       10 ON WORKER1: OK
 STARTING SUBJECTS         11 TO       14 ON WORKER2: OK
 STARTING SUBJECTS         15 TO       18 ON WORKER3: OK
 COLLECTING SUBJECTS        1 TO        5 ON MANAGER
 COLLECTING SUBJECTS        6 TO       10 ON WORKER1
 COLLECTING SUBJECTS       11 TO       14 ON WORKER2
 COLLECTING SUBJECTS       15 TO       18 ON WORKER3
 ITERATION            0
 STARTING SUBJECTS          1 TO        5 ON MANAGER: OK
 STARTING SUBJECTS          6 TO       10 ON WORKER1: OK
 STARTING SUBJECTS         11 TO       14 ON WORKER2: OK
 STARTING SUBJECTS         15 TO       18 ON WORKER3: OK
 COLLECTING SUBJECTS        1 TO        5 ON MANAGER
 COLLECTING SUBJECTS        6 TO       10 ON WORKER1
 COLLECTING SUBJECTS       11 TO       14 ON WORKER2
 COLLECTING SUBJECTS       15 TO       18 ON WORKER3
 ITERATION            0
 STARTING SUBJECTS          1 TO        5 ON MANAGER: OK
 STARTING SUBJECTS          6 TO       10 ON WORKER1: OK
 STARTING SUBJECTS         11 TO       14 ON WORKER2: OK
 STARTING SUBJECTS         15 TO       18 ON WORKER3: OK
 COLLECTING SUBJECTS        1 TO        5 ON MANAGER
 COLLECTING SUBJECTS        6 TO       10 ON WORKER1
 COLLECTING SUBJECTS       11 TO       14 ON WORKER2
 COLLECTING SUBJECTS       15 TO       18 ON WORKER3
 Tot. mngr. proc.   Time for this  Iteration  (DDD:HH:MM:SS.DD) 000:00:00:00.00
 Total Load         Time for this  Iteration  (DDD:HH:MM:SS.DD) 000:00:00:00.05
 Total Computation  Time for this  Iteration  (DDD:HH:MM:SS.DD) 000:00:00:00.33
 Accum. mngr. proc. Time among all Iterations (DDD:HH:MM:SS.DD) 000:00:00:00.00
 Accumulated Load   Time among all Iterations (DDD:HH:MM:SS.DD) 000:00:00:00.05
 Accumulated Comp.  Time among all Iterations (DDD:HH:MM:SS.DD) 000:00:00:00.33
 Accumulated CPU    Time of present job       (DDD:HH:MM:SS.DD) 000:00:00:00.00

 ITERATION            1
 STARTING SUBJECTS          1 TO        5 ON MANAGER: OK
 STARTING SUBJECTS          6 TO        9 ON WORKER1: OK
 STARTING SUBJECTS         10 TO       15 ON WORKER2: OK
 STARTING SUBJECTS         16 TO       18 ON WORKER3: OK
 COLLECTING SUBJECTS        1 TO        5 ON MANAGER
 COLLECTING SUBJECTS        6 TO        9 ON WORKER1
 COLLECTING SUBJECTS       10 TO       15 ON WORKER2
 COLLECTING SUBJECTS       16 TO       18 ON WORKER3
 ITERATION            1
 STARTING SUBJECTS          1 TO        5 ON MANAGER: OK
 STARTING SUBJECTS          6 TO        9 ON WORKER1: OK
 STARTING SUBJECTS         10 TO       15 ON WORKER2: OK
 STARTING SUBJECTS         16 TO       18 ON WORKER3: OK
 COLLECTING SUBJECTS        1 TO        5 ON MANAGER
 COLLECTING SUBJECTS        6 TO        9 ON WORKER1
 COLLECTING SUBJECTS       10 TO       15 ON WORKER2
 COLLECTING SUBJECTS       16 TO       18 ON WORKER3
 ITERATION            1
 STARTING SUBJECTS          1 TO        5 ON MANAGER: OK
 STARTING SUBJECTS          6 TO        9 ON WORKER1: OK
 STARTING SUBJECTS         10 TO       15 ON WORKER2: OK
 STARTING SUBJECTS         16 TO       18 ON WORKER3: OK
 COLLECTING SUBJECTS        1 TO        5 ON MANAGER
 COLLECTING SUBJECTS        6 TO        9 ON WORKER1
 COLLECTING SUBJECTS       16 TO       18 ON WORKER3
 COLLECTING SUBJECTS       10 TO       15 ON WORKER2
 ITERATION            1
 STARTING SUBJECTS          1 TO        5 ON MANAGER: OK
 STARTING SUBJECTS          6 TO        9 ON WORKER1: OK
 STARTING SUBJECTS         10 TO       15 ON WORKER2: OK
 STARTING SUBJECTS         16 TO       18 ON WORKER3: OK
 COLLECTING SUBJECTS        1 TO        5 ON MANAGER
 COLLECTING SUBJECTS        6 TO        9 ON WORKER1
 COLLECTING SUBJECTS       10 TO       15 ON WORKER2
 COLLECTING SUBJECTS       16 TO       18 ON WORKER3
 ITERATION            1
 STARTING SUBJECTS          1 TO        5 ON MANAGER: OK
 STARTING SUBJECTS          6 TO        9 ON WORKER1: OK
 STARTING SUBJECTS         10 TO       15 ON WORKER2: OK
 STARTING SUBJECTS         16 TO       18 ON WORKER3: OK
 COLLECTING SUBJECTS        1 TO        5 ON MANAGER
 COLLECTING SUBJECTS       10 TO       15 ON WORKER2
 COLLECTING SUBJECTS       16 TO       18 ON WORKER3
 COLLECTING SUBJECTS        6 TO        9 ON WORKER1
 ITERATION            1
 STARTING SUBJECTS          1 TO        5 ON MANAGER: OK
 STARTING SUBJECTS          6 TO        9 ON WORKER1: OK
 STARTING SUBJECTS         10 TO       15 ON WORKER2: OK
 STARTING SUBJECTS         16 TO       18 ON WORKER3: OK
 COLLECTING SUBJECTS        1 TO        5 ON MANAGER
 COLLECTING SUBJECTS        6 TO        9 ON WORKER1
 COLLECTING SUBJECTS       10 TO       15 ON WORKER2
 COLLECTING SUBJECTS       16 TO       18 ON WORKER3
 Tot. mngr. proc.   Time for this  Iteration  (DDD:HH:MM:SS.DD) 000:00:00:00.02
 Total Load         Time for this  Iteration  (DDD:HH:MM:SS.DD) 000:00:00:00.08
 Total Computation  Time for this  Iteration  (DDD:HH:MM:SS.DD) 000:00:00:00.48
 Accum. mngr. proc. Time among all Iterations (DDD:HH:MM:SS.DD) 000:00:00:00.02
 Accumulated Load   Time among all Iterations (DDD:HH:MM:SS.DD) 000:00:00:00.13
 Accumulated Comp.  Time among all Iterations (DDD:HH:MM:SS.DD) 000:00:00:00.81
 Accumulated CPU    Time of present job       (DDD:HH:MM:SS.DD) 000:00:00:00.00

 ITERATION            2
 STARTING SUBJECTS          1 TO        4 ON MANAGER: OK
 STARTING SUBJECTS          5 TO        8 ON WORKER1: OK
 STARTING SUBJECTS          9 TO       14 ON WORKER2: OK
 STARTING SUBJECTS         15 TO       18 ON WORKER3: OK
 COLLECTING SUBJECTS        1 TO        4 ON MANAGER
 COLLECTING SUBJECTS        5 TO        8 ON WORKER1
 COLLECTING SUBJECTS        9 TO       14 ON WORKER2
 COLLECTING SUBJECTS       15 TO       18 ON WORKER3
 ITERATION            2
 STARTING SUBJECTS          1 TO        4 ON MANAGER: OK
 STARTING SUBJECTS          5 TO        8 ON WORKER1: OK
 STARTING SUBJECTS          9 TO       14 ON WORKER2: OK
 STARTING SUBJECTS         15 TO       18 ON WORKER3: OK
 COLLECTING SUBJECTS        1 TO        4 ON MANAGER
 COLLECTING SUBJECTS        5 TO        8 ON WORKER1
 COLLECTING SUBJECTS        9 TO       14 ON WORKER2
 COLLECTING SUBJECTS       15 TO       18 ON WORKER3
 ITERATION            2
 STARTING SUBJECTS          1 TO        4 ON MANAGER: OK
 STARTING SUBJECTS          5 TO        8 ON WORKER1: OK
 STARTING SUBJECTS          9 TO       14 ON WORKER2: OK
 STARTING SUBJECTS         15 TO       18 ON WORKER3: OK
 COLLECTING SUBJECTS        1 TO        4 ON MANAGER
 COLLECTING SUBJECTS        5 TO        8 ON WORKER1
 COLLECTING SUBJECTS       15 TO       18 ON WORKER3
 COLLECTING SUBJECTS        9 TO       14 ON WORKER2
 ITERATION            2
 STARTING SUBJECTS          1 TO        4 ON MANAGER: OK
 STARTING SUBJECTS          5 TO        8 ON WORKER1: OK
 STARTING SUBJECTS          9 TO       14 ON WORKER2: OK
 STARTING SUBJECTS         15 TO       18 ON WORKER3: OK
 COLLECTING SUBJECTS        1 TO        4 ON MANAGER
 COLLECTING SUBJECTS       15 TO       18 ON WORKER3
 COLLECTING SUBJECTS        5 TO        8 ON WORKER1
 COLLECTING SUBJECTS        9 TO       14 ON WORKER2
 ITERATION            2
 STARTING SUBJECTS          1 TO        4 ON MANAGER: OK
 STARTING SUBJECTS          5 TO        8 ON WORKER1: OK
 STARTING SUBJECTS          9 TO       14 ON WORKER2: OK
 STARTING SUBJECTS         15 TO       18 ON WORKER3: OK
 COLLECTING SUBJECTS        1 TO        4 ON MANAGER
 COLLECTING SUBJECTS        5 TO        8 ON WORKER1
 COLLECTING SUBJECTS        9 TO       14 ON WORKER2
 COLLECTING SUBJECTS       15 TO       18 ON WORKER3
 ITERATION            2
 STARTING SUBJECTS          1 TO        4 ON MANAGER: OK
 STARTING SUBJECTS          5 TO        8 ON WORKER1: OK
 STARTING SUBJECTS          9 TO       14 ON WORKER2: OK
 STARTING SUBJECTS         15 TO       18 ON WORKER3: OK
 COLLECTING SUBJECTS        1 TO        4 ON MANAGER
 COLLECTING SUBJECTS        5 TO        8 ON WORKER1
 COLLECTING SUBJECTS        9 TO       14 ON WORKER2
 COLLECTING SUBJECTS       15 TO       18 ON WORKER3
 Tot. mngr. proc.   Time for this  Iteration  (DDD:HH:MM:SS.DD) 000:00:00:00.00
 Total Load         Time for this  Iteration  (DDD:HH:MM:SS.DD) 000:00:00:00.00
 Total Computation  Time for this  Iteration  (DDD:HH:MM:SS.DD) 000:00:00:01.16
 Accum. mngr. proc. Time among all Iterations (DDD:HH:MM:SS.DD) 000:00:00:00.02
 Accumulated Load   Time among all Iterations (DDD:HH:MM:SS.DD) 000:00:00:00.13
 Accumulated Comp.  Time among all Iterations (DDD:HH:MM:SS.DD) 000:00:00:01.97
 Accumulated CPU    Time of present job       (DDD:HH:MM:SS.DD) 000:00:00:00.00

 ITERATION            3
 STARTING SUBJECTS          1 TO        3 ON MANAGER: OK
 STARTING SUBJECTS          4 TO        9 ON WORKER1: OK
 STARTING SUBJECTS         10 TO       15 ON WORKER2: OK
 STARTING SUBJECTS         16 TO       18 ON WORKER3: OK
 COLLECTING SUBJECTS        1 TO        3 ON MANAGER
 COLLECTING SUBJECTS       16 TO       18 ON WORKER3
 COLLECTING SUBJECTS        4 TO        9 ON WORKER1
 COLLECTING SUBJECTS       10 TO       15 ON WORKER2
 ITERATION            3
 STARTING SUBJECTS          1 TO        3 ON MANAGER: OK
 STARTING SUBJECTS          4 TO        9 ON WORKER1: OK
 STARTING SUBJECTS         10 TO       15 ON WORKER2: OK
 STARTING SUBJECTS         16 TO       18 ON WORKER3: OK
 COLLECTING SUBJECTS        1 TO        3 ON MANAGER
 COLLECTING SUBJECTS       16 TO       18 ON WORKER3
 COLLECTING SUBJECTS        4 TO        9 ON WORKER1
 COLLECTING SUBJECTS       10 TO       15 ON WORKER2
 ITERATION            3
 STARTING SUBJECTS          1 TO        3 ON MANAGER: OK
 STARTING SUBJECTS          4 TO        9 ON WORKER1: OK
 STARTING SUBJECTS         10 TO       15 ON WORKER2: OK
 STARTING SUBJECTS         16 TO       18 ON WORKER3: OK
 COLLECTING SUBJECTS        1 TO        3 ON MANAGER
 COLLECTING SUBJECTS        4 TO        9 ON WORKER1
 COLLECTING SUBJECTS       10 TO       15 ON WORKER2
 COLLECTING SUBJECTS       16 TO       18 ON WORKER3
 ITERATION            3
 STARTING SUBJECTS          1 TO        3 ON MANAGER: OK
 STARTING SUBJECTS          4 TO        9 ON WORKER1: OK
 STARTING SUBJECTS         10 TO       15 ON WORKER2: OK
 STARTING SUBJECTS         16 TO       18 ON WORKER3: OK
 COLLECTING SUBJECTS        1 TO        3 ON MANAGER
 COLLECTING SUBJECTS       16 TO       18 ON WORKER3
 COLLECTING SUBJECTS        4 TO        9 ON WORKER1
 COLLECTING SUBJECTS       10 TO       15 ON WORKER2
 ITERATION            3
 STARTING SUBJECTS          1 TO        3 ON MANAGER: OK
 STARTING SUBJECTS          4 TO        9 ON WORKER1: OK
 STARTING SUBJECTS         10 TO       15 ON WORKER2: OK
 STARTING SUBJECTS         16 TO       18 ON WORKER3: OK
 COLLECTING SUBJECTS        1 TO        3 ON MANAGER
 COLLECTING SUBJECTS        4 TO        9 ON WORKER1
 COLLECTING SUBJECTS       10 TO       15 ON WORKER2
 COLLECTING SUBJECTS       16 TO       18 ON WORKER3
 ITERATION            3
 STARTING SUBJECTS          1 TO        3 ON MANAGER: OK
 STARTING SUBJECTS          4 TO        9 ON WORKER1: OK
 STARTING SUBJECTS         10 TO       15 ON WORKER2: OK
 STARTING SUBJECTS         16 TO       18 ON WORKER3: OK
 COLLECTING SUBJECTS        1 TO        3 ON MANAGER
 COLLECTING SUBJECTS        4 TO        9 ON WORKER1
 COLLECTING SUBJECTS       16 TO       18 ON WORKER3
 COLLECTING SUBJECTS       10 TO       15 ON WORKER2
 Tot. mngr. proc.   Time for this  Iteration  (DDD:HH:MM:SS.DD) 000:00:00:00.00
 Total Load         Time for this  Iteration  (DDD:HH:MM:SS.DD) 000:00:00:00.06
 Total Computation  Time for this  Iteration  (DDD:HH:MM:SS.DD) 000:00:00:01.30
 Accum. mngr. proc. Time among all Iterations (DDD:HH:MM:SS.DD) 000:00:00:00.02
 Accumulated Load   Time among all Iterations (DDD:HH:MM:SS.DD) 000:00:00:00.19
 Accumulated Comp.  Time among all Iterations (DDD:HH:MM:SS.DD) 000:00:00:03.27
 Accumulated CPU    Time of present job       (DDD:HH:MM:SS.DD) 000:00:00:00.00

 ITERATION            4
 STARTING SUBJECTS          1 TO        5 ON MANAGER: OK
 STARTING SUBJECTS          6 TO        8 ON WORKER1: OK
 STARTING SUBJECTS          9 TO       14 ON WORKER2: OK
 STARTING SUBJECTS         15 TO       18 ON WORKER3: OK
 COLLECTING SUBJECTS        1 TO        5 ON MANAGER
 COLLECTING SUBJECTS        6 TO        8 ON WORKER1
 COLLECTING SUBJECTS        9 TO       14 ON WORKER2
 COLLECTING SUBJECTS       15 TO       18 ON WORKER3
 ITERATION            4
 STARTING SUBJECTS          1 TO        5 ON MANAGER: OK
 STARTING SUBJECTS          6 TO        8 ON WORKER1: OK
 STARTING SUBJECTS          9 TO       14 ON WORKER2: OK
 STARTING SUBJECTS         15 TO       18 ON WORKER3: OK
 COLLECTING SUBJECTS        1 TO        5 ON MANAGER
 COLLECTING SUBJECTS        6 TO        8 ON WORKER1
 COLLECTING SUBJECTS       15 TO       18 ON WORKER3
 COLLECTING SUBJECTS        9 TO       14 ON WORKER2
 ITERATION            4
 STARTING SUBJECTS          1 TO        5 ON MANAGER: OK
 STARTING SUBJECTS          6 TO        8 ON WORKER1: OK
 STARTING SUBJECTS          9 TO       14 ON WORKER2: OK
 STARTING SUBJECTS         15 TO       18 ON WORKER3: OK
 COLLECTING SUBJECTS        1 TO        5 ON MANAGER
 COLLECTING SUBJECTS        6 TO        8 ON WORKER1
 COLLECTING SUBJECTS       15 TO       18 ON WORKER3
 COLLECTING SUBJECTS        9 TO       14 ON WORKER2
 ITERATION            4
 STARTING SUBJECTS          1 TO        5 ON MANAGER: OK
 STARTING SUBJECTS          6 TO        8 ON WORKER1: OK
 STARTING SUBJECTS          9 TO       14 ON WORKER2: OK
 STARTING SUBJECTS         15 TO       18 ON WORKER3: OK
 COLLECTING SUBJECTS        1 TO        5 ON MANAGER
 COLLECTING SUBJECTS        6 TO        8 ON WORKER1
 COLLECTING SUBJECTS       15 TO       18 ON WORKER3
 COLLECTING SUBJECTS        9 TO       14 ON WORKER2
 ITERATION            4
 STARTING SUBJECTS          1 TO        5 ON MANAGER: OK
 STARTING SUBJECTS          6 TO        8 ON WORKER1: OK
 STARTING SUBJECTS          9 TO       14 ON WORKER2: OK
 STARTING SUBJECTS         15 TO       18 ON WORKER3: OK
 COLLECTING SUBJECTS        1 TO        5 ON MANAGER
 COLLECTING SUBJECTS        6 TO        8 ON WORKER1
 COLLECTING SUBJECTS        9 TO       14 ON WORKER2
 COLLECTING SUBJECTS       15 TO       18 ON WORKER3
 ITERATION            4
 STARTING SUBJECTS          1 TO        5 ON MANAGER: OK
 STARTING SUBJECTS          6 TO        8 ON WORKER1: OK
 STARTING SUBJECTS          9 TO       14 ON WORKER2: OK
 STARTING SUBJECTS         15 TO       18 ON WORKER3: OK
 COLLECTING SUBJECTS        1 TO        5 ON MANAGER
 COLLECTING SUBJECTS        6 TO        8 ON WORKER1
 COLLECTING SUBJECTS       15 TO       18 ON WORKER3
 COLLECTING SUBJECTS        9 TO       14 ON WORKER2
 ITERATION            4
 STARTING SUBJECTS          1 TO        5 ON MANAGER: OK
 STARTING SUBJECTS          6 TO        8 ON WORKER1: OK
 STARTING SUBJECTS          9 TO       14 ON WORKER2: OK
 STARTING SUBJECTS         15 TO       18 ON WORKER3: OK
 COLLECTING SUBJECTS        1 TO        5 ON MANAGER
 COLLECTING SUBJECTS        6 TO        8 ON WORKER1
 COLLECTING SUBJECTS        9 TO       14 ON WORKER2
 COLLECTING SUBJECTS       15 TO       18 ON WORKER3
 ITERATION            4
 STARTING SUBJECTS          1 TO        5 ON MANAGER: OK
 STARTING SUBJECTS          6 TO        8 ON WORKER1: OK
 STARTING SUBJECTS          9 TO       14 ON WORKER2: OK
 STARTING SUBJECTS         15 TO       18 ON WORKER3: OK
 COLLECTING SUBJECTS        1 TO        5 ON MANAGER
 COLLECTING SUBJECTS        6 TO        8 ON WORKER1
 COLLECTING SUBJECTS       15 TO       18 ON WORKER3
 COLLECTING SUBJECTS        9 TO       14 ON WORKER2
 ITERATION            4
 STARTING SUBJECTS          1 TO        5 ON MANAGER: OK
 STARTING SUBJECTS          6 TO        8 ON WORKER1: OK
 STARTING SUBJECTS          9 TO       14 ON WORKER2: OK
 STARTING SUBJECTS         15 TO       18 ON WORKER3: OK
 COLLECTING SUBJECTS        1 TO        5 ON MANAGER
 COLLECTING SUBJECTS        6 TO        8 ON WORKER1
 COLLECTING SUBJECTS       15 TO       18 ON WORKER3
 COLLECTING SUBJECTS        9 TO       14 ON WORKER2
 ITERATION            4
 STARTING SUBJECTS          1 TO        5 ON MANAGER: OK
 STARTING SUBJECTS          6 TO        8 ON WORKER1: OK
 STARTING SUBJECTS          9 TO       14 ON WORKER2: OK
 STARTING SUBJECTS         15 TO       18 ON WORKER3: OK
 COLLECTING SUBJECTS        1 TO        5 ON MANAGER
 COLLECTING SUBJECTS        9 TO       14 ON WORKER2
 COLLECTING SUBJECTS       15 TO       18 ON WORKER3
 COLLECTING SUBJECTS        6 TO        8 ON WORKER1
 ITERATION            4
 STARTING SUBJECTS          1 TO        5 ON MANAGER: OK
 STARTING SUBJECTS          6 TO        8 ON WORKER1: OK
 STARTING SUBJECTS          9 TO       14 ON WORKER2: OK
 STARTING SUBJECTS         15 TO       18 ON WORKER3: OK
 COLLECTING SUBJECTS        1 TO        5 ON MANAGER
 COLLECTING SUBJECTS        6 TO        8 ON WORKER1
 COLLECTING SUBJECTS       15 TO       18 ON WORKER3
 COLLECTING SUBJECTS        9 TO       14 ON WORKER2
 ITERATION            4
 STARTING SUBJECTS          1 TO        5 ON MANAGER: OK
 STARTING SUBJECTS          6 TO        8 ON WORKER1: OK
 STARTING SUBJECTS          9 TO       14 ON WORKER2: OK
 STARTING SUBJECTS         15 TO       18 ON WORKER3: OK
 COLLECTING SUBJECTS        1 TO        5 ON MANAGER
 COLLECTING SUBJECTS        6 TO        8 ON WORKER1
 COLLECTING SUBJECTS        9 TO       14 ON WORKER2
 COLLECTING SUBJECTS       15 TO       18 ON WORKER3
 Tot. mngr. proc.   Time for this  Iteration  (DDD:HH:MM:SS.DD) 000:00:00:00.00
 Total Load         Time for this  Iteration  (DDD:HH:MM:SS.DD) 000:00:00:00.16
 Total Computation  Time for this  Iteration  (DDD:HH:MM:SS.DD) 000:00:00:03.88
 Accum. mngr. proc. Time among all Iterations (DDD:HH:MM:SS.DD) 000:00:00:00.02
 Accumulated Load   Time among all Iterations (DDD:HH:MM:SS.DD) 000:00:00:00.34
 Accumulated Comp.  Time among all Iterations (DDD:HH:MM:SS.DD) 000:00:00:07.14
 Accumulated CPU    Time of present job       (DDD:HH:MM:SS.DD) 000:00:00:00.00

 ITERATION            5
 STARTING SUBJECTS          1 TO        5 ON MANAGER: OK
 STARTING SUBJECTS          6 TO       10 ON WORKER1: OK
 STARTING SUBJECTS         11 TO       14 ON WORKER2: OK
 STARTING SUBJECTS         15 TO       18 ON WORKER3: OK
 COLLECTING SUBJECTS        1 TO        5 ON MANAGER
 COLLECTING SUBJECTS       11 TO       14 ON WORKER2
 COLLECTING SUBJECTS       15 TO       18 ON WORKER3
 COLLECTING SUBJECTS        6 TO       10 ON WORKER1
 ITERATION            5
 STARTING SUBJECTS          1 TO        5 ON MANAGER: OK
 STARTING SUBJECTS          6 TO       10 ON WORKER1: OK
 STARTING SUBJECTS         11 TO       14 ON WORKER2: OK
 STARTING SUBJECTS         15 TO       18 ON WORKER3: OK
 COLLECTING SUBJECTS        1 TO        5 ON MANAGER
 COLLECTING SUBJECTS       11 TO       14 ON WORKER2
 COLLECTING SUBJECTS        6 TO       10 ON WORKER1
 COLLECTING SUBJECTS       15 TO       18 ON WORKER3
 ITERATION            5
 STARTING SUBJECTS          1 TO        5 ON MANAGER: OK
 STARTING SUBJECTS          6 TO       10 ON WORKER1: OK
 STARTING SUBJECTS         11 TO       14 ON WORKER2: OK
 STARTING SUBJECTS         15 TO       18 ON WORKER3: OK
 COLLECTING SUBJECTS        1 TO        5 ON MANAGER
 COLLECTING SUBJECTS        6 TO       10 ON WORKER1
 COLLECTING SUBJECTS       11 TO       14 ON WORKER2
 COLLECTING SUBJECTS       15 TO       18 ON WORKER3
 ITERATION            5
 STARTING SUBJECTS          1 TO        5 ON MANAGER: OK
 STARTING SUBJECTS          6 TO       10 ON WORKER1: OK
 STARTING SUBJECTS         11 TO       14 ON WORKER2: OK
 STARTING SUBJECTS         15 TO       18 ON WORKER3: OK
 COLLECTING SUBJECTS        1 TO        5 ON MANAGER
 COLLECTING SUBJECTS        6 TO       10 ON WORKER1
 COLLECTING SUBJECTS       11 TO       14 ON WORKER2
 COLLECTING SUBJECTS       15 TO       18 ON WORKER3
 ITERATION            5
 STARTING SUBJECTS          1 TO        5 ON MANAGER: OK
 STARTING SUBJECTS          6 TO       10 ON WORKER1: OK
 STARTING SUBJECTS         11 TO       14 ON WORKER2: OK
 STARTING SUBJECTS         15 TO       18 ON WORKER3: OK
 COLLECTING SUBJECTS        1 TO        5 ON MANAGER
 COLLECTING SUBJECTS        6 TO       10 ON WORKER1
 COLLECTING SUBJECTS       11 TO       14 ON WORKER2
 COLLECTING SUBJECTS       15 TO       18 ON WORKER3
 ITERATION            5
 STARTING SUBJECTS          1 TO        5 ON MANAGER: OK
 STARTING SUBJECTS          6 TO       10 ON WORKER1: OK
 STARTING SUBJECTS         11 TO       14 ON WORKER2: OK
 STARTING SUBJECTS         15 TO       18 ON WORKER3: OK
 COLLECTING SUBJECTS        1 TO        5 ON MANAGER
 COLLECTING SUBJECTS       11 TO       14 ON WORKER2
 COLLECTING SUBJECTS       15 TO       18 ON WORKER3
 COLLECTING SUBJECTS        6 TO       10 ON WORKER1
 ITERATION            5
 STARTING SUBJECTS          1 TO        5 ON MANAGER: OK
 STARTING SUBJECTS          6 TO       10 ON WORKER1: OK
 STARTING SUBJECTS         11 TO       14 ON WORKER2: OK
 STARTING SUBJECTS         15 TO       18 ON WORKER3: OK
 COLLECTING SUBJECTS        1 TO        5 ON MANAGER
 COLLECTING SUBJECTS        6 TO       10 ON WORKER1
 COLLECTING SUBJECTS       11 TO       14 ON WORKER2
 COLLECTING SUBJECTS       15 TO       18 ON WORKER3
 Tot. mngr. proc.   Time for this  Iteration  (DDD:HH:MM:SS.DD) 000:00:00:00.00
 Total Load         Time for this  Iteration  (DDD:HH:MM:SS.DD) 000:00:00:00.14
 Total Computation  Time for this  Iteration  (DDD:HH:MM:SS.DD) 000:00:00:02.48
 Accum. mngr. proc. Time among all Iterations (DDD:HH:MM:SS.DD) 000:00:00:00.02
 Accumulated Load   Time among all Iterations (DDD:HH:MM:SS.DD) 000:00:00:00.48
 Accumulated Comp.  Time among all Iterations (DDD:HH:MM:SS.DD) 000:00:00:09.63
 Accumulated CPU    Time of present job       (DDD:HH:MM:SS.DD) 000:00:00:00.00

 ITERATION            6
 STARTING SUBJECTS          1 TO        5 ON MANAGER: OK
 STARTING SUBJECTS          6 TO        9 ON WORKER1: OK
 STARTING SUBJECTS         10 TO       14 ON WORKER2: OK
 STARTING SUBJECTS         15 TO       18 ON WORKER3: OK
 COLLECTING SUBJECTS        1 TO        5 ON MANAGER
 COLLECTING SUBJECTS        6 TO        9 ON WORKER1
 COLLECTING SUBJECTS       10 TO       14 ON WORKER2
 COLLECTING SUBJECTS       15 TO       18 ON WORKER3
 ITERATION            6
 STARTING SUBJECTS          1 TO        5 ON MANAGER: OK
 STARTING SUBJECTS          6 TO        9 ON WORKER1: OK
 STARTING SUBJECTS         10 TO       14 ON WORKER2: OK
 STARTING SUBJECTS         15 TO       18 ON WORKER3: OK
 COLLECTING SUBJECTS        1 TO        5 ON MANAGER
 COLLECTING SUBJECTS        6 TO        9 ON WORKER1
 COLLECTING SUBJECTS       15 TO       18 ON WORKER3
 COLLECTING SUBJECTS       10 TO       14 ON WORKER2
 ITERATION            6
 STARTING SUBJECTS          1 TO        5 ON MANAGER: OK
 STARTING SUBJECTS          6 TO        9 ON WORKER1: OK
 STARTING SUBJECTS         10 TO       14 ON WORKER2: OK
 STARTING SUBJECTS         15 TO       18 ON WORKER3: OK
 COLLECTING SUBJECTS        1 TO        5 ON MANAGER
 COLLECTING SUBJECTS        6 TO        9 ON WORKER1
 COLLECTING SUBJECTS       15 TO       18 ON WORKER3
 COLLECTING SUBJECTS       10 TO       14 ON WORKER2
 ITERATION            6
 STARTING SUBJECTS          1 TO        5 ON MANAGER: OK
 STARTING SUBJECTS          6 TO        9 ON WORKER1: OK
 STARTING SUBJECTS         10 TO       14 ON WORKER2: OK
 STARTING SUBJECTS         15 TO       18 ON WORKER3: OK
 COLLECTING SUBJECTS        1 TO        5 ON MANAGER
 COLLECTING SUBJECTS        6 TO        9 ON WORKER1
 COLLECTING SUBJECTS       15 TO       18 ON WORKER3
 COLLECTING SUBJECTS       10 TO       14 ON WORKER2
 ITERATION            6
 STARTING SUBJECTS          1 TO        5 ON MANAGER: OK
 STARTING SUBJECTS          6 TO        9 ON WORKER1: OK
 STARTING SUBJECTS         10 TO       14 ON WORKER2: OK
 STARTING SUBJECTS         15 TO       18 ON WORKER3: OK
 COLLECTING SUBJECTS        1 TO        5 ON MANAGER
 COLLECTING SUBJECTS        6 TO        9 ON WORKER1
 COLLECTING SUBJECTS       10 TO       14 ON WORKER2
 COLLECTING SUBJECTS       15 TO       18 ON WORKER3
 ITERATION            6
 STARTING SUBJECTS          1 TO        5 ON MANAGER: OK
 STARTING SUBJECTS          6 TO        9 ON WORKER1: OK
 STARTING SUBJECTS         10 TO       14 ON WORKER2: OK
 STARTING SUBJECTS         15 TO       18 ON WORKER3: OK
 COLLECTING SUBJECTS        1 TO        5 ON MANAGER
 COLLECTING SUBJECTS        6 TO        9 ON WORKER1
 COLLECTING SUBJECTS       10 TO       14 ON WORKER2
 COLLECTING SUBJECTS       15 TO       18 ON WORKER3
 Tot. mngr. proc.   Time for this  Iteration  (DDD:HH:MM:SS.DD) 000:00:00:00.00
 Total Load         Time for this  Iteration  (DDD:HH:MM:SS.DD) 000:00:00:00.06
 Total Computation  Time for this  Iteration  (DDD:HH:MM:SS.DD) 000:00:00:01.72
 Accum. mngr. proc. Time among all Iterations (DDD:HH:MM:SS.DD) 000:00:00:00.02
 Accumulated Load   Time among all Iterations (DDD:HH:MM:SS.DD) 000:00:00:00.55
 Accumulated Comp.  Time among all Iterations (DDD:HH:MM:SS.DD) 000:00:00:11.34
 Accumulated CPU    Time of present job       (DDD:HH:MM:SS.DD) 000:00:00:00.00

 ITERATION            7
 STARTING SUBJECTS          1 TO        4 ON MANAGER: OK
 STARTING SUBJECTS          5 TO       10 ON WORKER1: OK
 STARTING SUBJECTS         11 TO       15 ON WORKER2: OK
 STARTING SUBJECTS         16 TO       18 ON WORKER3: OK
 COLLECTING SUBJECTS        1 TO        4 ON MANAGER
 COLLECTING SUBJECTS       16 TO       18 ON WORKER3
 COLLECTING SUBJECTS        5 TO       10 ON WORKER1
 COLLECTING SUBJECTS       11 TO       15 ON WORKER2
 ITERATION            7
 STARTING SUBJECTS          1 TO        4 ON MANAGER: OK
 STARTING SUBJECTS          5 TO       10 ON WORKER1: OK
 STARTING SUBJECTS         11 TO       15 ON WORKER2: OK
 STARTING SUBJECTS         16 TO       18 ON WORKER3: OK
 COLLECTING SUBJECTS        1 TO        4 ON MANAGER
 COLLECTING SUBJECTS       16 TO       18 ON WORKER3
 COLLECTING SUBJECTS       11 TO       15 ON WORKER2
 COLLECTING SUBJECTS        5 TO       10 ON WORKER1
 ITERATION            7
 STARTING SUBJECTS          1 TO        4 ON MANAGER: OK
 STARTING SUBJECTS          5 TO       10 ON WORKER1: OK
 STARTING SUBJECTS         11 TO       15 ON WORKER2: OK
 STARTING SUBJECTS         16 TO       18 ON WORKER3: OK
 COLLECTING SUBJECTS        1 TO        4 ON MANAGER
 COLLECTING SUBJECTS       11 TO       15 ON WORKER2
 COLLECTING SUBJECTS       16 TO       18 ON WORKER3
 COLLECTING SUBJECTS        5 TO       10 ON WORKER1
 ITERATION            7
 STARTING SUBJECTS          1 TO        4 ON MANAGER: OK
 STARTING SUBJECTS          5 TO       10 ON WORKER1: OK
 STARTING SUBJECTS         11 TO       15 ON WORKER2: OK
 STARTING SUBJECTS         16 TO       18 ON WORKER3: OK
 COLLECTING SUBJECTS        1 TO        4 ON MANAGER
 COLLECTING SUBJECTS        5 TO       10 ON WORKER1
 COLLECTING SUBJECTS       11 TO       15 ON WORKER2
 COLLECTING SUBJECTS       16 TO       18 ON WORKER3
 ITERATION            7
 STARTING SUBJECTS          1 TO        4 ON MANAGER: OK
 STARTING SUBJECTS          5 TO       10 ON WORKER1: OK
 STARTING SUBJECTS         11 TO       15 ON WORKER2: OK
 STARTING SUBJECTS         16 TO       18 ON WORKER3: OK
 COLLECTING SUBJECTS        1 TO        4 ON MANAGER
 COLLECTING SUBJECTS        5 TO       10 ON WORKER1
 COLLECTING SUBJECTS       11 TO       15 ON WORKER2
 COLLECTING SUBJECTS       16 TO       18 ON WORKER3
 ITERATION            7
 STARTING SUBJECTS          1 TO        4 ON MANAGER: OK
 STARTING SUBJECTS          5 TO       10 ON WORKER1: OK
 STARTING SUBJECTS         11 TO       15 ON WORKER2: OK
 STARTING SUBJECTS         16 TO       18 ON WORKER3: OK
 COLLECTING SUBJECTS        1 TO        4 ON MANAGER
 COLLECTING SUBJECTS       11 TO       15 ON WORKER2
 COLLECTING SUBJECTS       16 TO       18 ON WORKER3
 COLLECTING SUBJECTS        5 TO       10 ON WORKER1
 Tot. mngr. proc.   Time for this  Iteration  (DDD:HH:MM:SS.DD) 000:00:00:00.00
 Total Load         Time for this  Iteration  (DDD:HH:MM:SS.DD) 000:00:00:00.06
 Total Computation  Time for this  Iteration  (DDD:HH:MM:SS.DD) 000:00:00:01.50
 Accum. mngr. proc. Time among all Iterations (DDD:HH:MM:SS.DD) 000:00:00:00.02
 Accumulated Load   Time among all Iterations (DDD:HH:MM:SS.DD) 000:00:00:00.61
 Accumulated Comp.  Time among all Iterations (DDD:HH:MM:SS.DD) 000:00:00:12.84
 Accumulated CPU    Time of present job       (DDD:HH:MM:SS.DD) 000:00:00:00.00

 ITERATION            8
 STARTING SUBJECTS          1 TO        6 ON MANAGER: OK
 STARTING SUBJECTS          7 TO        8 ON WORKER1: OK
 STARTING SUBJECTS          9 TO       13 ON WORKER2: OK
 STARTING SUBJECTS         14 TO       18 ON WORKER3: OK
 COLLECTING SUBJECTS        1 TO        6 ON MANAGER
 COLLECTING SUBJECTS        7 TO        8 ON WORKER1
 COLLECTING SUBJECTS       14 TO       18 ON WORKER3
 COLLECTING SUBJECTS        9 TO       13 ON WORKER2
 ITERATION            8
 STARTING SUBJECTS          1 TO        6 ON MANAGER: OK
 STARTING SUBJECTS          7 TO        8 ON WORKER1: OK
 STARTING SUBJECTS          9 TO       13 ON WORKER2: OK
 STARTING SUBJECTS         14 TO       18 ON WORKER3: OK
 COLLECTING SUBJECTS        1 TO        6 ON MANAGER
 COLLECTING SUBJECTS        7 TO        8 ON WORKER1
 COLLECTING SUBJECTS        9 TO       13 ON WORKER2
 COLLECTING SUBJECTS       14 TO       18 ON WORKER3
 ITERATION            8
 STARTING SUBJECTS          1 TO        6 ON MANAGER: OK
 STARTING SUBJECTS          7 TO        8 ON WORKER1: OK
 STARTING SUBJECTS          9 TO       13 ON WORKER2: OK
 STARTING SUBJECTS         14 TO       18 ON WORKER3: OK
 COLLECTING SUBJECTS        1 TO        6 ON MANAGER
 COLLECTING SUBJECTS        7 TO        8 ON WORKER1
 COLLECTING SUBJECTS        9 TO       13 ON WORKER2
 COLLECTING SUBJECTS       14 TO       18 ON WORKER3
 ITERATION            8
 STARTING SUBJECTS          1 TO        6 ON MANAGER: OK
 STARTING SUBJECTS          7 TO        8 ON WORKER1: OK
 STARTING SUBJECTS          9 TO       13 ON WORKER2: OK
 STARTING SUBJECTS         14 TO       18 ON WORKER3: OK
 COLLECTING SUBJECTS        1 TO        6 ON MANAGER
 COLLECTING SUBJECTS        7 TO        8 ON WORKER1
 COLLECTING SUBJECTS        9 TO       13 ON WORKER2
 COLLECTING SUBJECTS       14 TO       18 ON WORKER3
 ITERATION            8
 STARTING SUBJECTS          1 TO        6 ON MANAGER: OK
 STARTING SUBJECTS          7 TO        8 ON WORKER1: OK
 STARTING SUBJECTS          9 TO       13 ON WORKER2: OK
 STARTING SUBJECTS         14 TO       18 ON WORKER3: OK
 COLLECTING SUBJECTS        1 TO        6 ON MANAGER
 COLLECTING SUBJECTS        7 TO        8 ON WORKER1
 COLLECTING SUBJECTS        9 TO       13 ON WORKER2
 COLLECTING SUBJECTS       14 TO       18 ON WORKER3
 ITERATION            8
 STARTING SUBJECTS          1 TO        6 ON MANAGER: OK
 STARTING SUBJECTS          7 TO        8 ON WORKER1: OK
 STARTING SUBJECTS          9 TO       13 ON WORKER2: OK
 STARTING SUBJECTS         14 TO       18 ON WORKER3: OK
 COLLECTING SUBJECTS        1 TO        6 ON MANAGER
 COLLECTING SUBJECTS        7 TO        8 ON WORKER1
 COLLECTING SUBJECTS       14 TO       18 ON WORKER3
 COLLECTING SUBJECTS        9 TO       13 ON WORKER2
 Tot. mngr. proc.   Time for this  Iteration  (DDD:HH:MM:SS.DD) 000:00:00:00.00
 Total Load         Time for this  Iteration  (DDD:HH:MM:SS.DD) 000:00:00:00.11
 Total Computation  Time for this  Iteration  (DDD:HH:MM:SS.DD) 000:00:00:01.66
 Accum. mngr. proc. Time among all Iterations (DDD:HH:MM:SS.DD) 000:00:00:00.02
 Accumulated Load   Time among all Iterations (DDD:HH:MM:SS.DD) 000:00:00:00.72
 Accumulated Comp.  Time among all Iterations (DDD:HH:MM:SS.DD) 000:00:00:14.50
 Accumulated CPU    Time of present job       (DDD:HH:MM:SS.DD) 000:00:00:00.00

 ITERATION            9
 STARTING SUBJECTS          1 TO        6 ON MANAGER: OK
 STARTING SUBJECTS          7 TO       11 ON WORKER1: OK
 STARTING SUBJECTS         12 TO       14 ON WORKER2: OK
 STARTING SUBJECTS         15 TO       18 ON WORKER3: OK
 COLLECTING SUBJECTS        1 TO        6 ON MANAGER
 COLLECTING SUBJECTS        7 TO       11 ON WORKER1
 COLLECTING SUBJECTS       12 TO       14 ON WORKER2
 COLLECTING SUBJECTS       15 TO       18 ON WORKER3
 ITERATION            9
 STARTING SUBJECTS          1 TO        6 ON MANAGER: OK
 STARTING SUBJECTS          7 TO       11 ON WORKER1: OK
 STARTING SUBJECTS         12 TO       14 ON WORKER2: OK
 STARTING SUBJECTS         15 TO       18 ON WORKER3: OK
 COLLECTING SUBJECTS        1 TO        6 ON MANAGER
 COLLECTING SUBJECTS        7 TO       11 ON WORKER1
 COLLECTING SUBJECTS       12 TO       14 ON WORKER2
 COLLECTING SUBJECTS       15 TO       18 ON WORKER3
 ITERATION            9
 STARTING SUBJECTS          1 TO        6 ON MANAGER: OK
 STARTING SUBJECTS          7 TO       11 ON WORKER1: OK
 STARTING SUBJECTS         12 TO       14 ON WORKER2: OK
 STARTING SUBJECTS         15 TO       18 ON WORKER3: OK
 COLLECTING SUBJECTS        1 TO        6 ON MANAGER
 COLLECTING SUBJECTS        7 TO       11 ON WORKER1
 COLLECTING SUBJECTS       12 TO       14 ON WORKER2
 COLLECTING SUBJECTS       15 TO       18 ON WORKER3
 ITERATION            9
 STARTING SUBJECTS          1 TO        6 ON MANAGER: OK
 STARTING SUBJECTS          7 TO       11 ON WORKER1: OK
 STARTING SUBJECTS         12 TO       14 ON WORKER2: OK
 STARTING SUBJECTS         15 TO       18 ON WORKER3: OK
 COLLECTING SUBJECTS        1 TO        6 ON MANAGER
 COLLECTING SUBJECTS        7 TO       11 ON WORKER1
 COLLECTING SUBJECTS       12 TO       14 ON WORKER2
 COLLECTING SUBJECTS       15 TO       18 ON WORKER3
 ITERATION            9
 STARTING SUBJECTS          1 TO        6 ON MANAGER: OK
 STARTING SUBJECTS          7 TO       11 ON WORKER1: OK
 STARTING SUBJECTS         12 TO       14 ON WORKER2: OK
 STARTING SUBJECTS         15 TO       18 ON WORKER3: OK
 COLLECTING SUBJECTS        1 TO        6 ON MANAGER
 COLLECTING SUBJECTS        7 TO       11 ON WORKER1
 COLLECTING SUBJECTS       12 TO       14 ON WORKER2
 COLLECTING SUBJECTS       15 TO       18 ON WORKER3
 ITERATION            9
 STARTING SUBJECTS          1 TO        6 ON MANAGER: OK
 STARTING SUBJECTS          7 TO       11 ON WORKER1: OK
 STARTING SUBJECTS         12 TO       14 ON WORKER2: OK
 STARTING SUBJECTS         15 TO       18 ON WORKER3: OK
 COLLECTING SUBJECTS        1 TO        6 ON MANAGER
 COLLECTING SUBJECTS        7 TO       11 ON WORKER1
 COLLECTING SUBJECTS       15 TO       18 ON WORKER3
 COLLECTING SUBJECTS       12 TO       14 ON WORKER2
 Tot. mngr. proc.   Time for this  Iteration  (DDD:HH:MM:SS.DD) 000:00:00:00.00
 Total Load         Time for this  Iteration  (DDD:HH:MM:SS.DD) 000:00:00:00.09
 Total Computation  Time for this  Iteration  (DDD:HH:MM:SS.DD) 000:00:00:01.27
 Accum. mngr. proc. Time among all Iterations (DDD:HH:MM:SS.DD) 000:00:00:00.02
 Accumulated Load   Time among all Iterations (DDD:HH:MM:SS.DD) 000:00:00:00.81
 Accumulated Comp.  Time among all Iterations (DDD:HH:MM:SS.DD) 000:00:00:15.77
 Accumulated CPU    Time of present job       (DDD:HH:MM:SS.DD) 000:00:00:00.00

 ITERATION           10
 STARTING SUBJECTS          1 TO        5 ON MANAGER: OK
 STARTING SUBJECTS          6 TO       11 ON WORKER1: OK
 STARTING SUBJECTS         12 TO       15 ON WORKER2: OK
 STARTING SUBJECTS         16 TO       18 ON WORKER3: OK
 COLLECTING SUBJECTS        1 TO        5 ON MANAGER
 COLLECTING SUBJECTS       12 TO       15 ON WORKER2
 COLLECTING SUBJECTS       16 TO       18 ON WORKER3
 COLLECTING SUBJECTS        6 TO       11 ON WORKER1
 ITERATION           10
 STARTING SUBJECTS          1 TO        5 ON MANAGER: OK
 STARTING SUBJECTS          6 TO       11 ON WORKER1: OK
 STARTING SUBJECTS         12 TO       15 ON WORKER2: OK
 STARTING SUBJECTS         16 TO       18 ON WORKER3: OK
 COLLECTING SUBJECTS        1 TO        5 ON MANAGER
 COLLECTING SUBJECTS       16 TO       18 ON WORKER3
 COLLECTING SUBJECTS       12 TO       15 ON WORKER2
 COLLECTING SUBJECTS        6 TO       11 ON WORKER1
 ITERATION           10
 STARTING SUBJECTS          1 TO        5 ON MANAGER: OK
 STARTING SUBJECTS          6 TO       11 ON WORKER1: OK
 STARTING SUBJECTS         12 TO       15 ON WORKER2: OK
 STARTING SUBJECTS         16 TO       18 ON WORKER3: OK
 COLLECTING SUBJECTS        1 TO        5 ON MANAGER
 COLLECTING SUBJECTS        6 TO       11 ON WORKER1
 COLLECTING SUBJECTS       12 TO       15 ON WORKER2
 COLLECTING SUBJECTS       16 TO       18 ON WORKER3
 ITERATION           10
 STARTING SUBJECTS          1 TO        5 ON MANAGER: OK
 STARTING SUBJECTS          6 TO       11 ON WORKER1: OK
 STARTING SUBJECTS         12 TO       15 ON WORKER2: OK
 STARTING SUBJECTS         16 TO       18 ON WORKER3: OK
 COLLECTING SUBJECTS        1 TO        5 ON MANAGER
 COLLECTING SUBJECTS        6 TO       11 ON WORKER1
 COLLECTING SUBJECTS       16 TO       18 ON WORKER3
 COLLECTING SUBJECTS       12 TO       15 ON WORKER2
 ITERATION           10
 STARTING SUBJECTS          1 TO        5 ON MANAGER: OK
 STARTING SUBJECTS          6 TO       11 ON WORKER1: OK
 STARTING SUBJECTS         12 TO       15 ON WORKER2: OK
 STARTING SUBJECTS         16 TO       18 ON WORKER3: OK
 COLLECTING SUBJECTS        1 TO        5 ON MANAGER
 COLLECTING SUBJECTS       16 TO       18 ON WORKER3
 COLLECTING SUBJECTS       12 TO       15 ON WORKER2
 COLLECTING SUBJECTS        6 TO       11 ON WORKER1
 ITERATION           10
 STARTING SUBJECTS          1 TO        5 ON MANAGER: OK
 STARTING SUBJECTS          6 TO       11 ON WORKER1: OK
 STARTING SUBJECTS         12 TO       15 ON WORKER2: OK
 STARTING SUBJECTS         16 TO       18 ON WORKER3: OK
 COLLECTING SUBJECTS        1 TO        5 ON MANAGER
 COLLECTING SUBJECTS       12 TO       15 ON WORKER2
 COLLECTING SUBJECTS       16 TO       18 ON WORKER3
 COLLECTING SUBJECTS        6 TO       11 ON WORKER1
 Tot. mngr. proc.   Time for this  Iteration  (DDD:HH:MM:SS.DD) 000:00:00:00.00
 Total Load         Time for this  Iteration  (DDD:HH:MM:SS.DD) 000:00:00:00.11
 Total Computation  Time for this  Iteration  (DDD:HH:MM:SS.DD) 000:00:00:01.47
 Accum. mngr. proc. Time among all Iterations (DDD:HH:MM:SS.DD) 000:00:00:00.02
 Accumulated Load   Time among all Iterations (DDD:HH:MM:SS.DD) 000:00:00:00.92
 Accumulated Comp.  Time among all Iterations (DDD:HH:MM:SS.DD) 000:00:00:17.23
 Accumulated CPU    Time of present job       (DDD:HH:MM:SS.DD) 000:00:00:00.00

 ITERATION           11
 STARTING SUBJECTS          1 TO        6 ON MANAGER: OK
 STARTING SUBJECTS          7 TO       11 ON WORKER1: OK
 STARTING SUBJECTS         12 TO       14 ON WORKER2: OK
 STARTING SUBJECTS         15 TO       18 ON WORKER3: OK
 COLLECTING SUBJECTS        1 TO        6 ON MANAGER
 COLLECTING SUBJECTS        7 TO       11 ON WORKER1
 COLLECTING SUBJECTS       12 TO       14 ON WORKER2
 COLLECTING SUBJECTS       15 TO       18 ON WORKER3
 ITERATION           11
 STARTING SUBJECTS          1 TO        6 ON MANAGER: OK
 STARTING SUBJECTS          7 TO       11 ON WORKER1: OK
 STARTING SUBJECTS         12 TO       14 ON WORKER2: OK
 STARTING SUBJECTS         15 TO       18 ON WORKER3: OK
 COLLECTING SUBJECTS        1 TO        6 ON MANAGER
 COLLECTING SUBJECTS        7 TO       11 ON WORKER1
 COLLECTING SUBJECTS       12 TO       14 ON WORKER2
 COLLECTING SUBJECTS       15 TO       18 ON WORKER3
 ITERATION           11
 STARTING SUBJECTS          1 TO        6 ON MANAGER: OK
 STARTING SUBJECTS          7 TO       11 ON WORKER1: OK
 STARTING SUBJECTS         12 TO       14 ON WORKER2: OK
 STARTING SUBJECTS         15 TO       18 ON WORKER3: OK
 COLLECTING SUBJECTS        1 TO        6 ON MANAGER
 COLLECTING SUBJECTS        7 TO       11 ON WORKER1
 COLLECTING SUBJECTS       12 TO       14 ON WORKER2
 COLLECTING SUBJECTS       15 TO       18 ON WORKER3
 ITERATION           11
 STARTING SUBJECTS          1 TO        6 ON MANAGER: OK
 STARTING SUBJECTS          7 TO       11 ON WORKER1: OK
 STARTING SUBJECTS         12 TO       14 ON WORKER2: OK
 STARTING SUBJECTS         15 TO       18 ON WORKER3: OK
 COLLECTING SUBJECTS        1 TO        6 ON MANAGER
 COLLECTING SUBJECTS        7 TO       11 ON WORKER1
 COLLECTING SUBJECTS       15 TO       18 ON WORKER3
 COLLECTING SUBJECTS       12 TO       14 ON WORKER2
 ITERATION           11
 STARTING SUBJECTS          1 TO        6 ON MANAGER: OK
 STARTING SUBJECTS          7 TO       11 ON WORKER1: OK
 STARTING SUBJECTS         12 TO       14 ON WORKER2: OK
 STARTING SUBJECTS         15 TO       18 ON WORKER3: OK
 COLLECTING SUBJECTS        1 TO        6 ON MANAGER
 COLLECTING SUBJECTS        7 TO       11 ON WORKER1
 COLLECTING SUBJECTS       15 TO       18 ON WORKER3
 COLLECTING SUBJECTS       12 TO       14 ON WORKER2
 ITERATION           11
 STARTING SUBJECTS          1 TO        6 ON MANAGER: OK
 STARTING SUBJECTS          7 TO       11 ON WORKER1: OK
 STARTING SUBJECTS         12 TO       14 ON WORKER2: OK
 STARTING SUBJECTS         15 TO       18 ON WORKER3: OK
 COLLECTING SUBJECTS        1 TO        6 ON MANAGER
 COLLECTING SUBJECTS        7 TO       11 ON WORKER1
 COLLECTING SUBJECTS       12 TO       14 ON WORKER2
 COLLECTING SUBJECTS       15 TO       18 ON WORKER3
 Tot. mngr. proc.   Time for this  Iteration  (DDD:HH:MM:SS.DD) 000:00:00:00.00
 Total Load         Time for this  Iteration  (DDD:HH:MM:SS.DD) 000:00:00:00.13
 Total Computation  Time for this  Iteration  (DDD:HH:MM:SS.DD) 000:00:00:01.27
 Accum. mngr. proc. Time among all Iterations (DDD:HH:MM:SS.DD) 000:00:00:00.02
 Accumulated Load   Time among all Iterations (DDD:HH:MM:SS.DD) 000:00:00:01.05
 Accumulated Comp.  Time among all Iterations (DDD:HH:MM:SS.DD) 000:00:00:18.50
 Accumulated CPU    Time of present job       (DDD:HH:MM:SS.DD) 000:00:00:00.00

 ITERATION           12
 STARTING SUBJECTS          1 TO        4 ON MANAGER: OK
 STARTING SUBJECTS          5 TO        8 ON WORKER1: OK
 STARTING SUBJECTS          9 TO       14 ON WORKER2: OK
 STARTING SUBJECTS         15 TO       18 ON WORKER3: OK
 COLLECTING SUBJECTS        1 TO        4 ON MANAGER
 COLLECTING SUBJECTS       15 TO       18 ON WORKER3
 COLLECTING SUBJECTS        5 TO        8 ON WORKER1
 COLLECTING SUBJECTS        9 TO       14 ON WORKER2
 ITERATION           12
 STARTING SUBJECTS          1 TO        4 ON MANAGER: OK
 STARTING SUBJECTS          5 TO        8 ON WORKER1: OK
 STARTING SUBJECTS          9 TO       14 ON WORKER2: OK
 STARTING SUBJECTS         15 TO       18 ON WORKER3: OK
 COLLECTING SUBJECTS        1 TO        4 ON MANAGER
 COLLECTING SUBJECTS        5 TO        8 ON WORKER1
 COLLECTING SUBJECTS        9 TO       14 ON WORKER2
 COLLECTING SUBJECTS       15 TO       18 ON WORKER3
 ITERATION           12
 STARTING SUBJECTS          1 TO        4 ON MANAGER: OK
 STARTING SUBJECTS          5 TO        8 ON WORKER1: OK
 STARTING SUBJECTS          9 TO       14 ON WORKER2: OK
 STARTING SUBJECTS         15 TO       18 ON WORKER3: OK
 COLLECTING SUBJECTS        1 TO        4 ON MANAGER
 COLLECTING SUBJECTS        5 TO        8 ON WORKER1
 COLLECTING SUBJECTS       15 TO       18 ON WORKER3
 COLLECTING SUBJECTS        9 TO       14 ON WORKER2
 ITERATION           12
 STARTING SUBJECTS          1 TO        4 ON MANAGER: OK
 STARTING SUBJECTS          5 TO        8 ON WORKER1: OK
 STARTING SUBJECTS          9 TO       14 ON WORKER2: OK
 STARTING SUBJECTS         15 TO       18 ON WORKER3: OK
 COLLECTING SUBJECTS        1 TO        4 ON MANAGER
 COLLECTING SUBJECTS        5 TO        8 ON WORKER1
 COLLECTING SUBJECTS        9 TO       14 ON WORKER2
 COLLECTING SUBJECTS       15 TO       18 ON WORKER3
 ITERATION           12
 STARTING SUBJECTS          1 TO        4 ON MANAGER: OK
 STARTING SUBJECTS          5 TO        8 ON WORKER1: OK
 STARTING SUBJECTS          9 TO       14 ON WORKER2: OK
 STARTING SUBJECTS         15 TO       18 ON WORKER3: OK
 COLLECTING SUBJECTS        1 TO        4 ON MANAGER
 COLLECTING SUBJECTS        5 TO        8 ON WORKER1
 COLLECTING SUBJECTS        9 TO       14 ON WORKER2
 COLLECTING SUBJECTS       15 TO       18 ON WORKER3
 ITERATION           12
 STARTING SUBJECTS          1 TO        4 ON MANAGER: OK
 STARTING SUBJECTS          5 TO        8 ON WORKER1: OK
 STARTING SUBJECTS          9 TO       14 ON WORKER2: OK
 STARTING SUBJECTS         15 TO       18 ON WORKER3: OK
 COLLECTING SUBJECTS        1 TO        4 ON MANAGER
 COLLECTING SUBJECTS        9 TO       14 ON WORKER2
 COLLECTING SUBJECTS       15 TO       18 ON WORKER3
 COLLECTING SUBJECTS        5 TO        8 ON WORKER1
 Tot. mngr. proc.   Time for this  Iteration  (DDD:HH:MM:SS.DD) 000:00:00:00.00
 Total Load         Time for this  Iteration  (DDD:HH:MM:SS.DD) 000:00:00:00.09
 Total Computation  Time for this  Iteration  (DDD:HH:MM:SS.DD) 000:00:00:01.52
 Accum. mngr. proc. Time among all Iterations (DDD:HH:MM:SS.DD) 000:00:00:00.02
 Accumulated Load   Time among all Iterations (DDD:HH:MM:SS.DD) 000:00:00:01.14
 Accumulated Comp.  Time among all Iterations (DDD:HH:MM:SS.DD) 000:00:00:20.02
 Accumulated CPU    Time of present job       (DDD:HH:MM:SS.DD) 000:00:00:00.00

 ITERATION           13
 STARTING SUBJECTS          1 TO        5 ON MANAGER: OK
 STARTING SUBJECTS          6 TO        9 ON WORKER1: OK
 STARTING SUBJECTS         10 TO       15 ON WORKER2: OK
 STARTING SUBJECTS         16 TO       18 ON WORKER3: OK
 COLLECTING SUBJECTS        1 TO        5 ON MANAGER
 COLLECTING SUBJECTS        6 TO        9 ON WORKER1
 COLLECTING SUBJECTS       16 TO       18 ON WORKER3
 COLLECTING SUBJECTS       10 TO       15 ON WORKER2
 ITERATION           13
 STARTING SUBJECTS          1 TO        5 ON MANAGER: OK
 STARTING SUBJECTS          6 TO        9 ON WORKER1: OK
 STARTING SUBJECTS         10 TO       15 ON WORKER2: OK
 STARTING SUBJECTS         16 TO       18 ON WORKER3: OK
 COLLECTING SUBJECTS        1 TO        5 ON MANAGER
 COLLECTING SUBJECTS        6 TO        9 ON WORKER1
 COLLECTING SUBJECTS       16 TO       18 ON WORKER3
 COLLECTING SUBJECTS       10 TO       15 ON WORKER2
 ITERATION           13
 STARTING SUBJECTS          1 TO        5 ON MANAGER: OK
 STARTING SUBJECTS          6 TO        9 ON WORKER1: OK
 STARTING SUBJECTS         10 TO       15 ON WORKER2: OK
 STARTING SUBJECTS         16 TO       18 ON WORKER3: OK
 COLLECTING SUBJECTS        1 TO        5 ON MANAGER
 COLLECTING SUBJECTS        6 TO        9 ON WORKER1
 COLLECTING SUBJECTS       16 TO       18 ON WORKER3
 COLLECTING SUBJECTS       10 TO       15 ON WORKER2
 ITERATION           13
 STARTING SUBJECTS          1 TO        5 ON MANAGER: OK
 STARTING SUBJECTS          6 TO        9 ON WORKER1: OK
 STARTING SUBJECTS         10 TO       15 ON WORKER2: OK
 STARTING SUBJECTS         16 TO       18 ON WORKER3: OK
 COLLECTING SUBJECTS        1 TO        5 ON MANAGER
 COLLECTING SUBJECTS        6 TO        9 ON WORKER1
 COLLECTING SUBJECTS       10 TO       15 ON WORKER2
 COLLECTING SUBJECTS       16 TO       18 ON WORKER3
 ITERATION           13
 STARTING SUBJECTS          1 TO        5 ON MANAGER: OK
 STARTING SUBJECTS          6 TO        9 ON WORKER1: OK
 STARTING SUBJECTS         10 TO       15 ON WORKER2: OK
 STARTING SUBJECTS         16 TO       18 ON WORKER3: OK
 COLLECTING SUBJECTS        1 TO        5 ON MANAGER
 COLLECTING SUBJECTS        6 TO        9 ON WORKER1
 COLLECTING SUBJECTS       16 TO       18 ON WORKER3
 COLLECTING SUBJECTS       10 TO       15 ON WORKER2
 ITERATION           13
 STARTING SUBJECTS          1 TO        5 ON MANAGER: OK
 STARTING SUBJECTS          6 TO        9 ON WORKER1: OK
 STARTING SUBJECTS         10 TO       15 ON WORKER2: OK
 STARTING SUBJECTS         16 TO       18 ON WORKER3: OK
 COLLECTING SUBJECTS        1 TO        5 ON MANAGER
 COLLECTING SUBJECTS       10 TO       15 ON WORKER2
 COLLECTING SUBJECTS       16 TO       18 ON WORKER3
 COLLECTING SUBJECTS        6 TO        9 ON WORKER1
 Tot. mngr. proc.   Time for this  Iteration  (DDD:HH:MM:SS.DD) 000:00:00:00.00
 Total Load         Time for this  Iteration  (DDD:HH:MM:SS.DD) 000:00:00:00.03
 Total Computation  Time for this  Iteration  (DDD:HH:MM:SS.DD) 000:00:00:01.44
 Accum. mngr. proc. Time among all Iterations (DDD:HH:MM:SS.DD) 000:00:00:00.02
 Accumulated Load   Time among all Iterations (DDD:HH:MM:SS.DD) 000:00:00:01.17
 Accumulated Comp.  Time among all Iterations (DDD:HH:MM:SS.DD) 000:00:00:21.45
 Accumulated CPU    Time of present job       (DDD:HH:MM:SS.DD) 000:00:00:29.91

 ITERATION           14
 STARTING SUBJECTS          1 TO        5 ON MANAGER: OK
 STARTING SUBJECTS          6 TO       11 ON WORKER1: OK
 STARTING SUBJECTS         12 TO       13 ON WORKER2: OK
 STARTING SUBJECTS         14 TO       18 ON WORKER3: OK
 COLLECTING SUBJECTS        1 TO        5 ON MANAGER
 COLLECTING SUBJECTS       12 TO       13 ON WORKER2
 COLLECTING SUBJECTS       14 TO       18 ON WORKER3
 COLLECTING SUBJECTS        6 TO       11 ON WORKER1
 ITERATION           14
 STARTING SUBJECTS          1 TO        5 ON MANAGER: OK
 STARTING SUBJECTS          6 TO       11 ON WORKER1: OK
 STARTING SUBJECTS         12 TO       13 ON WORKER2: OK
 STARTING SUBJECTS         14 TO       18 ON WORKER3: OK
 COLLECTING SUBJECTS        1 TO        5 ON MANAGER
 COLLECTING SUBJECTS       12 TO       13 ON WORKER2
 COLLECTING SUBJECTS       14 TO       18 ON WORKER3
 COLLECTING SUBJECTS        6 TO       11 ON WORKER1
 ITERATION           14
 STARTING SUBJECTS          1 TO        5 ON MANAGER: OK
 STARTING SUBJECTS          6 TO       11 ON WORKER1: OK
 STARTING SUBJECTS         12 TO       13 ON WORKER2: OK
 STARTING SUBJECTS         14 TO       18 ON WORKER3: OK
 COLLECTING SUBJECTS        1 TO        5 ON MANAGER
 COLLECTING SUBJECTS       12 TO       13 ON WORKER2
 COLLECTING SUBJECTS       14 TO       18 ON WORKER3
 COLLECTING SUBJECTS        6 TO       11 ON WORKER1
 ITERATION           14
 STARTING SUBJECTS          1 TO        5 ON MANAGER: OK
 STARTING SUBJECTS          6 TO       11 ON WORKER1: OK
 STARTING SUBJECTS         12 TO       13 ON WORKER2: OK
 STARTING SUBJECTS         14 TO       18 ON WORKER3: OK
 COLLECTING SUBJECTS        1 TO        5 ON MANAGER
 COLLECTING SUBJECTS        6 TO       11 ON WORKER1
 COLLECTING SUBJECTS       12 TO       13 ON WORKER2
 COLLECTING SUBJECTS       14 TO       18 ON WORKER3
 ITERATION           14
 STARTING SUBJECTS          1 TO        5 ON MANAGER: OK
 STARTING SUBJECTS          6 TO       11 ON WORKER1: OK
 STARTING SUBJECTS         12 TO       13 ON WORKER2: OK
 STARTING SUBJECTS         14 TO       18 ON WORKER3: OK
 COLLECTING SUBJECTS        1 TO        5 ON MANAGER
 COLLECTING SUBJECTS        6 TO       11 ON WORKER1
 COLLECTING SUBJECTS       14 TO       18 ON WORKER3
 COLLECTING SUBJECTS       12 TO       13 ON WORKER2
 ITERATION           14
 STARTING SUBJECTS          1 TO        5 ON MANAGER: OK
 STARTING SUBJECTS          6 TO       11 ON WORKER1: OK
 STARTING SUBJECTS         12 TO       13 ON WORKER2: OK
 STARTING SUBJECTS         14 TO       18 ON WORKER3: OK
 COLLECTING SUBJECTS        1 TO        5 ON MANAGER
 COLLECTING SUBJECTS        6 TO       11 ON WORKER1
 COLLECTING SUBJECTS       12 TO       13 ON WORKER2
 COLLECTING SUBJECTS       14 TO       18 ON WORKER3
 Tot. mngr. proc.   Time for this  Iteration  (DDD:HH:MM:SS.DD) 000:00:00:00.00
 Total Load         Time for this  Iteration  (DDD:HH:MM:SS.DD) 000:00:00:00.05
 Total Computation  Time for this  Iteration  (DDD:HH:MM:SS.DD) 000:00:00:01.98
 Accum. mngr. proc. Time among all Iterations (DDD:HH:MM:SS.DD) 000:00:00:00.02
 Accumulated Load   Time among all Iterations (DDD:HH:MM:SS.DD) 000:00:00:01.22
 Accumulated Comp.  Time among all Iterations (DDD:HH:MM:SS.DD) 000:00:00:23.44
 Accumulated CPU    Time of present job       (DDD:HH:MM:SS.DD) 000:00:00:29.91

 ITERATION           15
 STARTING SUBJECTS          1 TO        5 ON MANAGER: OK
 STARTING SUBJECTS          6 TO        9 ON WORKER1: OK
 STARTING SUBJECTS         10 TO       14 ON WORKER2: OK
 STARTING SUBJECTS         15 TO       18 ON WORKER3: OK
 COLLECTING SUBJECTS        1 TO        5 ON MANAGER
 COLLECTING SUBJECTS        6 TO        9 ON WORKER1
 COLLECTING SUBJECTS       10 TO       14 ON WORKER2
 COLLECTING SUBJECTS       15 TO       18 ON WORKER3
 ITERATION           15
 STARTING SUBJECTS          1 TO        5 ON MANAGER: OK
 STARTING SUBJECTS          6 TO        9 ON WORKER1: OK
 STARTING SUBJECTS         10 TO       14 ON WORKER2: OK
 STARTING SUBJECTS         15 TO       18 ON WORKER3: OK
 COLLECTING SUBJECTS        1 TO        5 ON MANAGER
 COLLECTING SUBJECTS        6 TO        9 ON WORKER1
 COLLECTING SUBJECTS       10 TO       14 ON WORKER2
 COLLECTING SUBJECTS       15 TO       18 ON WORKER3
 ITERATION           15
 STARTING SUBJECTS          1 TO        5 ON MANAGER: OK
 STARTING SUBJECTS          6 TO        9 ON WORKER1: OK
 STARTING SUBJECTS         10 TO       14 ON WORKER2: OK
 STARTING SUBJECTS         15 TO       18 ON WORKER3: OK
 COLLECTING SUBJECTS        1 TO        5 ON MANAGER
 COLLECTING SUBJECTS        6 TO        9 ON WORKER1
 COLLECTING SUBJECTS       10 TO       14 ON WORKER2
 COLLECTING SUBJECTS       15 TO       18 ON WORKER3
 ITERATION           15
 STARTING SUBJECTS          1 TO        5 ON MANAGER: OK
 STARTING SUBJECTS          6 TO        9 ON WORKER1: OK
 STARTING SUBJECTS         10 TO       14 ON WORKER2: OK
 STARTING SUBJECTS         15 TO       18 ON WORKER3: OK
 COLLECTING SUBJECTS        1 TO        5 ON MANAGER
 COLLECTING SUBJECTS        6 TO        9 ON WORKER1
 COLLECTING SUBJECTS       10 TO       14 ON WORKER2
 COLLECTING SUBJECTS       15 TO       18 ON WORKER3
 ITERATION           15
 STARTING SUBJECTS          1 TO        5 ON MANAGER: OK
 STARTING SUBJECTS          6 TO        9 ON WORKER1: OK
 STARTING SUBJECTS         10 TO       14 ON WORKER2: OK
 STARTING SUBJECTS         15 TO       18 ON WORKER3: OK
 COLLECTING SUBJECTS        1 TO        5 ON MANAGER
 COLLECTING SUBJECTS        6 TO        9 ON WORKER1
 COLLECTING SUBJECTS       10 TO       14 ON WORKER2
 COLLECTING SUBJECTS       15 TO       18 ON WORKER3
 ITERATION           15
 STARTING SUBJECTS          1 TO        5 ON MANAGER: OK
 STARTING SUBJECTS          6 TO        9 ON WORKER1: OK
 STARTING SUBJECTS         10 TO       14 ON WORKER2: OK
 STARTING SUBJECTS         15 TO       18 ON WORKER3: OK
 COLLECTING SUBJECTS        1 TO        5 ON MANAGER
 COLLECTING SUBJECTS        6 TO        9 ON WORKER1
 COLLECTING SUBJECTS       10 TO       14 ON WORKER2
 COLLECTING SUBJECTS       15 TO       18 ON WORKER3
 Tot. mngr. proc.   Time for this  Iteration  (DDD:HH:MM:SS.DD) 000:00:00:00.00
 Total Load         Time for this  Iteration  (DDD:HH:MM:SS.DD) 000:00:00:00.09
 Total Computation  Time for this  Iteration  (DDD:HH:MM:SS.DD) 000:00:00:01.47
 Accum. mngr. proc. Time among all Iterations (DDD:HH:MM:SS.DD) 000:00:00:00.02
 Accumulated Load   Time among all Iterations (DDD:HH:MM:SS.DD) 000:00:00:01.31
 Accumulated Comp.  Time among all Iterations (DDD:HH:MM:SS.DD) 000:00:00:24.91
 Accumulated CPU    Time of present job       (DDD:HH:MM:SS.DD) 000:00:00:29.91

 ITERATION           16
 STARTING SUBJECTS          1 TO        5 ON MANAGER: OK
 STARTING SUBJECTS          6 TO       10 ON WORKER1: OK
 STARTING SUBJECTS         11 TO       17 ON WORKER2: OK
 STARTING SUBJECTS         18 TO       18 ON WORKER3: OK
 COLLECTING SUBJECTS        1 TO        5 ON MANAGER
 COLLECTING SUBJECTS        6 TO       10 ON WORKER1
 COLLECTING SUBJECTS       18 TO       18 ON WORKER3
 COLLECTING SUBJECTS       11 TO       17 ON WORKER2
 ITERATION           16
 STARTING SUBJECTS          1 TO        5 ON MANAGER: OK
 STARTING SUBJECTS          6 TO       10 ON WORKER1: OK
 STARTING SUBJECTS         11 TO       17 ON WORKER2: OK
 STARTING SUBJECTS         18 TO       18 ON WORKER3: OK
 COLLECTING SUBJECTS        1 TO        5 ON MANAGER
 COLLECTING SUBJECTS        6 TO       10 ON WORKER1
 COLLECTING SUBJECTS       18 TO       18 ON WORKER3
 COLLECTING SUBJECTS       11 TO       17 ON WORKER2
 ITERATION           16
 STARTING SUBJECTS          1 TO        5 ON MANAGER: OK
 STARTING SUBJECTS          6 TO       10 ON WORKER1: OK
 STARTING SUBJECTS         11 TO       17 ON WORKER2: OK
 STARTING SUBJECTS         18 TO       18 ON WORKER3: OK
 COLLECTING SUBJECTS        1 TO        5 ON MANAGER
 COLLECTING SUBJECTS        6 TO       10 ON WORKER1
 COLLECTING SUBJECTS       18 TO       18 ON WORKER3
 COLLECTING SUBJECTS       11 TO       17 ON WORKER2
 ITERATION           16
 STARTING SUBJECTS          1 TO        5 ON MANAGER: OK
 STARTING SUBJECTS          6 TO       10 ON WORKER1: OK
 STARTING SUBJECTS         11 TO       17 ON WORKER2: OK
 STARTING SUBJECTS         18 TO       18 ON WORKER3: OK
 COLLECTING SUBJECTS        1 TO        5 ON MANAGER
 COLLECTING SUBJECTS        6 TO       10 ON WORKER1
 COLLECTING SUBJECTS       11 TO       17 ON WORKER2
 COLLECTING SUBJECTS       18 TO       18 ON WORKER3
 ITERATION           16
 STARTING SUBJECTS          1 TO        5 ON MANAGER: OK
 STARTING SUBJECTS          6 TO       10 ON WORKER1: OK
 STARTING SUBJECTS         11 TO       17 ON WORKER2: OK
 STARTING SUBJECTS         18 TO       18 ON WORKER3: OK
 COLLECTING SUBJECTS        1 TO        5 ON MANAGER
 COLLECTING SUBJECTS       11 TO       17 ON WORKER2
 COLLECTING SUBJECTS       18 TO       18 ON WORKER3
 COLLECTING SUBJECTS        6 TO       10 ON WORKER1
 ITERATION           16
 STARTING SUBJECTS          1 TO        5 ON MANAGER: OK
 STARTING SUBJECTS          6 TO       10 ON WORKER1: OK
 STARTING SUBJECTS         11 TO       17 ON WORKER2: OK
 STARTING SUBJECTS         18 TO       18 ON WORKER3: OK
 COLLECTING SUBJECTS        1 TO        5 ON MANAGER
 COLLECTING SUBJECTS       11 TO       17 ON WORKER2
 COLLECTING SUBJECTS       18 TO       18 ON WORKER3
 COLLECTING SUBJECTS        6 TO       10 ON WORKER1
 Tot. mngr. proc.   Time for this  Iteration  (DDD:HH:MM:SS.DD) 000:00:00:00.00
 Total Load         Time for this  Iteration  (DDD:HH:MM:SS.DD) 000:00:00:00.09
 Total Computation  Time for this  Iteration  (DDD:HH:MM:SS.DD) 000:00:00:01.36
 Accum. mngr. proc. Time among all Iterations (DDD:HH:MM:SS.DD) 000:00:00:00.02
 Accumulated Load   Time among all Iterations (DDD:HH:MM:SS.DD) 000:00:00:01.41
 Accumulated Comp.  Time among all Iterations (DDD:HH:MM:SS.DD) 000:00:00:26.27
 Accumulated CPU    Time of present job       (DDD:HH:MM:SS.DD) 000:00:00:29.91

 ITERATION           17
 STARTING SUBJECTS          1 TO        6 ON MANAGER: OK
 STARTING SUBJECTS          7 TO       11 ON WORKER1: OK
 STARTING SUBJECTS         12 TO       13 ON WORKER2: OK
 STARTING SUBJECTS         14 TO       18 ON WORKER3: OK
 COLLECTING SUBJECTS        1 TO        6 ON MANAGER
 COLLECTING SUBJECTS        7 TO       11 ON WORKER1
 COLLECTING SUBJECTS       12 TO       13 ON WORKER2
 COLLECTING SUBJECTS       14 TO       18 ON WORKER3
 ITERATION           17
 STARTING SUBJECTS          1 TO        6 ON MANAGER: OK
 STARTING SUBJECTS          7 TO       11 ON WORKER1: OK
 STARTING SUBJECTS         12 TO       13 ON WORKER2: OK
 STARTING SUBJECTS         14 TO       18 ON WORKER3: OK
 COLLECTING SUBJECTS        1 TO        6 ON MANAGER
 COLLECTING SUBJECTS        7 TO       11 ON WORKER1
 COLLECTING SUBJECTS       12 TO       13 ON WORKER2
 COLLECTING SUBJECTS       14 TO       18 ON WORKER3
 ITERATION           17
 STARTING SUBJECTS          1 TO        6 ON MANAGER: OK
 STARTING SUBJECTS          7 TO       11 ON WORKER1: OK
 STARTING SUBJECTS         12 TO       13 ON WORKER2: OK
 STARTING SUBJECTS         14 TO       18 ON WORKER3: OK
 COLLECTING SUBJECTS        1 TO        6 ON MANAGER
 COLLECTING SUBJECTS        7 TO       11 ON WORKER1
 COLLECTING SUBJECTS       12 TO       13 ON WORKER2
 COLLECTING SUBJECTS       14 TO       18 ON WORKER3
 ITERATION           17
 STARTING SUBJECTS          1 TO        6 ON MANAGER: OK
 STARTING SUBJECTS          7 TO       11 ON WORKER1: OK
 STARTING SUBJECTS         12 TO       13 ON WORKER2: OK
 STARTING SUBJECTS         14 TO       18 ON WORKER3: OK
 COLLECTING SUBJECTS        1 TO        6 ON MANAGER
 COLLECTING SUBJECTS        7 TO       11 ON WORKER1
 COLLECTING SUBJECTS       12 TO       13 ON WORKER2
 COLLECTING SUBJECTS       14 TO       18 ON WORKER3
 ITERATION           17
 STARTING SUBJECTS          1 TO        6 ON MANAGER: OK
 STARTING SUBJECTS          7 TO       11 ON WORKER1: OK
 STARTING SUBJECTS         12 TO       13 ON WORKER2: OK
 STARTING SUBJECTS         14 TO       18 ON WORKER3: OK
 COLLECTING SUBJECTS        1 TO        6 ON MANAGER
 COLLECTING SUBJECTS        7 TO       11 ON WORKER1
 COLLECTING SUBJECTS       12 TO       13 ON WORKER2
 COLLECTING SUBJECTS       14 TO       18 ON WORKER3
 ITERATION           17
 STARTING SUBJECTS          1 TO        6 ON MANAGER: OK
 STARTING SUBJECTS          7 TO       11 ON WORKER1: OK
 STARTING SUBJECTS         12 TO       13 ON WORKER2: OK
 STARTING SUBJECTS         14 TO       18 ON WORKER3: OK
 COLLECTING SUBJECTS        1 TO        6 ON MANAGER
 COLLECTING SUBJECTS        7 TO       11 ON WORKER1
 COLLECTING SUBJECTS       12 TO       13 ON WORKER2
 COLLECTING SUBJECTS       14 TO       18 ON WORKER3
 Tot. mngr. proc.   Time for this  Iteration  (DDD:HH:MM:SS.DD) 000:00:00:00.00
 Total Load         Time for this  Iteration  (DDD:HH:MM:SS.DD) 000:00:00:00.08
 Total Computation  Time for this  Iteration  (DDD:HH:MM:SS.DD) 000:00:00:01.72
 Accum. mngr. proc. Time among all Iterations (DDD:HH:MM:SS.DD) 000:00:00:00.02
 Accumulated Load   Time among all Iterations (DDD:HH:MM:SS.DD) 000:00:00:01.48
 Accumulated Comp.  Time among all Iterations (DDD:HH:MM:SS.DD) 000:00:00:27.98
 Accumulated CPU    Time of present job       (DDD:HH:MM:SS.DD) 000:00:00:29.91

 ITERATION           18
 STARTING SUBJECTS          1 TO        6 ON MANAGER: OK
 STARTING SUBJECTS          7 TO       11 ON WORKER1: OK
 STARTING SUBJECTS         12 TO       15 ON WORKER2: OK
 STARTING SUBJECTS         16 TO       18 ON WORKER3: OK
 COLLECTING SUBJECTS        1 TO        6 ON MANAGER
 COLLECTING SUBJECTS        7 TO       11 ON WORKER1
 COLLECTING SUBJECTS       12 TO       15 ON WORKER2
 COLLECTING SUBJECTS       16 TO       18 ON WORKER3
 ITERATION           18
 STARTING SUBJECTS          1 TO        6 ON MANAGER: OK
 STARTING SUBJECTS          7 TO       11 ON WORKER1: OK
 STARTING SUBJECTS         12 TO       15 ON WORKER2: OK
 STARTING SUBJECTS         16 TO       18 ON WORKER3: OK
 COLLECTING SUBJECTS        1 TO        6 ON MANAGER
 COLLECTING SUBJECTS        7 TO       11 ON WORKER1
 COLLECTING SUBJECTS       12 TO       15 ON WORKER2
 COLLECTING SUBJECTS       16 TO       18 ON WORKER3
 ITERATION           18
 STARTING SUBJECTS          1 TO        6 ON MANAGER: OK
 STARTING SUBJECTS          7 TO       11 ON WORKER1: OK
 STARTING SUBJECTS         12 TO       15 ON WORKER2: OK
 STARTING SUBJECTS         16 TO       18 ON WORKER3: OK
 COLLECTING SUBJECTS        1 TO        6 ON MANAGER
 COLLECTING SUBJECTS        7 TO       11 ON WORKER1
 COLLECTING SUBJECTS       16 TO       18 ON WORKER3
 COLLECTING SUBJECTS       12 TO       15 ON WORKER2
 ITERATION           18
 STARTING SUBJECTS          1 TO        6 ON MANAGER: OK
 STARTING SUBJECTS          7 TO       11 ON WORKER1: OK
 STARTING SUBJECTS         12 TO       15 ON WORKER2: OK
 STARTING SUBJECTS         16 TO       18 ON WORKER3: OK
 COLLECTING SUBJECTS        1 TO        6 ON MANAGER
 COLLECTING SUBJECTS        7 TO       11 ON WORKER1
 COLLECTING SUBJECTS       12 TO       15 ON WORKER2
 COLLECTING SUBJECTS       16 TO       18 ON WORKER3
 ITERATION           18
 STARTING SUBJECTS          1 TO        6 ON MANAGER: OK
 STARTING SUBJECTS          7 TO       11 ON WORKER1: OK
 STARTING SUBJECTS         12 TO       15 ON WORKER2: OK
 STARTING SUBJECTS         16 TO       18 ON WORKER3: OK
 COLLECTING SUBJECTS        1 TO        6 ON MANAGER
 COLLECTING SUBJECTS        7 TO       11 ON WORKER1
 COLLECTING SUBJECTS       16 TO       18 ON WORKER3
 COLLECTING SUBJECTS       12 TO       15 ON WORKER2
 ITERATION           18
 STARTING SUBJECTS          1 TO        6 ON MANAGER: OK
 STARTING SUBJECTS          7 TO       11 ON WORKER1: OK
 STARTING SUBJECTS         12 TO       15 ON WORKER2: OK
 STARTING SUBJECTS         16 TO       18 ON WORKER3: OK
 COLLECTING SUBJECTS        1 TO        6 ON MANAGER
 COLLECTING SUBJECTS        7 TO       11 ON WORKER1
 COLLECTING SUBJECTS       12 TO       15 ON WORKER2
 COLLECTING SUBJECTS       16 TO       18 ON WORKER3
 ITERATION           18
 STARTING SUBJECTS          1 TO        6 ON MANAGER: OK
 STARTING SUBJECTS          7 TO       11 ON WORKER1: OK
 STARTING SUBJECTS         12 TO       15 ON WORKER2: OK
 STARTING SUBJECTS         16 TO       18 ON WORKER3: OK
 COLLECTING SUBJECTS        1 TO        6 ON MANAGER
 COLLECTING SUBJECTS        7 TO       11 ON WORKER1
 COLLECTING SUBJECTS       12 TO       15 ON WORKER2
 COLLECTING SUBJECTS       16 TO       18 ON WORKER3
 ITERATION           18
 STARTING SUBJECTS          1 TO        6 ON MANAGER: OK
 STARTING SUBJECTS          7 TO       11 ON WORKER1: OK
 STARTING SUBJECTS         12 TO       15 ON WORKER2: OK
 STARTING SUBJECTS         16 TO       18 ON WORKER3: OK
 COLLECTING SUBJECTS        1 TO        6 ON MANAGER
 COLLECTING SUBJECTS        7 TO       11 ON WORKER1
 COLLECTING SUBJECTS       12 TO       15 ON WORKER2
 COLLECTING SUBJECTS       16 TO       18 ON WORKER3
 Tot. mngr. proc.   Time for this  Iteration  (DDD:HH:MM:SS.DD) 000:00:00:00.00
 Total Load         Time for this  Iteration  (DDD:HH:MM:SS.DD) 000:00:00:00.16
 Total Computation  Time for this  Iteration  (DDD:HH:MM:SS.DD) 000:00:00:01.28
 Accum. mngr. proc. Time among all Iterations (DDD:HH:MM:SS.DD) 000:00:00:00.02
 Accumulated Load   Time among all Iterations (DDD:HH:MM:SS.DD) 000:00:00:01.64
 Accumulated Comp.  Time among all Iterations (DDD:HH:MM:SS.DD) 000:00:00:29.27
 Accumulated CPU    Time of present job       (DDD:HH:MM:SS.DD) 000:00:00:29.91

 ITERATION           19
 STARTING SUBJECTS          1 TO        5 ON MANAGER: OK
 STARTING SUBJECTS          6 TO       12 ON WORKER1: OK
 STARTING SUBJECTS         13 TO       16 ON WORKER2: OK
 STARTING SUBJECTS         17 TO       18 ON WORKER3: OK
 COLLECTING SUBJECTS        1 TO        5 ON MANAGER
 COLLECTING SUBJECTS       13 TO       16 ON WORKER2
 COLLECTING SUBJECTS       17 TO       18 ON WORKER3
 COLLECTING SUBJECTS        6 TO       12 ON WORKER1
 ITERATION           19
 STARTING SUBJECTS          1 TO        5 ON MANAGER: OK
 STARTING SUBJECTS          6 TO       12 ON WORKER1: OK
 STARTING SUBJECTS         13 TO       16 ON WORKER2: OK
 STARTING SUBJECTS         17 TO       18 ON WORKER3: OK
 COLLECTING SUBJECTS        1 TO        5 ON MANAGER
 COLLECTING SUBJECTS       13 TO       16 ON WORKER2
 COLLECTING SUBJECTS       17 TO       18 ON WORKER3
 COLLECTING SUBJECTS        6 TO       12 ON WORKER1
 ITERATION           19
 STARTING SUBJECTS          1 TO        5 ON MANAGER: OK
 STARTING SUBJECTS          6 TO       12 ON WORKER1: OK
 STARTING SUBJECTS         13 TO       16 ON WORKER2: OK
 STARTING SUBJECTS         17 TO       18 ON WORKER3: OK
 COLLECTING SUBJECTS        1 TO        5 ON MANAGER
 COLLECTING SUBJECTS        6 TO       12 ON WORKER1
 COLLECTING SUBJECTS       13 TO       16 ON WORKER2
 COLLECTING SUBJECTS       17 TO       18 ON WORKER3
 ITERATION           19
 STARTING SUBJECTS          1 TO        5 ON MANAGER: OK
 STARTING SUBJECTS          6 TO       12 ON WORKER1: OK
 STARTING SUBJECTS         13 TO       16 ON WORKER2: OK
 STARTING SUBJECTS         17 TO       18 ON WORKER3: OK
 COLLECTING SUBJECTS        1 TO        5 ON MANAGER
 COLLECTING SUBJECTS       17 TO       18 ON WORKER3
 COLLECTING SUBJECTS        6 TO       12 ON WORKER1
 COLLECTING SUBJECTS       13 TO       16 ON WORKER2
 ITERATION           19
 STARTING SUBJECTS          1 TO        5 ON MANAGER: OK
 STARTING SUBJECTS          6 TO       12 ON WORKER1: OK
 STARTING SUBJECTS         13 TO       16 ON WORKER2: OK
 STARTING SUBJECTS         17 TO       18 ON WORKER3: OK
 COLLECTING SUBJECTS        1 TO        5 ON MANAGER
 COLLECTING SUBJECTS        6 TO       12 ON WORKER1
 COLLECTING SUBJECTS       13 TO       16 ON WORKER2
 COLLECTING SUBJECTS       17 TO       18 ON WORKER3
 ITERATION           19
 STARTING SUBJECTS          1 TO        5 ON MANAGER: OK
 STARTING SUBJECTS          6 TO       12 ON WORKER1: OK
 STARTING SUBJECTS         13 TO       16 ON WORKER2: OK
 STARTING SUBJECTS         17 TO       18 ON WORKER3: OK
 COLLECTING SUBJECTS        1 TO        5 ON MANAGER
 COLLECTING SUBJECTS       13 TO       16 ON WORKER2
 COLLECTING SUBJECTS       17 TO       18 ON WORKER3
 COLLECTING SUBJECTS        6 TO       12 ON WORKER1
 ITERATION           19
 STARTING SUBJECTS          1 TO        5 ON MANAGER: OK
 STARTING SUBJECTS          6 TO       12 ON WORKER1: OK
 STARTING SUBJECTS         13 TO       16 ON WORKER2: OK
 STARTING SUBJECTS         17 TO       18 ON WORKER3: OK
 COLLECTING SUBJECTS        1 TO        5 ON MANAGER
 COLLECTING SUBJECTS       17 TO       18 ON WORKER3
 COLLECTING SUBJECTS        6 TO       12 ON WORKER1
 COLLECTING SUBJECTS       13 TO       16 ON WORKER2
 ITERATION           19
 STARTING SUBJECTS          1 TO        5 ON MANAGER: OK
 STARTING SUBJECTS          6 TO       12 ON WORKER1: OK
 STARTING SUBJECTS         13 TO       16 ON WORKER2: OK
 STARTING SUBJECTS         17 TO       18 ON WORKER3: OK
 COLLECTING SUBJECTS        1 TO        5 ON MANAGER
 COLLECTING SUBJECTS        6 TO       12 ON WORKER1
 COLLECTING SUBJECTS       17 TO       18 ON WORKER3
 COLLECTING SUBJECTS       13 TO       16 ON WORKER2
 ITERATION           19
 STARTING SUBJECTS          1 TO        5 ON MANAGER: OK
 STARTING SUBJECTS          6 TO       12 ON WORKER1: OK
 STARTING SUBJECTS         13 TO       16 ON WORKER2: OK
 STARTING SUBJECTS         17 TO       18 ON WORKER3: OK
 COLLECTING SUBJECTS        1 TO        5 ON MANAGER
 COLLECTING SUBJECTS        6 TO       12 ON WORKER1
 COLLECTING SUBJECTS       13 TO       16 ON WORKER2
 COLLECTING SUBJECTS       17 TO       18 ON WORKER3
 ITERATION           19
 STARTING SUBJECTS          1 TO        5 ON MANAGER: OK
 STARTING SUBJECTS          6 TO       12 ON WORKER1: OK
 STARTING SUBJECTS         13 TO       16 ON WORKER2: OK
 STARTING SUBJECTS         17 TO       18 ON WORKER3: OK
 COLLECTING SUBJECTS        1 TO        5 ON MANAGER
 COLLECTING SUBJECTS        6 TO       12 ON WORKER1
 COLLECTING SUBJECTS       13 TO       16 ON WORKER2
 COLLECTING SUBJECTS       17 TO       18 ON WORKER3
 Tot. mngr. proc.   Time for this  Iteration  (DDD:HH:MM:SS.DD) 000:00:00:00.00
 Total Load         Time for this  Iteration  (DDD:HH:MM:SS.DD) 000:00:00:00.14
 Total Computation  Time for this  Iteration  (DDD:HH:MM:SS.DD) 000:00:00:02.23
 Accum. mngr. proc. Time among all Iterations (DDD:HH:MM:SS.DD) 000:00:00:00.02
 Accumulated Load   Time among all Iterations (DDD:HH:MM:SS.DD) 000:00:00:01.78
 Accumulated Comp.  Time among all Iterations (DDD:HH:MM:SS.DD) 000:00:00:31.50
 Accumulated CPU    Time of present job       (DDD:HH:MM:SS.DD) 000:00:00:29.91

 ITERATION           20
 STARTING SUBJECTS          1 TO        4 ON MANAGER: OK
 STARTING SUBJECTS          5 TO        9 ON WORKER1: OK
 STARTING SUBJECTS         10 TO       12 ON WORKER2: OK
 STARTING SUBJECTS         13 TO       18 ON WORKER3: OK
 COLLECTING SUBJECTS        1 TO        4 ON MANAGER
 COLLECTING SUBJECTS       10 TO       12 ON WORKER2
 COLLECTING SUBJECTS       13 TO       18 ON WORKER3
 COLLECTING SUBJECTS        5 TO        9 ON WORKER1
 ITERATION           20
 STARTING SUBJECTS          1 TO        4 ON MANAGER: OK
 STARTING SUBJECTS          5 TO        9 ON WORKER1: OK
 STARTING SUBJECTS         10 TO       12 ON WORKER2: OK
 STARTING SUBJECTS         13 TO       18 ON WORKER3: OK
 COLLECTING SUBJECTS        1 TO        4 ON MANAGER
 COLLECTING SUBJECTS       10 TO       12 ON WORKER2
 COLLECTING SUBJECTS        5 TO        9 ON WORKER1
 COLLECTING SUBJECTS       13 TO       18 ON WORKER3
 ITERATION           20
 STARTING SUBJECTS          1 TO        4 ON MANAGER: OK
 STARTING SUBJECTS          5 TO        9 ON WORKER1: OK
 STARTING SUBJECTS         10 TO       12 ON WORKER2: OK
 STARTING SUBJECTS         13 TO       18 ON WORKER3: OK
 COLLECTING SUBJECTS        1 TO        4 ON MANAGER
 COLLECTING SUBJECTS        5 TO        9 ON WORKER1
 COLLECTING SUBJECTS       10 TO       12 ON WORKER2
 COLLECTING SUBJECTS       13 TO       18 ON WORKER3
 ITERATION           20
 STARTING SUBJECTS          1 TO        4 ON MANAGER: OK
 STARTING SUBJECTS          5 TO        9 ON WORKER1: OK
 STARTING SUBJECTS         10 TO       12 ON WORKER2: OK
 STARTING SUBJECTS         13 TO       18 ON WORKER3: OK
 COLLECTING SUBJECTS        1 TO        4 ON MANAGER
 COLLECTING SUBJECTS        5 TO        9 ON WORKER1
 COLLECTING SUBJECTS       10 TO       12 ON WORKER2
 COLLECTING SUBJECTS       13 TO       18 ON WORKER3
 ITERATION           20
 STARTING SUBJECTS          1 TO        4 ON MANAGER: OK
 STARTING SUBJECTS          5 TO        9 ON WORKER1: OK
 STARTING SUBJECTS         10 TO       12 ON WORKER2: OK
 STARTING SUBJECTS         13 TO       18 ON WORKER3: OK
 COLLECTING SUBJECTS        1 TO        4 ON MANAGER
 COLLECTING SUBJECTS        5 TO        9 ON WORKER1
 COLLECTING SUBJECTS       13 TO       18 ON WORKER3
 COLLECTING SUBJECTS       10 TO       12 ON WORKER2
 ITERATION           20
 STARTING SUBJECTS          1 TO        4 ON MANAGER: OK
 STARTING SUBJECTS          5 TO        9 ON WORKER1: OK
 STARTING SUBJECTS         10 TO       12 ON WORKER2: OK
 STARTING SUBJECTS         13 TO       18 ON WORKER3: OK
 COLLECTING SUBJECTS        1 TO        4 ON MANAGER
 COLLECTING SUBJECTS       10 TO       12 ON WORKER2
 COLLECTING SUBJECTS       13 TO       18 ON WORKER3
 COLLECTING SUBJECTS        5 TO        9 ON WORKER1
 ITERATION           20
 STARTING SUBJECTS          1 TO        4 ON MANAGER: OK
 STARTING SUBJECTS          5 TO        9 ON WORKER1: OK
 STARTING SUBJECTS         10 TO       12 ON WORKER2: OK
 STARTING SUBJECTS         13 TO       18 ON WORKER3: OK
 COLLECTING SUBJECTS        1 TO        4 ON MANAGER
 COLLECTING SUBJECTS        5 TO        9 ON WORKER1
 COLLECTING SUBJECTS       13 TO       18 ON WORKER3
 COLLECTING SUBJECTS       10 TO       12 ON WORKER2
 ITERATION           20
 STARTING SUBJECTS          1 TO        4 ON MANAGER: OK
 STARTING SUBJECTS          5 TO        9 ON WORKER1: OK
 STARTING SUBJECTS         10 TO       12 ON WORKER2: OK
 STARTING SUBJECTS         13 TO       18 ON WORKER3: OK
 COLLECTING SUBJECTS        1 TO        4 ON MANAGER
 COLLECTING SUBJECTS        5 TO        9 ON WORKER1
 COLLECTING SUBJECTS       10 TO       12 ON WORKER2
 COLLECTING SUBJECTS       13 TO       18 ON WORKER3
 ITERATION           20
 STARTING SUBJECTS          1 TO        4 ON MANAGER: OK
 STARTING SUBJECTS          5 TO        9 ON WORKER1: OK
 STARTING SUBJECTS         10 TO       12 ON WORKER2: OK
 STARTING SUBJECTS         13 TO       18 ON WORKER3: OK
 COLLECTING SUBJECTS        1 TO        4 ON MANAGER
 COLLECTING SUBJECTS        5 TO        9 ON WORKER1
 COLLECTING SUBJECTS       10 TO       12 ON WORKER2
 COLLECTING SUBJECTS       13 TO       18 ON WORKER3
 ITERATION           20
 STARTING SUBJECTS          1 TO        4 ON MANAGER: OK
 STARTING SUBJECTS          5 TO        9 ON WORKER1: OK
 STARTING SUBJECTS         10 TO       12 ON WORKER2: OK
 STARTING SUBJECTS         13 TO       18 ON WORKER3: OK
 COLLECTING SUBJECTS        1 TO        4 ON MANAGER
 COLLECTING SUBJECTS        5 TO        9 ON WORKER1
 COLLECTING SUBJECTS       10 TO       12 ON WORKER2
 COLLECTING SUBJECTS       13 TO       18 ON WORKER3
 Tot. mngr. proc.   Time for this  Iteration  (DDD:HH:MM:SS.DD) 000:00:00:00.00
 Total Load         Time for this  Iteration  (DDD:HH:MM:SS.DD) 000:00:00:00.14
 Total Computation  Time for this  Iteration  (DDD:HH:MM:SS.DD) 000:00:00:02.25
 Accum. mngr. proc. Time among all Iterations (DDD:HH:MM:SS.DD) 000:00:00:00.02
 Accumulated Load   Time among all Iterations (DDD:HH:MM:SS.DD) 000:00:00:01.92
 Accumulated Comp.  Time among all Iterations (DDD:HH:MM:SS.DD) 000:00:00:33.75
 Accumulated CPU    Time of present job       (DDD:HH:MM:SS.DD) 000:00:00:29.91

 ITERATION           21
 STARTING SUBJECTS          1 TO        4 ON MANAGER: OK
 STARTING SUBJECTS          5 TO        9 ON WORKER1: OK
 STARTING SUBJECTS         10 TO       14 ON WORKER2: OK
 STARTING SUBJECTS         15 TO       18 ON WORKER3: OK
 COLLECTING SUBJECTS        1 TO        4 ON MANAGER
 COLLECTING SUBJECTS       10 TO       14 ON WORKER2
 COLLECTING SUBJECTS       15 TO       18 ON WORKER3
 COLLECTING SUBJECTS        5 TO        9 ON WORKER1
 ITERATION           21
 STARTING SUBJECTS          1 TO        4 ON MANAGER: OK
 STARTING SUBJECTS          5 TO        9 ON WORKER1: OK
 STARTING SUBJECTS         10 TO       14 ON WORKER2: OK
 STARTING SUBJECTS         15 TO       18 ON WORKER3: OK
 COLLECTING SUBJECTS        1 TO        4 ON MANAGER
 COLLECTING SUBJECTS       10 TO       14 ON WORKER2
 COLLECTING SUBJECTS        5 TO        9 ON WORKER1
 COLLECTING SUBJECTS       15 TO       18 ON WORKER3
 ITERATION           21
 STARTING SUBJECTS          1 TO        4 ON MANAGER: OK
 STARTING SUBJECTS          5 TO        9 ON WORKER1: OK
 STARTING SUBJECTS         10 TO       14 ON WORKER2: OK
 STARTING SUBJECTS         15 TO       18 ON WORKER3: OK
 COLLECTING SUBJECTS        1 TO        4 ON MANAGER
 COLLECTING SUBJECTS       10 TO       14 ON WORKER2
 COLLECTING SUBJECTS       15 TO       18 ON WORKER3
 COLLECTING SUBJECTS        5 TO        9 ON WORKER1
 ITERATION           21
 STARTING SUBJECTS          1 TO        4 ON MANAGER: OK
 STARTING SUBJECTS          5 TO        9 ON WORKER1: OK
 STARTING SUBJECTS         10 TO       14 ON WORKER2: OK
 STARTING SUBJECTS         15 TO       18 ON WORKER3: OK
 COLLECTING SUBJECTS        1 TO        4 ON MANAGER
 COLLECTING SUBJECTS        5 TO        9 ON WORKER1
 COLLECTING SUBJECTS       10 TO       14 ON WORKER2
 COLLECTING SUBJECTS       15 TO       18 ON WORKER3
 ITERATION           21
 STARTING SUBJECTS          1 TO        4 ON MANAGER: OK
 STARTING SUBJECTS          5 TO        9 ON WORKER1: OK
 STARTING SUBJECTS         10 TO       14 ON WORKER2: OK
 STARTING SUBJECTS         15 TO       18 ON WORKER3: OK
 COLLECTING SUBJECTS        1 TO        4 ON MANAGER
 COLLECTING SUBJECTS        5 TO        9 ON WORKER1
 COLLECTING SUBJECTS       15 TO       18 ON WORKER3
 COLLECTING SUBJECTS       10 TO       14 ON WORKER2
 ITERATION           21
 STARTING SUBJECTS          1 TO        4 ON MANAGER: OK
 STARTING SUBJECTS          5 TO        9 ON WORKER1: OK
 STARTING SUBJECTS         10 TO       14 ON WORKER2: OK
 STARTING SUBJECTS         15 TO       18 ON WORKER3: OK
 COLLECTING SUBJECTS        1 TO        4 ON MANAGER
 COLLECTING SUBJECTS        5 TO        9 ON WORKER1
 COLLECTING SUBJECTS       15 TO       18 ON WORKER3
 COLLECTING SUBJECTS       10 TO       14 ON WORKER2
 ITERATION           21
 STARTING SUBJECTS          1 TO        4 ON MANAGER: OK
 STARTING SUBJECTS          5 TO        9 ON WORKER1: OK
 STARTING SUBJECTS         10 TO       14 ON WORKER2: OK
 STARTING SUBJECTS         15 TO       18 ON WORKER3: OK
 COLLECTING SUBJECTS        1 TO        4 ON MANAGER
 COLLECTING SUBJECTS       10 TO       14 ON WORKER2
 COLLECTING SUBJECTS       15 TO       18 ON WORKER3
 COLLECTING SUBJECTS        5 TO        9 ON WORKER1
 ITERATION           21
 STARTING SUBJECTS          1 TO        4 ON MANAGER: OK
 STARTING SUBJECTS          5 TO        9 ON WORKER1: OK
 STARTING SUBJECTS         10 TO       14 ON WORKER2: OK
 STARTING SUBJECTS         15 TO       18 ON WORKER3: OK
 COLLECTING SUBJECTS        1 TO        4 ON MANAGER
 COLLECTING SUBJECTS       10 TO       14 ON WORKER2
 COLLECTING SUBJECTS       15 TO       18 ON WORKER3
 COLLECTING SUBJECTS        5 TO        9 ON WORKER1
 ITERATION           21
 STARTING SUBJECTS          1 TO        4 ON MANAGER: OK
 STARTING SUBJECTS          5 TO        9 ON WORKER1: OK
 STARTING SUBJECTS         10 TO       14 ON WORKER2: OK
 STARTING SUBJECTS         15 TO       18 ON WORKER3: OK
 COLLECTING SUBJECTS        1 TO        4 ON MANAGER
 COLLECTING SUBJECTS       15 TO       18 ON WORKER3
 COLLECTING SUBJECTS        5 TO        9 ON WORKER1
 COLLECTING SUBJECTS       10 TO       14 ON WORKER2
 ITERATION           21
 STARTING SUBJECTS          1 TO        4 ON MANAGER: OK
 STARTING SUBJECTS          5 TO        9 ON WORKER1: OK
 STARTING SUBJECTS         10 TO       14 ON WORKER2: OK
 STARTING SUBJECTS         15 TO       18 ON WORKER3: OK
 COLLECTING SUBJECTS        1 TO        4 ON MANAGER
 COLLECTING SUBJECTS       10 TO       14 ON WORKER2
 COLLECTING SUBJECTS       15 TO       18 ON WORKER3
 COLLECTING SUBJECTS        5 TO        9 ON WORKER1
 Tot. mngr. proc.   Time for this  Iteration  (DDD:HH:MM:SS.DD) 000:00:00:00.00
 Total Load         Time for this  Iteration  (DDD:HH:MM:SS.DD) 000:00:00:00.09
 Total Computation  Time for this  Iteration  (DDD:HH:MM:SS.DD) 000:00:00:02.47
 Accum. mngr. proc. Time among all Iterations (DDD:HH:MM:SS.DD) 000:00:00:00.02
 Accumulated Load   Time among all Iterations (DDD:HH:MM:SS.DD) 000:00:00:02.02
 Accumulated Comp.  Time among all Iterations (DDD:HH:MM:SS.DD) 000:00:00:36.22
 Accumulated CPU    Time of present job       (DDD:HH:MM:SS.DD) 000:00:00:29.91

 ITERATION           22
 STARTING SUBJECTS          1 TO        4 ON MANAGER: OK
 STARTING SUBJECTS          5 TO        9 ON WORKER1: OK
 STARTING SUBJECTS         10 TO       14 ON WORKER2: OK
 STARTING SUBJECTS         15 TO       18 ON WORKER3: OK
 COLLECTING SUBJECTS        1 TO        4 ON MANAGER
 COLLECTING SUBJECTS       15 TO       18 ON WORKER3
 COLLECTING SUBJECTS        5 TO        9 ON WORKER1
 COLLECTING SUBJECTS       10 TO       14 ON WORKER2
 ITERATION           22
 STARTING SUBJECTS          1 TO        4 ON MANAGER: OK
 STARTING SUBJECTS          5 TO        9 ON WORKER1: OK
 STARTING SUBJECTS         10 TO       14 ON WORKER2: OK
 STARTING SUBJECTS         15 TO       18 ON WORKER3: OK
 COLLECTING SUBJECTS        1 TO        4 ON MANAGER
 COLLECTING SUBJECTS        5 TO        9 ON WORKER1
 COLLECTING SUBJECTS       10 TO       14 ON WORKER2
 COLLECTING SUBJECTS       15 TO       18 ON WORKER3
 ITERATION           22
 STARTING SUBJECTS          1 TO        4 ON MANAGER: OK
 STARTING SUBJECTS          5 TO        9 ON WORKER1: OK
 STARTING SUBJECTS         10 TO       14 ON WORKER2: OK
 STARTING SUBJECTS         15 TO       18 ON WORKER3: OK
 COLLECTING SUBJECTS        1 TO        4 ON MANAGER
 COLLECTING SUBJECTS        5 TO        9 ON WORKER1
 COLLECTING SUBJECTS       10 TO       14 ON WORKER2
 COLLECTING SUBJECTS       15 TO       18 ON WORKER3
 ITERATION           22
 STARTING SUBJECTS          1 TO        4 ON MANAGER: OK
 STARTING SUBJECTS          5 TO        9 ON WORKER1: OK
 STARTING SUBJECTS         10 TO       14 ON WORKER2: OK
 STARTING SUBJECTS         15 TO       18 ON WORKER3: OK
 COLLECTING SUBJECTS        1 TO        4 ON MANAGER
 COLLECTING SUBJECTS        5 TO        9 ON WORKER1
 COLLECTING SUBJECTS       15 TO       18 ON WORKER3
 COLLECTING SUBJECTS       10 TO       14 ON WORKER2
 ITERATION           22
 STARTING SUBJECTS          1 TO        4 ON MANAGER: OK
 STARTING SUBJECTS          5 TO        9 ON WORKER1: OK
 STARTING SUBJECTS         10 TO       14 ON WORKER2: OK
 STARTING SUBJECTS         15 TO       18 ON WORKER3: OK
 COLLECTING SUBJECTS        1 TO        4 ON MANAGER
 COLLECTING SUBJECTS        5 TO        9 ON WORKER1
 COLLECTING SUBJECTS       10 TO       14 ON WORKER2
 COLLECTING SUBJECTS       15 TO       18 ON WORKER3
 ITERATION           22
 STARTING SUBJECTS          1 TO        4 ON MANAGER: OK
 STARTING SUBJECTS          5 TO        9 ON WORKER1: OK
 STARTING SUBJECTS         10 TO       14 ON WORKER2: OK
 STARTING SUBJECTS         15 TO       18 ON WORKER3: OK
 COLLECTING SUBJECTS        1 TO        4 ON MANAGER
 COLLECTING SUBJECTS        5 TO        9 ON WORKER1
 COLLECTING SUBJECTS       10 TO       14 ON WORKER2
 COLLECTING SUBJECTS       15 TO       18 ON WORKER3
 ITERATION           22
 STARTING SUBJECTS          1 TO        4 ON MANAGER: OK
 STARTING SUBJECTS          5 TO        9 ON WORKER1: OK
 STARTING SUBJECTS         10 TO       14 ON WORKER2: OK
 STARTING SUBJECTS         15 TO       18 ON WORKER3: OK
 COLLECTING SUBJECTS        1 TO        4 ON MANAGER
 COLLECTING SUBJECTS        5 TO        9 ON WORKER1
 COLLECTING SUBJECTS       10 TO       14 ON WORKER2
 COLLECTING SUBJECTS       15 TO       18 ON WORKER3
 ITERATION           22
 STARTING SUBJECTS          1 TO        4 ON MANAGER: OK
 STARTING SUBJECTS          5 TO        9 ON WORKER1: OK
 STARTING SUBJECTS         10 TO       14 ON WORKER2: OK
 STARTING SUBJECTS         15 TO       18 ON WORKER3: OK
 COLLECTING SUBJECTS        1 TO        4 ON MANAGER
 COLLECTING SUBJECTS        5 TO        9 ON WORKER1
 COLLECTING SUBJECTS       10 TO       14 ON WORKER2
 COLLECTING SUBJECTS       15 TO       18 ON WORKER3
 ITERATION           22
 STARTING SUBJECTS          1 TO        4 ON MANAGER: OK
 STARTING SUBJECTS          5 TO        9 ON WORKER1: OK
 STARTING SUBJECTS         10 TO       14 ON WORKER2: OK
 STARTING SUBJECTS         15 TO       18 ON WORKER3: OK
 COLLECTING SUBJECTS        1 TO        4 ON MANAGER
 COLLECTING SUBJECTS        5 TO        9 ON WORKER1
 COLLECTING SUBJECTS       15 TO       18 ON WORKER3
 COLLECTING SUBJECTS       10 TO       14 ON WORKER2
 ITERATION           22
 STARTING SUBJECTS          1 TO        4 ON MANAGER: OK
 STARTING SUBJECTS          5 TO        9 ON WORKER1: OK
 STARTING SUBJECTS         10 TO       14 ON WORKER2: OK
 STARTING SUBJECTS         15 TO       18 ON WORKER3: OK
 COLLECTING SUBJECTS        1 TO        4 ON MANAGER
 COLLECTING SUBJECTS        5 TO        9 ON WORKER1
 COLLECTING SUBJECTS       15 TO       18 ON WORKER3
 COLLECTING SUBJECTS       10 TO       14 ON WORKER2
 ITERATION           22
 STARTING SUBJECTS          1 TO        4 ON MANAGER: OK
 STARTING SUBJECTS          5 TO        9 ON WORKER1: OK
 STARTING SUBJECTS         10 TO       14 ON WORKER2: OK
 STARTING SUBJECTS         15 TO       18 ON WORKER3: OK
 COLLECTING SUBJECTS        1 TO        4 ON MANAGER
 COLLECTING SUBJECTS       10 TO       14 ON WORKER2
 COLLECTING SUBJECTS       15 TO       18 ON WORKER3
 COLLECTING SUBJECTS        5 TO        9 ON WORKER1
 ITERATION           22
 STARTING SUBJECTS          1 TO        4 ON MANAGER: OK
 STARTING SUBJECTS          5 TO        9 ON WORKER1: OK
 STARTING SUBJECTS         10 TO       14 ON WORKER2: OK
 STARTING SUBJECTS         15 TO       18 ON WORKER3: OK
 COLLECTING SUBJECTS        1 TO        4 ON MANAGER
 COLLECTING SUBJECTS        5 TO        9 ON WORKER1
 COLLECTING SUBJECTS       10 TO       14 ON WORKER2
 COLLECTING SUBJECTS       15 TO       18 ON WORKER3
 ITERATION           22
 STARTING SUBJECTS          1 TO        4 ON MANAGER: OK
 STARTING SUBJECTS          5 TO        9 ON WORKER1: OK
 STARTING SUBJECTS         10 TO       14 ON WORKER2: OK
 STARTING SUBJECTS         15 TO       18 ON WORKER3: OK
 COLLECTING SUBJECTS        1 TO        4 ON MANAGER
 COLLECTING SUBJECTS        5 TO        9 ON WORKER1
 COLLECTING SUBJECTS       10 TO       14 ON WORKER2
 COLLECTING SUBJECTS       15 TO       18 ON WORKER3
 ITERATION           22
 STARTING SUBJECTS          1 TO        4 ON MANAGER: OK
 STARTING SUBJECTS          5 TO        9 ON WORKER1: OK
 STARTING SUBJECTS         10 TO       14 ON WORKER2: OK
 STARTING SUBJECTS         15 TO       18 ON WORKER3: OK
 COLLECTING SUBJECTS        1 TO        4 ON MANAGER
 COLLECTING SUBJECTS       10 TO       14 ON WORKER2
 COLLECTING SUBJECTS       15 TO       18 ON WORKER3
 COLLECTING SUBJECTS        5 TO        9 ON WORKER1
 ITERATION           22
 STARTING SUBJECTS          1 TO        4 ON MANAGER: OK
 STARTING SUBJECTS          5 TO        9 ON WORKER1: OK
 STARTING SUBJECTS         10 TO       14 ON WORKER2: OK
 STARTING SUBJECTS         15 TO       18 ON WORKER3: OK
 COLLECTING SUBJECTS        1 TO        4 ON MANAGER
 COLLECTING SUBJECTS        5 TO        9 ON WORKER1
 COLLECTING SUBJECTS       10 TO       14 ON WORKER2
 COLLECTING SUBJECTS       15 TO       18 ON WORKER3
 ITERATION           22
 STARTING SUBJECTS          1 TO        4 ON MANAGER: OK
 STARTING SUBJECTS          5 TO        9 ON WORKER1: OK
 STARTING SUBJECTS         10 TO       14 ON WORKER2: OK
 STARTING SUBJECTS         15 TO       18 ON WORKER3: OK
 COLLECTING SUBJECTS        1 TO        4 ON MANAGER
 COLLECTING SUBJECTS       10 TO       14 ON WORKER2
 COLLECTING SUBJECTS       15 TO       18 ON WORKER3
 COLLECTING SUBJECTS        5 TO        9 ON WORKER1
 ITERATION           22
 STARTING SUBJECTS          1 TO        4 ON MANAGER: OK
 STARTING SUBJECTS          5 TO        9 ON WORKER1: OK
 STARTING SUBJECTS         10 TO       14 ON WORKER2: OK
 STARTING SUBJECTS         15 TO       18 ON WORKER3: OK
 COLLECTING SUBJECTS        1 TO        4 ON MANAGER
 COLLECTING SUBJECTS        5 TO        9 ON WORKER1
 COLLECTING SUBJECTS       10 TO       14 ON WORKER2
 COLLECTING SUBJECTS       15 TO       18 ON WORKER3
 Tot. mngr. proc.   Time for this  Iteration  (DDD:HH:MM:SS.DD) 000:00:00:00.00
 Total Load         Time for this  Iteration  (DDD:HH:MM:SS.DD) 000:00:00:00.27
 Total Computation  Time for this  Iteration  (DDD:HH:MM:SS.DD) 000:00:00:09.89
 Accum. mngr. proc. Time among all Iterations (DDD:HH:MM:SS.DD) 000:00:00:00.02
 Accumulated Load   Time among all Iterations (DDD:HH:MM:SS.DD) 000:00:00:02.28
 Accumulated Comp.  Time among all Iterations (DDD:HH:MM:SS.DD) 000:00:00:46.11
 Accumulated CPU    Time of present job       (DDD:HH:MM:SS.DD) 000:00:01:02.73

 ITERATION           23
 STARTING SUBJECTS          1 TO        5 ON MANAGER: OK
 STARTING SUBJECTS          6 TO        9 ON WORKER1: OK
 STARTING SUBJECTS         10 TO       13 ON WORKER2: OK
 STARTING SUBJECTS         14 TO       18 ON WORKER3: OK
 COLLECTING SUBJECTS        1 TO        5 ON MANAGER
 COLLECTING SUBJECTS        6 TO        9 ON WORKER1
 COLLECTING SUBJECTS       10 TO       13 ON WORKER2
 COLLECTING SUBJECTS       14 TO       18 ON WORKER3
 ITERATION           23
 STARTING SUBJECTS          1 TO        5 ON MANAGER: OK
 STARTING SUBJECTS          6 TO        9 ON WORKER1: OK
 STARTING SUBJECTS         10 TO       13 ON WORKER2: OK
 STARTING SUBJECTS         14 TO       18 ON WORKER3: OK
 COLLECTING SUBJECTS        1 TO        5 ON MANAGER
 COLLECTING SUBJECTS       10 TO       13 ON WORKER2
 COLLECTING SUBJECTS       14 TO       18 ON WORKER3
 COLLECTING SUBJECTS        6 TO        9 ON WORKER1
PARAFILE=2.pnm, PROTOCOL=FPI, NODES= 4
FNLETA STEP : Problem=1 Subproblem=0 Superproblem1=0 Iteration1=0 Superproblem2=0 Iteration2=0
 ITERATION            0
 STARTING SUBJECTS          1 TO        5 ON MANAGER: OK
 STARTING SUBJECTS          6 TO       10 ON WORKER1: OK
 STARTING SUBJECTS         11 TO       14 ON WORKER2: OK
 STARTING SUBJECTS         15 TO       18 ON WORKER3: OK
 COLLECTING SUBJECTS        1 TO        5 ON MANAGER
 COLLECTING SUBJECTS        6 TO       10 ON WORKER1
 COLLECTING SUBJECTS       11 TO       14 ON WORKER2
 COLLECTING SUBJECTS       15 TO       18 ON WORKER3
PARAFILE=2.pnm, PROTOCOL=FPI, NODES= 4
WRES STEP : Problem=1 Subproblem=0 Superproblem1=0 Iteration1=0 Superproblem2=0 Iteration2=0
 ITERATION            0
 STARTING SUBJECTS          1 TO        5 ON MANAGER: OK
 STARTING SUBJECTS          6 TO       10 ON WORKER1: OK
 STARTING SUBJECTS         11 TO       14 ON WORKER2: OK
 STARTING SUBJECTS         15 TO       18 ON WORKER3: OK
 COLLECTING SUBJECTS        1 TO        5 ON MANAGER
 COLLECTING SUBJECTS        6 TO       10 ON WORKER1
 COLLECTING SUBJECTS       11 TO       14 ON WORKER2
 COLLECTING SUBJECTS       15 TO       18 ON WORKER3
 Tot. mngr. proc.   Time for this  Iteration  (DDD:HH:MM:SS.DD) 000:00:00:00.05
 Total Load         Time for this  Iteration  (DDD:HH:MM:SS.DD) 000:00:00:00.09
 Total Computation  Time for this  Iteration  (DDD:HH:MM:SS.DD) 000:00:00:00.00
 Accum. mngr. proc. Time among all Iterations (DDD:HH:MM:SS.DD) 000:00:00:00.05
 Accumulated Load   Time among all Iterations (DDD:HH:MM:SS.DD) 000:00:00:00.09
 Accumulated Comp.  Time among all Iterations (DDD:HH:MM:SS.DD) 000:00:00:00.00
 Accumulated CPU    Time of present job       (DDD:HH:MM:SS.DD) 000:00:01:02.73

 ITERATION            1
 STARTING SUBJECTS          1 TO        5 ON MANAGER: OK
 STARTING SUBJECTS          6 TO       10 ON WORKER1: OK
 STARTING SUBJECTS         11 TO       14 ON WORKER2: OK
 STARTING SUBJECTS         15 TO       18 ON WORKER3: OK
 COLLECTING SUBJECTS        1 TO        5 ON MANAGER
 COLLECTING SUBJECTS        6 TO       10 ON WORKER1
 COLLECTING SUBJECTS       11 TO       14 ON WORKER2
 COLLECTING SUBJECTS       15 TO       18 ON WORKER3
 Tot. mngr. proc.   Time for this  Iteration  (DDD:HH:MM:SS.DD) 000:00:00:00.08
 Total Load         Time for this  Iteration  (DDD:HH:MM:SS.DD) 000:00:00:00.03
 Total Computation  Time for this  Iteration  (DDD:HH:MM:SS.DD) 000:00:00:00.00
 Accum. mngr. proc. Time among all Iterations (DDD:HH:MM:SS.DD) 000:00:00:00.13
 Accumulated Load   Time among all Iterations (DDD:HH:MM:SS.DD) 000:00:00:00.13
 Accumulated Comp.  Time among all Iterations (DDD:HH:MM:SS.DD) 000:00:00:00.00
 Accumulated CPU    Time of present job       (DDD:HH:MM:SS.DD) 000:00:01:02.73

 ITERATION            2
 STARTING SUBJECTS          1 TO        5 ON MANAGER: OK
 STARTING SUBJECTS          6 TO       10 ON WORKER1: OK
 STARTING SUBJECTS         11 TO       14 ON WORKER2: OK
 STARTING SUBJECTS         15 TO       18 ON WORKER3: OK
 COLLECTING SUBJECTS        1 TO        5 ON MANAGER
 COLLECTING SUBJECTS        6 TO       10 ON WORKER1
 COLLECTING SUBJECTS       11 TO       14 ON WORKER2
 COLLECTING SUBJECTS       15 TO       18 ON WORKER3
