08.10.2023 
16:53
$PROBLEM sufentanil_epidural, simple abs

$INPUT ID TIME AMT RATE DV CMT MDV EVID SEX AGE WT HEIGHT TINFS TINFR DOSES DOSER OUT NUM

$DATA ../../../../data/derived/nonmem_data_v02.csv  
IGNORE=I
IGNORE=(OUT.EQ.1)
IGNORE=(CMT.EQ.22)
IGNORE=(CMT.EQ.33)

$SUBROUTINES ADVAN13 TOL=6

$MODEL 
  COMP  = (ABS)
  COMP  = (CENTRAL)
  COMP  = (PERIPHERAL)

$PK
;PK PARAMETERS
 CL = THETA(1)*EXP(ETA(1))
 V1 = THETA(2)*EXP(ETA(2))
 Q  = THETA(3)*EXP(ETA(3))
 V2 = THETA(4)*EXP(ETA(4))
 KA = THETA(5)*EXP(ETA(5))
 BIO= THETA(6)

;SECONDARY PARAMETERS 
 K20 = CL/V1;
 K23 = Q/V1;
 K32 = Q/V2;
 
$DES
 DADT(1) = -KA*A(1)
 DADT(2) =  BIO*KA*A(1)-K23*A(2)+K32*A(3)-K20*A(2)
 DADT(3) =              K23*A(2)-K32*A(3)
 
$ERROR

IPRED = A(2)/V1*1000 ;ug/L->ng/L=pg/ml
Y=IPRED*(1+EPS(2))+EPS(1)  

$THETA  
; https://pubmed.ncbi.nlm.nih.gov/26105145/
; VC = 7.90 l, VT = 481 L, Cl = 45.3 L/h, and Q = 38.3 L/h
45.3 FIX    ;[L/h] CL
7.90 FIX    ;[L] V1
38.3 FIX    ;[L/h] Q
481 FIX     ;[L] V2
(0,1)       ;[1/h] KA
(0,0.8,1)    ;[] BIO

$OMEGA     
0.1 ;[P] ETA-CL
0 FIX ;[P] ETA-V1
0 FIX ;[P] ETA-Q
0 FIX ;[P] ETA-V2
0 FIX     ;[P] ETA-KA

$SIGMA
(0.01 FIX)  ;[P] ADD pg/ml
(0.4)       ;[P] PROP

$EST MAXEVAL=9999 METHOD=1 INTER SIGL=6 NSIG=2 PRINT=1 MSFO=./1.msf
$COV PRINT=E MATRIX=R

$TABLE NUM ID TIME EVID MDV CMT PRED IPRED CWRES WRES NPDE NOPRINT NOAPPEND ONEHEADERALL
FILE=sdtab1.tab
$TABLE NUM ID ETAS(1:LAST) KA CL V1 Q V2 BIO NOPRINT NOAPPEND ONEHEADERALL
FILE=patab1.tab
  
NM-TRAN MESSAGES 
  
 WARNINGS AND ERRORS (IF ANY) FOR PROBLEM    1
             
 (WARNING  2) NM-TRAN INFERS THAT THE DATA ARE POPULATION.

 LIM VALUES MAXLIM ASSESSED BY NMTRAN: 1,2,3,4,5,6,7,8,10,11,13,15,16        
  
License Registered to: Medical University of Gdansk
Expiration Date:    14 JUL 2024
Current Date:        8 OCT 2023
Days until program expires : 281
1NONLINEAR MIXED EFFECTS MODEL PROGRAM (NONMEM) VERSION 7.4.4
 ORIGINALLY DEVELOPED BY STUART BEAL, LEWIS SHEINER, AND ALISON BOECKMANN
 CURRENT DEVELOPERS ARE ROBERT BAUER, ICON DEVELOPMENT SOLUTIONS,
 AND ALISON BOECKMANN. IMPLEMENTATION, EFFICIENCY, AND STANDARDIZATION
 PERFORMED BY NOUS INFOSYSTEMS.

 PROBLEM NO.:         1
 sufentanil_epidural, simple abs
0DATA CHECKOUT RUN:              NO
 DATA SET LOCATED ON UNIT NO.:    2
 THIS UNIT TO BE REWOUND:        NO
 NO. OF DATA RECS IN DATA SET:     3091
 NO. OF DATA ITEMS IN DATA SET:  18
 ID DATA ITEM IS DATA ITEM NO.:   1
 DEP VARIABLE IS DATA ITEM NO.:   5
 MDV DATA ITEM IS DATA ITEM NO.:  7
0INDICES PASSED TO SUBROUTINE PRED:
   8   2   3   4   0   0   6   0   0   0   0
0LABELS FOR DATA ITEMS:
 ID TIME AMT RATE DV CMT MDV EVID SEX AGE WT HEIGHT TINFS TINFR DOSES DOSER OUT NUM
0(NONBLANK) LABELS FOR PRED-DEFINED ITEMS:
 CL V1 Q V2 KA BIO IPRED
0FORMAT FOR DATA:
 (E4.0,2E11.0,E5.0,E11.0,4E1.0,2E2.0,E3.0,2E11.0/2E11.0,2E4.0)

 TOT. NO. OF OBS RECS:      244
 TOT. NO. OF INDIVIDUALS:       18
0LENGTH OF THETA:   6
0DEFAULT THETA BOUNDARY TEST OMITTED:    NO
0OMEGA HAS BLOCK FORM:
  1
  0  2
  0  0  3
  0  0  0  4
  0  0  0  0  5
0DEFAULT OMEGA BOUNDARY TEST OMITTED:    NO
0SIGMA HAS BLOCK FORM:
  1
  0  2
0DEFAULT SIGMA BOUNDARY TEST OMITTED:    NO
0INITIAL ESTIMATE OF THETA:
 LOWER BOUND    INITIAL EST    UPPER BOUND
  0.4530E+02     0.4530E+02     0.4530E+02
  0.7900E+01     0.7900E+01     0.7900E+01
  0.3830E+02     0.3830E+02     0.3830E+02
  0.4810E+03     0.4810E+03     0.4810E+03
  0.0000E+00     0.1000E+01     0.1000E+07
  0.0000E+00     0.8000E+00     0.1000E+01
0INITIAL ESTIMATE OF OMEGA:
 BLOCK SET NO.   BLOCK                                                                    FIXED
        1                                                                                   NO
                  0.1000E+00
        2                                                                                  YES
                  0.0000E+00
        3                                                                                  YES
                  0.0000E+00
        4                                                                                  YES
                  0.0000E+00
        5                                                                                  YES
                  0.0000E+00
0INITIAL ESTIMATE OF SIGMA:
 BLOCK SET NO.   BLOCK                                                                    FIXED
        1                                                                                  YES
                  0.1000E-01
        2                                                                                   NO
                  0.4000E+00
0COVARIANCE STEP OMITTED:        NO
 R MATRIX SUBSTITUTED:          YES
 S MATRIX SUBSTITUTED:           NO
 EIGENVLS. PRINTED:             YES
 COMPRESSED FORMAT:              NO
 GRADIENT METHOD USED:     NOSLOW
 SIGDIGITS ETAHAT (SIGLO):                  -1
 SIGDIGITS GRADIENTS (SIGL):                -1
 EXCLUDE COV FOR FOCE (NOFCOV):              NO
 TURN OFF Cholesky Transposition of R Matrix (CHOLROFF): NO
 KNUTHSUMOFF:                                -1
 RESUME COV ANALYSIS (RESUME):               NO
 SIR SAMPLE SIZE (SIRSAMPLE):              -1
 NON-LINEARLY TRANSFORM THETAS DURING COV (THBND): 1
 PRECONDTIONING CYCLES (PRECOND):        0
 PRECONDTIONING TYPES (PRECONDS):        TOS
 FORCED PRECONDTIONING CYCLES (PFCOND):0
 PRECONDTIONING TYPE (PRETYPE):        0
 FORCED POS. DEFINITE SETTING: (FPOSDEF):0
0TABLES STEP OMITTED:    NO
 NO. OF TABLES:           2
 SEED NUMBER (SEED):    11456
 RANMETHOD:             3U
 MC SAMPLES (ESAMPLE):    300
 WRES SQUARE ROOT TYPE (WRESCHOL): EIGENVALUE
0-- TABLE   1 --
0RECORDS ONLY:    ALL
04 COLUMNS APPENDED:    NO
 PRINTED:                NO
 HEADERS:               ONE PER FILE
 FILE TO BE FORWARDED:   NO
 FORMAT:                S1PE11.4
 LFORMAT:
 RFORMAT:
 FIXED_EFFECT_ETAS:
0USER-CHOSEN ITEMS:
 NUM ID TIME EVID MDV CMT PRED IPRED CWRES WRES NPDE
0-- TABLE   2 --
0RECORDS ONLY:    ALL
04 COLUMNS APPENDED:    NO
 PRINTED:                NO
 HEADERS:               ONE PER FILE
 FILE TO BE FORWARDED:   NO
 FORMAT:                S1PE11.4
 LFORMAT:
 RFORMAT:
 FIXED_EFFECT_ETAS:
0USER-CHOSEN ITEMS:
 NUM ID ETA1 ETA2 ETA3 ETA4 ETA5 KA CL V1 Q V2 BIO
1DOUBLE PRECISION PREDPP VERSION 7.4.4

 GENERAL NONLINEAR KINETICS MODEL WITH STIFF/NONSTIFF EQUATIONS (LSODA, ADVAN13)
0MODEL SUBROUTINE USER-SUPPLIED - ID NO. 9999
0MAXIMUM NO. OF BASIC PK PARAMETERS:   5
0COMPARTMENT ATTRIBUTES
 COMPT. NO.   FUNCTION                         INITIAL    ON/OFF      DOSE      DEFAULT    DEFAULT
                                               STATUS     ALLOWED    ALLOWED    FOR DOSE   FOR OBS.
    1         ABS                                ON         YES        YES        YES        NO
    2         CENTRAL                            ON         YES        YES        NO         YES
    3         PERIPHERAL                         ON         YES        YES        NO         NO
    4         OUTPUT                             OFF        YES        NO         NO         NO
 INITIAL (BASE) TOLERANCE SETTINGS:
 NRD (RELATIVE) VALUE(S) OF TOLERANCE:   6
 ANRD (ABSOLUTE) VALUE(S) OF TOLERANCE:  12
1
 ADDITIONAL PK PARAMETERS - ASSIGNMENT OF ROWS IN GG
 COMPT. NO.                             INDICES
              SCALE      BIOAVAIL.   ZERO-ORDER  ZERO-ORDER  ABSORB
                         FRACTION    RATE        DURATION    LAG
    1            *           *           *           *           *
    2            *           *           *           *           *
    3            *           *           *           *           *
    4            *           -           -           -           -
             - PARAMETER IS NOT ALLOWED FOR THIS MODEL
             * PARAMETER IS NOT SUPPLIED BY PK SUBROUTINE;
               WILL DEFAULT TO ONE IF APPLICABLE
0DATA ITEM INDICES USED BY PRED ARE:
   EVENT ID DATA ITEM IS DATA ITEM NO.:      8
   TIME DATA ITEM IS DATA ITEM NO.:          2
   DOSE AMOUNT DATA ITEM IS DATA ITEM NO.:   3
   DOSE RATE DATA ITEM IS DATA ITEM NO.:     4
   COMPT. NO. DATA ITEM IS DATA ITEM NO.:    6

0PK SUBROUTINE CALLED WITH EVERY EVENT RECORD.
 PK SUBROUTINE NOT CALLED AT NONEVENT (ADDITIONAL OR LAGGED) DOSE TIMES.
0ERROR SUBROUTINE CALLED WITH EVERY EVENT RECORD.
0ERROR SUBROUTINE INDICATES THAT DERIVATIVES OF COMPARTMENT AMOUNTS ARE USED.
0DES SUBROUTINE USES COMPACT STORAGE MODE.

 #PARA: PARAFILE=2.pnm, PROTOCOL=FPI, NODES= 4

1


 #TBLN:      1
 #METH: First Order Conditional Estimation with Interaction

 ESTIMATION STEP OMITTED:                 NO
 ANALYSIS TYPE:                           POPULATION
 NUMBER OF SADDLE POINT RESET ITERATIONS:      0
 GRADIENT METHOD USED:               NOSLOW
 CONDITIONAL ESTIMATES USED:              YES
 CENTERED ETA:                            NO
 EPS-ETA INTERACTION:                     YES
 LAPLACIAN OBJ. FUNC.:                    NO
 NO. OF FUNCT. EVALS. ALLOWED:            9999
 NO. OF SIG. FIGURES REQUIRED:            2
 INTERMEDIATE PRINTOUT:                   YES
 ESTIMATE OUTPUT TO MSF:                  YES
 IND. OBJ. FUNC. VALUES SORTED:           NO
 NUMERICAL DERIVATIVE
       FILE REQUEST (NUMDER):               NONE
 MAP (ETAHAT) ESTIMATION METHOD (OPTMAP):   0
 ETA HESSIAN EVALUATION METHOD (ETADER):    0
 INITIAL ETA FOR MAP ESTIMATION (MCETA):    0
 SIGDIGITS FOR MAP ESTIMATION (SIGLO):      6
 GRADIENT SIGDIGITS OF
       FIXED EFFECTS PARAMETERS (SIGL):     6
 NOPRIOR SETTING (NOPRIOR):                 OFF
 NOCOV SETTING (NOCOV):                     OFF
 DERCONT SETTING (DERCONT):                 OFF
 FINAL ETA RE-EVALUATION (FNLETA):          ON
 EXCLUDE NON-INFLUENTIAL (NON-INFL.) ETAS
       IN SHRINKAGE (ETASTYPE):             NO
 NON-INFL. ETA CORRECTION (NONINFETA):      OFF
 RAW OUTPUT FILE (FILE): 2.ext
 EXCLUDE TITLE (NOTITLE):                   NO
 EXCLUDE COLUMN LABELS (NOLABEL):           NO
 FORMAT FOR ADDITIONAL FILES (FORMAT):      S1PE12.5
 PARAMETER ORDER FOR OUTPUTS (ORDER):       TSOL
 WISHART PRIOR DF INTERPRETATION (WISHTYPE):0
 KNUTHSUMOFF:                               0
 INCLUDE LNTWOPI:                           NO
 INCLUDE CONSTANT TERM TO PRIOR (PRIORC):   NO
 INCLUDE CONSTANT TERM TO OMEGA (ETA) (OLNTWOPI):NO
 ADDITIONAL CONVERGENCE TEST (CTYPE=4)?:    NO
 EM OR BAYESIAN METHOD USED:                 NONE

 TOLERANCES FOR ESTIMATION/EVALUATION STEP:
 NRD (RELATIVE) VALUE(S) OF TOLERANCE:   6
 ANRD (ABSOLUTE) VALUE(S) OF TOLERANCE:  12
 TOLERANCES FOR COVARIANCE STEP:
 NRD (RELATIVE) VALUE(S) OF TOLERANCE:   6
 ANRD (ABSOLUTE) VALUE(S) OF TOLERANCE:  12
 TOLERANCES FOR TABLE/SCATTER STEP:
 NRD (RELATIVE) VALUE(S) OF TOLERANCE:   6
 ANRD (ABSOLUTE) VALUE(S) OF TOLERANCE:  12

 THE FOLLOWING LABELS ARE EQUIVALENT
 PRED=PREDI
 RES=RESI
 WRES=WRESI
 IWRS=IWRESI
 IPRD=IPREDI
 IRS=IRESI

 MONITORING OF SEARCH:


0ITERATION NO.:    0    OBJECTIVE VALUE:   2416.75488633455        NO. OF FUNC. EVALS.:   5
 CUMULATIVE NO. OF FUNC. EVALS.:        5
 NPARAMETR:  1.0000E+00  8.0000E-01  1.0000E-01  4.0000E-01
 PARAMETER:  1.0000E-01  1.0000E-01  1.0000E-01  1.0000E-01
 GRADIENT:  -8.7773E+02 -1.3013E+02 -4.3733E+01 -9.0060E+02

0ITERATION NO.:    1    OBJECTIVE VALUE:   1930.87214092630        NO. OF FUNC. EVALS.:   6
 CUMULATIVE NO. OF FUNC. EVALS.:       11
 NPARAMETR:  1.7946E+00  8.1351E-01  1.0600E-01  1.3280E+00
 PARAMETER:  6.8476E-01  1.8669E-01  1.2914E-01  7.0000E-01
 GRADIENT:  -2.9388E+02 -1.4801E+01 -2.4758E+01 -1.0119E+02

0ITERATION NO.:    2    OBJECTIVE VALUE:   1686.54436438856        NO. OF FUNC. EVALS.:   6
 CUMULATIVE NO. OF FUNC. EVALS.:       17
 NPARAMETR:  1.4000E+01  8.2870E-01  1.4984E-01  5.4650E+00
 PARAMETER:  2.7391E+00  2.9015E-01  3.0220E-01  1.4073E+00
 GRADIENT:  -3.5542E-01  4.2876E+01 -2.9452E+01  2.7650E+02

0ITERATION NO.:    3    OBJECTIVE VALUE:   1593.15599919654        NO. OF FUNC. EVALS.:   6
 CUMULATIVE NO. OF FUNC. EVALS.:       23
 NPARAMETR:  1.3248E+02  7.8664E-01  3.7099E-01  1.7949E-01
 PARAMETER:  4.9864E+00  1.8497E-02  7.5550E-01 -3.0066E-01
 GRADIENT:   1.1394E+00  7.6061E+01 -7.0322E+00 -6.9048E+02

0ITERATION NO.:    4    OBJECTIVE VALUE:   1106.01494529642        NO. OF FUNC. EVALS.:  12
 CUMULATIVE NO. OF FUNC. EVALS.:       35
 NPARAMETR:  2.7133E+02  9.5642E-02  1.0035E+01  1.8081E-01
 PARAMETER:  5.7033E+00 -3.5329E+00  2.4043E+00 -2.9701E-01
 GRADIENT:  -7.7758E+01 -3.5345E+02 -8.4943E+00 -4.0895E+02

0ITERATION NO.:    5    OBJECTIVE VALUE:   1074.02728797319        NO. OF FUNC. EVALS.:   7
 CUMULATIVE NO. OF FUNC. EVALS.:       42
 NPARAMETR:  2.4815E+02  1.0944E-01  4.3006E+01  2.0350E-01
 PARAMETER:  5.6140E+00 -3.3828E+00  3.1320E+00 -2.3789E-01
 GRADIENT:  -6.2970E+01 -7.4587E+01  2.6064E+01 -2.1522E+02

0ITERATION NO.:    6    OBJECTIVE VALUE:   1050.72815972481        NO. OF FUNC. EVALS.:   6
 CUMULATIVE NO. OF FUNC. EVALS.:       48
 NPARAMETR:  2.3894E+02  1.2335E-01  3.7199E+00  2.1436E-01
 PARAMETER:  5.5762E+00 -3.2474E+00  1.9081E+00 -2.1191E-01
 GRADIENT:  -5.0157E+01 -1.4024E+01 -1.3500E+01 -1.5958E+02

0ITERATION NO.:    7    OBJECTIVE VALUE:   1024.18821055400        NO. OF FUNC. EVALS.:   6
 CUMULATIVE NO. OF FUNC. EVALS.:       54
 NPARAMETR:  3.6341E+02  1.1025E-01  9.1314E+00  2.7990E-01
 PARAMETER:  5.9955E+00 -3.3745E+00  2.3572E+00 -7.8516E-02
 GRADIENT:  -2.4308E+01 -7.1750E+00  8.7303E+00 -3.8873E+01

0ITERATION NO.:    8    OBJECTIVE VALUE:   1015.33346168787        NO. OF FUNC. EVALS.:   6
 CUMULATIVE NO. OF FUNC. EVALS.:       60
 NPARAMETR:  7.3843E+02  1.0462E-01  4.3570E+00  3.3804E-01
 PARAMETER:  6.7045E+00 -3.4332E+00  1.9872E+00  1.5855E-02
 GRADIENT:  -6.6812E+00 -2.0954E+01 -1.4512E+01  1.7678E+01

0ITERATION NO.:    9    OBJECTIVE VALUE:   1012.10943987013        NO. OF FUNC. EVALS.:   6
 CUMULATIVE NO. OF FUNC. EVALS.:       66
 NPARAMETR:  9.0761E+02  1.0478E-01  6.9166E+00  3.1751E-01
 PARAMETER:  6.9108E+00 -3.4315E+00  2.2183E+00 -1.5477E-02
 GRADIENT:  -5.0231E+00 -9.0681E+00  3.8039E-02  7.8358E+00

0ITERATION NO.:   10    OBJECTIVE VALUE:   1010.36965423027        NO. OF FUNC. EVALS.:   6
 CUMULATIVE NO. OF FUNC. EVALS.:       72
 NPARAMETR:  1.5191E+03  1.0642E-01  8.0131E+00  2.9007E-01
 PARAMETER:  7.4259E+00 -3.4141E+00  2.2918E+00 -6.0679E-02
 GRADIENT:  -2.3955E+00 -2.1183E+00  3.8048E+00 -1.3351E+01

0ITERATION NO.:   11    OBJECTIVE VALUE:   1009.27534840030        NO. OF FUNC. EVALS.:   6
 CUMULATIVE NO. OF FUNC. EVALS.:       78
 NPARAMETR:  2.4738E+03  1.0617E-01  7.0672E+00  2.9705E-01
 PARAMETER:  7.9135E+00 -3.4167E+00  2.2290E+00 -4.8788E-02
 GRADIENT:  -1.2427E+00 -2.0703E+00  6.4892E-01 -5.3234E+00

0ITERATION NO.:   12    OBJECTIVE VALUE:   1008.59871604851        NO. OF FUNC. EVALS.:   6
 CUMULATIVE NO. OF FUNC. EVALS.:       84
 NPARAMETR:  6.6770E+03  1.0589E-01  6.3480E+00  3.0419E-01
 PARAMETER:  8.9064E+00 -3.4198E+00  2.1754E+00 -3.6898E-02
 GRADIENT:  -3.8287E-01 -2.1411E+00 -2.2957E+00  2.2314E+00

0ITERATION NO.:   13    OBJECTIVE VALUE:   1008.34138803436        NO. OF FUNC. EVALS.:   6
 CUMULATIVE NO. OF FUNC. EVALS.:       90
 NPARAMETR:  1.4122E+04  1.0595E-01  6.9742E+00  2.9959E-01
 PARAMETER:  9.6555E+00 -3.4191E+00  2.2224E+00 -4.4531E-02
 GRADIENT:  -1.7563E-01 -1.4773E-01  2.4756E-01 -1.1379E+00

0ITERATION NO.:   14    OBJECTIVE VALUE:   1008.24200782111        NO. OF FUNC. EVALS.:   6
 CUMULATIVE NO. OF FUNC. EVALS.:       96
 NPARAMETR:  3.7269E+04  1.0583E-01  7.1161E+00  2.9984E-01
 PARAMETER:  1.0626E+01 -3.4204E+00  2.2325E+00 -4.4108E-02
 GRADIENT:  -6.6612E-02  1.0519E-01  7.2978E-01 -7.0388E-01

0ITERATION NO.:   15    OBJECTIVE VALUE:   1008.19306621139        NO. OF FUNC. EVALS.:   6
 CUMULATIVE NO. OF FUNC. EVALS.:      102
 NPARAMETR:  1.1444E+05  1.0583E-01  6.8893E+00  3.0116E-01
 PARAMETER:  1.1748E+01 -3.4204E+00  2.2163E+00 -4.1916E-02
 GRADIENT:  -2.0617E-02 -2.1523E-01 -1.0876E-01  4.8028E-01

0ITERATION NO.:   16    OBJECTIVE VALUE:   1008.17604022153        NO. OF FUNC. EVALS.:   6
 CUMULATIVE NO. OF FUNC. EVALS.:      108
 NPARAMETR:  2.8196E+05  1.0591E-01  6.8743E+00  3.0041E-01
 PARAMETER:  1.2650E+01 -3.4195E+00  2.2152E+00 -4.3155E-02
 GRADIENT:  -8.4665E-03 -1.0555E-02 -1.4739E-01 -1.1865E-01

0ITERATION NO.:   17    OBJECTIVE VALUE:   1008.17253112827        NO. OF FUNC. EVALS.:   6
 CUMULATIVE NO. OF FUNC. EVALS.:      114
 NPARAMETR:  9.5145E+05  1.0588E-01  6.9270E+00  3.0030E-01
 PARAMETER:  1.3866E+01 -3.4198E+00  2.2190E+00 -4.3335E-02
 GRADIENT:   1.1436E-04 -3.1276E-02  4.3386E-02 -2.3851E-01

0ITERATION NO.:   18    OBJECTIVE VALUE:   1008.17253112827        NO. OF FUNC. EVALS.:   8
 CUMULATIVE NO. OF FUNC. EVALS.:      122
 NPARAMETR:  9.5145E+05  1.0588E-01  6.9270E+00  3.0030E-01
 PARAMETER:  1.3866E+01 -3.4198E+00  2.2190E+00 -4.3335E-02
 GRADIENT:  -2.6397E-03 -4.7073E+00  4.3386E-02 -2.8735E-01

0ITERATION NO.:   19    OBJECTIVE VALUE:   1008.16668601652        NO. OF FUNC. EVALS.:  10
 CUMULATIVE NO. OF FUNC. EVALS.:      132
 NPARAMETR:  1.0216E+06  1.0602E-01  6.9046E+00  2.9995E-01
 PARAMETER:  1.3937E+01 -3.4183E+00  2.2174E+00 -4.3928E-02
 GRADIENT:  -2.6486E-03 -3.9473E+00  3.6521E-02 -2.7742E-01

0ITERATION NO.:   20    OBJECTIVE VALUE:   1008.16152049511        NO. OF FUNC. EVALS.:  10
 CUMULATIVE NO. OF FUNC. EVALS.:      142
 NPARAMETR:  1.3480E+06  1.0629E-01  6.8621E+00  2.9932E-01
 PARAMETER:  1.4214E+01 -3.4155E+00  2.2143E+00 -4.4982E-02
 GRADIENT:  -1.3136E-03 -2.5988E+00  3.0363E-02 -2.5532E-01

0ITERATION NO.:   21    OBJECTIVE VALUE:   1008.15753148012        NO. OF FUNC. EVALS.:  10
 CUMULATIVE NO. OF FUNC. EVALS.:      152
 NPARAMETR:  1.7523E+06  1.0666E-01  6.7984E+00  2.9855E-01
 PARAMETER:  1.4476E+01 -3.4116E+00  2.2096E+00 -4.6266E-02
 GRADIENT:  -1.2155E-03 -5.3986E-01 -2.1628E-03 -5.3394E-02

0ITERATION NO.:   22    OBJECTIVE VALUE:   1008.15753148012        NO. OF FUNC. EVALS.:  17
 CUMULATIVE NO. OF FUNC. EVALS.:      169
 NPARAMETR:  1.7271E+06  1.0666E-01  6.7984E+00  2.9856E-01
 PARAMETER:  1.4476E+01 -3.4116E+00  2.2096E+00 -4.6266E-02
 GRADIENT:   3.1418E-03  1.3981E-01 -8.9054E-03 -3.2629E-01
 NUMSIGDIG:         1.2         4.2         4.2         1.8

 #TERM:
0MINIMIZATION TERMINATED
 DUE TO ROUNDING ERRORS (ERROR=134)
 NO. OF FUNCTION EVALUATIONS USED:      169
 NO. OF SIG. DIGITS IN FINAL EST.:  1.2

 ETABAR IS THE ARITHMETIC MEAN OF THE ETA-ESTIMATES,
 AND THE P-VALUE IS GIVEN FOR THE NULL HYPOTHESIS THAT THE TRUE MEAN IS 0.

 ETABAR:        -2.1086E+00  0.0000E+00  0.0000E+00  0.0000E+00  0.0000E+00
 SE:             2.6619E-01  0.0000E+00  0.0000E+00  0.0000E+00  0.0000E+00
 N:                      18          18          18          18          18

 P VAL.:         2.3726E-15  1.0000E+00  1.0000E+00  1.0000E+00  1.0000E+00

 ETASHRINKSD(%)  5.5431E+01  1.0000E+02  1.0000E+02  1.0000E+02  1.0000E+02
 ETASHRINKVR(%)  8.0136E+01  1.0000E+02  1.0000E+02  1.0000E+02  1.0000E+02
 EBVSHRINKSD(%)  3.4954E+00  0.0000E+00  0.0000E+00  0.0000E+00  0.0000E+00
 EBVSHRINKVR(%)  6.8686E+00  0.0000E+00  0.0000E+00  0.0000E+00  0.0000E+00
 EPSSHRINKSD(%)  1.0000E-10  1.0000E-10
 EPSSHRINKVR(%)  1.0000E-10  1.0000E-10

  
 TOTAL DATA POINTS NORMALLY DISTRIBUTED (N):          244
 N*LOG(2PI) CONSTANT TO OBJECTIVE FUNCTION:    448.44200420388029     
 OBJECTIVE FUNCTION VALUE WITHOUT CONSTANT:    1008.1575314801200     
 OBJECTIVE FUNCTION VALUE WITH CONSTANT:       1456.5995356840003     
 REPORTED OBJECTIVE FUNCTION DOES NOT CONTAIN CONSTANT
  
 TOTAL EFFECTIVE ETAS (NIND*NETA):                            18
  
 #TERE:
 Elapsed estimation  time in seconds:   121.25
 Elapsed postprocess time in seconds:    12.91
1
 
 
 
 
 
 
 
 
 
 
 
 
 
 
 
 
 
 
 
 
 ************************************************************************************************************************
 ********************                                                                                ********************
 ********************               FIRST ORDER CONDITIONAL ESTIMATION WITH INTERACTION              ********************
 #OBJT:**************                       MINIMUM VALUE OF OBJECTIVE FUNCTION                      ********************
 ********************                                                                                ********************
 ************************************************************************************************************************
 





 #OBJV:********************************************     1008.158       **************************************************
1
 ************************************************************************************************************************
 ********************                                                                                ********************
 ********************               FIRST ORDER CONDITIONAL ESTIMATION WITH INTERACTION              ********************
 ********************                             FINAL PARAMETER ESTIMATE                           ********************
 ********************                                                                                ********************
 ************************************************************************************************************************
 


 THETA - VECTOR OF FIXED EFFECTS PARAMETERS   *********


         TH 1      TH 2      TH 3      TH 4      TH 5      TH 6     
 
         4.53E+01  7.90E+00  3.83E+01  4.81E+02  1.75E+06  1.07E-01
 


 OMEGA - COV MATRIX FOR RANDOM EFFECTS - ETAS  ********


         ETA1      ETA2      ETA3      ETA4      ETA5     
 
 ETA1
+        6.80E+00
 
 ETA2
+        0.00E+00  0.00E+00
 
 ETA3
+        0.00E+00  0.00E+00  0.00E+00
 
 ETA4
+        0.00E+00  0.00E+00  0.00E+00  0.00E+00
 
 ETA5
+        0.00E+00  0.00E+00  0.00E+00  0.00E+00  0.00E+00
 


 SIGMA - COV MATRIX FOR RANDOM EFFECTS - EPSILONS  ****


         EPS1      EPS2     
 
 EPS1
+        1.00E-02
 
 EPS2
+        0.00E+00  2.99E-01
 
1


 OMEGA - CORR MATRIX FOR RANDOM EFFECTS - ETAS  *******


         ETA1      ETA2      ETA3      ETA4      ETA5     
 
 ETA1
+        2.61E+00
 
 ETA2
+        0.00E+00  0.00E+00
 
 ETA3
+        0.00E+00  0.00E+00  0.00E+00
 
 ETA4
+        0.00E+00  0.00E+00  0.00E+00  0.00E+00
 
 ETA5
+        0.00E+00  0.00E+00  0.00E+00  0.00E+00  0.00E+00
 


 SIGMA - CORR MATRIX FOR RANDOM EFFECTS - EPSILONS  ***


         EPS1      EPS2     
 
 EPS1
+        1.00E-01
 
 EPS2
+        0.00E+00  5.46E-01
 
 Elapsed finaloutput time in seconds:     1.84
 #CPUT: Total CPU Time in Seconds,       73.281
Stop Time: 
08.10.2023 
16:55
