Starting NMTRAN
        1 file(s) copied.
        1 file(s) copied.
  
 WARNINGS AND ERRORS (IF ANY) FOR PROBLEM    1
             
 (WARNING  2) NM-TRAN INFERS THAT THE DATA ARE POPULATION.

 LIM VALUES MAXLIM ASSESSED BY NMTRAN: 1,2,3,4,5,6,7,8,10,11,13,15,16        
        1 file(s) copied.
Pathlist information for compiler and MPI systems are located in nmpathlist.txt

Recompiling certain components.
starting wait
ending wait
Exiting lpreddo
Compiling FSUBS
Building NONMEM Executable
Starting nonmem execution ...
License Registered to: Medical University of Gdansk
Expiration Date:    14 JUL 2024
Current Date:       18 OCT 2023
Days until program expires : 271


 First Order Conditional Estimation with Interaction
 MONITORING OF SEARCH:


0ITERATION NO.:    0    OBJECTIVE VALUE:   1236.23038770013        NO. OF FUNC. EVALS.:   7
 CUMULATIVE NO. OF FUNC. EVALS.:        7
 NPARAMETR:  1.0000E+01  1.0000E+01  1.4700E-01  9.0000E-01  2.0000E-01  2.3000E-01
 PARAMETER:  1.0000E-01  1.0000E-01  1.0000E-01  1.0000E-01  1.0000E-01  1.0000E-01
 GRADIENT:  -1.2702E+02 -1.2069E+02  4.1476E+01 -3.8321E+00 -7.4467E+00 -1.8130E+02

0ITERATION NO.:    1    OBJECTIVE VALUE:   1176.17146647926        NO. OF FUNC. EVALS.:   8
 CUMULATIVE NO. OF FUNC. EVALS.:       15
 NPARAMETR:  1.2339E+01  1.2211E+01  1.3725E-01  9.0057E-01  2.0499E-01  4.1909E-01
 PARAMETER:  3.1019E-01  2.9972E-01  3.1367E-02  1.0634E-01  1.1232E-01  4.0000E-01
 GRADIENT:  -1.6928E+01 -1.1391E+02  4.0898E+01  6.8119E+00 -6.7154E+00  4.7888E+01

0ITERATION NO.:    2    OBJECTIVE VALUE:   970.352498529368        NO. OF FUNC. EVALS.:  10
 CUMULATIVE NO. OF FUNC. EVALS.:       25
 NPARAMETR:  2.1888E+01  1.0062E+02  6.4650E-02  8.9127E-01  2.6328E-01  2.1480E-01
 PARAMETER:  8.8333E-01  2.4088E+00 -7.2144E-01  6.5268E-03  2.3745E-01  6.5805E-02
 GRADIENT:  -1.1858E+02  2.0851E+01 -3.7936E+01 -8.3578E+00 -2.5158E+01 -5.7451E+01

0ITERATION NO.:    3    OBJECTIVE VALUE:   946.479630246414        NO. OF FUNC. EVALS.:   8
 CUMULATIVE NO. OF FUNC. EVALS.:       33
 NPARAMETR:  3.2643E+01  1.2254E+02  6.8471E-02  8.9159E-01  3.3770E-01  1.4473E-01
 PARAMETER:  1.2830E+00  2.6059E+00 -6.6403E-01  9.8668E-03  3.6193E-01 -1.3161E-01
 GRADIENT:  -5.4491E+01 -9.9562E+00 -3.6704E+01 -8.4931E-01 -1.7837E+01 -1.1906E+02

0ITERATION NO.:    4    OBJECTIVE VALUE:   936.519747305036        NO. OF FUNC. EVALS.:   8
 CUMULATIVE NO. OF FUNC. EVALS.:       41
 NPARAMETR:  3.4904E+01  1.5868E+02  9.8508E-02  8.8573E-01  5.2439E-01  1.3512E-01
 PARAMETER:  1.3500E+00  2.8643E+00 -3.0030E-01 -4.9334E-02  5.8195E-01 -1.6597E-01
 GRADIENT:  -8.7914E+01  2.5260E+01 -1.5336E+01 -5.0914E+00  2.8738E+00 -1.5094E+02

0ITERATION NO.:    5    OBJECTIVE VALUE:   924.864562195551        NO. OF FUNC. EVALS.:   9
 CUMULATIVE NO. OF FUNC. EVALS.:       50
 NPARAMETR:  4.1791E+01  1.8597E+02  1.5215E-01  8.1090E-01  1.5705E-01  1.2725E-01
 PARAMETER:  1.5301E+00  3.0230E+00  1.3443E-01 -6.4134E-01 -2.0874E-02 -1.9597E-01
 GRADIENT:  -9.1216E+01  3.4263E+01 -1.2849E+01 -1.0090E+01 -4.6378E+00 -1.7247E+02

0ITERATION NO.:    6    OBJECTIVE VALUE:   916.945241999917        NO. OF FUNC. EVALS.:   8
 CUMULATIVE NO. OF FUNC. EVALS.:       58
 NPARAMETR:  4.4777E+01  1.7873E+02  1.6273E-01  7.2786E-01  1.7463E-01  1.3906E-01
 PARAMETER:  1.5991E+00  2.9833E+00  2.0169E-01 -1.1134E+00  3.2187E-02 -1.5160E-01
 GRADIENT:  -7.1618E+01  1.4292E+01 -1.4714E+00 -1.5509E+01 -5.3422E-01 -1.3444E+02

0ITERATION NO.:    7    OBJECTIVE VALUE:   909.748711599523        NO. OF FUNC. EVALS.:   8
 CUMULATIVE NO. OF FUNC. EVALS.:       66
 NPARAMETR:  4.7460E+01  1.9259E+02  2.0352E-01  7.7925E-01  1.1868E-01  1.4983E-01
 PARAMETER:  1.6573E+00  3.0580E+00  4.2535E-01 -8.3592E-01 -1.6094E-01 -1.1428E-01
 GRADIENT:  -2.4295E+01 -1.7437E+01  2.0815E+01 -1.6871E+00 -1.9091E+00 -8.4686E+01

0ITERATION NO.:    8    OBJECTIVE VALUE:   899.214902390963        NO. OF FUNC. EVALS.:   8
 CUMULATIVE NO. OF FUNC. EVALS.:       74
 NPARAMETR:  5.3357E+01  2.1526E+02  1.7467E-01  7.6413E-01  1.6750E-01  1.7363E-01
 PARAMETER:  1.7744E+00  3.1693E+00  2.7244E-01 -9.2177E-01  1.1319E-02 -4.0586E-02
 GRADIENT:  -1.7918E+01 -1.2284E+01  7.0230E+00  5.3661E-01  5.5276E-01 -2.5471E+01

0ITERATION NO.:    9    OBJECTIVE VALUE:   890.008398230698        NO. OF FUNC. EVALS.:   8
 CUMULATIVE NO. OF FUNC. EVALS.:       82
 NPARAMETR:  7.5744E+01  3.0609E+02  1.7644E-01  6.8333E-01  1.4622E-01  1.8746E-01
 PARAMETER:  2.1248E+00  3.5213E+00  2.8258E-01 -1.3281E+00 -5.6593E-02 -2.2451E-03
 GRADIENT:  -2.3582E+01  5.7548E+00  4.3477E+00 -4.2716E+00  3.5522E-01 -1.9696E+00

0ITERATION NO.:   10    OBJECTIVE VALUE:   882.605395736948        NO. OF FUNC. EVALS.:   8
 CUMULATIVE NO. OF FUNC. EVALS.:       90
 NPARAMETR:  1.7366E+02  5.7171E+02  1.3693E-01  5.7861E-01  1.9237E-01  1.8299E-01
 PARAMETER:  2.9545E+00  4.1460E+00  2.9025E-02 -1.7802E+00  8.0543E-02 -1.4332E-02
 GRADIENT:   5.4324E-01 -3.3017E+00 -8.0431E+00 -4.9438E+00  7.3696E-01  2.3205E+00

0ITERATION NO.:   11    OBJECTIVE VALUE:   881.018646005239        NO. OF FUNC. EVALS.:   8
 CUMULATIVE NO. OF FUNC. EVALS.:       98
 NPARAMETR:  1.6610E+02  6.1896E+02  1.6298E-01  6.6555E-01  1.4121E-01  1.8196E-01
 PARAMETER:  2.9100E+00  4.2255E+00  2.0317E-01 -1.4091E+00 -7.4036E-02 -1.7150E-02
 GRADIENT:   8.5918E+00 -9.9462E+00  1.5209E+00  4.6673E+00  1.5131E-01  8.4248E+00

0ITERATION NO.:   12    OBJECTIVE VALUE:   880.254555258133        NO. OF FUNC. EVALS.:   8
 CUMULATIVE NO. OF FUNC. EVALS.:      106
 NPARAMETR:  1.8168E+02  6.8732E+02  1.6835E-01  6.3912E-01  1.2756E-01  1.8060E-01
 PARAMETER:  2.9997E+00  4.3302E+00  2.3562E-01 -1.5257E+00 -1.2487E-01 -2.0890E-02
 GRADIENT:  -2.4343E+00  1.3919E+00  1.8207E+00 -5.3479E-01 -1.6398E-01  9.2209E-01

0ITERATION NO.:   13    OBJECTIVE VALUE:   879.897307126762        NO. OF FUNC. EVALS.:   8
 CUMULATIVE NO. OF FUNC. EVALS.:      114
 NPARAMETR:  2.0080E+02  7.3227E+02  1.5780E-01  6.2711E-01  1.4166E-01  1.7849E-01
 PARAMETER:  3.0997E+00  4.3936E+00  1.7091E-01 -1.5774E+00 -7.2456E-02 -2.6779E-02
 GRADIENT:   2.6286E-01 -5.9350E-01 -1.9712E+00 -4.3466E-01 -3.6493E-02 -1.3639E+00

0ITERATION NO.:   14    OBJECTIVE VALUE:   879.816162735768        NO. OF FUNC. EVALS.:   8
 CUMULATIVE NO. OF FUNC. EVALS.:      122
 NPARAMETR:  1.9818E+02  7.4586E+02  1.6682E-01  6.3981E-01  1.2959E-01  1.7956E-01
 PARAMETER:  3.0866E+00  4.4120E+00  2.2646E-01 -1.5227E+00 -1.1699E-01 -2.3776E-02
 GRADIENT:  -3.7503E-01  1.3333E-01  1.3926E+00  2.4125E-01 -1.4990E-01  5.0888E-01

0ITERATION NO.:   15    OBJECTIVE VALUE:   879.704054251607        NO. OF FUNC. EVALS.:   8
 CUMULATIVE NO. OF FUNC. EVALS.:      130
 NPARAMETR:  2.0783E+02  7.6228E+02  1.5928E-01  6.2859E-01  1.4046E-01  1.7863E-01
 PARAMETER:  3.1341E+00  4.4337E+00  1.8020E-01 -1.5710E+00 -7.6693E-02 -2.6392E-02
 GRADIENT:   2.2000E-01 -2.3929E-01 -1.4631E+00 -3.3940E-01 -2.8499E-02 -9.3414E-01

0ITERATION NO.:   16    OBJECTIVE VALUE:   879.697003921040        NO. OF FUNC. EVALS.:   8
 CUMULATIVE NO. OF FUNC. EVALS.:      138
 NPARAMETR:  2.0472E+02  7.6059E+02  1.6291E-01  6.3420E-01  1.3564E-01  1.7910E-01
 PARAMETER:  3.1190E+00  4.4315E+00  2.0277E-01 -1.5469E+00 -9.4160E-02 -2.5059E-02
 GRADIENT:   5.8315E-02 -1.1070E-01 -4.2791E-02  2.1656E-02 -6.5070E-02 -9.0236E-02

0ITERATION NO.:   17    OBJECTIVE VALUE:   878.938112586470        NO. OF FUNC. EVALS.:  13
 CUMULATIVE NO. OF FUNC. EVALS.:      151
 NPARAMETR:  2.5718E+02  9.7158E+02  1.6575E-01  6.2387E-01  1.6406E-01  1.8097E-01
 PARAMETER:  3.3472E+00  4.6763E+00  2.2002E-01 -1.5912E+00  9.4702E-04 -1.9862E-02
 GRADIENT:  -3.9941E+00  5.4566E+00  4.5590E-01 -2.2081E+00  8.1244E-01  2.1507E+00

0ITERATION NO.:   18    OBJECTIVE VALUE:   878.937730766940        NO. OF FUNC. EVALS.:  10
 CUMULATIVE NO. OF FUNC. EVALS.:      161
 NPARAMETR:  2.5712E+02  9.7133E+02  1.6574E-01  6.2388E-01  1.6402E-01  1.8097E-01
 PARAMETER:  3.3470E+00  4.6761E+00  2.2000E-01 -1.5912E+00  8.4702E-04 -1.9868E-02
 GRADIENT:  -3.9855E+00  5.4501E+00  5.4135E-01 -2.2018E+00  8.0785E-01  2.1698E+00

0ITERATION NO.:   19    OBJECTIVE VALUE:   878.937000200602        NO. OF FUNC. EVALS.:  10
 CUMULATIVE NO. OF FUNC. EVALS.:      171
 NPARAMETR:  2.5706E+02  9.7107E+02  1.6574E-01  6.2389E-01  1.6399E-01  1.8097E-01
 PARAMETER:  3.3467E+00  4.6758E+00  2.1998E-01 -1.5911E+00  7.4702E-04 -1.9874E-02
 GRADIENT:  -3.9472E+00  5.4085E+00  4.8659E-01 -2.1911E+00  8.1279E-01  2.1640E+00

0ITERATION NO.:   20    OBJECTIVE VALUE:   878.937000200602        NO. OF FUNC. EVALS.:  19
 CUMULATIVE NO. OF FUNC. EVALS.:      190
 NPARAMETR:  2.5706E+02  9.7107E+02  1.6574E-01  6.2389E-01  1.6399E-01  1.8097E-01
 PARAMETER:  3.3467E+00  4.6758E+00  2.1998E-01 -1.5911E+00  7.4702E-04 -1.9874E-02
 GRADIENT:  -6.1387E+00  3.0710E+00  2.8068E-01 -2.6863E+00  8.1279E-01  2.1161E+00

0ITERATION NO.:   21    OBJECTIVE VALUE:   878.043168648415        NO. OF FUNC. EVALS.:  20
 CUMULATIVE NO. OF FUNC. EVALS.:      210
 NPARAMETR:  3.7090E+02  1.4072E+03  1.6511E-01  6.3096E-01  1.8928E-01  1.7809E-01
 PARAMETER:  3.7134E+00  5.0468E+00  2.1618E-01 -1.5609E+00  7.2461E-02 -2.7898E-02
 GRADIENT:  -3.0018E+00  1.3183E+00  3.0309E-01 -9.1376E-01  1.4376E+00  4.6349E-01

0ITERATION NO.:   22    OBJECTIVE VALUE:   877.160983131431        NO. OF FUNC. EVALS.:  16
 CUMULATIVE NO. OF FUNC. EVALS.:      226
 NPARAMETR:  7.9150E+02  2.9504E+03  1.6212E-01  6.3043E-01  1.7559E-01  1.7179E-01
 PARAMETER:  4.4713E+00  5.7871E+00  1.9790E-01 -1.5631E+00  3.4923E-02 -4.5902E-02
 GRADIENT:   1.2766E+00 -1.7642E+00 -6.2628E-01  5.3125E-01  8.9363E-01 -8.0809E+00

0ITERATION NO.:   23    OBJECTIVE VALUE:   876.838195240589        NO. OF FUNC. EVALS.:  16
 CUMULATIVE NO. OF FUNC. EVALS.:      242
 NPARAMETR:  1.2526E+03  4.6378E+03  1.5880E-01  6.2158E-01  1.6132E-01  1.7689E-01
 PARAMETER:  4.9304E+00  6.2394E+00  1.7723E-01 -1.6010E+00 -7.4730E-03 -3.1267E-02
 GRADIENT:   4.4022E-01 -6.1001E-01 -2.4337E+00 -2.2860E-02  4.6341E-01 -2.9149E-02

0ITERATION NO.:   24    OBJECTIVE VALUE:   876.765931577744        NO. OF FUNC. EVALS.:  16
 CUMULATIVE NO. OF FUNC. EVALS.:      258
 NPARAMETR:  1.5429E+03  5.6790E+03  1.5831E-01  6.2254E-01  1.4748E-01  1.7702E-01
 PARAMETER:  5.1388E+00  6.4419E+00  1.7414E-01 -1.5969E+00 -5.2311E-02 -3.0903E-02
 GRADIENT:   2.6985E+00 -2.7671E+00 -2.1378E+00  1.5230E+00  8.1993E-02  1.1343E+00

0ITERATION NO.:   25    OBJECTIVE VALUE:   876.732174212957        NO. OF FUNC. EVALS.:  16
 CUMULATIVE NO. OF FUNC. EVALS.:      274
 NPARAMETR:  1.9310E+03  7.0205E+03  1.5775E-01  6.1052E-01  1.4132E-01  1.7679E-01
 PARAMETER:  5.3632E+00  6.6540E+00  1.7057E-01 -1.6477E+00 -7.3637E-02 -3.1547E-02
 GRADIENT:   4.9099E-01 -4.8940E-01 -3.0849E+00 -9.2720E-01 -7.7114E-02 -1.0629E+00

0ITERATION NO.:   26    OBJECTIVE VALUE:   876.602068432597        NO. OF FUNC. EVALS.:  28
 CUMULATIVE NO. OF FUNC. EVALS.:      302             RESET HESSIAN, TYPE I
 NPARAMETR:  1.8977E+03  7.1619E+03  1.6625E-01  6.2406E-01  1.4106E-01  1.7726E-01
 PARAMETER:  5.3458E+00  6.6739E+00  2.2306E-01 -1.5904E+00 -7.4565E-02 -3.0227E-02
 GRADIENT:   2.4710E+00  4.3141E+00  1.0090E-01  1.0633E-01  9.5832E-02 -1.7537E-01

0ITERATION NO.:   27    OBJECTIVE VALUE:   876.602068432597        NO. OF FUNC. EVALS.:  18
 CUMULATIVE NO. OF FUNC. EVALS.:      320
 NPARAMETR:  1.8977E+03  7.1619E+03  1.6625E-01  6.2406E-01  1.4106E-01  1.7726E-01
 PARAMETER:  5.3458E+00  6.6739E+00  2.2306E-01 -1.5904E+00 -7.4565E-02 -3.0227E-02
 GRADIENT:  -1.1948E+00  1.1963E+00 -5.1132E-02 -3.9934E-01  9.5832E-02 -2.2351E-01

0ITERATION NO.:   28    OBJECTIVE VALUE:   876.601383975505        NO. OF FUNC. EVALS.:  17
 CUMULATIVE NO. OF FUNC. EVALS.:      337
 NPARAMETR:  1.8986E+03  7.1593E+03  1.6621E-01  6.2427E-01  1.4106E-01  1.7726E-01
 PARAMETER:  5.3463E+00  6.6736E+00  2.2284E-01 -1.5895E+00 -7.4570E-02 -3.0228E-02
 GRADIENT:  -8.5320E-01  8.5465E-01  2.3761E-02 -2.8152E-01  9.7201E-02 -9.6239E-02

0ITERATION NO.:   29    OBJECTIVE VALUE:   876.600997683606        NO. OF FUNC. EVALS.:  16
 CUMULATIVE NO. OF FUNC. EVALS.:      353
 NPARAMETR:  1.8991E+03  7.1583E+03  1.6614E-01  6.2426E-01  1.4106E-01  1.7726E-01
 PARAMETER:  5.3466E+00  6.6734E+00  2.2242E-01 -1.5896E+00 -7.4578E-02 -3.0241E-02
 GRADIENT:  -7.9725E-01  7.9876E-01 -1.7212E-02 -2.6065E-01  1.0050E-01 -8.4150E-02

0ITERATION NO.:   30    OBJECTIVE VALUE:   876.600997683606        NO. OF FUNC. EVALS.:  10
 CUMULATIVE NO. OF FUNC. EVALS.:      363
 NPARAMETR:  1.8991E+03  7.1583E+03  1.6614E-01  6.2426E-01  1.4106E-01  1.7726E-01
 PARAMETER:  5.3466E+00  6.6734E+00  2.2242E-01 -1.5896E+00 -7.4578E-02 -3.0241E-02
 GRADIENT:  -7.9725E-01  7.9876E-01 -1.7212E-02 -2.6065E-01  1.0050E-01 -8.4150E-02
 Elapsed estimation  time in seconds:   453.83
 Elapsed covariance  time in seconds:   158.21
 Elapsed postprocess time in seconds:    14.69
 Elapsed finaloutput time in seconds:     2.12
Done with nonmem execution
