18.10.2023 
19:18
$PROBLEM sufentanil_epidural

$INPUT ID TIME AMT RATE DV CMT MDV EVID SEX AGE WT HEIGHT TINFS TINFR DOSES DOSER OUT NUM

$DATA ../../../../data/derived/nonmem_data_v02.csv  
IGNORE=I
IGNORE=(OUT.EQ.1)
IGNORE=(CMT.EQ.22)
IGNORE=(CMT.EQ.33)

$SUBROUTINES ADVAN13 TOL=6

$MODEL 
  COMP  = (ABS)
  COMP  = (CENTRAL)
  COMP  = (PERIPHERAL)
  COMP  = (ABS2)

$PK
;PK PARAMETERS
 CL = THETA(1)*EXP(ETA(1))
 V1 = THETA(2)*EXP(ETA(2))
 Q  = THETA(3)*EXP(ETA(3))
 V2 = THETA(4)*EXP(ETA(4))
 KA = THETA(5)*EXP(ETA(5))
 K14= THETA(6)*EXP(ETA(6))
 K41= THETA(7)*EXP(ETA(7))
 BIO = THETA(8)
 
;SECONDARY PARAMETERS 
 K20 = CL/V1;
 K23 = Q/V1;
 K32 = Q/V2;
 
$DES
 DADT(1) = -KA*A(1)-K14*A(1)+K41*A(4)
 DADT(2) =  BIO*KA*A(1)-K23*A(2)+K32*A(3)-K20*A(2)
 DADT(3) =          K23*A(2)-K32*A(3)
 DADT(4) =          K14*A(1)-K41*A(4)
 
$ERROR

IPRED = A(2)/V1*1000 ;ug/L->ng/L=pg/ml
Y=IPRED*(1+EPS(2))+EPS(1)  


$THETA  
; https://pubmed.ncbi.nlm.nih.gov/26105145/
; VC = 7.90 l, VT = 481 L, Cl = 45.3 L/h, and Q = 38.3 L/h
45.3 FIX    ;[L/h] CL
7.90 FIX    ;[L] V1
38.3 FIX    ;[L/h] Q
481 FIX     ;[L] V2
(0,10)      ;[1/h] KA
(0,10)     ;[1/h] K14
(0,0.147)     ;[1/h] K41
(0,0.9,1)     ;[] BIO

$OMEGA     
0.239121 FIX  ;[P] ETA-CL
0 FIX ;[P] ETA-V1
0.3721 FIX ;[P] ETA-Q
1.44 FIX ;[P] ETA-V2
0 FIX   ;[P] ETA-KA
0 FIX   ;[P] ETA-K14
0.2 ;[P] ETA-K41

$SIGMA
(0.01 FIX)  ;[P] ADD pg/ml
(0.23)       ;[P] PROP

$EST MAXEVAL=9999 METHOD=1 INTER SIGL=6 NSIG=2 PRINT=1 MSFO=./1.msf
$COV PRINT=E MATRIX=R

$TABLE NUM ID TIME EVID MDV CMT PRED IPRED CWRES WRES NPDE NOPRINT NOAPPEND ONEHEADERALL
FILE=sdtab1.tab
$TABLE NUM ID ETAS(1:LAST) KA CL V1 Q V2 K14 K41 NOPRINT NOAPPEND ONEHEADERALL
FILE=patab1.tab  
NM-TRAN MESSAGES 
  
 WARNINGS AND ERRORS (IF ANY) FOR PROBLEM    1
             
 (WARNING  2) NM-TRAN INFERS THAT THE DATA ARE POPULATION.

 LIM VALUES MAXLIM ASSESSED BY NMTRAN: 1,2,3,4,5,6,7,8,10,11,13,15,16        
  
License Registered to: Medical University of Gdansk
Expiration Date:    14 JUL 2024
Current Date:       18 OCT 2023
Days until program expires : 271
1NONLINEAR MIXED EFFECTS MODEL PROGRAM (NONMEM) VERSION 7.4.4
 ORIGINALLY DEVELOPED BY STUART BEAL, LEWIS SHEINER, AND ALISON BOECKMANN
 CURRENT DEVELOPERS ARE ROBERT BAUER, ICON DEVELOPMENT SOLUTIONS,
 AND ALISON BOECKMANN. IMPLEMENTATION, EFFICIENCY, AND STANDARDIZATION
 PERFORMED BY NOUS INFOSYSTEMS.

 PROBLEM NO.:         1
 sufentanil_epidural
0DATA CHECKOUT RUN:              NO
 DATA SET LOCATED ON UNIT NO.:    2
 THIS UNIT TO BE REWOUND:        NO
 NO. OF DATA RECS IN DATA SET:     3091
 NO. OF DATA ITEMS IN DATA SET:  18
 ID DATA ITEM IS DATA ITEM NO.:   1
 DEP VARIABLE IS DATA ITEM NO.:   5
 MDV DATA ITEM IS DATA ITEM NO.:  7
0INDICES PASSED TO SUBROUTINE PRED:
   8   2   3   4   0   0   6   0   0   0   0
0LABELS FOR DATA ITEMS:
 ID TIME AMT RATE DV CMT MDV EVID SEX AGE WT HEIGHT TINFS TINFR DOSES DOSER OUT NUM
0(NONBLANK) LABELS FOR PRED-DEFINED ITEMS:
 CL V1 Q V2 KA K14 K41 IPRED
0FORMAT FOR DATA:
 (E4.0,2E11.0,E5.0,E11.0,4E1.0,2E2.0,E3.0,2E11.0/2E11.0,2E4.0)

 TOT. NO. OF OBS RECS:      244
 TOT. NO. OF INDIVIDUALS:       18
0LENGTH OF THETA:   8
0DEFAULT THETA BOUNDARY TEST OMITTED:    NO
0OMEGA HAS BLOCK FORM:
  1
  0  2
  0  0  3
  0  0  0  4
  0  0  0  0  5
  0  0  0  0  0  6
  0  0  0  0  0  0  7
0DEFAULT OMEGA BOUNDARY TEST OMITTED:    NO
0SIGMA HAS BLOCK FORM:
  1
  0  2
0DEFAULT SIGMA BOUNDARY TEST OMITTED:    NO
0INITIAL ESTIMATE OF THETA:
 LOWER BOUND    INITIAL EST    UPPER BOUND
  0.4530E+02     0.4530E+02     0.4530E+02
  0.7900E+01     0.7900E+01     0.7900E+01
  0.3830E+02     0.3830E+02     0.3830E+02
  0.4810E+03     0.4810E+03     0.4810E+03
  0.0000E+00     0.1000E+02     0.1000E+07
  0.0000E+00     0.1000E+02     0.1000E+07
  0.0000E+00     0.1470E+00     0.1000E+07
  0.0000E+00     0.9000E+00     0.1000E+01
0INITIAL ESTIMATE OF OMEGA:
 BLOCK SET NO.   BLOCK                                                                    FIXED
        1                                                                                  YES
                  0.2391E+00
        2                                                                                  YES
                  0.0000E+00
        3                                                                                  YES
                  0.3721E+00
        4                                                                                  YES
                  0.1440E+01
        5                                                                                  YES
                  0.0000E+00
        6                                                                                  YES
                  0.0000E+00
        7                                                                                   NO
                  0.2000E+00
0INITIAL ESTIMATE OF SIGMA:
 BLOCK SET NO.   BLOCK                                                                    FIXED
        1                                                                                  YES
                  0.1000E-01
        2                                                                                   NO
                  0.2300E+00
0COVARIANCE STEP OMITTED:        NO
 R MATRIX SUBSTITUTED:          YES
 S MATRIX SUBSTITUTED:           NO
 EIGENVLS. PRINTED:             YES
 COMPRESSED FORMAT:              NO
 GRADIENT METHOD USED:     NOSLOW
 SIGDIGITS ETAHAT (SIGLO):                  -1
 SIGDIGITS GRADIENTS (SIGL):                -1
 EXCLUDE COV FOR FOCE (NOFCOV):              NO
 TURN OFF Cholesky Transposition of R Matrix (CHOLROFF): NO
 KNUTHSUMOFF:                                -1
 RESUME COV ANALYSIS (RESUME):               NO
 SIR SAMPLE SIZE (SIRSAMPLE):              -1
 NON-LINEARLY TRANSFORM THETAS DURING COV (THBND): 1
 PRECONDTIONING CYCLES (PRECOND):        0
 PRECONDTIONING TYPES (PRECONDS):        TOS
 FORCED PRECONDTIONING CYCLES (PFCOND):0
 PRECONDTIONING TYPE (PRETYPE):        0
 FORCED POS. DEFINITE SETTING: (FPOSDEF):0
0TABLES STEP OMITTED:    NO
 NO. OF TABLES:           2
 SEED NUMBER (SEED):    11456
 RANMETHOD:             3U
 MC SAMPLES (ESAMPLE):    300
 WRES SQUARE ROOT TYPE (WRESCHOL): EIGENVALUE
0-- TABLE   1 --
0RECORDS ONLY:    ALL
04 COLUMNS APPENDED:    NO
 PRINTED:                NO
 HEADERS:               ONE PER FILE
 FILE TO BE FORWARDED:   NO
 FORMAT:                S1PE11.4
 LFORMAT:
 RFORMAT:
 FIXED_EFFECT_ETAS:
0USER-CHOSEN ITEMS:
 NUM ID TIME EVID MDV CMT PRED IPRED CWRES WRES NPDE
0-- TABLE   2 --
0RECORDS ONLY:    ALL
04 COLUMNS APPENDED:    NO
 PRINTED:                NO
 HEADERS:               ONE PER FILE
 FILE TO BE FORWARDED:   NO
 FORMAT:                S1PE11.4
 LFORMAT:
 RFORMAT:
 FIXED_EFFECT_ETAS:
0USER-CHOSEN ITEMS:
 NUM ID ETA1 ETA2 ETA3 ETA4 ETA5 ETA6 ETA7 KA CL V1 Q V2 K14 K41
1DOUBLE PRECISION PREDPP VERSION 7.4.4

 GENERAL NONLINEAR KINETICS MODEL WITH STIFF/NONSTIFF EQUATIONS (LSODA, ADVAN13)
0MODEL SUBROUTINE USER-SUPPLIED - ID NO. 9999
0MAXIMUM NO. OF BASIC PK PARAMETERS:   7
0COMPARTMENT ATTRIBUTES
 COMPT. NO.   FUNCTION                         INITIAL    ON/OFF      DOSE      DEFAULT    DEFAULT
                                               STATUS     ALLOWED    ALLOWED    FOR DOSE   FOR OBS.
    1         ABS                                ON         YES        YES        YES        NO
    2         CENTRAL                            ON         YES        YES        NO         YES
    3         PERIPHERAL                         ON         YES        YES        NO         NO
    4         ABS2                               ON         YES        YES        NO         NO
    5         OUTPUT                             OFF        YES        NO         NO         NO
 INITIAL (BASE) TOLERANCE SETTINGS:
 NRD (RELATIVE) VALUE(S) OF TOLERANCE:   6
 ANRD (ABSOLUTE) VALUE(S) OF TOLERANCE:  12
1
 ADDITIONAL PK PARAMETERS - ASSIGNMENT OF ROWS IN GG
 COMPT. NO.                             INDICES
              SCALE      BIOAVAIL.   ZERO-ORDER  ZERO-ORDER  ABSORB
                         FRACTION    RATE        DURATION    LAG
    1            *           *           *           *           *
    2            *           *           *           *           *
    3            *           *           *           *           *
    4            *           *           *           *           *
    5            *           -           -           -           -
             - PARAMETER IS NOT ALLOWED FOR THIS MODEL
             * PARAMETER IS NOT SUPPLIED BY PK SUBROUTINE;
               WILL DEFAULT TO ONE IF APPLICABLE
0DATA ITEM INDICES USED BY PRED ARE:
   EVENT ID DATA ITEM IS DATA ITEM NO.:      8
   TIME DATA ITEM IS DATA ITEM NO.:          2
   DOSE AMOUNT DATA ITEM IS DATA ITEM NO.:   3
   DOSE RATE DATA ITEM IS DATA ITEM NO.:     4
   COMPT. NO. DATA ITEM IS DATA ITEM NO.:    6

0PK SUBROUTINE CALLED WITH EVERY EVENT RECORD.
 PK SUBROUTINE NOT CALLED AT NONEVENT (ADDITIONAL OR LAGGED) DOSE TIMES.
0ERROR SUBROUTINE CALLED WITH EVERY EVENT RECORD.
0ERROR SUBROUTINE INDICATES THAT DERIVATIVES OF COMPARTMENT AMOUNTS ARE USED.
0DES SUBROUTINE USES COMPACT STORAGE MODE.

 #PARA: PARAFILE=32.pnm, PROTOCOL=FPI, NODES= 4

1


 #TBLN:      1
 #METH: First Order Conditional Estimation with Interaction

 ESTIMATION STEP OMITTED:                 NO
 ANALYSIS TYPE:                           POPULATION
 NUMBER OF SADDLE POINT RESET ITERATIONS:      0
 GRADIENT METHOD USED:               NOSLOW
 CONDITIONAL ESTIMATES USED:              YES
 CENTERED ETA:                            NO
 EPS-ETA INTERACTION:                     YES
 LAPLACIAN OBJ. FUNC.:                    NO
 NO. OF FUNCT. EVALS. ALLOWED:            9999
 NO. OF SIG. FIGURES REQUIRED:            2
 INTERMEDIATE PRINTOUT:                   YES
 ESTIMATE OUTPUT TO MSF:                  YES
 IND. OBJ. FUNC. VALUES SORTED:           NO
 NUMERICAL DERIVATIVE
       FILE REQUEST (NUMDER):               NONE
 MAP (ETAHAT) ESTIMATION METHOD (OPTMAP):   0
 ETA HESSIAN EVALUATION METHOD (ETADER):    0
 INITIAL ETA FOR MAP ESTIMATION (MCETA):    0
 SIGDIGITS FOR MAP ESTIMATION (SIGLO):      6
 GRADIENT SIGDIGITS OF
       FIXED EFFECTS PARAMETERS (SIGL):     6
 NOPRIOR SETTING (NOPRIOR):                 OFF
 NOCOV SETTING (NOCOV):                     OFF
 DERCONT SETTING (DERCONT):                 OFF
 FINAL ETA RE-EVALUATION (FNLETA):          ON
 EXCLUDE NON-INFLUENTIAL (NON-INFL.) ETAS
       IN SHRINKAGE (ETASTYPE):             NO
 NON-INFL. ETA CORRECTION (NONINFETA):      OFF
 RAW OUTPUT FILE (FILE): 32.ext
 EXCLUDE TITLE (NOTITLE):                   NO
 EXCLUDE COLUMN LABELS (NOLABEL):           NO
 FORMAT FOR ADDITIONAL FILES (FORMAT):      S1PE12.5
 PARAMETER ORDER FOR OUTPUTS (ORDER):       TSOL
 WISHART PRIOR DF INTERPRETATION (WISHTYPE):0
 KNUTHSUMOFF:                               0
 INCLUDE LNTWOPI:                           NO
 INCLUDE CONSTANT TERM TO PRIOR (PRIORC):   NO
 INCLUDE CONSTANT TERM TO OMEGA (ETA) (OLNTWOPI):NO
 ADDITIONAL CONVERGENCE TEST (CTYPE=4)?:    NO
 EM OR BAYESIAN METHOD USED:                 NONE

 TOLERANCES FOR ESTIMATION/EVALUATION STEP:
 NRD (RELATIVE) VALUE(S) OF TOLERANCE:   6
 ANRD (ABSOLUTE) VALUE(S) OF TOLERANCE:  12
 TOLERANCES FOR COVARIANCE STEP:
 NRD (RELATIVE) VALUE(S) OF TOLERANCE:   6
 ANRD (ABSOLUTE) VALUE(S) OF TOLERANCE:  12
 TOLERANCES FOR TABLE/SCATTER STEP:
 NRD (RELATIVE) VALUE(S) OF TOLERANCE:   6
 ANRD (ABSOLUTE) VALUE(S) OF TOLERANCE:  12

 THE FOLLOWING LABELS ARE EQUIVALENT
 PRED=PREDI
 RES=RESI
 WRES=WRESI
 IWRS=IWRESI
 IPRD=IPREDI
 IRS=IRESI

 MONITORING OF SEARCH:


0ITERATION NO.:    0    OBJECTIVE VALUE:   1236.23038770013        NO. OF FUNC. EVALS.:   7
 CUMULATIVE NO. OF FUNC. EVALS.:        7
 NPARAMETR:  1.0000E+01  1.0000E+01  1.4700E-01  9.0000E-01  2.0000E-01  2.3000E-01
 PARAMETER:  1.0000E-01  1.0000E-01  1.0000E-01  1.0000E-01  1.0000E-01  1.0000E-01
 GRADIENT:  -1.2702E+02 -1.2069E+02  4.1476E+01 -3.8321E+00 -7.4467E+00 -1.8130E+02

0ITERATION NO.:    1    OBJECTIVE VALUE:   1176.17146647926        NO. OF FUNC. EVALS.:   8
 CUMULATIVE NO. OF FUNC. EVALS.:       15
 NPARAMETR:  1.2339E+01  1.2211E+01  1.3725E-01  9.0057E-01  2.0499E-01  4.1909E-01
 PARAMETER:  3.1019E-01  2.9972E-01  3.1367E-02  1.0634E-01  1.1232E-01  4.0000E-01
 GRADIENT:  -1.6928E+01 -1.1391E+02  4.0898E+01  6.8119E+00 -6.7154E+00  4.7888E+01

0ITERATION NO.:    2    OBJECTIVE VALUE:   970.352498529368        NO. OF FUNC. EVALS.:  10
 CUMULATIVE NO. OF FUNC. EVALS.:       25
 NPARAMETR:  2.1888E+01  1.0062E+02  6.4650E-02  8.9127E-01  2.6328E-01  2.1480E-01
 PARAMETER:  8.8333E-01  2.4088E+00 -7.2144E-01  6.5268E-03  2.3745E-01  6.5805E-02
 GRADIENT:  -1.1858E+02  2.0851E+01 -3.7936E+01 -8.3578E+00 -2.5158E+01 -5.7451E+01

0ITERATION NO.:    3    OBJECTIVE VALUE:   946.479630246414        NO. OF FUNC. EVALS.:   8
 CUMULATIVE NO. OF FUNC. EVALS.:       33
 NPARAMETR:  3.2643E+01  1.2254E+02  6.8471E-02  8.9159E-01  3.3770E-01  1.4473E-01
 PARAMETER:  1.2830E+00  2.6059E+00 -6.6403E-01  9.8668E-03  3.6193E-01 -1.3161E-01
 GRADIENT:  -5.4491E+01 -9.9562E+00 -3.6704E+01 -8.4931E-01 -1.7837E+01 -1.1906E+02

0ITERATION NO.:    4    OBJECTIVE VALUE:   936.519747305036        NO. OF FUNC. EVALS.:   8
 CUMULATIVE NO. OF FUNC. EVALS.:       41
 NPARAMETR:  3.4904E+01  1.5868E+02  9.8508E-02  8.8573E-01  5.2439E-01  1.3512E-01
 PARAMETER:  1.3500E+00  2.8643E+00 -3.0030E-01 -4.9334E-02  5.8195E-01 -1.6597E-01
 GRADIENT:  -8.7914E+01  2.5260E+01 -1.5336E+01 -5.0914E+00  2.8738E+00 -1.5094E+02

0ITERATION NO.:    5    OBJECTIVE VALUE:   924.864562195551        NO. OF FUNC. EVALS.:   9
 CUMULATIVE NO. OF FUNC. EVALS.:       50
 NPARAMETR:  4.1791E+01  1.8597E+02  1.5215E-01  8.1090E-01  1.5705E-01  1.2725E-01
 PARAMETER:  1.5301E+00  3.0230E+00  1.3443E-01 -6.4134E-01 -2.0874E-02 -1.9597E-01
 GRADIENT:  -9.1216E+01  3.4263E+01 -1.2849E+01 -1.0090E+01 -4.6378E+00 -1.7247E+02

0ITERATION NO.:    6    OBJECTIVE VALUE:   916.945241999917        NO. OF FUNC. EVALS.:   8
 CUMULATIVE NO. OF FUNC. EVALS.:       58
 NPARAMETR:  4.4777E+01  1.7873E+02  1.6273E-01  7.2786E-01  1.7463E-01  1.3906E-01
 PARAMETER:  1.5991E+00  2.9833E+00  2.0169E-01 -1.1134E+00  3.2187E-02 -1.5160E-01
 GRADIENT:  -7.1618E+01  1.4292E+01 -1.4714E+00 -1.5509E+01 -5.3422E-01 -1.3444E+02

0ITERATION NO.:    7    OBJECTIVE VALUE:   909.748711599523        NO. OF FUNC. EVALS.:   8
 CUMULATIVE NO. OF FUNC. EVALS.:       66
 NPARAMETR:  4.7460E+01  1.9259E+02  2.0352E-01  7.7925E-01  1.1868E-01  1.4983E-01
 PARAMETER:  1.6573E+00  3.0580E+00  4.2535E-01 -8.3592E-01 -1.6094E-01 -1.1428E-01
 GRADIENT:  -2.4295E+01 -1.7437E+01  2.0815E+01 -1.6871E+00 -1.9091E+00 -8.4686E+01

0ITERATION NO.:    8    OBJECTIVE VALUE:   899.214902390963        NO. OF FUNC. EVALS.:   8
 CUMULATIVE NO. OF FUNC. EVALS.:       74
 NPARAMETR:  5.3357E+01  2.1526E+02  1.7467E-01  7.6413E-01  1.6750E-01  1.7363E-01
 PARAMETER:  1.7744E+00  3.1693E+00  2.7244E-01 -9.2177E-01  1.1319E-02 -4.0586E-02
 GRADIENT:  -1.7918E+01 -1.2284E+01  7.0230E+00  5.3661E-01  5.5276E-01 -2.5471E+01

0ITERATION NO.:    9    OBJECTIVE VALUE:   890.008398230698        NO. OF FUNC. EVALS.:   8
 CUMULATIVE NO. OF FUNC. EVALS.:       82
 NPARAMETR:  7.5744E+01  3.0609E+02  1.7644E-01  6.8333E-01  1.4622E-01  1.8746E-01
 PARAMETER:  2.1248E+00  3.5213E+00  2.8258E-01 -1.3281E+00 -5.6593E-02 -2.2451E-03
 GRADIENT:  -2.3582E+01  5.7548E+00  4.3477E+00 -4.2716E+00  3.5522E-01 -1.9696E+00

0ITERATION NO.:   10    OBJECTIVE VALUE:   882.605395736948        NO. OF FUNC. EVALS.:   8
 CUMULATIVE NO. OF FUNC. EVALS.:       90
 NPARAMETR:  1.7366E+02  5.7171E+02  1.3693E-01  5.7861E-01  1.9237E-01  1.8299E-01
 PARAMETER:  2.9545E+00  4.1460E+00  2.9025E-02 -1.7802E+00  8.0543E-02 -1.4332E-02
 GRADIENT:   5.4324E-01 -3.3017E+00 -8.0431E+00 -4.9438E+00  7.3696E-01  2.3205E+00

0ITERATION NO.:   11    OBJECTIVE VALUE:   881.018646005239        NO. OF FUNC. EVALS.:   8
 CUMULATIVE NO. OF FUNC. EVALS.:       98
 NPARAMETR:  1.6610E+02  6.1896E+02  1.6298E-01  6.6555E-01  1.4121E-01  1.8196E-01
 PARAMETER:  2.9100E+00  4.2255E+00  2.0317E-01 -1.4091E+00 -7.4036E-02 -1.7150E-02
 GRADIENT:   8.5918E+00 -9.9462E+00  1.5209E+00  4.6673E+00  1.5131E-01  8.4248E+00

0ITERATION NO.:   12    OBJECTIVE VALUE:   880.254555258133        NO. OF FUNC. EVALS.:   8
 CUMULATIVE NO. OF FUNC. EVALS.:      106
 NPARAMETR:  1.8168E+02  6.8732E+02  1.6835E-01  6.3912E-01  1.2756E-01  1.8060E-01
 PARAMETER:  2.9997E+00  4.3302E+00  2.3562E-01 -1.5257E+00 -1.2487E-01 -2.0890E-02
 GRADIENT:  -2.4343E+00  1.3919E+00  1.8207E+00 -5.3479E-01 -1.6398E-01  9.2209E-01

0ITERATION NO.:   13    OBJECTIVE VALUE:   879.897307126762        NO. OF FUNC. EVALS.:   8
 CUMULATIVE NO. OF FUNC. EVALS.:      114
 NPARAMETR:  2.0080E+02  7.3227E+02  1.5780E-01  6.2711E-01  1.4166E-01  1.7849E-01
 PARAMETER:  3.0997E+00  4.3936E+00  1.7091E-01 -1.5774E+00 -7.2456E-02 -2.6779E-02
 GRADIENT:   2.6286E-01 -5.9350E-01 -1.9712E+00 -4.3466E-01 -3.6493E-02 -1.3639E+00

0ITERATION NO.:   14    OBJECTIVE VALUE:   879.816162735768        NO. OF FUNC. EVALS.:   8
 CUMULATIVE NO. OF FUNC. EVALS.:      122
 NPARAMETR:  1.9818E+02  7.4586E+02  1.6682E-01  6.3981E-01  1.2959E-01  1.7956E-01
 PARAMETER:  3.0866E+00  4.4120E+00  2.2646E-01 -1.5227E+00 -1.1699E-01 -2.3776E-02
 GRADIENT:  -3.7503E-01  1.3333E-01  1.3926E+00  2.4125E-01 -1.4990E-01  5.0888E-01

0ITERATION NO.:   15    OBJECTIVE VALUE:   879.704054251607        NO. OF FUNC. EVALS.:   8
 CUMULATIVE NO. OF FUNC. EVALS.:      130
 NPARAMETR:  2.0783E+02  7.6228E+02  1.5928E-01  6.2859E-01  1.4046E-01  1.7863E-01
 PARAMETER:  3.1341E+00  4.4337E+00  1.8020E-01 -1.5710E+00 -7.6693E-02 -2.6392E-02
 GRADIENT:   2.2000E-01 -2.3929E-01 -1.4631E+00 -3.3940E-01 -2.8499E-02 -9.3414E-01

0ITERATION NO.:   16    OBJECTIVE VALUE:   879.697003921040        NO. OF FUNC. EVALS.:   8
 CUMULATIVE NO. OF FUNC. EVALS.:      138
 NPARAMETR:  2.0472E+02  7.6059E+02  1.6291E-01  6.3420E-01  1.3564E-01  1.7910E-01
 PARAMETER:  3.1190E+00  4.4315E+00  2.0277E-01 -1.5469E+00 -9.4160E-02 -2.5059E-02
 GRADIENT:   5.8315E-02 -1.1070E-01 -4.2791E-02  2.1656E-02 -6.5070E-02 -9.0236E-02

0ITERATION NO.:   17    OBJECTIVE VALUE:   878.938112586470        NO. OF FUNC. EVALS.:  13
 CUMULATIVE NO. OF FUNC. EVALS.:      151
 NPARAMETR:  2.5718E+02  9.7158E+02  1.6575E-01  6.2387E-01  1.6406E-01  1.8097E-01
 PARAMETER:  3.3472E+00  4.6763E+00  2.2002E-01 -1.5912E+00  9.4702E-04 -1.9862E-02
 GRADIENT:  -3.9941E+00  5.4566E+00  4.5590E-01 -2.2081E+00  8.1244E-01  2.1507E+00

0ITERATION NO.:   18    OBJECTIVE VALUE:   878.937730766940        NO. OF FUNC. EVALS.:  10
 CUMULATIVE NO. OF FUNC. EVALS.:      161
 NPARAMETR:  2.5712E+02  9.7133E+02  1.6574E-01  6.2388E-01  1.6402E-01  1.8097E-01
 PARAMETER:  3.3470E+00  4.6761E+00  2.2000E-01 -1.5912E+00  8.4702E-04 -1.9868E-02
 GRADIENT:  -3.9855E+00  5.4501E+00  5.4135E-01 -2.2018E+00  8.0785E-01  2.1698E+00

0ITERATION NO.:   19    OBJECTIVE VALUE:   878.937000200602        NO. OF FUNC. EVALS.:  10
 CUMULATIVE NO. OF FUNC. EVALS.:      171
 NPARAMETR:  2.5706E+02  9.7107E+02  1.6574E-01  6.2389E-01  1.6399E-01  1.8097E-01
 PARAMETER:  3.3467E+00  4.6758E+00  2.1998E-01 -1.5911E+00  7.4702E-04 -1.9874E-02
 GRADIENT:  -3.9472E+00  5.4085E+00  4.8659E-01 -2.1911E+00  8.1279E-01  2.1640E+00

0ITERATION NO.:   20    OBJECTIVE VALUE:   878.937000200602        NO. OF FUNC. EVALS.:  19
 CUMULATIVE NO. OF FUNC. EVALS.:      190
 NPARAMETR:  2.5706E+02  9.7107E+02  1.6574E-01  6.2389E-01  1.6399E-01  1.8097E-01
 PARAMETER:  3.3467E+00  4.6758E+00  2.1998E-01 -1.5911E+00  7.4702E-04 -1.9874E-02
 GRADIENT:  -6.1387E+00  3.0710E+00  2.8068E-01 -2.6863E+00  8.1279E-01  2.1161E+00

0ITERATION NO.:   21    OBJECTIVE VALUE:   878.043168648415        NO. OF FUNC. EVALS.:  20
 CUMULATIVE NO. OF FUNC. EVALS.:      210
 NPARAMETR:  3.7090E+02  1.4072E+03  1.6511E-01  6.3096E-01  1.8928E-01  1.7809E-01
 PARAMETER:  3.7134E+00  5.0468E+00  2.1618E-01 -1.5609E+00  7.2461E-02 -2.7898E-02
 GRADIENT:  -3.0018E+00  1.3183E+00  3.0309E-01 -9.1376E-01  1.4376E+00  4.6349E-01

0ITERATION NO.:   22    OBJECTIVE VALUE:   877.160983131431        NO. OF FUNC. EVALS.:  16
 CUMULATIVE NO. OF FUNC. EVALS.:      226
 NPARAMETR:  7.9150E+02  2.9504E+03  1.6212E-01  6.3043E-01  1.7559E-01  1.7179E-01
 PARAMETER:  4.4713E+00  5.7871E+00  1.9790E-01 -1.5631E+00  3.4923E-02 -4.5902E-02
 GRADIENT:   1.2766E+00 -1.7642E+00 -6.2628E-01  5.3125E-01  8.9363E-01 -8.0809E+00

0ITERATION NO.:   23    OBJECTIVE VALUE:   876.838195240589        NO. OF FUNC. EVALS.:  16
 CUMULATIVE NO. OF FUNC. EVALS.:      242
 NPARAMETR:  1.2526E+03  4.6378E+03  1.5880E-01  6.2158E-01  1.6132E-01  1.7689E-01
 PARAMETER:  4.9304E+00  6.2394E+00  1.7723E-01 -1.6010E+00 -7.4730E-03 -3.1267E-02
 GRADIENT:   4.4022E-01 -6.1001E-01 -2.4337E+00 -2.2860E-02  4.6341E-01 -2.9149E-02

0ITERATION NO.:   24    OBJECTIVE VALUE:   876.765931577744        NO. OF FUNC. EVALS.:  16
 CUMULATIVE NO. OF FUNC. EVALS.:      258
 NPARAMETR:  1.5429E+03  5.6790E+03  1.5831E-01  6.2254E-01  1.4748E-01  1.7702E-01
 PARAMETER:  5.1388E+00  6.4419E+00  1.7414E-01 -1.5969E+00 -5.2311E-02 -3.0903E-02
 GRADIENT:   2.6985E+00 -2.7671E+00 -2.1378E+00  1.5230E+00  8.1993E-02  1.1343E+00

0ITERATION NO.:   25    OBJECTIVE VALUE:   876.732174212957        NO. OF FUNC. EVALS.:  16
 CUMULATIVE NO. OF FUNC. EVALS.:      274
 NPARAMETR:  1.9310E+03  7.0205E+03  1.5775E-01  6.1052E-01  1.4132E-01  1.7679E-01
 PARAMETER:  5.3632E+00  6.6540E+00  1.7057E-01 -1.6477E+00 -7.3637E-02 -3.1547E-02
 GRADIENT:   4.9099E-01 -4.8940E-01 -3.0849E+00 -9.2720E-01 -7.7114E-02 -1.0629E+00

0ITERATION NO.:   26    OBJECTIVE VALUE:   876.602068432597        NO. OF FUNC. EVALS.:  28
 CUMULATIVE NO. OF FUNC. EVALS.:      302             RESET HESSIAN, TYPE I
 NPARAMETR:  1.8977E+03  7.1619E+03  1.6625E-01  6.2406E-01  1.4106E-01  1.7726E-01
 PARAMETER:  5.3458E+00  6.6739E+00  2.2306E-01 -1.5904E+00 -7.4565E-02 -3.0227E-02
 GRADIENT:   2.4710E+00  4.3141E+00  1.0090E-01  1.0633E-01  9.5832E-02 -1.7537E-01

0ITERATION NO.:   27    OBJECTIVE VALUE:   876.602068432597        NO. OF FUNC. EVALS.:  18
 CUMULATIVE NO. OF FUNC. EVALS.:      320
 NPARAMETR:  1.8977E+03  7.1619E+03  1.6625E-01  6.2406E-01  1.4106E-01  1.7726E-01
 PARAMETER:  5.3458E+00  6.6739E+00  2.2306E-01 -1.5904E+00 -7.4565E-02 -3.0227E-02
 GRADIENT:  -1.1948E+00  1.1963E+00 -5.1132E-02 -3.9934E-01  9.5832E-02 -2.2351E-01

0ITERATION NO.:   28    OBJECTIVE VALUE:   876.601383975505        NO. OF FUNC. EVALS.:  17
 CUMULATIVE NO. OF FUNC. EVALS.:      337
 NPARAMETR:  1.8986E+03  7.1593E+03  1.6621E-01  6.2427E-01  1.4106E-01  1.7726E-01
 PARAMETER:  5.3463E+00  6.6736E+00  2.2284E-01 -1.5895E+00 -7.4570E-02 -3.0228E-02
 GRADIENT:  -8.5320E-01  8.5465E-01  2.3761E-02 -2.8152E-01  9.7201E-02 -9.6239E-02

0ITERATION NO.:   29    OBJECTIVE VALUE:   876.600997683606        NO. OF FUNC. EVALS.:  16
 CUMULATIVE NO. OF FUNC. EVALS.:      353
 NPARAMETR:  1.8991E+03  7.1583E+03  1.6614E-01  6.2426E-01  1.4106E-01  1.7726E-01
 PARAMETER:  5.3466E+00  6.6734E+00  2.2242E-01 -1.5896E+00 -7.4578E-02 -3.0241E-02
 GRADIENT:  -7.9725E-01  7.9876E-01 -1.7212E-02 -2.6065E-01  1.0050E-01 -8.4150E-02

0ITERATION NO.:   30    OBJECTIVE VALUE:   876.600997683606        NO. OF FUNC. EVALS.:  10
 CUMULATIVE NO. OF FUNC. EVALS.:      363
 NPARAMETR:  1.8991E+03  7.1583E+03  1.6614E-01  6.2426E-01  1.4106E-01  1.7726E-01
 PARAMETER:  5.3466E+00  6.6734E+00  2.2242E-01 -1.5896E+00 -7.4578E-02 -3.0241E-02
 GRADIENT:  -7.9725E-01  7.9876E-01 -1.7212E-02 -2.6065E-01  1.0050E-01 -8.4150E-02

 #TERM:
0MINIMIZATION SUCCESSFUL
 NO. OF FUNCTION EVALUATIONS USED:      363
 NO. OF SIG. DIGITS IN FINAL EST.:  2.1

 ETABAR IS THE ARITHMETIC MEAN OF THE ETA-ESTIMATES,
 AND THE P-VALUE IS GIVEN FOR THE NULL HYPOTHESIS THAT THE TRUE MEAN IS 0.

 ETABAR:         5.6449E-02  0.0000E+00  3.8491E-01  2.2217E-01  0.0000E+00  0.0000E+00  2.9700E-02
 SE:             1.0574E-01  0.0000E+00  1.7333E-01  1.7339E-01  0.0000E+00  0.0000E+00  4.7431E-02
 N:                      18          18          18          18          18          18          18

 P VAL.:         5.9345E-01  1.0000E+00  2.6373E-02  2.0008E-01  1.0000E+00  1.0000E+00  5.3119E-01

 ETASHRINKSD(%)  5.5975E+00  1.0000E+02  1.0000E-10  3.6919E+01  1.0000E+02  1.0000E+02  4.4867E+01
 ETASHRINKVR(%)  1.0882E+01  1.0000E+02  1.0000E-10  6.0208E+01  1.0000E+02  1.0000E+02  6.9603E+01
 EBVSHRINKSD(%)  9.0267E+00  0.0000E+00  2.0703E+01  2.8613E+01  0.0000E+00  0.0000E+00  4.8368E+01
 EBVSHRINKVR(%)  1.7239E+01  0.0000E+00  3.7120E+01  4.9039E+01  0.0000E+00  0.0000E+00  7.3341E+01
 EPSSHRINKSD(%)  6.4378E+00  6.4378E+00
 EPSSHRINKVR(%)  1.2461E+01  1.2461E+01

  
 TOTAL DATA POINTS NORMALLY DISTRIBUTED (N):          244
 N*LOG(2PI) CONSTANT TO OBJECTIVE FUNCTION:    448.44200420388029     
 OBJECTIVE FUNCTION VALUE WITHOUT CONSTANT:    876.60099768360601     
 OBJECTIVE FUNCTION VALUE WITH CONSTANT:       1325.0430018874863     
 REPORTED OBJECTIVE FUNCTION DOES NOT CONTAIN CONSTANT
  
 TOTAL EFFECTIVE ETAS (NIND*NETA):                            72
  
 #TERE:
 Elapsed estimation  time in seconds:   453.83
 WARNING: R MATRIX ADJUSTED TO BE MADE POSITIVE DEFINITE.
 INTERPRET VARIANCE-COVARIANCE OF ESTIMATES WITH CARE.
 Elapsed covariance  time in seconds:   158.21
 Elapsed postprocess time in seconds:    14.69
1
 
 
 
 
 
 
 
 
 
 
 
 
 
 
 
 
 
 
 
 
 ************************************************************************************************************************
 ********************                                                                                ********************
 ********************               FIRST ORDER CONDITIONAL ESTIMATION WITH INTERACTION              ********************
 #OBJT:**************                       MINIMUM VALUE OF OBJECTIVE FUNCTION                      ********************
 ********************                                                                                ********************
 ************************************************************************************************************************
 





 #OBJV:********************************************      876.601       **************************************************
1
 ************************************************************************************************************************
 ********************                                                                                ********************
 ********************               FIRST ORDER CONDITIONAL ESTIMATION WITH INTERACTION              ********************
 ********************                             FINAL PARAMETER ESTIMATE                           ********************
 ********************                                                                                ********************
 ************************************************************************************************************************
 


 THETA - VECTOR OF FIXED EFFECTS PARAMETERS   *********


         TH 1      TH 2      TH 3      TH 4      TH 5      TH 6      TH 7      TH 8     
 
         4.53E+01  7.90E+00  3.83E+01  4.81E+02  1.90E+03  7.16E+03  1.66E-01  6.24E-01
 


 OMEGA - COV MATRIX FOR RANDOM EFFECTS - ETAS  ********


         ETA1      ETA2      ETA3      ETA4      ETA5      ETA6      ETA7     
 
 ETA1
+        2.39E-01
 
 ETA2
+        0.00E+00  0.00E+00
 
 ETA3
+        0.00E+00  0.00E+00  3.72E-01
 
 ETA4
+        0.00E+00  0.00E+00  0.00E+00  1.44E+00
 
 ETA5
+        0.00E+00  0.00E+00  0.00E+00  0.00E+00  0.00E+00
 
 ETA6
+        0.00E+00  0.00E+00  0.00E+00  0.00E+00  0.00E+00  0.00E+00
 
 ETA7
+        0.00E+00  0.00E+00  0.00E+00  0.00E+00  0.00E+00  0.00E+00  1.41E-01
 


 SIGMA - COV MATRIX FOR RANDOM EFFECTS - EPSILONS  ****


         EPS1      EPS2     
 
 EPS1
+        1.00E-02
 
 EPS2
+        0.00E+00  1.77E-01
 
1


 OMEGA - CORR MATRIX FOR RANDOM EFFECTS - ETAS  *******


         ETA1      ETA2      ETA3      ETA4      ETA5      ETA6      ETA7     
 
 ETA1
+        4.89E-01
 
 ETA2
+        0.00E+00  0.00E+00
 
 ETA3
+        0.00E+00  0.00E+00  6.10E-01
 
 ETA4
+        0.00E+00  0.00E+00  0.00E+00  1.20E+00
 
 ETA5
+        0.00E+00  0.00E+00  0.00E+00  0.00E+00  0.00E+00
 
 ETA6
+        0.00E+00  0.00E+00  0.00E+00  0.00E+00  0.00E+00  0.00E+00
 
 ETA7
+        0.00E+00  0.00E+00  0.00E+00  0.00E+00  0.00E+00  0.00E+00  3.76E-01
 


 SIGMA - CORR MATRIX FOR RANDOM EFFECTS - EPSILONS  ***


         EPS1      EPS2     
 
 EPS1
+        1.00E-01
 
 EPS2
+        0.00E+00  4.21E-01
 
1
 ************************************************************************************************************************
 ********************                                                                                ********************
 ********************               FIRST ORDER CONDITIONAL ESTIMATION WITH INTERACTION              ********************
 ********************                            STANDARD ERROR OF ESTIMATE                          ********************
 ********************                                                                                ********************
 ************************************************************************************************************************
 


 THETA - VECTOR OF FIXED EFFECTS PARAMETERS   *********


         TH 1      TH 2      TH 3      TH 4      TH 5      TH 6      TH 7      TH 8     
 
        ......... ......... ......... .........  4.45E+03  1.66E+04  2.03E-02  6.86E-02
 


 OMEGA - COV MATRIX FOR RANDOM EFFECTS - ETAS  ********


         ETA1      ETA2      ETA3      ETA4      ETA5      ETA6      ETA7     
 
 ETA1
+       .........
 
 ETA2
+       ......... .........
 
 ETA3
+       ......... ......... .........
 
 ETA4
+       ......... ......... ......... .........
 
 ETA5
+       ......... ......... ......... ......... .........
 
 ETA6
+       ......... ......... ......... ......... ......... .........
 
 ETA7
+       ......... ......... ......... ......... ......... .........  2.28E-01
 


 SIGMA - COV MATRIX FOR RANDOM EFFECTS - EPSILONS  ****


         EPS1      EPS2     
 
 EPS1
+       .........
 
 EPS2
+       .........  8.73E-03
 
1


 OMEGA - CORR MATRIX FOR RANDOM EFFECTS - ETAS  *******


         ETA1      ETA2      ETA3      ETA4      ETA5      ETA6      ETA7     
 
 ETA1
+       .........
 
 ETA2
+       ......... .........
 
 ETA3
+       ......... ......... .........
 
 ETA4
+       ......... ......... ......... .........
 
 ETA5
+       ......... ......... ......... ......... .........
 
 ETA6
+       ......... ......... ......... ......... ......... .........
 
 ETA7
+       ......... ......... ......... ......... ......... .........  3.04E-01
 


 SIGMA - CORR MATRIX FOR RANDOM EFFECTS - EPSILONS  ***


         EPS1      EPS2     
 
 EPS1
+       .........
 
 EPS2
+       .........  1.04E-02
 
1
 ************************************************************************************************************************
 ********************                                                                                ********************
 ********************               FIRST ORDER CONDITIONAL ESTIMATION WITH INTERACTION              ********************
 ********************                          COVARIANCE MATRIX OF ESTIMATE                         ********************
 ********************                                                                                ********************
 ************************************************************************************************************************
 

            TH 1      TH 2      TH 3      TH 4      TH 5      TH 6      TH 7      TH 8      OM11      OM12      OM13      OM14  
             OM15      OM16      OM17      OM22      OM23      OM24      OM25      OM26      OM27      OM33      OM34      OM35  
            OM36      OM37      OM44      OM45      OM46      OM47      OM55      OM56      OM57      OM66      OM67      OM77  
             SG11      SG12      SG22  
 
 TH 1
+       .........
 
 TH 2
+       ......... .........
 
 TH 3
+       ......... ......... .........
 
 TH 4
+       ......... ......... ......... .........
 
 TH 5
+       ......... ......... ......... .........  1.98E+07
 
 TH 6
+       ......... ......... ......... .........  7.39E+07  2.76E+08
 
 TH 7
+       ......... ......... ......... ......... -2.46E+01 -8.78E+01  4.12E-04
 
 TH 8
+       ......... ......... ......... ......... -6.45E+01 -1.98E+02  1.89E-04  4.70E-03
 
 OM11
+       ......... ......... ......... ......... ......... ......... ......... ......... .........
 
 OM12
+       ......... ......... ......... ......... ......... ......... ......... ......... ......... .........
 
 OM13
+       ......... ......... ......... ......... ......... ......... ......... ......... ......... ......... .........
 
 OM14
+       ......... ......... ......... ......... ......... ......... ......... ......... ......... ......... ......... .........
 
 OM15
+       ......... ......... ......... ......... ......... ......... ......... ......... ......... ......... ......... .........
         .........
 
 OM16
+       ......... ......... ......... ......... ......... ......... ......... ......... ......... ......... ......... .........
         ......... .........
 
 OM17
+       ......... ......... ......... ......... ......... ......... ......... ......... ......... ......... ......... .........
         ......... ......... .........
 
 OM22
+       ......... ......... ......... ......... ......... ......... ......... ......... ......... ......... ......... .........
         ......... ......... ......... .........
 
 OM23
+       ......... ......... ......... ......... ......... ......... ......... ......... ......... ......... ......... .........
         ......... ......... ......... ......... .........
 
 OM24
+       ......... ......... ......... ......... ......... ......... ......... ......... ......... ......... ......... .........
         ......... ......... ......... ......... ......... .........
 
1

            TH 1      TH 2      TH 3      TH 4      TH 5      TH 6      TH 7      TH 8      OM11      OM12      OM13      OM14  
             OM15      OM16      OM17      OM22      OM23      OM24      OM25      OM26      OM27      OM33      OM34      OM35  
            OM36      OM37      OM44      OM45      OM46      OM47      OM55      OM56      OM57      OM66      OM67      OM77  
             SG11      SG12      SG22  
 
 OM25
+       ......... ......... ......... ......... ......... ......... ......... ......... ......... ......... ......... .........
         ......... ......... ......... ......... ......... ......... .........
 
 OM26
+       ......... ......... ......... ......... ......... ......... ......... ......... ......... ......... ......... .........
         ......... ......... ......... ......... ......... ......... ......... .........
 
 OM27
+       ......... ......... ......... ......... ......... ......... ......... ......... ......... ......... ......... .........
         ......... ......... ......... ......... ......... ......... ......... ......... .........
 
 OM33
+       ......... ......... ......... ......... ......... ......... ......... ......... ......... ......... ......... .........
         ......... ......... ......... ......... ......... ......... ......... ......... ......... .........
 
 OM34
+       ......... ......... ......... ......... ......... ......... ......... ......... ......... ......... ......... .........
         ......... ......... ......... ......... ......... ......... ......... ......... ......... ......... .........
 
 OM35
+       ......... ......... ......... ......... ......... ......... ......... ......... ......... ......... ......... .........
         ......... ......... ......... ......... ......... ......... ......... ......... ......... ......... ......... .........
 
 OM36
+       ......... ......... ......... ......... ......... ......... ......... ......... ......... ......... ......... .........
         ......... ......... ......... ......... ......... ......... ......... ......... ......... ......... ......... .........
        .........
 
 OM37
+       ......... ......... ......... ......... ......... ......... ......... ......... ......... ......... ......... .........
         ......... ......... ......... ......... ......... ......... ......... ......... ......... ......... ......... .........
        ......... .........
 
 OM44
+       ......... ......... ......... ......... ......... ......... ......... ......... ......... ......... ......... .........
         ......... ......... ......... ......... ......... ......... ......... ......... ......... ......... ......... .........
        ......... ......... .........
 
 OM45
+       ......... ......... ......... ......... ......... ......... ......... ......... ......... ......... ......... .........
         ......... ......... ......... ......... ......... ......... ......... ......... ......... ......... ......... .........
        ......... ......... ......... .........
 
 OM46
+       ......... ......... ......... ......... ......... ......... ......... ......... ......... ......... ......... .........
         ......... ......... ......... ......... ......... ......... ......... ......... ......... ......... ......... .........
        ......... ......... ......... ......... .........
 
 OM47
+       ......... ......... ......... ......... ......... ......... ......... ......... ......... ......... ......... .........
         ......... ......... ......... ......... ......... ......... ......... ......... ......... ......... ......... .........
        ......... ......... ......... ......... ......... .........
 
 OM55
+       ......... ......... ......... ......... ......... ......... ......... ......... ......... ......... ......... .........
         ......... ......... ......... ......... ......... ......... ......... ......... ......... ......... ......... .........
        ......... ......... ......... ......... ......... ......... .........
 
 OM56
+       ......... ......... ......... ......... ......... ......... ......... ......... ......... ......... ......... .........
         ......... ......... ......... ......... ......... ......... ......... ......... ......... ......... ......... .........
        ......... ......... ......... ......... ......... ......... ......... .........
 
1

            TH 1      TH 2      TH 3      TH 4      TH 5      TH 6      TH 7      TH 8      OM11      OM12      OM13      OM14  
             OM15      OM16      OM17      OM22      OM23      OM24      OM25      OM26      OM27      OM33      OM34      OM35  
            OM36      OM37      OM44      OM45      OM46      OM47      OM55      OM56      OM57      OM66      OM67      OM77  
             SG11      SG12      SG22  
 
 OM57
+       ......... ......... ......... ......... ......... ......... ......... ......... ......... ......... ......... .........
         ......... ......... ......... ......... ......... ......... ......... ......... ......... ......... ......... .........
        ......... ......... ......... ......... ......... ......... ......... ......... .........
 
 OM66
+       ......... ......... ......... ......... ......... ......... ......... ......... ......... ......... ......... .........
         ......... ......... ......... ......... ......... ......... ......... ......... ......... ......... ......... .........
        ......... ......... ......... ......... ......... ......... ......... ......... ......... .........
 
 OM67
+       ......... ......... ......... ......... ......... ......... ......... ......... ......... ......... ......... .........
         ......... ......... ......... ......... ......... ......... ......... ......... ......... ......... ......... .........
        ......... ......... ......... ......... ......... ......... ......... ......... ......... ......... .........
 
 OM77
+       ......... ......... ......... .........  6.87E-01  5.02E+01 -1.01E-03  1.77E-03 ......... ......... ......... .........
         ......... ......... ......... ......... ......... ......... ......... ......... ......... ......... ......... .........
        ......... ......... ......... ......... ......... ......... ......... ......... ......... ......... .........  5.21E-02
 
 SG11
+       ......... ......... ......... ......... ......... ......... ......... ......... ......... ......... ......... .........
         ......... ......... ......... ......... ......... ......... ......... ......... ......... ......... ......... .........
        ......... ......... ......... ......... ......... ......... ......... ......... ......... ......... ......... .........
         .........
 
 SG12
+       ......... ......... ......... ......... ......... ......... ......... ......... ......... ......... ......... .........
         ......... ......... ......... ......... ......... ......... ......... ......... ......... ......... ......... .........
        ......... ......... ......... ......... ......... ......... ......... ......... ......... ......... ......... .........
         ......... .........
 
 SG22
+       ......... ......... ......... ......... -1.53E+00 -4.43E+00 -3.00E-05  2.82E-05 ......... ......... ......... .........
         ......... ......... ......... ......... ......... ......... ......... ......... ......... ......... ......... .........
        ......... ......... ......... ......... ......... ......... ......... ......... ......... ......... .........  1.48E-03
         ......... .........  7.61E-05
 
1
 ************************************************************************************************************************
 ********************                                                                                ********************
 ********************               FIRST ORDER CONDITIONAL ESTIMATION WITH INTERACTION              ********************
 ********************                          CORRELATION MATRIX OF ESTIMATE                        ********************
 ********************                                                                                ********************
 ************************************************************************************************************************
 

            TH 1      TH 2      TH 3      TH 4      TH 5      TH 6      TH 7      TH 8      OM11      OM12      OM13      OM14  
             OM15      OM16      OM17      OM22      OM23      OM24      OM25      OM26      OM27      OM33      OM34      OM35  
            OM36      OM37      OM44      OM45      OM46      OM47      OM55      OM56      OM57      OM66      OM67      OM77  
             SG11      SG12      SG22  
 
 TH 1
+       .........
 
 TH 2
+       ......... .........
 
 TH 3
+       ......... ......... .........
 
 TH 4
+       ......... ......... ......... .........
 
 TH 5
+       ......... ......... ......... .........  4.45E+03
 
 TH 6
+       ......... ......... ......... .........  9.99E-01  1.66E+04
 
 TH 7
+       ......... ......... ......... ......... -2.72E-01 -2.60E-01  2.03E-02
 
 TH 8
+       ......... ......... ......... ......... -2.11E-01 -1.74E-01  1.36E-01  6.86E-02
 
 OM11
+       ......... ......... ......... ......... ......... ......... ......... ......... .........
 
 OM12
+       ......... ......... ......... ......... ......... ......... ......... ......... ......... .........
 
 OM13
+       ......... ......... ......... ......... ......... ......... ......... ......... ......... ......... .........
 
 OM14
+       ......... ......... ......... ......... ......... ......... ......... ......... ......... ......... ......... .........
 
 OM15
+       ......... ......... ......... ......... ......... ......... ......... ......... ......... ......... ......... .........
         .........
 
 OM16
+       ......... ......... ......... ......... ......... ......... ......... ......... ......... ......... ......... .........
         ......... .........
 
 OM17
+       ......... ......... ......... ......... ......... ......... ......... ......... ......... ......... ......... .........
         ......... ......... .........
 
 OM22
+       ......... ......... ......... ......... ......... ......... ......... ......... ......... ......... ......... .........
         ......... ......... ......... .........
 
 OM23
+       ......... ......... ......... ......... ......... ......... ......... ......... ......... ......... ......... .........
         ......... ......... ......... ......... .........
 
 OM24
+       ......... ......... ......... ......... ......... ......... ......... ......... ......... ......... ......... .........
         ......... ......... ......... ......... ......... .........
 
1

            TH 1      TH 2      TH 3      TH 4      TH 5      TH 6      TH 7      TH 8      OM11      OM12      OM13      OM14  
             OM15      OM16      OM17      OM22      OM23      OM24      OM25      OM26      OM27      OM33      OM34      OM35  
            OM36      OM37      OM44      OM45      OM46      OM47      OM55      OM56      OM57      OM66      OM67      OM77  
             SG11      SG12      SG22  
 
 OM25
+       ......... ......... ......... ......... ......... ......... ......... ......... ......... ......... ......... .........
         ......... ......... ......... ......... ......... ......... .........
 
 OM26
+       ......... ......... ......... ......... ......... ......... ......... ......... ......... ......... ......... .........
         ......... ......... ......... ......... ......... ......... ......... .........
 
 OM27
+       ......... ......... ......... ......... ......... ......... ......... ......... ......... ......... ......... .........
         ......... ......... ......... ......... ......... ......... ......... ......... .........
 
 OM33
+       ......... ......... ......... ......... ......... ......... ......... ......... ......... ......... ......... .........
         ......... ......... ......... ......... ......... ......... ......... ......... ......... .........
 
 OM34
+       ......... ......... ......... ......... ......... ......... ......... ......... ......... ......... ......... .........
         ......... ......... ......... ......... ......... ......... ......... ......... ......... ......... .........
 
 OM35
+       ......... ......... ......... ......... ......... ......... ......... ......... ......... ......... ......... .........
         ......... ......... ......... ......... ......... ......... ......... ......... ......... ......... ......... .........
 
 OM36
+       ......... ......... ......... ......... ......... ......... ......... ......... ......... ......... ......... .........
         ......... ......... ......... ......... ......... ......... ......... ......... ......... ......... ......... .........
        .........
 
 OM37
+       ......... ......... ......... ......... ......... ......... ......... ......... ......... ......... ......... .........
         ......... ......... ......... ......... ......... ......... ......... ......... ......... ......... ......... .........
        ......... .........
 
 OM44
+       ......... ......... ......... ......... ......... ......... ......... ......... ......... ......... ......... .........
         ......... ......... ......... ......... ......... ......... ......... ......... ......... ......... ......... .........
        ......... ......... .........
 
 OM45
+       ......... ......... ......... ......... ......... ......... ......... ......... ......... ......... ......... .........
         ......... ......... ......... ......... ......... ......... ......... ......... ......... ......... ......... .........
        ......... ......... ......... .........
 
 OM46
+       ......... ......... ......... ......... ......... ......... ......... ......... ......... ......... ......... .........
         ......... ......... ......... ......... ......... ......... ......... ......... ......... ......... ......... .........
        ......... ......... ......... ......... .........
 
 OM47
+       ......... ......... ......... ......... ......... ......... ......... ......... ......... ......... ......... .........
         ......... ......... ......... ......... ......... ......... ......... ......... ......... ......... ......... .........
        ......... ......... ......... ......... ......... .........
 
 OM55
+       ......... ......... ......... ......... ......... ......... ......... ......... ......... ......... ......... .........
         ......... ......... ......... ......... ......... ......... ......... ......... ......... ......... ......... .........
        ......... ......... ......... ......... ......... ......... .........
 
 OM56
+       ......... ......... ......... ......... ......... ......... ......... ......... ......... ......... ......... .........
         ......... ......... ......... ......... ......... ......... ......... ......... ......... ......... ......... .........
        ......... ......... ......... ......... ......... ......... ......... .........
 
1

            TH 1      TH 2      TH 3      TH 4      TH 5      TH 6      TH 7      TH 8      OM11      OM12      OM13      OM14  
             OM15      OM16      OM17      OM22      OM23      OM24      OM25      OM26      OM27      OM33      OM34      OM35  
            OM36      OM37      OM44      OM45      OM46      OM47      OM55      OM56      OM57      OM66      OM67      OM77  
             SG11      SG12      SG22  
 
 OM57
+       ......... ......... ......... ......... ......... ......... ......... ......... ......... ......... ......... .........
         ......... ......... ......... ......... ......... ......... ......... ......... ......... ......... ......... .........
        ......... ......... ......... ......... ......... ......... ......... ......... .........
 
 OM66
+       ......... ......... ......... ......... ......... ......... ......... ......... ......... ......... ......... .........
         ......... ......... ......... ......... ......... ......... ......... ......... ......... ......... ......... .........
        ......... ......... ......... ......... ......... ......... ......... ......... ......... .........
 
 OM67
+       ......... ......... ......... ......... ......... ......... ......... ......... ......... ......... ......... .........
         ......... ......... ......... ......... ......... ......... ......... ......... ......... ......... ......... .........
        ......... ......... ......... ......... ......... ......... ......... ......... ......... ......... .........
 
 OM77
+       ......... ......... ......... .........  6.76E-04  1.32E-02 -2.18E-01  1.13E-01 ......... ......... ......... .........
         ......... ......... ......... ......... ......... ......... ......... ......... ......... ......... ......... .........
        ......... ......... ......... ......... ......... ......... ......... ......... ......... ......... .........  2.28E-01
 
 SG11
+       ......... ......... ......... ......... ......... ......... ......... ......... ......... ......... ......... .........
         ......... ......... ......... ......... ......... ......... ......... ......... ......... ......... ......... .........
        ......... ......... ......... ......... ......... ......... ......... ......... ......... ......... ......... .........
         .........
 
 SG12
+       ......... ......... ......... ......... ......... ......... ......... ......... ......... ......... ......... .........
         ......... ......... ......... ......... ......... ......... ......... ......... ......... ......... ......... .........
        ......... ......... ......... ......... ......... ......... ......... ......... ......... ......... ......... .........
         ......... .........
 
 SG22
+       ......... ......... ......... ......... -3.95E-02 -3.06E-02 -1.69E-01  4.71E-02 ......... ......... ......... .........
         ......... ......... ......... ......... ......... ......... ......... ......... ......... ......... ......... .........
        ......... ......... ......... ......... ......... ......... ......... ......... ......... ......... .........  7.42E-01
         ......... .........  8.73E-03
 
1
 ************************************************************************************************************************
 ********************                                                                                ********************
 ********************               FIRST ORDER CONDITIONAL ESTIMATION WITH INTERACTION              ********************
 ********************                      INVERSE COVARIANCE MATRIX OF ESTIMATE                     ********************
 ********************                                                                                ********************
 ************************************************************************************************************************
 

            TH 1      TH 2      TH 3      TH 4      TH 5      TH 6      TH 7      TH 8      OM11      OM12      OM13      OM14  
             OM15      OM16      OM17      OM22      OM23      OM24      OM25      OM26      OM27      OM33      OM34      OM35  
            OM36      OM37      OM44      OM45      OM46      OM47      OM55      OM56      OM57      OM66      OM67      OM77  
             SG11      SG12      SG22  
 
 TH 1
+       .........
 
 TH 2
+       ......... .........
 
 TH 3
+       ......... ......... .........
 
 TH 4
+       ......... ......... ......... .........
 
 TH 5
+       ......... ......... ......... .........  4.09E-05
 
 TH 6
+       ......... ......... ......... ......... -1.08E-05  2.87E-06
 
 TH 7
+       ......... ......... ......... .........  1.13E-01 -2.90E-02  3.09E+03
 
 TH 8
+       ......... ......... ......... .........  9.72E-02 -2.56E-02  1.70E+02  4.58E+02
 
 OM11
+       ......... ......... ......... ......... ......... ......... ......... ......... .........
 
 OM12
+       ......... ......... ......... ......... ......... ......... ......... ......... ......... .........
 
 OM13
+       ......... ......... ......... ......... ......... ......... ......... ......... ......... ......... .........
 
 OM14
+       ......... ......... ......... ......... ......... ......... ......... ......... ......... ......... ......... .........
 
 OM15
+       ......... ......... ......... ......... ......... ......... ......... ......... ......... ......... ......... .........
         .........
 
 OM16
+       ......... ......... ......... ......... ......... ......... ......... ......... ......... ......... ......... .........
         ......... .........
 
 OM17
+       ......... ......... ......... ......... ......... ......... ......... ......... ......... ......... ......... .........
         ......... ......... .........
 
 OM22
+       ......... ......... ......... ......... ......... ......... ......... ......... ......... ......... ......... .........
         ......... ......... ......... .........
 
 OM23
+       ......... ......... ......... ......... ......... ......... ......... ......... ......... ......... ......... .........
         ......... ......... ......... ......... .........
 
 OM24
+       ......... ......... ......... ......... ......... ......... ......... ......... ......... ......... ......... .........
         ......... ......... ......... ......... ......... .........
 
1

            TH 1      TH 2      TH 3      TH 4      TH 5      TH 6      TH 7      TH 8      OM11      OM12      OM13      OM14  
             OM15      OM16      OM17      OM22      OM23      OM24      OM25      OM26      OM27      OM33      OM34      OM35  
            OM36      OM37      OM44      OM45      OM46      OM47      OM55      OM56      OM57      OM66      OM67      OM77  
             SG11      SG12      SG22  
 
 OM25
+       ......... ......... ......... ......... ......... ......... ......... ......... ......... ......... ......... .........
         ......... ......... ......... ......... ......... ......... .........
 
 OM26
+       ......... ......... ......... ......... ......... ......... ......... ......... ......... ......... ......... .........
         ......... ......... ......... ......... ......... ......... ......... .........
 
 OM27
+       ......... ......... ......... ......... ......... ......... ......... ......... ......... ......... ......... .........
         ......... ......... ......... ......... ......... ......... ......... ......... .........
 
 OM33
+       ......... ......... ......... ......... ......... ......... ......... ......... ......... ......... ......... .........
         ......... ......... ......... ......... ......... ......... ......... ......... ......... .........
 
 OM34
+       ......... ......... ......... ......... ......... ......... ......... ......... ......... ......... ......... .........
         ......... ......... ......... ......... ......... ......... ......... ......... ......... ......... .........
 
 OM35
+       ......... ......... ......... ......... ......... ......... ......... ......... ......... ......... ......... .........
         ......... ......... ......... ......... ......... ......... ......... ......... ......... ......... ......... .........
 
 OM36
+       ......... ......... ......... ......... ......... ......... ......... ......... ......... ......... ......... .........
         ......... ......... ......... ......... ......... ......... ......... ......... ......... ......... ......... .........
        .........
 
 OM37
+       ......... ......... ......... ......... ......... ......... ......... ......... ......... ......... ......... .........
         ......... ......... ......... ......... ......... ......... ......... ......... ......... ......... ......... .........
        ......... .........
 
 OM44
+       ......... ......... ......... ......... ......... ......... ......... ......... ......... ......... ......... .........
         ......... ......... ......... ......... ......... ......... ......... ......... ......... ......... ......... .........
        ......... ......... .........
 
 OM45
+       ......... ......... ......... ......... ......... ......... ......... ......... ......... ......... ......... .........
         ......... ......... ......... ......... ......... ......... ......... ......... ......... ......... ......... .........
        ......... ......... ......... .........
 
 OM46
+       ......... ......... ......... ......... ......... ......... ......... ......... ......... ......... ......... .........
         ......... ......... ......... ......... ......... ......... ......... ......... ......... ......... ......... .........
        ......... ......... ......... ......... .........
 
 OM47
+       ......... ......... ......... ......... ......... ......... ......... ......... ......... ......... ......... .........
         ......... ......... ......... ......... ......... ......... ......... ......... ......... ......... ......... .........
        ......... ......... ......... ......... ......... .........
 
 OM55
+       ......... ......... ......... ......... ......... ......... ......... ......... ......... ......... ......... .........
         ......... ......... ......... ......... ......... ......... ......... ......... ......... ......... ......... .........
        ......... ......... ......... ......... ......... ......... .........
 
 OM56
+       ......... ......... ......... ......... ......... ......... ......... ......... ......... ......... ......... .........
         ......... ......... ......... ......... ......... ......... ......... ......... ......... ......... ......... .........
        ......... ......... ......... ......... ......... ......... ......... .........
 
1

            TH 1      TH 2      TH 3      TH 4      TH 5      TH 6      TH 7      TH 8      OM11      OM12      OM13      OM14  
             OM15      OM16      OM17      OM22      OM23      OM24      OM25      OM26      OM27      OM33      OM34      OM35  
            OM36      OM37      OM44      OM45      OM46      OM47      OM55      OM56      OM57      OM66      OM67      OM77  
             SG11      SG12      SG22  
 
 OM57
+       ......... ......... ......... ......... ......... ......... ......... ......... ......... ......... ......... .........
         ......... ......... ......... ......... ......... ......... ......... ......... ......... ......... ......... .........
        ......... ......... ......... ......... ......... ......... ......... ......... .........
 
 OM66
+       ......... ......... ......... ......... ......... ......... ......... ......... ......... ......... ......... .........
         ......... ......... ......... ......... ......... ......... ......... ......... ......... ......... ......... .........
        ......... ......... ......... ......... ......... ......... ......... ......... ......... .........
 
 OM67
+       ......... ......... ......... ......... ......... ......... ......... ......... ......... ......... ......... .........
         ......... ......... ......... ......... ......... ......... ......... ......... ......... ......... ......... .........
        ......... ......... ......... ......... ......... ......... ......... ......... ......... ......... .........
 
 OM77
+       ......... ......... ......... .........  6.79E-03 -1.81E-03  6.98E+01  1.70E+00 ......... ......... ......... .........
         ......... ......... ......... ......... ......... ......... ......... ......... ......... ......... ......... .........
        ......... ......... ......... ......... ......... ......... ......... ......... ......... ......... .........  4.56E+01
 
 SG11
+       ......... ......... ......... ......... ......... ......... ......... ......... ......... ......... ......... .........
         ......... ......... ......... ......... ......... ......... ......... ......... ......... ......... ......... .........
        ......... ......... ......... ......... ......... ......... ......... ......... ......... ......... ......... .........
         .........
 
 SG12
+       ......... ......... ......... ......... ......... ......... ......... ......... ......... ......... ......... .........
         ......... ......... ......... ......... ......... ......... ......... ......... ......... ......... ......... .........
        ......... ......... ......... ......... ......... ......... ......... ......... ......... ......... ......... .........
         ......... .........
 
 SG22
+       ......... ......... ......... .........  6.99E-02 -1.77E-02  3.79E+02  3.32E+02 ......... ......... ......... .........
         ......... ......... ......... ......... ......... ......... ......... ......... ......... ......... ......... .........
        ......... ......... ......... ......... ......... ......... ......... ......... ......... ......... ......... -8.28E+02
         ......... .........  2.96E+04
 
1
 
 
 
 
 
 
 
 
 
 
 
 
 
 
 
 
 
 
 
 
 ************************************************************************************************************************
 ********************                                                                                ********************
 ********************               FIRST ORDER CONDITIONAL ESTIMATION WITH INTERACTION              ********************
 ********************                      EIGENVALUES OF COR MATRIX OF ESTIMATE                     ********************
 ********************                                                                                ********************
 ************************************************************************************************************************
 

             1         2         3         4         5         6
 
         6.24E-04  2.51E-01  7.65E-01  9.50E-01  1.83E+00  2.20E+00
 
 Elapsed finaloutput time in seconds:     2.12
 #CPUT: Total CPU Time in Seconds,      775.953
Stop Time: 
18.10.2023 
19:28
